<?xml version="1.0" encoding="UTF-8" ?>
<testsuites name="vitest tests" tests="25" failures="25" errors="0" time="0.020036838">
    <testsuite name="src/app/core/auth/strategies/mock-auth.strategy.spec.ts" timestamp="2025-12-20T00:24:02.324Z" hostname="jay-MS-7971" tests="25" failures="25" errors="0" skipped="0" time="0.020036838">
        <testcase classname="src/app/core/auth/strategies/mock-auth.strategy.spec.ts" name="MockAuthStrategy &gt; name &gt; should have the correct strategy name" time="0.005218513">
            <failure message="Need to call TestBed.initTestEnvironment() first" type="Error">
Error: Need to call TestBed.initTestEnvironment() first
 ❯ TestBedImpl.get compiler [as compiler] node_modules/@angular/core/fesm2022/testing.mjs:1486:13
 ❯ TestBedImpl.configureTestingModule node_modules/@angular/core/fesm2022/testing.mjs:1402:10
 ❯ Function.configureTestingModule node_modules/@angular/core/fesm2022/testing.mjs:1273:33
 ❯ src/app/core/auth/strategies/mock-auth.strategy.spec.ts:31:13
            </failure>
        </testcase>
        <testcase classname="src/app/core/auth/strategies/mock-auth.strategy.spec.ts" name="MockAuthStrategy &gt; login &gt; should login successfully with demo username" time="0.003274956">
            <failure message="Cannot read properties of null (reading &apos;ngModule&apos;)" type="TypeError">
TypeError: Cannot read properties of null (reading &apos;ngModule&apos;)
 ❯ isModuleWithProviders node_modules/@angular/core/fesm2022/_debug_node-chunk.mjs:7242:16
 ❯ expandModuleWithProviders node_modules/@angular/core/fesm2022/_debug_node-chunk.mjs:17743:7
 ❯ Function.get node_modules/@angular/core/fesm2022/_debug_node-chunk.mjs:17458:84
 ❯ getNgModuleDef node_modules/@angular/core/fesm2022/_untracked-chunk.mjs:471:14
 ❯ getNgModuleDefOrThrow node_modules/@angular/core/fesm2022/_untracked-chunk.mjs:474:23
 ❯ verifySemanticsOfNgModuleDef node_modules/@angular/core/fesm2022/_debug_node-chunk.mjs:17531:19
 ❯ Function.get node_modules/@angular/core/fesm2022/_debug_node-chunk.mjs:17495:22
 ❯ TestBedCompiler.applyProviderOverridesInScope node_modules/@angular/core/fesm2022/testing.mjs:825:29
 ❯ TestBedCompiler.compileTestModule node_modules/@angular/core/fesm2022/testing.mjs:1065:10
            </failure>
        </testcase>
        <testcase classname="src/app/core/auth/strategies/mock-auth.strategy.spec.ts" name="MockAuthStrategy &gt; login &gt; should login successfully with admin username" time="0.000745584">
            <failure message="Cannot read properties of null (reading &apos;ngModule&apos;)" type="TypeError">
TypeError: Cannot read properties of null (reading &apos;ngModule&apos;)
 ❯ isModuleWithProviders node_modules/@angular/core/fesm2022/_debug_node-chunk.mjs:7242:16
 ❯ expandModuleWithProviders node_modules/@angular/core/fesm2022/_debug_node-chunk.mjs:17743:7
 ❯ Function.get node_modules/@angular/core/fesm2022/_debug_node-chunk.mjs:17458:84
 ❯ getNgModuleDef node_modules/@angular/core/fesm2022/_untracked-chunk.mjs:471:14
 ❯ getNgModuleDefOrThrow node_modules/@angular/core/fesm2022/_untracked-chunk.mjs:474:23
 ❯ verifySemanticsOfNgModuleDef node_modules/@angular/core/fesm2022/_debug_node-chunk.mjs:17531:19
 ❯ Function.get node_modules/@angular/core/fesm2022/_debug_node-chunk.mjs:17495:22
 ❯ TestBedCompiler.applyProviderOverridesInScope node_modules/@angular/core/fesm2022/testing.mjs:825:29
 ❯ TestBedCompiler.compileTestModule node_modules/@angular/core/fesm2022/testing.mjs:1065:10
            </failure>
        </testcase>
        <testcase classname="src/app/core/auth/strategies/mock-auth.strategy.spec.ts" name="MockAuthStrategy &gt; login &gt; should be case-insensitive for username" time="0.000667233">
            <failure message="Cannot read properties of null (reading &apos;ngModule&apos;)" type="TypeError">
TypeError: Cannot read properties of null (reading &apos;ngModule&apos;)
 ❯ isModuleWithProviders node_modules/@angular/core/fesm2022/_debug_node-chunk.mjs:7242:16
 ❯ expandModuleWithProviders node_modules/@angular/core/fesm2022/_debug_node-chunk.mjs:17743:7
 ❯ Function.get node_modules/@angular/core/fesm2022/_debug_node-chunk.mjs:17458:84
 ❯ getNgModuleDef node_modules/@angular/core/fesm2022/_untracked-chunk.mjs:471:14
 ❯ getNgModuleDefOrThrow node_modules/@angular/core/fesm2022/_untracked-chunk.mjs:474:23
 ❯ verifySemanticsOfNgModuleDef node_modules/@angular/core/fesm2022/_debug_node-chunk.mjs:17531:19
 ❯ Function.get node_modules/@angular/core/fesm2022/_debug_node-chunk.mjs:17495:22
 ❯ TestBedCompiler.applyProviderOverridesInScope node_modules/@angular/core/fesm2022/testing.mjs:825:29
 ❯ TestBedCompiler.compileTestModule node_modules/@angular/core/fesm2022/testing.mjs:1065:10
            </failure>
        </testcase>
        <testcase classname="src/app/core/auth/strategies/mock-auth.strategy.spec.ts" name="MockAuthStrategy &gt; login &gt; should trim whitespace from username" time="0.000609064">
            <failure message="Cannot read properties of null (reading &apos;ngModule&apos;)" type="TypeError">
TypeError: Cannot read properties of null (reading &apos;ngModule&apos;)
 ❯ isModuleWithProviders node_modules/@angular/core/fesm2022/_debug_node-chunk.mjs:7242:16
 ❯ expandModuleWithProviders node_modules/@angular/core/fesm2022/_debug_node-chunk.mjs:17743:7
 ❯ Function.get node_modules/@angular/core/fesm2022/_debug_node-chunk.mjs:17458:84
 ❯ getNgModuleDef node_modules/@angular/core/fesm2022/_untracked-chunk.mjs:471:14
 ❯ getNgModuleDefOrThrow node_modules/@angular/core/fesm2022/_untracked-chunk.mjs:474:23
 ❯ verifySemanticsOfNgModuleDef node_modules/@angular/core/fesm2022/_debug_node-chunk.mjs:17531:19
 ❯ Function.get node_modules/@angular/core/fesm2022/_debug_node-chunk.mjs:17495:22
 ❯ TestBedCompiler.applyProviderOverridesInScope node_modules/@angular/core/fesm2022/testing.mjs:825:29
 ❯ TestBedCompiler.compileTestModule node_modules/@angular/core/fesm2022/testing.mjs:1065:10
            </failure>
        </testcase>
        <testcase classname="src/app/core/auth/strategies/mock-auth.strategy.spec.ts" name="MockAuthStrategy &gt; login &gt; should store session in localStorage after login" time="0.00051927">
            <failure message="Cannot read properties of null (reading &apos;ngModule&apos;)" type="TypeError">
TypeError: Cannot read properties of null (reading &apos;ngModule&apos;)
 ❯ isModuleWithProviders node_modules/@angular/core/fesm2022/_debug_node-chunk.mjs:7242:16
 ❯ expandModuleWithProviders node_modules/@angular/core/fesm2022/_debug_node-chunk.mjs:17743:7
 ❯ Function.get node_modules/@angular/core/fesm2022/_debug_node-chunk.mjs:17458:84
 ❯ getNgModuleDef node_modules/@angular/core/fesm2022/_untracked-chunk.mjs:471:14
 ❯ getNgModuleDefOrThrow node_modules/@angular/core/fesm2022/_untracked-chunk.mjs:474:23
 ❯ verifySemanticsOfNgModuleDef node_modules/@angular/core/fesm2022/_debug_node-chunk.mjs:17531:19
 ❯ Function.get node_modules/@angular/core/fesm2022/_debug_node-chunk.mjs:17495:22
 ❯ TestBedCompiler.applyProviderOverridesInScope node_modules/@angular/core/fesm2022/testing.mjs:825:29
 ❯ TestBedCompiler.compileTestModule node_modules/@angular/core/fesm2022/testing.mjs:1065:10
            </failure>
        </testcase>
        <testcase classname="src/app/core/auth/strategies/mock-auth.strategy.spec.ts" name="MockAuthStrategy &gt; login &gt; should generate a JWT-like token" time="0.00052483">
            <failure message="Cannot read properties of null (reading &apos;ngModule&apos;)" type="TypeError">
TypeError: Cannot read properties of null (reading &apos;ngModule&apos;)
 ❯ isModuleWithProviders node_modules/@angular/core/fesm2022/_debug_node-chunk.mjs:7242:16
 ❯ expandModuleWithProviders node_modules/@angular/core/fesm2022/_debug_node-chunk.mjs:17743:7
 ❯ Function.get node_modules/@angular/core/fesm2022/_debug_node-chunk.mjs:17458:84
 ❯ getNgModuleDef node_modules/@angular/core/fesm2022/_untracked-chunk.mjs:471:14
 ❯ getNgModuleDefOrThrow node_modules/@angular/core/fesm2022/_untracked-chunk.mjs:474:23
 ❯ verifySemanticsOfNgModuleDef node_modules/@angular/core/fesm2022/_debug_node-chunk.mjs:17531:19
 ❯ Function.get node_modules/@angular/core/fesm2022/_debug_node-chunk.mjs:17495:22
 ❯ TestBedCompiler.applyProviderOverridesInScope node_modules/@angular/core/fesm2022/testing.mjs:825:29
 ❯ TestBedCompiler.compileTestModule node_modules/@angular/core/fesm2022/testing.mjs:1065:10
            </failure>
        </testcase>
        <testcase classname="src/app/core/auth/strategies/mock-auth.strategy.spec.ts" name="MockAuthStrategy &gt; login &gt; should reject invalid credentials" time="0.000440678">
            <failure message="Cannot read properties of null (reading &apos;ngModule&apos;)" type="TypeError">
TypeError: Cannot read properties of null (reading &apos;ngModule&apos;)
 ❯ isModuleWithProviders node_modules/@angular/core/fesm2022/_debug_node-chunk.mjs:7242:16
 ❯ expandModuleWithProviders node_modules/@angular/core/fesm2022/_debug_node-chunk.mjs:17743:7
 ❯ Function.get node_modules/@angular/core/fesm2022/_debug_node-chunk.mjs:17458:84
 ❯ getNgModuleDef node_modules/@angular/core/fesm2022/_untracked-chunk.mjs:471:14
 ❯ getNgModuleDefOrThrow node_modules/@angular/core/fesm2022/_untracked-chunk.mjs:474:23
 ❯ verifySemanticsOfNgModuleDef node_modules/@angular/core/fesm2022/_debug_node-chunk.mjs:17531:19
 ❯ Function.get node_modules/@angular/core/fesm2022/_debug_node-chunk.mjs:17495:22
 ❯ TestBedCompiler.applyProviderOverridesInScope node_modules/@angular/core/fesm2022/testing.mjs:825:29
 ❯ TestBedCompiler.compileTestModule node_modules/@angular/core/fesm2022/testing.mjs:1065:10
            </failure>
        </testcase>
        <testcase classname="src/app/core/auth/strategies/mock-auth.strategy.spec.ts" name="MockAuthStrategy &gt; login &gt; should log login attempt" time="0.000636522">
            <failure message="Cannot read properties of null (reading &apos;ngModule&apos;)" type="TypeError">
TypeError: Cannot read properties of null (reading &apos;ngModule&apos;)
 ❯ isModuleWithProviders node_modules/@angular/core/fesm2022/_debug_node-chunk.mjs:7242:16
 ❯ expandModuleWithProviders node_modules/@angular/core/fesm2022/_debug_node-chunk.mjs:17743:7
 ❯ Function.get node_modules/@angular/core/fesm2022/_debug_node-chunk.mjs:17458:84
 ❯ getNgModuleDef node_modules/@angular/core/fesm2022/_untracked-chunk.mjs:471:14
 ❯ getNgModuleDefOrThrow node_modules/@angular/core/fesm2022/_untracked-chunk.mjs:474:23
 ❯ verifySemanticsOfNgModuleDef node_modules/@angular/core/fesm2022/_debug_node-chunk.mjs:17531:19
 ❯ Function.get node_modules/@angular/core/fesm2022/_debug_node-chunk.mjs:17495:22
 ❯ TestBedCompiler.applyProviderOverridesInScope node_modules/@angular/core/fesm2022/testing.mjs:825:29
 ❯ TestBedCompiler.compileTestModule node_modules/@angular/core/fesm2022/testing.mjs:1065:10
            </failure>
        </testcase>
        <testcase classname="src/app/core/auth/strategies/mock-auth.strategy.spec.ts" name="MockAuthStrategy &gt; login &gt; should log successful login" time="0.000536478">
            <failure message="Cannot read properties of null (reading &apos;ngModule&apos;)" type="TypeError">
TypeError: Cannot read properties of null (reading &apos;ngModule&apos;)
 ❯ isModuleWithProviders node_modules/@angular/core/fesm2022/_debug_node-chunk.mjs:7242:16
 ❯ expandModuleWithProviders node_modules/@angular/core/fesm2022/_debug_node-chunk.mjs:17743:7
 ❯ Function.get node_modules/@angular/core/fesm2022/_debug_node-chunk.mjs:17458:84
 ❯ getNgModuleDef node_modules/@angular/core/fesm2022/_untracked-chunk.mjs:471:14
 ❯ getNgModuleDefOrThrow node_modules/@angular/core/fesm2022/_untracked-chunk.mjs:474:23
 ❯ verifySemanticsOfNgModuleDef node_modules/@angular/core/fesm2022/_debug_node-chunk.mjs:17531:19
 ❯ Function.get node_modules/@angular/core/fesm2022/_debug_node-chunk.mjs:17495:22
 ❯ TestBedCompiler.applyProviderOverridesInScope node_modules/@angular/core/fesm2022/testing.mjs:825:29
 ❯ TestBedCompiler.compileTestModule node_modules/@angular/core/fesm2022/testing.mjs:1065:10
            </failure>
        </testcase>
        <testcase classname="src/app/core/auth/strategies/mock-auth.strategy.spec.ts" name="MockAuthStrategy &gt; login &gt; should log invalid credentials warning" time="0.000418951">
            <failure message="Cannot read properties of null (reading &apos;ngModule&apos;)" type="TypeError">
TypeError: Cannot read properties of null (reading &apos;ngModule&apos;)
 ❯ isModuleWithProviders node_modules/@angular/core/fesm2022/_debug_node-chunk.mjs:7242:16
 ❯ expandModuleWithProviders node_modules/@angular/core/fesm2022/_debug_node-chunk.mjs:17743:7
 ❯ Function.get node_modules/@angular/core/fesm2022/_debug_node-chunk.mjs:17458:84
 ❯ getNgModuleDef node_modules/@angular/core/fesm2022/_untracked-chunk.mjs:471:14
 ❯ getNgModuleDefOrThrow node_modules/@angular/core/fesm2022/_untracked-chunk.mjs:474:23
 ❯ verifySemanticsOfNgModuleDef node_modules/@angular/core/fesm2022/_debug_node-chunk.mjs:17531:19
 ❯ Function.get node_modules/@angular/core/fesm2022/_debug_node-chunk.mjs:17495:22
 ❯ TestBedCompiler.applyProviderOverridesInScope node_modules/@angular/core/fesm2022/testing.mjs:825:29
 ❯ TestBedCompiler.compileTestModule node_modules/@angular/core/fesm2022/testing.mjs:1065:10
            </failure>
        </testcase>
        <testcase classname="src/app/core/auth/strategies/mock-auth.strategy.spec.ts" name="MockAuthStrategy &gt; logout &gt; should clear session from localStorage" time="0.00045661">
            <failure message="Cannot read properties of null (reading &apos;ngModule&apos;)" type="TypeError">
TypeError: Cannot read properties of null (reading &apos;ngModule&apos;)
 ❯ isModuleWithProviders node_modules/@angular/core/fesm2022/_debug_node-chunk.mjs:7242:16
 ❯ expandModuleWithProviders node_modules/@angular/core/fesm2022/_debug_node-chunk.mjs:17743:7
 ❯ Function.get node_modules/@angular/core/fesm2022/_debug_node-chunk.mjs:17458:84
 ❯ getNgModuleDef node_modules/@angular/core/fesm2022/_untracked-chunk.mjs:471:14
 ❯ getNgModuleDefOrThrow node_modules/@angular/core/fesm2022/_untracked-chunk.mjs:474:23
 ❯ verifySemanticsOfNgModuleDef node_modules/@angular/core/fesm2022/_debug_node-chunk.mjs:17531:19
 ❯ Function.get node_modules/@angular/core/fesm2022/_debug_node-chunk.mjs:17495:22
 ❯ TestBedCompiler.applyProviderOverridesInScope node_modules/@angular/core/fesm2022/testing.mjs:825:29
 ❯ TestBedCompiler.compileTestModule node_modules/@angular/core/fesm2022/testing.mjs:1065:10
            </failure>
        </testcase>
        <testcase classname="src/app/core/auth/strategies/mock-auth.strategy.spec.ts" name="MockAuthStrategy &gt; logout &gt; should log logout" time="0.000327201">
            <failure message="Cannot read properties of null (reading &apos;ngModule&apos;)" type="TypeError">
TypeError: Cannot read properties of null (reading &apos;ngModule&apos;)
 ❯ isModuleWithProviders node_modules/@angular/core/fesm2022/_debug_node-chunk.mjs:7242:16
 ❯ expandModuleWithProviders node_modules/@angular/core/fesm2022/_debug_node-chunk.mjs:17743:7
 ❯ Function.get node_modules/@angular/core/fesm2022/_debug_node-chunk.mjs:17458:84
 ❯ getNgModuleDef node_modules/@angular/core/fesm2022/_untracked-chunk.mjs:471:14
 ❯ getNgModuleDefOrThrow node_modules/@angular/core/fesm2022/_untracked-chunk.mjs:474:23
 ❯ verifySemanticsOfNgModuleDef node_modules/@angular/core/fesm2022/_debug_node-chunk.mjs:17531:19
 ❯ Function.get node_modules/@angular/core/fesm2022/_debug_node-chunk.mjs:17495:22
 ❯ TestBedCompiler.applyProviderOverridesInScope node_modules/@angular/core/fesm2022/testing.mjs:825:29
 ❯ TestBedCompiler.compileTestModule node_modules/@angular/core/fesm2022/testing.mjs:1065:10
            </failure>
        </testcase>
        <testcase classname="src/app/core/auth/strategies/mock-auth.strategy.spec.ts" name="MockAuthStrategy &gt; logout &gt; should complete successfully even without prior login" time="0.000378383">
            <failure message="Cannot read properties of null (reading &apos;ngModule&apos;)" type="TypeError">
TypeError: Cannot read properties of null (reading &apos;ngModule&apos;)
 ❯ isModuleWithProviders node_modules/@angular/core/fesm2022/_debug_node-chunk.mjs:7242:16
 ❯ expandModuleWithProviders node_modules/@angular/core/fesm2022/_debug_node-chunk.mjs:17743:7
 ❯ Function.get node_modules/@angular/core/fesm2022/_debug_node-chunk.mjs:17458:84
 ❯ getNgModuleDef node_modules/@angular/core/fesm2022/_untracked-chunk.mjs:471:14
 ❯ getNgModuleDefOrThrow node_modules/@angular/core/fesm2022/_untracked-chunk.mjs:474:23
 ❯ verifySemanticsOfNgModuleDef node_modules/@angular/core/fesm2022/_debug_node-chunk.mjs:17531:19
 ❯ Function.get node_modules/@angular/core/fesm2022/_debug_node-chunk.mjs:17495:22
 ❯ TestBedCompiler.applyProviderOverridesInScope node_modules/@angular/core/fesm2022/testing.mjs:825:29
 ❯ TestBedCompiler.compileTestModule node_modules/@angular/core/fesm2022/testing.mjs:1065:10
            </failure>
        </testcase>
        <testcase classname="src/app/core/auth/strategies/mock-auth.strategy.spec.ts" name="MockAuthStrategy &gt; checkSession &gt; should return user when valid session exists" time="0.000403918">
            <failure message="Cannot read properties of null (reading &apos;ngModule&apos;)" type="TypeError">
TypeError: Cannot read properties of null (reading &apos;ngModule&apos;)
 ❯ isModuleWithProviders node_modules/@angular/core/fesm2022/_debug_node-chunk.mjs:7242:16
 ❯ expandModuleWithProviders node_modules/@angular/core/fesm2022/_debug_node-chunk.mjs:17743:7
 ❯ Function.get node_modules/@angular/core/fesm2022/_debug_node-chunk.mjs:17458:84
 ❯ getNgModuleDef node_modules/@angular/core/fesm2022/_untracked-chunk.mjs:471:14
 ❯ getNgModuleDefOrThrow node_modules/@angular/core/fesm2022/_untracked-chunk.mjs:474:23
 ❯ verifySemanticsOfNgModuleDef node_modules/@angular/core/fesm2022/_debug_node-chunk.mjs:17531:19
 ❯ Function.get node_modules/@angular/core/fesm2022/_debug_node-chunk.mjs:17495:22
 ❯ TestBedCompiler.applyProviderOverridesInScope node_modules/@angular/core/fesm2022/testing.mjs:825:29
 ❯ TestBedCompiler.compileTestModule node_modules/@angular/core/fesm2022/testing.mjs:1065:10
            </failure>
        </testcase>
        <testcase classname="src/app/core/auth/strategies/mock-auth.strategy.spec.ts" name="MockAuthStrategy &gt; checkSession &gt; should return null when no session exists" time="0.000299984">
            <failure message="Cannot read properties of null (reading &apos;ngModule&apos;)" type="TypeError">
TypeError: Cannot read properties of null (reading &apos;ngModule&apos;)
 ❯ isModuleWithProviders node_modules/@angular/core/fesm2022/_debug_node-chunk.mjs:7242:16
 ❯ expandModuleWithProviders node_modules/@angular/core/fesm2022/_debug_node-chunk.mjs:17743:7
 ❯ Function.get node_modules/@angular/core/fesm2022/_debug_node-chunk.mjs:17458:84
 ❯ getNgModuleDef node_modules/@angular/core/fesm2022/_untracked-chunk.mjs:471:14
 ❯ getNgModuleDefOrThrow node_modules/@angular/core/fesm2022/_untracked-chunk.mjs:474:23
 ❯ verifySemanticsOfNgModuleDef node_modules/@angular/core/fesm2022/_debug_node-chunk.mjs:17531:19
 ❯ Function.get node_modules/@angular/core/fesm2022/_debug_node-chunk.mjs:17495:22
 ❯ TestBedCompiler.applyProviderOverridesInScope node_modules/@angular/core/fesm2022/testing.mjs:825:29
 ❯ TestBedCompiler.compileTestModule node_modules/@angular/core/fesm2022/testing.mjs:1065:10
            </failure>
        </testcase>
        <testcase classname="src/app/core/auth/strategies/mock-auth.strategy.spec.ts" name="MockAuthStrategy &gt; checkSession &gt; should return null when only token exists without user" time="0.000294242">
            <failure message="Cannot read properties of null (reading &apos;ngModule&apos;)" type="TypeError">
TypeError: Cannot read properties of null (reading &apos;ngModule&apos;)
 ❯ isModuleWithProviders node_modules/@angular/core/fesm2022/_debug_node-chunk.mjs:7242:16
 ❯ expandModuleWithProviders node_modules/@angular/core/fesm2022/_debug_node-chunk.mjs:17743:7
 ❯ Function.get node_modules/@angular/core/fesm2022/_debug_node-chunk.mjs:17458:84
 ❯ getNgModuleDef node_modules/@angular/core/fesm2022/_untracked-chunk.mjs:471:14
 ❯ getNgModuleDefOrThrow node_modules/@angular/core/fesm2022/_untracked-chunk.mjs:474:23
 ❯ verifySemanticsOfNgModuleDef node_modules/@angular/core/fesm2022/_debug_node-chunk.mjs:17531:19
 ❯ Function.get node_modules/@angular/core/fesm2022/_debug_node-chunk.mjs:17495:22
 ❯ TestBedCompiler.applyProviderOverridesInScope node_modules/@angular/core/fesm2022/testing.mjs:825:29
 ❯ TestBedCompiler.compileTestModule node_modules/@angular/core/fesm2022/testing.mjs:1065:10
            </failure>
        </testcase>
        <testcase classname="src/app/core/auth/strategies/mock-auth.strategy.spec.ts" name="MockAuthStrategy &gt; checkSession &gt; should return null when only user exists without token" time="0.000296688">
            <failure message="Cannot read properties of null (reading &apos;ngModule&apos;)" type="TypeError">
TypeError: Cannot read properties of null (reading &apos;ngModule&apos;)
 ❯ isModuleWithProviders node_modules/@angular/core/fesm2022/_debug_node-chunk.mjs:7242:16
 ❯ expandModuleWithProviders node_modules/@angular/core/fesm2022/_debug_node-chunk.mjs:17743:7
 ❯ Function.get node_modules/@angular/core/fesm2022/_debug_node-chunk.mjs:17458:84
 ❯ getNgModuleDef node_modules/@angular/core/fesm2022/_untracked-chunk.mjs:471:14
 ❯ getNgModuleDefOrThrow node_modules/@angular/core/fesm2022/_untracked-chunk.mjs:474:23
 ❯ verifySemanticsOfNgModuleDef node_modules/@angular/core/fesm2022/_debug_node-chunk.mjs:17531:19
 ❯ Function.get node_modules/@angular/core/fesm2022/_debug_node-chunk.mjs:17495:22
 ❯ TestBedCompiler.applyProviderOverridesInScope node_modules/@angular/core/fesm2022/testing.mjs:825:29
 ❯ TestBedCompiler.compileTestModule node_modules/@angular/core/fesm2022/testing.mjs:1065:10
            </failure>
        </testcase>
        <testcase classname="src/app/core/auth/strategies/mock-auth.strategy.spec.ts" name="MockAuthStrategy &gt; checkSession &gt; should clear session on invalid JSON in user data" time="0.000329849">
            <failure message="Cannot read properties of null (reading &apos;ngModule&apos;)" type="TypeError">
TypeError: Cannot read properties of null (reading &apos;ngModule&apos;)
 ❯ isModuleWithProviders node_modules/@angular/core/fesm2022/_debug_node-chunk.mjs:7242:16
 ❯ expandModuleWithProviders node_modules/@angular/core/fesm2022/_debug_node-chunk.mjs:17743:7
 ❯ Function.get node_modules/@angular/core/fesm2022/_debug_node-chunk.mjs:17458:84
 ❯ getNgModuleDef node_modules/@angular/core/fesm2022/_untracked-chunk.mjs:471:14
 ❯ getNgModuleDefOrThrow node_modules/@angular/core/fesm2022/_untracked-chunk.mjs:474:23
 ❯ verifySemanticsOfNgModuleDef node_modules/@angular/core/fesm2022/_debug_node-chunk.mjs:17531:19
 ❯ Function.get node_modules/@angular/core/fesm2022/_debug_node-chunk.mjs:17495:22
 ❯ TestBedCompiler.applyProviderOverridesInScope node_modules/@angular/core/fesm2022/testing.mjs:825:29
 ❯ TestBedCompiler.compileTestModule node_modules/@angular/core/fesm2022/testing.mjs:1065:10
            </failure>
        </testcase>
        <testcase classname="src/app/core/auth/strategies/mock-auth.strategy.spec.ts" name="MockAuthStrategy &gt; checkSession &gt; should log session check" time="0.000297852">
            <failure message="Cannot read properties of null (reading &apos;ngModule&apos;)" type="TypeError">
TypeError: Cannot read properties of null (reading &apos;ngModule&apos;)
 ❯ isModuleWithProviders node_modules/@angular/core/fesm2022/_debug_node-chunk.mjs:7242:16
 ❯ expandModuleWithProviders node_modules/@angular/core/fesm2022/_debug_node-chunk.mjs:17743:7
 ❯ Function.get node_modules/@angular/core/fesm2022/_debug_node-chunk.mjs:17458:84
 ❯ getNgModuleDef node_modules/@angular/core/fesm2022/_untracked-chunk.mjs:471:14
 ❯ getNgModuleDefOrThrow node_modules/@angular/core/fesm2022/_untracked-chunk.mjs:474:23
 ❯ verifySemanticsOfNgModuleDef node_modules/@angular/core/fesm2022/_debug_node-chunk.mjs:17531:19
 ❯ Function.get node_modules/@angular/core/fesm2022/_debug_node-chunk.mjs:17495:22
 ❯ TestBedCompiler.applyProviderOverridesInScope node_modules/@angular/core/fesm2022/testing.mjs:825:29
 ❯ TestBedCompiler.compileTestModule node_modules/@angular/core/fesm2022/testing.mjs:1065:10
            </failure>
        </testcase>
        <testcase classname="src/app/core/auth/strategies/mock-auth.strategy.spec.ts" name="MockAuthStrategy &gt; checkSession &gt; should log when session is restored" time="0.000347384">
            <failure message="Cannot read properties of null (reading &apos;ngModule&apos;)" type="TypeError">
TypeError: Cannot read properties of null (reading &apos;ngModule&apos;)
 ❯ isModuleWithProviders node_modules/@angular/core/fesm2022/_debug_node-chunk.mjs:7242:16
 ❯ expandModuleWithProviders node_modules/@angular/core/fesm2022/_debug_node-chunk.mjs:17743:7
 ❯ Function.get node_modules/@angular/core/fesm2022/_debug_node-chunk.mjs:17458:84
 ❯ getNgModuleDef node_modules/@angular/core/fesm2022/_untracked-chunk.mjs:471:14
 ❯ getNgModuleDefOrThrow node_modules/@angular/core/fesm2022/_untracked-chunk.mjs:474:23
 ❯ verifySemanticsOfNgModuleDef node_modules/@angular/core/fesm2022/_debug_node-chunk.mjs:17531:19
 ❯ Function.get node_modules/@angular/core/fesm2022/_debug_node-chunk.mjs:17495:22
 ❯ TestBedCompiler.applyProviderOverridesInScope node_modules/@angular/core/fesm2022/testing.mjs:825:29
 ❯ TestBedCompiler.compileTestModule node_modules/@angular/core/fesm2022/testing.mjs:1065:10
            </failure>
        </testcase>
        <testcase classname="src/app/core/auth/strategies/mock-auth.strategy.spec.ts" name="MockAuthStrategy &gt; checkSession &gt; should log when no session found" time="0.00029225">
            <failure message="Cannot read properties of null (reading &apos;ngModule&apos;)" type="TypeError">
TypeError: Cannot read properties of null (reading &apos;ngModule&apos;)
 ❯ isModuleWithProviders node_modules/@angular/core/fesm2022/_debug_node-chunk.mjs:7242:16
 ❯ expandModuleWithProviders node_modules/@angular/core/fesm2022/_debug_node-chunk.mjs:17743:7
 ❯ Function.get node_modules/@angular/core/fesm2022/_debug_node-chunk.mjs:17458:84
 ❯ getNgModuleDef node_modules/@angular/core/fesm2022/_untracked-chunk.mjs:471:14
 ❯ getNgModuleDefOrThrow node_modules/@angular/core/fesm2022/_untracked-chunk.mjs:474:23
 ❯ verifySemanticsOfNgModuleDef node_modules/@angular/core/fesm2022/_debug_node-chunk.mjs:17531:19
 ❯ Function.get node_modules/@angular/core/fesm2022/_debug_node-chunk.mjs:17495:22
 ❯ TestBedCompiler.applyProviderOverridesInScope node_modules/@angular/core/fesm2022/testing.mjs:825:29
 ❯ TestBedCompiler.compileTestModule node_modules/@angular/core/fesm2022/testing.mjs:1065:10
            </failure>
        </testcase>
        <testcase classname="src/app/core/auth/strategies/mock-auth.strategy.spec.ts" name="MockAuthStrategy &gt; random error simulation &gt; should simulate random error when Math.random returns low value (non-production)" time="0.000284806">
            <failure message="Cannot read properties of null (reading &apos;ngModule&apos;)" type="TypeError">
TypeError: Cannot read properties of null (reading &apos;ngModule&apos;)
 ❯ isModuleWithProviders node_modules/@angular/core/fesm2022/_debug_node-chunk.mjs:7242:16
 ❯ expandModuleWithProviders node_modules/@angular/core/fesm2022/_debug_node-chunk.mjs:17743:7
 ❯ Function.get node_modules/@angular/core/fesm2022/_debug_node-chunk.mjs:17458:84
 ❯ getNgModuleDef node_modules/@angular/core/fesm2022/_untracked-chunk.mjs:471:14
 ❯ getNgModuleDefOrThrow node_modules/@angular/core/fesm2022/_untracked-chunk.mjs:474:23
 ❯ verifySemanticsOfNgModuleDef node_modules/@angular/core/fesm2022/_debug_node-chunk.mjs:17531:19
 ❯ Function.get node_modules/@angular/core/fesm2022/_debug_node-chunk.mjs:17495:22
 ❯ TestBedCompiler.applyProviderOverridesInScope node_modules/@angular/core/fesm2022/testing.mjs:825:29
 ❯ TestBedCompiler.compileTestModule node_modules/@angular/core/fesm2022/testing.mjs:1065:10
            </failure>
        </testcase>
        <testcase classname="src/app/core/auth/strategies/mock-auth.strategy.spec.ts" name="MockAuthStrategy &gt; random error simulation &gt; should not simulate error when Math.random returns high value" time="0.000338191">
            <failure message="Cannot read properties of null (reading &apos;ngModule&apos;)" type="TypeError">
TypeError: Cannot read properties of null (reading &apos;ngModule&apos;)
 ❯ isModuleWithProviders node_modules/@angular/core/fesm2022/_debug_node-chunk.mjs:7242:16
 ❯ expandModuleWithProviders node_modules/@angular/core/fesm2022/_debug_node-chunk.mjs:17743:7
 ❯ Function.get node_modules/@angular/core/fesm2022/_debug_node-chunk.mjs:17458:84
 ❯ getNgModuleDef node_modules/@angular/core/fesm2022/_untracked-chunk.mjs:471:14
 ❯ getNgModuleDefOrThrow node_modules/@angular/core/fesm2022/_untracked-chunk.mjs:474:23
 ❯ verifySemanticsOfNgModuleDef node_modules/@angular/core/fesm2022/_debug_node-chunk.mjs:17531:19
 ❯ Function.get node_modules/@angular/core/fesm2022/_debug_node-chunk.mjs:17495:22
 ❯ TestBedCompiler.applyProviderOverridesInScope node_modules/@angular/core/fesm2022/testing.mjs:825:29
 ❯ TestBedCompiler.compileTestModule node_modules/@angular/core/fesm2022/testing.mjs:1065:10
            </failure>
        </testcase>
        <testcase classname="src/app/core/auth/strategies/mock-auth.strategy.spec.ts" name="MockAuthStrategy &gt; production mode &gt; should not simulate random errors in production" time="0.000285795">
            <failure message="Cannot read properties of null (reading &apos;ngModule&apos;)" type="TypeError">
TypeError: Cannot read properties of null (reading &apos;ngModule&apos;)
 ❯ isModuleWithProviders node_modules/@angular/core/fesm2022/_debug_node-chunk.mjs:7242:16
 ❯ expandModuleWithProviders node_modules/@angular/core/fesm2022/_debug_node-chunk.mjs:17743:7
 ❯ Function.get node_modules/@angular/core/fesm2022/_debug_node-chunk.mjs:17458:84
 ❯ getNgModuleDef node_modules/@angular/core/fesm2022/_untracked-chunk.mjs:471:14
 ❯ getNgModuleDefOrThrow node_modules/@angular/core/fesm2022/_untracked-chunk.mjs:474:23
 ❯ verifySemanticsOfNgModuleDef node_modules/@angular/core/fesm2022/_debug_node-chunk.mjs:17531:19
 ❯ Function.get node_modules/@angular/core/fesm2022/_debug_node-chunk.mjs:17495:22
 ❯ TestBedCompiler.applyProviderOverridesInScope node_modules/@angular/core/fesm2022/testing.mjs:825:29
 ❯ TestBedCompiler.compileTestModule node_modules/@angular/core/fesm2022/testing.mjs:1065:10
            </failure>
        </testcase>
    </testsuite>
</testsuites>
