<?xml version="1.0" encoding="UTF-8" ?>
<testsuites name="vitest tests" tests="74" failures="74" errors="0" time="0.038354613">
    <testsuite name="src/app/shared/components/select/select.component.spec.ts" timestamp="2026-01-02T21:03:37.757Z" hostname="jay-MS-7971" tests="74" failures="74" errors="0" skipped="0" time="0.038354613">
        <testcase classname="src/app/shared/components/select/select.component.spec.ts" name="SelectComponent &gt; Component Initialization &gt; should create" time="0.009090822">
            <failure message="Need to call TestBed.initTestEnvironment() first" type="Error">
Error: Need to call TestBed.initTestEnvironment() first
 ❯ TestBedImpl.get compiler [as compiler] node_modules/@angular/core/fesm2022/testing.mjs:1486:13
 ❯ TestBedImpl.configureTestingModule node_modules/@angular/core/fesm2022/testing.mjs:1402:10
 ❯ Function.configureTestingModule node_modules/@angular/core/fesm2022/testing.mjs:1273:33
 ❯ src/app/shared/components/select/select.component.spec.ts:22:19
            </failure>
        </testcase>
        <testcase classname="src/app/shared/components/select/select.component.spec.ts" name="SelectComponent &gt; Component Initialization &gt; should have default values" time="0.00373881">
            <failure message="Component &apos;SelectComponent&apos; is not resolved:
 - templateUrl: ./select.component.html
 - styleUrl: ./select.component.scss
Did you run and wait for &apos;resolveComponentResources()&apos;?" type="Error">
Error: Component &apos;SelectComponent&apos; is not resolved:
 - templateUrl: ./select.component.html
 - styleUrl: ./select.component.scss
Did you run and wait for &apos;resolveComponentResources()&apos;?
 ❯ Function.get node_modules/@angular/core/fesm2022/_debug_node-chunk.mjs:17775:17
 ❯ getComponentDef node_modules/@angular/core/fesm2022/testing.mjs:1154:16
 ❯ isStandaloneComponent node_modules/@angular/core/fesm2022/testing.mjs:1150:15
 ❯ queueTypesFromModulesArrayRecur node_modules/@angular/core/fesm2022/testing.mjs:925:20
 ❯ TestBedCompiler.queueTypesFromModulesArray node_modules/@angular/core/fesm2022/testing.mjs:943:5
 ❯ TestBedCompiler.configureTestingModule node_modules/@angular/core/fesm2022/testing.mjs:567:12
 ❯ TestBedImpl.configureTestingModule node_modules/@angular/core/fesm2022/testing.mjs:1402:19
 ❯ Function.configureTestingModule node_modules/@angular/core/fesm2022/testing.mjs:1273:33
 ❯ src/app/shared/components/select/select.component.spec.ts:22:19
            </failure>
        </testcase>
        <testcase classname="src/app/shared/components/select/select.component.spec.ts" name="SelectComponent &gt; Component Initialization &gt; should accept custom input values" time="0.00093006">
            <failure message="Component &apos;SelectComponent&apos; is not resolved:
 - templateUrl: ./select.component.html
 - styleUrl: ./select.component.scss
Did you run and wait for &apos;resolveComponentResources()&apos;?" type="Error">
Error: Component &apos;SelectComponent&apos; is not resolved:
 - templateUrl: ./select.component.html
 - styleUrl: ./select.component.scss
Did you run and wait for &apos;resolveComponentResources()&apos;?
 ❯ Function.get node_modules/@angular/core/fesm2022/_debug_node-chunk.mjs:17775:17
 ❯ getComponentDef node_modules/@angular/core/fesm2022/testing.mjs:1154:16
 ❯ isStandaloneComponent node_modules/@angular/core/fesm2022/testing.mjs:1150:15
 ❯ queueTypesFromModulesArrayRecur node_modules/@angular/core/fesm2022/testing.mjs:925:20
 ❯ TestBedCompiler.queueTypesFromModulesArray node_modules/@angular/core/fesm2022/testing.mjs:943:5
 ❯ TestBedCompiler.configureTestingModule node_modules/@angular/core/fesm2022/testing.mjs:567:12
 ❯ TestBedImpl.configureTestingModule node_modules/@angular/core/fesm2022/testing.mjs:1402:19
 ❯ Function.configureTestingModule node_modules/@angular/core/fesm2022/testing.mjs:1273:33
 ❯ src/app/shared/components/select/select.component.spec.ts:22:19
            </failure>
        </testcase>
        <testcase classname="src/app/shared/components/select/select.component.spec.ts" name="SelectComponent &gt; Display Text &gt; should show placeholder when no value is selected" time="0.000882953">
            <failure message="Component &apos;SelectComponent&apos; is not resolved:
 - templateUrl: ./select.component.html
 - styleUrl: ./select.component.scss
Did you run and wait for &apos;resolveComponentResources()&apos;?" type="Error">
Error: Component &apos;SelectComponent&apos; is not resolved:
 - templateUrl: ./select.component.html
 - styleUrl: ./select.component.scss
Did you run and wait for &apos;resolveComponentResources()&apos;?
 ❯ Function.get node_modules/@angular/core/fesm2022/_debug_node-chunk.mjs:17775:17
 ❯ getComponentDef node_modules/@angular/core/fesm2022/testing.mjs:1154:16
 ❯ isStandaloneComponent node_modules/@angular/core/fesm2022/testing.mjs:1150:15
 ❯ queueTypesFromModulesArrayRecur node_modules/@angular/core/fesm2022/testing.mjs:925:20
 ❯ TestBedCompiler.queueTypesFromModulesArray node_modules/@angular/core/fesm2022/testing.mjs:943:5
 ❯ TestBedCompiler.configureTestingModule node_modules/@angular/core/fesm2022/testing.mjs:567:12
 ❯ TestBedImpl.configureTestingModule node_modules/@angular/core/fesm2022/testing.mjs:1402:19
 ❯ Function.configureTestingModule node_modules/@angular/core/fesm2022/testing.mjs:1273:33
 ❯ src/app/shared/components/select/select.component.spec.ts:22:19
            </failure>
        </testcase>
        <testcase classname="src/app/shared/components/select/select.component.spec.ts" name="SelectComponent &gt; Display Text &gt; should show selected option label" time="0.000727112">
            <failure message="Component &apos;SelectComponent&apos; is not resolved:
 - templateUrl: ./select.component.html
 - styleUrl: ./select.component.scss
Did you run and wait for &apos;resolveComponentResources()&apos;?" type="Error">
Error: Component &apos;SelectComponent&apos; is not resolved:
 - templateUrl: ./select.component.html
 - styleUrl: ./select.component.scss
Did you run and wait for &apos;resolveComponentResources()&apos;?
 ❯ Function.get node_modules/@angular/core/fesm2022/_debug_node-chunk.mjs:17775:17
 ❯ getComponentDef node_modules/@angular/core/fesm2022/testing.mjs:1154:16
 ❯ isStandaloneComponent node_modules/@angular/core/fesm2022/testing.mjs:1150:15
 ❯ queueTypesFromModulesArrayRecur node_modules/@angular/core/fesm2022/testing.mjs:925:20
 ❯ TestBedCompiler.queueTypesFromModulesArray node_modules/@angular/core/fesm2022/testing.mjs:943:5
 ❯ TestBedCompiler.configureTestingModule node_modules/@angular/core/fesm2022/testing.mjs:567:12
 ❯ TestBedImpl.configureTestingModule node_modules/@angular/core/fesm2022/testing.mjs:1402:19
 ❯ Function.configureTestingModule node_modules/@angular/core/fesm2022/testing.mjs:1273:33
 ❯ src/app/shared/components/select/select.component.spec.ts:22:19
            </failure>
        </testcase>
        <testcase classname="src/app/shared/components/select/select.component.spec.ts" name="SelectComponent &gt; Display Text &gt; should show multiple selected options in multiple mode" time="0.000525509">
            <failure message="Component &apos;SelectComponent&apos; is not resolved:
 - templateUrl: ./select.component.html
 - styleUrl: ./select.component.scss
Did you run and wait for &apos;resolveComponentResources()&apos;?" type="Error">
Error: Component &apos;SelectComponent&apos; is not resolved:
 - templateUrl: ./select.component.html
 - styleUrl: ./select.component.scss
Did you run and wait for &apos;resolveComponentResources()&apos;?
 ❯ Function.get node_modules/@angular/core/fesm2022/_debug_node-chunk.mjs:17775:17
 ❯ getComponentDef node_modules/@angular/core/fesm2022/testing.mjs:1154:16
 ❯ isStandaloneComponent node_modules/@angular/core/fesm2022/testing.mjs:1150:15
 ❯ queueTypesFromModulesArrayRecur node_modules/@angular/core/fesm2022/testing.mjs:925:20
 ❯ TestBedCompiler.queueTypesFromModulesArray node_modules/@angular/core/fesm2022/testing.mjs:943:5
 ❯ TestBedCompiler.configureTestingModule node_modules/@angular/core/fesm2022/testing.mjs:567:12
 ❯ TestBedImpl.configureTestingModule node_modules/@angular/core/fesm2022/testing.mjs:1402:19
 ❯ Function.configureTestingModule node_modules/@angular/core/fesm2022/testing.mjs:1273:33
 ❯ src/app/shared/components/select/select.component.spec.ts:22:19
            </failure>
        </testcase>
        <testcase classname="src/app/shared/components/select/select.component.spec.ts" name="SelectComponent &gt; Display Text &gt; should show custom placeholder" time="0.000519216">
            <failure message="Component &apos;SelectComponent&apos; is not resolved:
 - templateUrl: ./select.component.html
 - styleUrl: ./select.component.scss
Did you run and wait for &apos;resolveComponentResources()&apos;?" type="Error">
Error: Component &apos;SelectComponent&apos; is not resolved:
 - templateUrl: ./select.component.html
 - styleUrl: ./select.component.scss
Did you run and wait for &apos;resolveComponentResources()&apos;?
 ❯ Function.get node_modules/@angular/core/fesm2022/_debug_node-chunk.mjs:17775:17
 ❯ getComponentDef node_modules/@angular/core/fesm2022/testing.mjs:1154:16
 ❯ isStandaloneComponent node_modules/@angular/core/fesm2022/testing.mjs:1150:15
 ❯ queueTypesFromModulesArrayRecur node_modules/@angular/core/fesm2022/testing.mjs:925:20
 ❯ TestBedCompiler.queueTypesFromModulesArray node_modules/@angular/core/fesm2022/testing.mjs:943:5
 ❯ TestBedCompiler.configureTestingModule node_modules/@angular/core/fesm2022/testing.mjs:567:12
 ❯ TestBedImpl.configureTestingModule node_modules/@angular/core/fesm2022/testing.mjs:1402:19
 ❯ Function.configureTestingModule node_modules/@angular/core/fesm2022/testing.mjs:1273:33
 ❯ src/app/shared/components/select/select.component.spec.ts:22:19
            </failure>
        </testcase>
        <testcase classname="src/app/shared/components/select/select.component.spec.ts" name="SelectComponent &gt; Dropdown Toggle &gt; should toggle dropdown when button is clicked" time="0.00045716">
            <failure message="Component &apos;SelectComponent&apos; is not resolved:
 - templateUrl: ./select.component.html
 - styleUrl: ./select.component.scss
Did you run and wait for &apos;resolveComponentResources()&apos;?" type="Error">
Error: Component &apos;SelectComponent&apos; is not resolved:
 - templateUrl: ./select.component.html
 - styleUrl: ./select.component.scss
Did you run and wait for &apos;resolveComponentResources()&apos;?
 ❯ Function.get node_modules/@angular/core/fesm2022/_debug_node-chunk.mjs:17775:17
 ❯ getComponentDef node_modules/@angular/core/fesm2022/testing.mjs:1154:16
 ❯ isStandaloneComponent node_modules/@angular/core/fesm2022/testing.mjs:1150:15
 ❯ queueTypesFromModulesArrayRecur node_modules/@angular/core/fesm2022/testing.mjs:925:20
 ❯ TestBedCompiler.queueTypesFromModulesArray node_modules/@angular/core/fesm2022/testing.mjs:943:5
 ❯ TestBedCompiler.configureTestingModule node_modules/@angular/core/fesm2022/testing.mjs:567:12
 ❯ TestBedImpl.configureTestingModule node_modules/@angular/core/fesm2022/testing.mjs:1402:19
 ❯ Function.configureTestingModule node_modules/@angular/core/fesm2022/testing.mjs:1273:33
 ❯ src/app/shared/components/select/select.component.spec.ts:22:19
            </failure>
        </testcase>
        <testcase classname="src/app/shared/components/select/select.component.spec.ts" name="SelectComponent &gt; Dropdown Toggle &gt; should not toggle dropdown when disabled" time="0.000647963">
            <failure message="Component &apos;SelectComponent&apos; is not resolved:
 - templateUrl: ./select.component.html
 - styleUrl: ./select.component.scss
Did you run and wait for &apos;resolveComponentResources()&apos;?" type="Error">
Error: Component &apos;SelectComponent&apos; is not resolved:
 - templateUrl: ./select.component.html
 - styleUrl: ./select.component.scss
Did you run and wait for &apos;resolveComponentResources()&apos;?
 ❯ Function.get node_modules/@angular/core/fesm2022/_debug_node-chunk.mjs:17775:17
 ❯ getComponentDef node_modules/@angular/core/fesm2022/testing.mjs:1154:16
 ❯ isStandaloneComponent node_modules/@angular/core/fesm2022/testing.mjs:1150:15
 ❯ queueTypesFromModulesArrayRecur node_modules/@angular/core/fesm2022/testing.mjs:925:20
 ❯ TestBedCompiler.queueTypesFromModulesArray node_modules/@angular/core/fesm2022/testing.mjs:943:5
 ❯ TestBedCompiler.configureTestingModule node_modules/@angular/core/fesm2022/testing.mjs:567:12
 ❯ TestBedImpl.configureTestingModule node_modules/@angular/core/fesm2022/testing.mjs:1402:19
 ❯ Function.configureTestingModule node_modules/@angular/core/fesm2022/testing.mjs:1273:33
 ❯ src/app/shared/components/select/select.component.spec.ts:22:19
            </failure>
        </testcase>
        <testcase classname="src/app/shared/components/select/select.component.spec.ts" name="SelectComponent &gt; Dropdown Toggle &gt; should emit opened event when dropdown opens" time="0.000570926">
            <failure message="Component &apos;SelectComponent&apos; is not resolved:
 - templateUrl: ./select.component.html
 - styleUrl: ./select.component.scss
Did you run and wait for &apos;resolveComponentResources()&apos;?" type="Error">
Error: Component &apos;SelectComponent&apos; is not resolved:
 - templateUrl: ./select.component.html
 - styleUrl: ./select.component.scss
Did you run and wait for &apos;resolveComponentResources()&apos;?
 ❯ Function.get node_modules/@angular/core/fesm2022/_debug_node-chunk.mjs:17775:17
 ❯ getComponentDef node_modules/@angular/core/fesm2022/testing.mjs:1154:16
 ❯ isStandaloneComponent node_modules/@angular/core/fesm2022/testing.mjs:1150:15
 ❯ queueTypesFromModulesArrayRecur node_modules/@angular/core/fesm2022/testing.mjs:925:20
 ❯ TestBedCompiler.queueTypesFromModulesArray node_modules/@angular/core/fesm2022/testing.mjs:943:5
 ❯ TestBedCompiler.configureTestingModule node_modules/@angular/core/fesm2022/testing.mjs:567:12
 ❯ TestBedImpl.configureTestingModule node_modules/@angular/core/fesm2022/testing.mjs:1402:19
 ❯ Function.configureTestingModule node_modules/@angular/core/fesm2022/testing.mjs:1273:33
 ❯ src/app/shared/components/select/select.component.spec.ts:22:19
            </failure>
        </testcase>
        <testcase classname="src/app/shared/components/select/select.component.spec.ts" name="SelectComponent &gt; Dropdown Toggle &gt; should emit closed event when dropdown closes" time="0.000384865">
            <failure message="Component &apos;SelectComponent&apos; is not resolved:
 - templateUrl: ./select.component.html
 - styleUrl: ./select.component.scss
Did you run and wait for &apos;resolveComponentResources()&apos;?" type="Error">
Error: Component &apos;SelectComponent&apos; is not resolved:
 - templateUrl: ./select.component.html
 - styleUrl: ./select.component.scss
Did you run and wait for &apos;resolveComponentResources()&apos;?
 ❯ Function.get node_modules/@angular/core/fesm2022/_debug_node-chunk.mjs:17775:17
 ❯ getComponentDef node_modules/@angular/core/fesm2022/testing.mjs:1154:16
 ❯ isStandaloneComponent node_modules/@angular/core/fesm2022/testing.mjs:1150:15
 ❯ queueTypesFromModulesArrayRecur node_modules/@angular/core/fesm2022/testing.mjs:925:20
 ❯ TestBedCompiler.queueTypesFromModulesArray node_modules/@angular/core/fesm2022/testing.mjs:943:5
 ❯ TestBedCompiler.configureTestingModule node_modules/@angular/core/fesm2022/testing.mjs:567:12
 ❯ TestBedImpl.configureTestingModule node_modules/@angular/core/fesm2022/testing.mjs:1402:19
 ❯ Function.configureTestingModule node_modules/@angular/core/fesm2022/testing.mjs:1273:33
 ❯ src/app/shared/components/select/select.component.spec.ts:22:19
            </failure>
        </testcase>
        <testcase classname="src/app/shared/components/select/select.component.spec.ts" name="SelectComponent &gt; Option Selection &gt; should select an option in single mode" time="0.000581311">
            <failure message="Component &apos;SelectComponent&apos; is not resolved:
 - templateUrl: ./select.component.html
 - styleUrl: ./select.component.scss
Did you run and wait for &apos;resolveComponentResources()&apos;?" type="Error">
Error: Component &apos;SelectComponent&apos; is not resolved:
 - templateUrl: ./select.component.html
 - styleUrl: ./select.component.scss
Did you run and wait for &apos;resolveComponentResources()&apos;?
 ❯ Function.get node_modules/@angular/core/fesm2022/_debug_node-chunk.mjs:17775:17
 ❯ getComponentDef node_modules/@angular/core/fesm2022/testing.mjs:1154:16
 ❯ isStandaloneComponent node_modules/@angular/core/fesm2022/testing.mjs:1150:15
 ❯ queueTypesFromModulesArrayRecur node_modules/@angular/core/fesm2022/testing.mjs:925:20
 ❯ TestBedCompiler.queueTypesFromModulesArray node_modules/@angular/core/fesm2022/testing.mjs:943:5
 ❯ TestBedCompiler.configureTestingModule node_modules/@angular/core/fesm2022/testing.mjs:567:12
 ❯ TestBedImpl.configureTestingModule node_modules/@angular/core/fesm2022/testing.mjs:1402:19
 ❯ Function.configureTestingModule node_modules/@angular/core/fesm2022/testing.mjs:1273:33
 ❯ src/app/shared/components/select/select.component.spec.ts:22:19
            </failure>
        </testcase>
        <testcase classname="src/app/shared/components/select/select.component.spec.ts" name="SelectComponent &gt; Option Selection &gt; should not select disabled options" time="0.000446444">
            <failure message="Component &apos;SelectComponent&apos; is not resolved:
 - templateUrl: ./select.component.html
 - styleUrl: ./select.component.scss
Did you run and wait for &apos;resolveComponentResources()&apos;?" type="Error">
Error: Component &apos;SelectComponent&apos; is not resolved:
 - templateUrl: ./select.component.html
 - styleUrl: ./select.component.scss
Did you run and wait for &apos;resolveComponentResources()&apos;?
 ❯ Function.get node_modules/@angular/core/fesm2022/_debug_node-chunk.mjs:17775:17
 ❯ getComponentDef node_modules/@angular/core/fesm2022/testing.mjs:1154:16
 ❯ isStandaloneComponent node_modules/@angular/core/fesm2022/testing.mjs:1150:15
 ❯ queueTypesFromModulesArrayRecur node_modules/@angular/core/fesm2022/testing.mjs:925:20
 ❯ TestBedCompiler.queueTypesFromModulesArray node_modules/@angular/core/fesm2022/testing.mjs:943:5
 ❯ TestBedCompiler.configureTestingModule node_modules/@angular/core/fesm2022/testing.mjs:567:12
 ❯ TestBedImpl.configureTestingModule node_modules/@angular/core/fesm2022/testing.mjs:1402:19
 ❯ Function.configureTestingModule node_modules/@angular/core/fesm2022/testing.mjs:1273:33
 ❯ src/app/shared/components/select/select.component.spec.ts:22:19
            </failure>
        </testcase>
        <testcase classname="src/app/shared/components/select/select.component.spec.ts" name="SelectComponent &gt; Option Selection &gt; should add option in multiple mode" time="0.000480584">
            <failure message="Component &apos;SelectComponent&apos; is not resolved:
 - templateUrl: ./select.component.html
 - styleUrl: ./select.component.scss
Did you run and wait for &apos;resolveComponentResources()&apos;?" type="Error">
Error: Component &apos;SelectComponent&apos; is not resolved:
 - templateUrl: ./select.component.html
 - styleUrl: ./select.component.scss
Did you run and wait for &apos;resolveComponentResources()&apos;?
 ❯ Function.get node_modules/@angular/core/fesm2022/_debug_node-chunk.mjs:17775:17
 ❯ getComponentDef node_modules/@angular/core/fesm2022/testing.mjs:1154:16
 ❯ isStandaloneComponent node_modules/@angular/core/fesm2022/testing.mjs:1150:15
 ❯ queueTypesFromModulesArrayRecur node_modules/@angular/core/fesm2022/testing.mjs:925:20
 ❯ TestBedCompiler.queueTypesFromModulesArray node_modules/@angular/core/fesm2022/testing.mjs:943:5
 ❯ TestBedCompiler.configureTestingModule node_modules/@angular/core/fesm2022/testing.mjs:567:12
 ❯ TestBedImpl.configureTestingModule node_modules/@angular/core/fesm2022/testing.mjs:1402:19
 ❯ Function.configureTestingModule node_modules/@angular/core/fesm2022/testing.mjs:1273:33
 ❯ src/app/shared/components/select/select.component.spec.ts:22:19
            </failure>
        </testcase>
        <testcase classname="src/app/shared/components/select/select.component.spec.ts" name="SelectComponent &gt; Option Selection &gt; should remove option in multiple mode when already selected" time="0.000492947">
            <failure message="Component &apos;SelectComponent&apos; is not resolved:
 - templateUrl: ./select.component.html
 - styleUrl: ./select.component.scss
Did you run and wait for &apos;resolveComponentResources()&apos;?" type="Error">
Error: Component &apos;SelectComponent&apos; is not resolved:
 - templateUrl: ./select.component.html
 - styleUrl: ./select.component.scss
Did you run and wait for &apos;resolveComponentResources()&apos;?
 ❯ Function.get node_modules/@angular/core/fesm2022/_debug_node-chunk.mjs:17775:17
 ❯ getComponentDef node_modules/@angular/core/fesm2022/testing.mjs:1154:16
 ❯ isStandaloneComponent node_modules/@angular/core/fesm2022/testing.mjs:1150:15
 ❯ queueTypesFromModulesArrayRecur node_modules/@angular/core/fesm2022/testing.mjs:925:20
 ❯ TestBedCompiler.queueTypesFromModulesArray node_modules/@angular/core/fesm2022/testing.mjs:943:5
 ❯ TestBedCompiler.configureTestingModule node_modules/@angular/core/fesm2022/testing.mjs:567:12
 ❯ TestBedImpl.configureTestingModule node_modules/@angular/core/fesm2022/testing.mjs:1402:19
 ❯ Function.configureTestingModule node_modules/@angular/core/fesm2022/testing.mjs:1273:33
 ❯ src/app/shared/components/select/select.component.spec.ts:22:19
            </failure>
        </testcase>
        <testcase classname="src/app/shared/components/select/select.component.spec.ts" name="SelectComponent &gt; Option Selection &gt; should check if option is selected" time="0.000380774">
            <failure message="Component &apos;SelectComponent&apos; is not resolved:
 - templateUrl: ./select.component.html
 - styleUrl: ./select.component.scss
Did you run and wait for &apos;resolveComponentResources()&apos;?" type="Error">
Error: Component &apos;SelectComponent&apos; is not resolved:
 - templateUrl: ./select.component.html
 - styleUrl: ./select.component.scss
Did you run and wait for &apos;resolveComponentResources()&apos;?
 ❯ Function.get node_modules/@angular/core/fesm2022/_debug_node-chunk.mjs:17775:17
 ❯ getComponentDef node_modules/@angular/core/fesm2022/testing.mjs:1154:16
 ❯ isStandaloneComponent node_modules/@angular/core/fesm2022/testing.mjs:1150:15
 ❯ queueTypesFromModulesArrayRecur node_modules/@angular/core/fesm2022/testing.mjs:925:20
 ❯ TestBedCompiler.queueTypesFromModulesArray node_modules/@angular/core/fesm2022/testing.mjs:943:5
 ❯ TestBedCompiler.configureTestingModule node_modules/@angular/core/fesm2022/testing.mjs:567:12
 ❯ TestBedImpl.configureTestingModule node_modules/@angular/core/fesm2022/testing.mjs:1402:19
 ❯ Function.configureTestingModule node_modules/@angular/core/fesm2022/testing.mjs:1273:33
 ❯ src/app/shared/components/select/select.component.spec.ts:22:19
            </failure>
        </testcase>
        <testcase classname="src/app/shared/components/select/select.component.spec.ts" name="SelectComponent &gt; Option Selection &gt; should check if option is selected in multiple mode" time="0.000399666">
            <failure message="Component &apos;SelectComponent&apos; is not resolved:
 - templateUrl: ./select.component.html
 - styleUrl: ./select.component.scss
Did you run and wait for &apos;resolveComponentResources()&apos;?" type="Error">
Error: Component &apos;SelectComponent&apos; is not resolved:
 - templateUrl: ./select.component.html
 - styleUrl: ./select.component.scss
Did you run and wait for &apos;resolveComponentResources()&apos;?
 ❯ Function.get node_modules/@angular/core/fesm2022/_debug_node-chunk.mjs:17775:17
 ❯ getComponentDef node_modules/@angular/core/fesm2022/testing.mjs:1154:16
 ❯ isStandaloneComponent node_modules/@angular/core/fesm2022/testing.mjs:1150:15
 ❯ queueTypesFromModulesArrayRecur node_modules/@angular/core/fesm2022/testing.mjs:925:20
 ❯ TestBedCompiler.queueTypesFromModulesArray node_modules/@angular/core/fesm2022/testing.mjs:943:5
 ❯ TestBedCompiler.configureTestingModule node_modules/@angular/core/fesm2022/testing.mjs:567:12
 ❯ TestBedImpl.configureTestingModule node_modules/@angular/core/fesm2022/testing.mjs:1402:19
 ❯ Function.configureTestingModule node_modules/@angular/core/fesm2022/testing.mjs:1273:33
 ❯ src/app/shared/components/select/select.component.spec.ts:22:19
            </failure>
        </testcase>
        <testcase classname="src/app/shared/components/select/select.component.spec.ts" name="SelectComponent &gt; Clear Functionality &gt; should clear value in single mode" time="0.000390418">
            <failure message="Component &apos;SelectComponent&apos; is not resolved:
 - templateUrl: ./select.component.html
 - styleUrl: ./select.component.scss
Did you run and wait for &apos;resolveComponentResources()&apos;?" type="Error">
Error: Component &apos;SelectComponent&apos; is not resolved:
 - templateUrl: ./select.component.html
 - styleUrl: ./select.component.scss
Did you run and wait for &apos;resolveComponentResources()&apos;?
 ❯ Function.get node_modules/@angular/core/fesm2022/_debug_node-chunk.mjs:17775:17
 ❯ getComponentDef node_modules/@angular/core/fesm2022/testing.mjs:1154:16
 ❯ isStandaloneComponent node_modules/@angular/core/fesm2022/testing.mjs:1150:15
 ❯ queueTypesFromModulesArrayRecur node_modules/@angular/core/fesm2022/testing.mjs:925:20
 ❯ TestBedCompiler.queueTypesFromModulesArray node_modules/@angular/core/fesm2022/testing.mjs:943:5
 ❯ TestBedCompiler.configureTestingModule node_modules/@angular/core/fesm2022/testing.mjs:567:12
 ❯ TestBedImpl.configureTestingModule node_modules/@angular/core/fesm2022/testing.mjs:1402:19
 ❯ Function.configureTestingModule node_modules/@angular/core/fesm2022/testing.mjs:1273:33
 ❯ src/app/shared/components/select/select.component.spec.ts:22:19
            </failure>
        </testcase>
        <testcase classname="src/app/shared/components/select/select.component.spec.ts" name="SelectComponent &gt; Clear Functionality &gt; should clear values in multiple mode" time="0.000499307">
            <failure message="Component &apos;SelectComponent&apos; is not resolved:
 - templateUrl: ./select.component.html
 - styleUrl: ./select.component.scss
Did you run and wait for &apos;resolveComponentResources()&apos;?" type="Error">
Error: Component &apos;SelectComponent&apos; is not resolved:
 - templateUrl: ./select.component.html
 - styleUrl: ./select.component.scss
Did you run and wait for &apos;resolveComponentResources()&apos;?
 ❯ Function.get node_modules/@angular/core/fesm2022/_debug_node-chunk.mjs:17775:17
 ❯ getComponentDef node_modules/@angular/core/fesm2022/testing.mjs:1154:16
 ❯ isStandaloneComponent node_modules/@angular/core/fesm2022/testing.mjs:1150:15
 ❯ queueTypesFromModulesArrayRecur node_modules/@angular/core/fesm2022/testing.mjs:925:20
 ❯ TestBedCompiler.queueTypesFromModulesArray node_modules/@angular/core/fesm2022/testing.mjs:943:5
 ❯ TestBedCompiler.configureTestingModule node_modules/@angular/core/fesm2022/testing.mjs:567:12
 ❯ TestBedImpl.configureTestingModule node_modules/@angular/core/fesm2022/testing.mjs:1402:19
 ❯ Function.configureTestingModule node_modules/@angular/core/fesm2022/testing.mjs:1273:33
 ❯ src/app/shared/components/select/select.component.spec.ts:22:19
            </failure>
        </testcase>
        <testcase classname="src/app/shared/components/select/select.component.spec.ts" name="SelectComponent &gt; Search Functionality &gt; should filter options based on search query" time="0.00040994">
            <failure message="Component &apos;SelectComponent&apos; is not resolved:
 - templateUrl: ./select.component.html
 - styleUrl: ./select.component.scss
Did you run and wait for &apos;resolveComponentResources()&apos;?" type="Error">
Error: Component &apos;SelectComponent&apos; is not resolved:
 - templateUrl: ./select.component.html
 - styleUrl: ./select.component.scss
Did you run and wait for &apos;resolveComponentResources()&apos;?
 ❯ Function.get node_modules/@angular/core/fesm2022/_debug_node-chunk.mjs:17775:17
 ❯ getComponentDef node_modules/@angular/core/fesm2022/testing.mjs:1154:16
 ❯ isStandaloneComponent node_modules/@angular/core/fesm2022/testing.mjs:1150:15
 ❯ queueTypesFromModulesArrayRecur node_modules/@angular/core/fesm2022/testing.mjs:925:20
 ❯ TestBedCompiler.queueTypesFromModulesArray node_modules/@angular/core/fesm2022/testing.mjs:943:5
 ❯ TestBedCompiler.configureTestingModule node_modules/@angular/core/fesm2022/testing.mjs:567:12
 ❯ TestBedImpl.configureTestingModule node_modules/@angular/core/fesm2022/testing.mjs:1402:19
 ❯ Function.configureTestingModule node_modules/@angular/core/fesm2022/testing.mjs:1273:33
 ❯ src/app/shared/components/select/select.component.spec.ts:22:19
            </failure>
        </testcase>
        <testcase classname="src/app/shared/components/select/select.component.spec.ts" name="SelectComponent &gt; Search Functionality &gt; should filter options by label" time="0.000404694">
            <failure message="Component &apos;SelectComponent&apos; is not resolved:
 - templateUrl: ./select.component.html
 - styleUrl: ./select.component.scss
Did you run and wait for &apos;resolveComponentResources()&apos;?" type="Error">
Error: Component &apos;SelectComponent&apos; is not resolved:
 - templateUrl: ./select.component.html
 - styleUrl: ./select.component.scss
Did you run and wait for &apos;resolveComponentResources()&apos;?
 ❯ Function.get node_modules/@angular/core/fesm2022/_debug_node-chunk.mjs:17775:17
 ❯ getComponentDef node_modules/@angular/core/fesm2022/testing.mjs:1154:16
 ❯ isStandaloneComponent node_modules/@angular/core/fesm2022/testing.mjs:1150:15
 ❯ queueTypesFromModulesArrayRecur node_modules/@angular/core/fesm2022/testing.mjs:925:20
 ❯ TestBedCompiler.queueTypesFromModulesArray node_modules/@angular/core/fesm2022/testing.mjs:943:5
 ❯ TestBedCompiler.configureTestingModule node_modules/@angular/core/fesm2022/testing.mjs:567:12
 ❯ TestBedImpl.configureTestingModule node_modules/@angular/core/fesm2022/testing.mjs:1402:19
 ❯ Function.configureTestingModule node_modules/@angular/core/fesm2022/testing.mjs:1273:33
 ❯ src/app/shared/components/select/select.component.spec.ts:22:19
            </failure>
        </testcase>
        <testcase classname="src/app/shared/components/select/select.component.spec.ts" name="SelectComponent &gt; Search Functionality &gt; should filter options by description" time="0.00037608">
            <failure message="Component &apos;SelectComponent&apos; is not resolved:
 - templateUrl: ./select.component.html
 - styleUrl: ./select.component.scss
Did you run and wait for &apos;resolveComponentResources()&apos;?" type="Error">
Error: Component &apos;SelectComponent&apos; is not resolved:
 - templateUrl: ./select.component.html
 - styleUrl: ./select.component.scss
Did you run and wait for &apos;resolveComponentResources()&apos;?
 ❯ Function.get node_modules/@angular/core/fesm2022/_debug_node-chunk.mjs:17775:17
 ❯ getComponentDef node_modules/@angular/core/fesm2022/testing.mjs:1154:16
 ❯ isStandaloneComponent node_modules/@angular/core/fesm2022/testing.mjs:1150:15
 ❯ queueTypesFromModulesArrayRecur node_modules/@angular/core/fesm2022/testing.mjs:925:20
 ❯ TestBedCompiler.queueTypesFromModulesArray node_modules/@angular/core/fesm2022/testing.mjs:943:5
 ❯ TestBedCompiler.configureTestingModule node_modules/@angular/core/fesm2022/testing.mjs:567:12
 ❯ TestBedImpl.configureTestingModule node_modules/@angular/core/fesm2022/testing.mjs:1402:19
 ❯ Function.configureTestingModule node_modules/@angular/core/fesm2022/testing.mjs:1273:33
 ❯ src/app/shared/components/select/select.component.spec.ts:22:19
            </failure>
        </testcase>
        <testcase classname="src/app/shared/components/select/select.component.spec.ts" name="SelectComponent &gt; Search Functionality &gt; should return all options when search query is empty" time="0.000237249">
            <failure message="Component &apos;SelectComponent&apos; is not resolved:
 - templateUrl: ./select.component.html
 - styleUrl: ./select.component.scss
Did you run and wait for &apos;resolveComponentResources()&apos;?" type="Error">
Error: Component &apos;SelectComponent&apos; is not resolved:
 - templateUrl: ./select.component.html
 - styleUrl: ./select.component.scss
Did you run and wait for &apos;resolveComponentResources()&apos;?
 ❯ Function.get node_modules/@angular/core/fesm2022/_debug_node-chunk.mjs:17775:17
 ❯ getComponentDef node_modules/@angular/core/fesm2022/testing.mjs:1154:16
 ❯ isStandaloneComponent node_modules/@angular/core/fesm2022/testing.mjs:1150:15
 ❯ queueTypesFromModulesArrayRecur node_modules/@angular/core/fesm2022/testing.mjs:925:20
 ❯ TestBedCompiler.queueTypesFromModulesArray node_modules/@angular/core/fesm2022/testing.mjs:943:5
 ❯ TestBedCompiler.configureTestingModule node_modules/@angular/core/fesm2022/testing.mjs:567:12
 ❯ TestBedImpl.configureTestingModule node_modules/@angular/core/fesm2022/testing.mjs:1402:19
 ❯ Function.configureTestingModule node_modules/@angular/core/fesm2022/testing.mjs:1273:33
 ❯ src/app/shared/components/select/select.component.spec.ts:22:19
            </failure>
        </testcase>
        <testcase classname="src/app/shared/components/select/select.component.spec.ts" name="SelectComponent &gt; Search Functionality &gt; should be case insensitive" time="0.000229098">
            <failure message="Component &apos;SelectComponent&apos; is not resolved:
 - templateUrl: ./select.component.html
 - styleUrl: ./select.component.scss
Did you run and wait for &apos;resolveComponentResources()&apos;?" type="Error">
Error: Component &apos;SelectComponent&apos; is not resolved:
 - templateUrl: ./select.component.html
 - styleUrl: ./select.component.scss
Did you run and wait for &apos;resolveComponentResources()&apos;?
 ❯ Function.get node_modules/@angular/core/fesm2022/_debug_node-chunk.mjs:17775:17
 ❯ getComponentDef node_modules/@angular/core/fesm2022/testing.mjs:1154:16
 ❯ isStandaloneComponent node_modules/@angular/core/fesm2022/testing.mjs:1150:15
 ❯ queueTypesFromModulesArrayRecur node_modules/@angular/core/fesm2022/testing.mjs:925:20
 ❯ TestBedCompiler.queueTypesFromModulesArray node_modules/@angular/core/fesm2022/testing.mjs:943:5
 ❯ TestBedCompiler.configureTestingModule node_modules/@angular/core/fesm2022/testing.mjs:567:12
 ❯ TestBedImpl.configureTestingModule node_modules/@angular/core/fesm2022/testing.mjs:1402:19
 ❯ Function.configureTestingModule node_modules/@angular/core/fesm2022/testing.mjs:1273:33
 ❯ src/app/shared/components/select/select.component.spec.ts:22:19
            </failure>
        </testcase>
        <testcase classname="src/app/shared/components/select/select.component.spec.ts" name="SelectComponent &gt; Keyboard Navigation &gt; should open dropdown on Enter key" time="0.000220367">
            <failure message="Component &apos;SelectComponent&apos; is not resolved:
 - templateUrl: ./select.component.html
 - styleUrl: ./select.component.scss
Did you run and wait for &apos;resolveComponentResources()&apos;?" type="Error">
Error: Component &apos;SelectComponent&apos; is not resolved:
 - templateUrl: ./select.component.html
 - styleUrl: ./select.component.scss
Did you run and wait for &apos;resolveComponentResources()&apos;?
 ❯ Function.get node_modules/@angular/core/fesm2022/_debug_node-chunk.mjs:17775:17
 ❯ getComponentDef node_modules/@angular/core/fesm2022/testing.mjs:1154:16
 ❯ isStandaloneComponent node_modules/@angular/core/fesm2022/testing.mjs:1150:15
 ❯ queueTypesFromModulesArrayRecur node_modules/@angular/core/fesm2022/testing.mjs:925:20
 ❯ TestBedCompiler.queueTypesFromModulesArray node_modules/@angular/core/fesm2022/testing.mjs:943:5
 ❯ TestBedCompiler.configureTestingModule node_modules/@angular/core/fesm2022/testing.mjs:567:12
 ❯ TestBedImpl.configureTestingModule node_modules/@angular/core/fesm2022/testing.mjs:1402:19
 ❯ Function.configureTestingModule node_modules/@angular/core/fesm2022/testing.mjs:1273:33
 ❯ src/app/shared/components/select/select.component.spec.ts:22:19
            </failure>
        </testcase>
        <testcase classname="src/app/shared/components/select/select.component.spec.ts" name="SelectComponent &gt; Keyboard Navigation &gt; should open dropdown on Space key" time="0.000208755">
            <failure message="Component &apos;SelectComponent&apos; is not resolved:
 - templateUrl: ./select.component.html
 - styleUrl: ./select.component.scss
Did you run and wait for &apos;resolveComponentResources()&apos;?" type="Error">
Error: Component &apos;SelectComponent&apos; is not resolved:
 - templateUrl: ./select.component.html
 - styleUrl: ./select.component.scss
Did you run and wait for &apos;resolveComponentResources()&apos;?
 ❯ Function.get node_modules/@angular/core/fesm2022/_debug_node-chunk.mjs:17775:17
 ❯ getComponentDef node_modules/@angular/core/fesm2022/testing.mjs:1154:16
 ❯ isStandaloneComponent node_modules/@angular/core/fesm2022/testing.mjs:1150:15
 ❯ queueTypesFromModulesArrayRecur node_modules/@angular/core/fesm2022/testing.mjs:925:20
 ❯ TestBedCompiler.queueTypesFromModulesArray node_modules/@angular/core/fesm2022/testing.mjs:943:5
 ❯ TestBedCompiler.configureTestingModule node_modules/@angular/core/fesm2022/testing.mjs:567:12
 ❯ TestBedImpl.configureTestingModule node_modules/@angular/core/fesm2022/testing.mjs:1402:19
 ❯ Function.configureTestingModule node_modules/@angular/core/fesm2022/testing.mjs:1273:33
 ❯ src/app/shared/components/select/select.component.spec.ts:22:19
            </failure>
        </testcase>
        <testcase classname="src/app/shared/components/select/select.component.spec.ts" name="SelectComponent &gt; Keyboard Navigation &gt; should close dropdown on Escape key" time="0.000270945">
            <failure message="Component &apos;SelectComponent&apos; is not resolved:
 - templateUrl: ./select.component.html
 - styleUrl: ./select.component.scss
Did you run and wait for &apos;resolveComponentResources()&apos;?" type="Error">
Error: Component &apos;SelectComponent&apos; is not resolved:
 - templateUrl: ./select.component.html
 - styleUrl: ./select.component.scss
Did you run and wait for &apos;resolveComponentResources()&apos;?
 ❯ Function.get node_modules/@angular/core/fesm2022/_debug_node-chunk.mjs:17775:17
 ❯ getComponentDef node_modules/@angular/core/fesm2022/testing.mjs:1154:16
 ❯ isStandaloneComponent node_modules/@angular/core/fesm2022/testing.mjs:1150:15
 ❯ queueTypesFromModulesArrayRecur node_modules/@angular/core/fesm2022/testing.mjs:925:20
 ❯ TestBedCompiler.queueTypesFromModulesArray node_modules/@angular/core/fesm2022/testing.mjs:943:5
 ❯ TestBedCompiler.configureTestingModule node_modules/@angular/core/fesm2022/testing.mjs:567:12
 ❯ TestBedImpl.configureTestingModule node_modules/@angular/core/fesm2022/testing.mjs:1402:19
 ❯ Function.configureTestingModule node_modules/@angular/core/fesm2022/testing.mjs:1273:33
 ❯ src/app/shared/components/select/select.component.spec.ts:22:19
            </failure>
        </testcase>
        <testcase classname="src/app/shared/components/select/select.component.spec.ts" name="SelectComponent &gt; Keyboard Navigation &gt; should highlight next option on ArrowDown" time="0.000241844">
            <failure message="Component &apos;SelectComponent&apos; is not resolved:
 - templateUrl: ./select.component.html
 - styleUrl: ./select.component.scss
Did you run and wait for &apos;resolveComponentResources()&apos;?" type="Error">
Error: Component &apos;SelectComponent&apos; is not resolved:
 - templateUrl: ./select.component.html
 - styleUrl: ./select.component.scss
Did you run and wait for &apos;resolveComponentResources()&apos;?
 ❯ Function.get node_modules/@angular/core/fesm2022/_debug_node-chunk.mjs:17775:17
 ❯ getComponentDef node_modules/@angular/core/fesm2022/testing.mjs:1154:16
 ❯ isStandaloneComponent node_modules/@angular/core/fesm2022/testing.mjs:1150:15
 ❯ queueTypesFromModulesArrayRecur node_modules/@angular/core/fesm2022/testing.mjs:925:20
 ❯ TestBedCompiler.queueTypesFromModulesArray node_modules/@angular/core/fesm2022/testing.mjs:943:5
 ❯ TestBedCompiler.configureTestingModule node_modules/@angular/core/fesm2022/testing.mjs:567:12
 ❯ TestBedImpl.configureTestingModule node_modules/@angular/core/fesm2022/testing.mjs:1402:19
 ❯ Function.configureTestingModule node_modules/@angular/core/fesm2022/testing.mjs:1273:33
 ❯ src/app/shared/components/select/select.component.spec.ts:22:19
            </failure>
        </testcase>
        <testcase classname="src/app/shared/components/select/select.component.spec.ts" name="SelectComponent &gt; Keyboard Navigation &gt; should highlight previous option on ArrowUp" time="0.000214022">
            <failure message="Component &apos;SelectComponent&apos; is not resolved:
 - templateUrl: ./select.component.html
 - styleUrl: ./select.component.scss
Did you run and wait for &apos;resolveComponentResources()&apos;?" type="Error">
Error: Component &apos;SelectComponent&apos; is not resolved:
 - templateUrl: ./select.component.html
 - styleUrl: ./select.component.scss
Did you run and wait for &apos;resolveComponentResources()&apos;?
 ❯ Function.get node_modules/@angular/core/fesm2022/_debug_node-chunk.mjs:17775:17
 ❯ getComponentDef node_modules/@angular/core/fesm2022/testing.mjs:1154:16
 ❯ isStandaloneComponent node_modules/@angular/core/fesm2022/testing.mjs:1150:15
 ❯ queueTypesFromModulesArrayRecur node_modules/@angular/core/fesm2022/testing.mjs:925:20
 ❯ TestBedCompiler.queueTypesFromModulesArray node_modules/@angular/core/fesm2022/testing.mjs:943:5
 ❯ TestBedCompiler.configureTestingModule node_modules/@angular/core/fesm2022/testing.mjs:567:12
 ❯ TestBedImpl.configureTestingModule node_modules/@angular/core/fesm2022/testing.mjs:1402:19
 ❯ Function.configureTestingModule node_modules/@angular/core/fesm2022/testing.mjs:1273:33
 ❯ src/app/shared/components/select/select.component.spec.ts:22:19
            </failure>
        </testcase>
        <testcase classname="src/app/shared/components/select/select.component.spec.ts" name="SelectComponent &gt; Keyboard Navigation &gt; should skip disabled options when navigating down" time="0.000210518">
            <failure message="Component &apos;SelectComponent&apos; is not resolved:
 - templateUrl: ./select.component.html
 - styleUrl: ./select.component.scss
Did you run and wait for &apos;resolveComponentResources()&apos;?" type="Error">
Error: Component &apos;SelectComponent&apos; is not resolved:
 - templateUrl: ./select.component.html
 - styleUrl: ./select.component.scss
Did you run and wait for &apos;resolveComponentResources()&apos;?
 ❯ Function.get node_modules/@angular/core/fesm2022/_debug_node-chunk.mjs:17775:17
 ❯ getComponentDef node_modules/@angular/core/fesm2022/testing.mjs:1154:16
 ❯ isStandaloneComponent node_modules/@angular/core/fesm2022/testing.mjs:1150:15
 ❯ queueTypesFromModulesArrayRecur node_modules/@angular/core/fesm2022/testing.mjs:925:20
 ❯ TestBedCompiler.queueTypesFromModulesArray node_modules/@angular/core/fesm2022/testing.mjs:943:5
 ❯ TestBedCompiler.configureTestingModule node_modules/@angular/core/fesm2022/testing.mjs:567:12
 ❯ TestBedImpl.configureTestingModule node_modules/@angular/core/fesm2022/testing.mjs:1402:19
 ❯ Function.configureTestingModule node_modules/@angular/core/fesm2022/testing.mjs:1273:33
 ❯ src/app/shared/components/select/select.component.spec.ts:22:19
            </failure>
        </testcase>
        <testcase classname="src/app/shared/components/select/select.component.spec.ts" name="SelectComponent &gt; Keyboard Navigation &gt; should jump to first option on Home key" time="0.000295124">
            <failure message="Component &apos;SelectComponent&apos; is not resolved:
 - templateUrl: ./select.component.html
 - styleUrl: ./select.component.scss
Did you run and wait for &apos;resolveComponentResources()&apos;?" type="Error">
Error: Component &apos;SelectComponent&apos; is not resolved:
 - templateUrl: ./select.component.html
 - styleUrl: ./select.component.scss
Did you run and wait for &apos;resolveComponentResources()&apos;?
 ❯ Function.get node_modules/@angular/core/fesm2022/_debug_node-chunk.mjs:17775:17
 ❯ getComponentDef node_modules/@angular/core/fesm2022/testing.mjs:1154:16
 ❯ isStandaloneComponent node_modules/@angular/core/fesm2022/testing.mjs:1150:15
 ❯ queueTypesFromModulesArrayRecur node_modules/@angular/core/fesm2022/testing.mjs:925:20
 ❯ TestBedCompiler.queueTypesFromModulesArray node_modules/@angular/core/fesm2022/testing.mjs:943:5
 ❯ TestBedCompiler.configureTestingModule node_modules/@angular/core/fesm2022/testing.mjs:567:12
 ❯ TestBedImpl.configureTestingModule node_modules/@angular/core/fesm2022/testing.mjs:1402:19
 ❯ Function.configureTestingModule node_modules/@angular/core/fesm2022/testing.mjs:1273:33
 ❯ src/app/shared/components/select/select.component.spec.ts:22:19
            </failure>
        </testcase>
        <testcase classname="src/app/shared/components/select/select.component.spec.ts" name="SelectComponent &gt; Keyboard Navigation &gt; should jump to last option on End key" time="0.000233601">
            <failure message="Component &apos;SelectComponent&apos; is not resolved:
 - templateUrl: ./select.component.html
 - styleUrl: ./select.component.scss
Did you run and wait for &apos;resolveComponentResources()&apos;?" type="Error">
Error: Component &apos;SelectComponent&apos; is not resolved:
 - templateUrl: ./select.component.html
 - styleUrl: ./select.component.scss
Did you run and wait for &apos;resolveComponentResources()&apos;?
 ❯ Function.get node_modules/@angular/core/fesm2022/_debug_node-chunk.mjs:17775:17
 ❯ getComponentDef node_modules/@angular/core/fesm2022/testing.mjs:1154:16
 ❯ isStandaloneComponent node_modules/@angular/core/fesm2022/testing.mjs:1150:15
 ❯ queueTypesFromModulesArrayRecur node_modules/@angular/core/fesm2022/testing.mjs:925:20
 ❯ TestBedCompiler.queueTypesFromModulesArray node_modules/@angular/core/fesm2022/testing.mjs:943:5
 ❯ TestBedCompiler.configureTestingModule node_modules/@angular/core/fesm2022/testing.mjs:567:12
 ❯ TestBedImpl.configureTestingModule node_modules/@angular/core/fesm2022/testing.mjs:1402:19
 ❯ Function.configureTestingModule node_modules/@angular/core/fesm2022/testing.mjs:1273:33
 ❯ src/app/shared/components/select/select.component.spec.ts:22:19
            </failure>
        </testcase>
        <testcase classname="src/app/shared/components/select/select.component.spec.ts" name="SelectComponent &gt; Keyboard Navigation &gt; should select highlighted option on Enter" time="0.000222239">
            <failure message="Component &apos;SelectComponent&apos; is not resolved:
 - templateUrl: ./select.component.html
 - styleUrl: ./select.component.scss
Did you run and wait for &apos;resolveComponentResources()&apos;?" type="Error">
Error: Component &apos;SelectComponent&apos; is not resolved:
 - templateUrl: ./select.component.html
 - styleUrl: ./select.component.scss
Did you run and wait for &apos;resolveComponentResources()&apos;?
 ❯ Function.get node_modules/@angular/core/fesm2022/_debug_node-chunk.mjs:17775:17
 ❯ getComponentDef node_modules/@angular/core/fesm2022/testing.mjs:1154:16
 ❯ isStandaloneComponent node_modules/@angular/core/fesm2022/testing.mjs:1150:15
 ❯ queueTypesFromModulesArrayRecur node_modules/@angular/core/fesm2022/testing.mjs:925:20
 ❯ TestBedCompiler.queueTypesFromModulesArray node_modules/@angular/core/fesm2022/testing.mjs:943:5
 ❯ TestBedCompiler.configureTestingModule node_modules/@angular/core/fesm2022/testing.mjs:567:12
 ❯ TestBedImpl.configureTestingModule node_modules/@angular/core/fesm2022/testing.mjs:1402:19
 ❯ Function.configureTestingModule node_modules/@angular/core/fesm2022/testing.mjs:1273:33
 ❯ src/app/shared/components/select/select.component.spec.ts:22:19
            </failure>
        </testcase>
        <testcase classname="src/app/shared/components/select/select.component.spec.ts" name="SelectComponent &gt; Keyboard Navigation &gt; should close dropdown on Tab key" time="0.000205237">
            <failure message="Component &apos;SelectComponent&apos; is not resolved:
 - templateUrl: ./select.component.html
 - styleUrl: ./select.component.scss
Did you run and wait for &apos;resolveComponentResources()&apos;?" type="Error">
Error: Component &apos;SelectComponent&apos; is not resolved:
 - templateUrl: ./select.component.html
 - styleUrl: ./select.component.scss
Did you run and wait for &apos;resolveComponentResources()&apos;?
 ❯ Function.get node_modules/@angular/core/fesm2022/_debug_node-chunk.mjs:17775:17
 ❯ getComponentDef node_modules/@angular/core/fesm2022/testing.mjs:1154:16
 ❯ isStandaloneComponent node_modules/@angular/core/fesm2022/testing.mjs:1150:15
 ❯ queueTypesFromModulesArrayRecur node_modules/@angular/core/fesm2022/testing.mjs:925:20
 ❯ TestBedCompiler.queueTypesFromModulesArray node_modules/@angular/core/fesm2022/testing.mjs:943:5
 ❯ TestBedCompiler.configureTestingModule node_modules/@angular/core/fesm2022/testing.mjs:567:12
 ❯ TestBedImpl.configureTestingModule node_modules/@angular/core/fesm2022/testing.mjs:1402:19
 ❯ Function.configureTestingModule node_modules/@angular/core/fesm2022/testing.mjs:1273:33
 ❯ src/app/shared/components/select/select.component.spec.ts:22:19
            </failure>
        </testcase>
        <testcase classname="src/app/shared/components/select/select.component.spec.ts" name="SelectComponent &gt; Focus Management &gt; should emit focused event" time="0.0002076">
            <failure message="Component &apos;SelectComponent&apos; is not resolved:
 - templateUrl: ./select.component.html
 - styleUrl: ./select.component.scss
Did you run and wait for &apos;resolveComponentResources()&apos;?" type="Error">
Error: Component &apos;SelectComponent&apos; is not resolved:
 - templateUrl: ./select.component.html
 - styleUrl: ./select.component.scss
Did you run and wait for &apos;resolveComponentResources()&apos;?
 ❯ Function.get node_modules/@angular/core/fesm2022/_debug_node-chunk.mjs:17775:17
 ❯ getComponentDef node_modules/@angular/core/fesm2022/testing.mjs:1154:16
 ❯ isStandaloneComponent node_modules/@angular/core/fesm2022/testing.mjs:1150:15
 ❯ queueTypesFromModulesArrayRecur node_modules/@angular/core/fesm2022/testing.mjs:925:20
 ❯ TestBedCompiler.queueTypesFromModulesArray node_modules/@angular/core/fesm2022/testing.mjs:943:5
 ❯ TestBedCompiler.configureTestingModule node_modules/@angular/core/fesm2022/testing.mjs:567:12
 ❯ TestBedImpl.configureTestingModule node_modules/@angular/core/fesm2022/testing.mjs:1402:19
 ❯ Function.configureTestingModule node_modules/@angular/core/fesm2022/testing.mjs:1273:33
 ❯ src/app/shared/components/select/select.component.spec.ts:22:19
            </failure>
        </testcase>
        <testcase classname="src/app/shared/components/select/select.component.spec.ts" name="SelectComponent &gt; Focus Management &gt; should emit blurred event" time="0.000206374">
            <failure message="Component &apos;SelectComponent&apos; is not resolved:
 - templateUrl: ./select.component.html
 - styleUrl: ./select.component.scss
Did you run and wait for &apos;resolveComponentResources()&apos;?" type="Error">
Error: Component &apos;SelectComponent&apos; is not resolved:
 - templateUrl: ./select.component.html
 - styleUrl: ./select.component.scss
Did you run and wait for &apos;resolveComponentResources()&apos;?
 ❯ Function.get node_modules/@angular/core/fesm2022/_debug_node-chunk.mjs:17775:17
 ❯ getComponentDef node_modules/@angular/core/fesm2022/testing.mjs:1154:16
 ❯ isStandaloneComponent node_modules/@angular/core/fesm2022/testing.mjs:1150:15
 ❯ queueTypesFromModulesArrayRecur node_modules/@angular/core/fesm2022/testing.mjs:925:20
 ❯ TestBedCompiler.queueTypesFromModulesArray node_modules/@angular/core/fesm2022/testing.mjs:943:5
 ❯ TestBedCompiler.configureTestingModule node_modules/@angular/core/fesm2022/testing.mjs:567:12
 ❯ TestBedImpl.configureTestingModule node_modules/@angular/core/fesm2022/testing.mjs:1402:19
 ❯ Function.configureTestingModule node_modules/@angular/core/fesm2022/testing.mjs:1273:33
 ❯ src/app/shared/components/select/select.component.spec.ts:22:19
            </failure>
        </testcase>
        <testcase classname="src/app/shared/components/select/select.component.spec.ts" name="SelectComponent &gt; Focus Management &gt; should focus button programmatically" time="0.000209056">
            <failure message="Component &apos;SelectComponent&apos; is not resolved:
 - templateUrl: ./select.component.html
 - styleUrl: ./select.component.scss
Did you run and wait for &apos;resolveComponentResources()&apos;?" type="Error">
Error: Component &apos;SelectComponent&apos; is not resolved:
 - templateUrl: ./select.component.html
 - styleUrl: ./select.component.scss
Did you run and wait for &apos;resolveComponentResources()&apos;?
 ❯ Function.get node_modules/@angular/core/fesm2022/_debug_node-chunk.mjs:17775:17
 ❯ getComponentDef node_modules/@angular/core/fesm2022/testing.mjs:1154:16
 ❯ isStandaloneComponent node_modules/@angular/core/fesm2022/testing.mjs:1150:15
 ❯ queueTypesFromModulesArrayRecur node_modules/@angular/core/fesm2022/testing.mjs:925:20
 ❯ TestBedCompiler.queueTypesFromModulesArray node_modules/@angular/core/fesm2022/testing.mjs:943:5
 ❯ TestBedCompiler.configureTestingModule node_modules/@angular/core/fesm2022/testing.mjs:567:12
 ❯ TestBedImpl.configureTestingModule node_modules/@angular/core/fesm2022/testing.mjs:1402:19
 ❯ Function.configureTestingModule node_modules/@angular/core/fesm2022/testing.mjs:1273:33
 ❯ src/app/shared/components/select/select.component.spec.ts:22:19
            </failure>
        </testcase>
        <testcase classname="src/app/shared/components/select/select.component.spec.ts" name="SelectComponent &gt; Focus Management &gt; should blur button programmatically" time="0.000204659">
            <failure message="Component &apos;SelectComponent&apos; is not resolved:
 - templateUrl: ./select.component.html
 - styleUrl: ./select.component.scss
Did you run and wait for &apos;resolveComponentResources()&apos;?" type="Error">
Error: Component &apos;SelectComponent&apos; is not resolved:
 - templateUrl: ./select.component.html
 - styleUrl: ./select.component.scss
Did you run and wait for &apos;resolveComponentResources()&apos;?
 ❯ Function.get node_modules/@angular/core/fesm2022/_debug_node-chunk.mjs:17775:17
 ❯ getComponentDef node_modules/@angular/core/fesm2022/testing.mjs:1154:16
 ❯ isStandaloneComponent node_modules/@angular/core/fesm2022/testing.mjs:1150:15
 ❯ queueTypesFromModulesArrayRecur node_modules/@angular/core/fesm2022/testing.mjs:925:20
 ❯ TestBedCompiler.queueTypesFromModulesArray node_modules/@angular/core/fesm2022/testing.mjs:943:5
 ❯ TestBedCompiler.configureTestingModule node_modules/@angular/core/fesm2022/testing.mjs:567:12
 ❯ TestBedImpl.configureTestingModule node_modules/@angular/core/fesm2022/testing.mjs:1402:19
 ❯ Function.configureTestingModule node_modules/@angular/core/fesm2022/testing.mjs:1273:33
 ❯ src/app/shared/components/select/select.component.spec.ts:22:19
            </failure>
        </testcase>
        <testcase classname="src/app/shared/components/select/select.component.spec.ts" name="SelectComponent &gt; CSS Classes &gt; should apply wrapper classes" time="0.000208467">
            <failure message="Component &apos;SelectComponent&apos; is not resolved:
 - templateUrl: ./select.component.html
 - styleUrl: ./select.component.scss
Did you run and wait for &apos;resolveComponentResources()&apos;?" type="Error">
Error: Component &apos;SelectComponent&apos; is not resolved:
 - templateUrl: ./select.component.html
 - styleUrl: ./select.component.scss
Did you run and wait for &apos;resolveComponentResources()&apos;?
 ❯ Function.get node_modules/@angular/core/fesm2022/_debug_node-chunk.mjs:17775:17
 ❯ getComponentDef node_modules/@angular/core/fesm2022/testing.mjs:1154:16
 ❯ isStandaloneComponent node_modules/@angular/core/fesm2022/testing.mjs:1150:15
 ❯ queueTypesFromModulesArrayRecur node_modules/@angular/core/fesm2022/testing.mjs:925:20
 ❯ TestBedCompiler.queueTypesFromModulesArray node_modules/@angular/core/fesm2022/testing.mjs:943:5
 ❯ TestBedCompiler.configureTestingModule node_modules/@angular/core/fesm2022/testing.mjs:567:12
 ❯ TestBedImpl.configureTestingModule node_modules/@angular/core/fesm2022/testing.mjs:1402:19
 ❯ Function.configureTestingModule node_modules/@angular/core/fesm2022/testing.mjs:1273:33
 ❯ src/app/shared/components/select/select.component.spec.ts:22:19
            </failure>
        </testcase>
        <testcase classname="src/app/shared/components/select/select.component.spec.ts" name="SelectComponent &gt; CSS Classes &gt; should apply button classes" time="0.00020582">
            <failure message="Component &apos;SelectComponent&apos; is not resolved:
 - templateUrl: ./select.component.html
 - styleUrl: ./select.component.scss
Did you run and wait for &apos;resolveComponentResources()&apos;?" type="Error">
Error: Component &apos;SelectComponent&apos; is not resolved:
 - templateUrl: ./select.component.html
 - styleUrl: ./select.component.scss
Did you run and wait for &apos;resolveComponentResources()&apos;?
 ❯ Function.get node_modules/@angular/core/fesm2022/_debug_node-chunk.mjs:17775:17
 ❯ getComponentDef node_modules/@angular/core/fesm2022/testing.mjs:1154:16
 ❯ isStandaloneComponent node_modules/@angular/core/fesm2022/testing.mjs:1150:15
 ❯ queueTypesFromModulesArrayRecur node_modules/@angular/core/fesm2022/testing.mjs:925:20
 ❯ TestBedCompiler.queueTypesFromModulesArray node_modules/@angular/core/fesm2022/testing.mjs:943:5
 ❯ TestBedCompiler.configureTestingModule node_modules/@angular/core/fesm2022/testing.mjs:567:12
 ❯ TestBedImpl.configureTestingModule node_modules/@angular/core/fesm2022/testing.mjs:1402:19
 ❯ Function.configureTestingModule node_modules/@angular/core/fesm2022/testing.mjs:1273:33
 ❯ src/app/shared/components/select/select.component.spec.ts:22:19
            </failure>
        </testcase>
        <testcase classname="src/app/shared/components/select/select.component.spec.ts" name="SelectComponent &gt; CSS Classes &gt; should apply disabled class" time="0.000212776">
            <failure message="Component &apos;SelectComponent&apos; is not resolved:
 - templateUrl: ./select.component.html
 - styleUrl: ./select.component.scss
Did you run and wait for &apos;resolveComponentResources()&apos;?" type="Error">
Error: Component &apos;SelectComponent&apos; is not resolved:
 - templateUrl: ./select.component.html
 - styleUrl: ./select.component.scss
Did you run and wait for &apos;resolveComponentResources()&apos;?
 ❯ Function.get node_modules/@angular/core/fesm2022/_debug_node-chunk.mjs:17775:17
 ❯ getComponentDef node_modules/@angular/core/fesm2022/testing.mjs:1154:16
 ❯ isStandaloneComponent node_modules/@angular/core/fesm2022/testing.mjs:1150:15
 ❯ queueTypesFromModulesArrayRecur node_modules/@angular/core/fesm2022/testing.mjs:925:20
 ❯ TestBedCompiler.queueTypesFromModulesArray node_modules/@angular/core/fesm2022/testing.mjs:943:5
 ❯ TestBedCompiler.configureTestingModule node_modules/@angular/core/fesm2022/testing.mjs:567:12
 ❯ TestBedImpl.configureTestingModule node_modules/@angular/core/fesm2022/testing.mjs:1402:19
 ❯ Function.configureTestingModule node_modules/@angular/core/fesm2022/testing.mjs:1273:33
 ❯ src/app/shared/components/select/select.component.spec.ts:22:19
            </failure>
        </testcase>
        <testcase classname="src/app/shared/components/select/select.component.spec.ts" name="SelectComponent &gt; CSS Classes &gt; should apply dropdown classes" time="0.000204649">
            <failure message="Component &apos;SelectComponent&apos; is not resolved:
 - templateUrl: ./select.component.html
 - styleUrl: ./select.component.scss
Did you run and wait for &apos;resolveComponentResources()&apos;?" type="Error">
Error: Component &apos;SelectComponent&apos; is not resolved:
 - templateUrl: ./select.component.html
 - styleUrl: ./select.component.scss
Did you run and wait for &apos;resolveComponentResources()&apos;?
 ❯ Function.get node_modules/@angular/core/fesm2022/_debug_node-chunk.mjs:17775:17
 ❯ getComponentDef node_modules/@angular/core/fesm2022/testing.mjs:1154:16
 ❯ isStandaloneComponent node_modules/@angular/core/fesm2022/testing.mjs:1150:15
 ❯ queueTypesFromModulesArrayRecur node_modules/@angular/core/fesm2022/testing.mjs:925:20
 ❯ TestBedCompiler.queueTypesFromModulesArray node_modules/@angular/core/fesm2022/testing.mjs:943:5
 ❯ TestBedCompiler.configureTestingModule node_modules/@angular/core/fesm2022/testing.mjs:567:12
 ❯ TestBedImpl.configureTestingModule node_modules/@angular/core/fesm2022/testing.mjs:1402:19
 ❯ Function.configureTestingModule node_modules/@angular/core/fesm2022/testing.mjs:1273:33
 ❯ src/app/shared/components/select/select.component.spec.ts:22:19
            </failure>
        </testcase>
        <testcase classname="src/app/shared/components/select/select.component.spec.ts" name="SelectComponent &gt; Validation States &gt; should apply success validation state" time="0.000229775">
            <failure message="Component &apos;SelectComponent&apos; is not resolved:
 - templateUrl: ./select.component.html
 - styleUrl: ./select.component.scss
Did you run and wait for &apos;resolveComponentResources()&apos;?" type="Error">
Error: Component &apos;SelectComponent&apos; is not resolved:
 - templateUrl: ./select.component.html
 - styleUrl: ./select.component.scss
Did you run and wait for &apos;resolveComponentResources()&apos;?
 ❯ Function.get node_modules/@angular/core/fesm2022/_debug_node-chunk.mjs:17775:17
 ❯ getComponentDef node_modules/@angular/core/fesm2022/testing.mjs:1154:16
 ❯ isStandaloneComponent node_modules/@angular/core/fesm2022/testing.mjs:1150:15
 ❯ queueTypesFromModulesArrayRecur node_modules/@angular/core/fesm2022/testing.mjs:925:20
 ❯ TestBedCompiler.queueTypesFromModulesArray node_modules/@angular/core/fesm2022/testing.mjs:943:5
 ❯ TestBedCompiler.configureTestingModule node_modules/@angular/core/fesm2022/testing.mjs:567:12
 ❯ TestBedImpl.configureTestingModule node_modules/@angular/core/fesm2022/testing.mjs:1402:19
 ❯ Function.configureTestingModule node_modules/@angular/core/fesm2022/testing.mjs:1273:33
 ❯ src/app/shared/components/select/select.component.spec.ts:22:19
            </failure>
        </testcase>
        <testcase classname="src/app/shared/components/select/select.component.spec.ts" name="SelectComponent &gt; Validation States &gt; should apply warning validation state" time="0.00020848">
            <failure message="Component &apos;SelectComponent&apos; is not resolved:
 - templateUrl: ./select.component.html
 - styleUrl: ./select.component.scss
Did you run and wait for &apos;resolveComponentResources()&apos;?" type="Error">
Error: Component &apos;SelectComponent&apos; is not resolved:
 - templateUrl: ./select.component.html
 - styleUrl: ./select.component.scss
Did you run and wait for &apos;resolveComponentResources()&apos;?
 ❯ Function.get node_modules/@angular/core/fesm2022/_debug_node-chunk.mjs:17775:17
 ❯ getComponentDef node_modules/@angular/core/fesm2022/testing.mjs:1154:16
 ❯ isStandaloneComponent node_modules/@angular/core/fesm2022/testing.mjs:1150:15
 ❯ queueTypesFromModulesArrayRecur node_modules/@angular/core/fesm2022/testing.mjs:925:20
 ❯ TestBedCompiler.queueTypesFromModulesArray node_modules/@angular/core/fesm2022/testing.mjs:943:5
 ❯ TestBedCompiler.configureTestingModule node_modules/@angular/core/fesm2022/testing.mjs:567:12
 ❯ TestBedImpl.configureTestingModule node_modules/@angular/core/fesm2022/testing.mjs:1402:19
 ❯ Function.configureTestingModule node_modules/@angular/core/fesm2022/testing.mjs:1273:33
 ❯ src/app/shared/components/select/select.component.spec.ts:22:19
            </failure>
        </testcase>
        <testcase classname="src/app/shared/components/select/select.component.spec.ts" name="SelectComponent &gt; Validation States &gt; should apply error validation state" time="0.000202334">
            <failure message="Component &apos;SelectComponent&apos; is not resolved:
 - templateUrl: ./select.component.html
 - styleUrl: ./select.component.scss
Did you run and wait for &apos;resolveComponentResources()&apos;?" type="Error">
Error: Component &apos;SelectComponent&apos; is not resolved:
 - templateUrl: ./select.component.html
 - styleUrl: ./select.component.scss
Did you run and wait for &apos;resolveComponentResources()&apos;?
 ❯ Function.get node_modules/@angular/core/fesm2022/_debug_node-chunk.mjs:17775:17
 ❯ getComponentDef node_modules/@angular/core/fesm2022/testing.mjs:1154:16
 ❯ isStandaloneComponent node_modules/@angular/core/fesm2022/testing.mjs:1150:15
 ❯ queueTypesFromModulesArrayRecur node_modules/@angular/core/fesm2022/testing.mjs:925:20
 ❯ TestBedCompiler.queueTypesFromModulesArray node_modules/@angular/core/fesm2022/testing.mjs:943:5
 ❯ TestBedCompiler.configureTestingModule node_modules/@angular/core/fesm2022/testing.mjs:567:12
 ❯ TestBedImpl.configureTestingModule node_modules/@angular/core/fesm2022/testing.mjs:1402:19
 ❯ Function.configureTestingModule node_modules/@angular/core/fesm2022/testing.mjs:1273:33
 ❯ src/app/shared/components/select/select.component.spec.ts:22:19
            </failure>
        </testcase>
        <testcase classname="src/app/shared/components/select/select.component.spec.ts" name="SelectComponent &gt; Label and Helper Text &gt; should display label when provided" time="0.000221956">
            <failure message="Component &apos;SelectComponent&apos; is not resolved:
 - templateUrl: ./select.component.html
 - styleUrl: ./select.component.scss
Did you run and wait for &apos;resolveComponentResources()&apos;?" type="Error">
Error: Component &apos;SelectComponent&apos; is not resolved:
 - templateUrl: ./select.component.html
 - styleUrl: ./select.component.scss
Did you run and wait for &apos;resolveComponentResources()&apos;?
 ❯ Function.get node_modules/@angular/core/fesm2022/_debug_node-chunk.mjs:17775:17
 ❯ getComponentDef node_modules/@angular/core/fesm2022/testing.mjs:1154:16
 ❯ isStandaloneComponent node_modules/@angular/core/fesm2022/testing.mjs:1150:15
 ❯ queueTypesFromModulesArrayRecur node_modules/@angular/core/fesm2022/testing.mjs:925:20
 ❯ TestBedCompiler.queueTypesFromModulesArray node_modules/@angular/core/fesm2022/testing.mjs:943:5
 ❯ TestBedCompiler.configureTestingModule node_modules/@angular/core/fesm2022/testing.mjs:567:12
 ❯ TestBedImpl.configureTestingModule node_modules/@angular/core/fesm2022/testing.mjs:1402:19
 ❯ Function.configureTestingModule node_modules/@angular/core/fesm2022/testing.mjs:1273:33
 ❯ src/app/shared/components/select/select.component.spec.ts:22:19
            </failure>
        </testcase>
        <testcase classname="src/app/shared/components/select/select.component.spec.ts" name="SelectComponent &gt; Label and Helper Text &gt; should not display label when not provided" time="0.000235486">
            <failure message="Component &apos;SelectComponent&apos; is not resolved:
 - templateUrl: ./select.component.html
 - styleUrl: ./select.component.scss
Did you run and wait for &apos;resolveComponentResources()&apos;?" type="Error">
Error: Component &apos;SelectComponent&apos; is not resolved:
 - templateUrl: ./select.component.html
 - styleUrl: ./select.component.scss
Did you run and wait for &apos;resolveComponentResources()&apos;?
 ❯ Function.get node_modules/@angular/core/fesm2022/_debug_node-chunk.mjs:17775:17
 ❯ getComponentDef node_modules/@angular/core/fesm2022/testing.mjs:1154:16
 ❯ isStandaloneComponent node_modules/@angular/core/fesm2022/testing.mjs:1150:15
 ❯ queueTypesFromModulesArrayRecur node_modules/@angular/core/fesm2022/testing.mjs:925:20
 ❯ TestBedCompiler.queueTypesFromModulesArray node_modules/@angular/core/fesm2022/testing.mjs:943:5
 ❯ TestBedCompiler.configureTestingModule node_modules/@angular/core/fesm2022/testing.mjs:567:12
 ❯ TestBedImpl.configureTestingModule node_modules/@angular/core/fesm2022/testing.mjs:1402:19
 ❯ Function.configureTestingModule node_modules/@angular/core/fesm2022/testing.mjs:1273:33
 ❯ src/app/shared/components/select/select.component.spec.ts:22:19
            </failure>
        </testcase>
        <testcase classname="src/app/shared/components/select/select.component.spec.ts" name="SelectComponent &gt; Label and Helper Text &gt; should display helper text when provided" time="0.000206029">
            <failure message="Component &apos;SelectComponent&apos; is not resolved:
 - templateUrl: ./select.component.html
 - styleUrl: ./select.component.scss
Did you run and wait for &apos;resolveComponentResources()&apos;?" type="Error">
Error: Component &apos;SelectComponent&apos; is not resolved:
 - templateUrl: ./select.component.html
 - styleUrl: ./select.component.scss
Did you run and wait for &apos;resolveComponentResources()&apos;?
 ❯ Function.get node_modules/@angular/core/fesm2022/_debug_node-chunk.mjs:17775:17
 ❯ getComponentDef node_modules/@angular/core/fesm2022/testing.mjs:1154:16
 ❯ isStandaloneComponent node_modules/@angular/core/fesm2022/testing.mjs:1150:15
 ❯ queueTypesFromModulesArrayRecur node_modules/@angular/core/fesm2022/testing.mjs:925:20
 ❯ TestBedCompiler.queueTypesFromModulesArray node_modules/@angular/core/fesm2022/testing.mjs:943:5
 ❯ TestBedCompiler.configureTestingModule node_modules/@angular/core/fesm2022/testing.mjs:567:12
 ❯ TestBedImpl.configureTestingModule node_modules/@angular/core/fesm2022/testing.mjs:1402:19
 ❯ Function.configureTestingModule node_modules/@angular/core/fesm2022/testing.mjs:1273:33
 ❯ src/app/shared/components/select/select.component.spec.ts:22:19
            </failure>
        </testcase>
        <testcase classname="src/app/shared/components/select/select.component.spec.ts" name="SelectComponent &gt; Label and Helper Text &gt; should show required indicator" time="0.000228193">
            <failure message="Component &apos;SelectComponent&apos; is not resolved:
 - templateUrl: ./select.component.html
 - styleUrl: ./select.component.scss
Did you run and wait for &apos;resolveComponentResources()&apos;?" type="Error">
Error: Component &apos;SelectComponent&apos; is not resolved:
 - templateUrl: ./select.component.html
 - styleUrl: ./select.component.scss
Did you run and wait for &apos;resolveComponentResources()&apos;?
 ❯ Function.get node_modules/@angular/core/fesm2022/_debug_node-chunk.mjs:17775:17
 ❯ getComponentDef node_modules/@angular/core/fesm2022/testing.mjs:1154:16
 ❯ isStandaloneComponent node_modules/@angular/core/fesm2022/testing.mjs:1150:15
 ❯ queueTypesFromModulesArrayRecur node_modules/@angular/core/fesm2022/testing.mjs:925:20
 ❯ TestBedCompiler.queueTypesFromModulesArray node_modules/@angular/core/fesm2022/testing.mjs:943:5
 ❯ TestBedCompiler.configureTestingModule node_modules/@angular/core/fesm2022/testing.mjs:567:12
 ❯ TestBedImpl.configureTestingModule node_modules/@angular/core/fesm2022/testing.mjs:1402:19
 ❯ Function.configureTestingModule node_modules/@angular/core/fesm2022/testing.mjs:1273:33
 ❯ src/app/shared/components/select/select.component.spec.ts:22:19
            </failure>
        </testcase>
        <testcase classname="src/app/shared/components/select/select.component.spec.ts" name="SelectComponent &gt; Label and Helper Text &gt; should show footer only when helper text is present" time="0.000203537">
            <failure message="Component &apos;SelectComponent&apos; is not resolved:
 - templateUrl: ./select.component.html
 - styleUrl: ./select.component.scss
Did you run and wait for &apos;resolveComponentResources()&apos;?" type="Error">
Error: Component &apos;SelectComponent&apos; is not resolved:
 - templateUrl: ./select.component.html
 - styleUrl: ./select.component.scss
Did you run and wait for &apos;resolveComponentResources()&apos;?
 ❯ Function.get node_modules/@angular/core/fesm2022/_debug_node-chunk.mjs:17775:17
 ❯ getComponentDef node_modules/@angular/core/fesm2022/testing.mjs:1154:16
 ❯ isStandaloneComponent node_modules/@angular/core/fesm2022/testing.mjs:1150:15
 ❯ queueTypesFromModulesArrayRecur node_modules/@angular/core/fesm2022/testing.mjs:925:20
 ❯ TestBedCompiler.queueTypesFromModulesArray node_modules/@angular/core/fesm2022/testing.mjs:943:5
 ❯ TestBedCompiler.configureTestingModule node_modules/@angular/core/fesm2022/testing.mjs:567:12
 ❯ TestBedImpl.configureTestingModule node_modules/@angular/core/fesm2022/testing.mjs:1402:19
 ❯ Function.configureTestingModule node_modules/@angular/core/fesm2022/testing.mjs:1273:33
 ❯ src/app/shared/components/select/select.component.spec.ts:22:19
            </failure>
        </testcase>
        <testcase classname="src/app/shared/components/select/select.component.spec.ts" name="SelectComponent &gt; Accessibility &gt; should have required aria-label" time="0.000206235">
            <failure message="Component &apos;SelectComponent&apos; is not resolved:
 - templateUrl: ./select.component.html
 - styleUrl: ./select.component.scss
Did you run and wait for &apos;resolveComponentResources()&apos;?" type="Error">
Error: Component &apos;SelectComponent&apos; is not resolved:
 - templateUrl: ./select.component.html
 - styleUrl: ./select.component.scss
Did you run and wait for &apos;resolveComponentResources()&apos;?
 ❯ Function.get node_modules/@angular/core/fesm2022/_debug_node-chunk.mjs:17775:17
 ❯ getComponentDef node_modules/@angular/core/fesm2022/testing.mjs:1154:16
 ❯ isStandaloneComponent node_modules/@angular/core/fesm2022/testing.mjs:1150:15
 ❯ queueTypesFromModulesArrayRecur node_modules/@angular/core/fesm2022/testing.mjs:925:20
 ❯ TestBedCompiler.queueTypesFromModulesArray node_modules/@angular/core/fesm2022/testing.mjs:943:5
 ❯ TestBedCompiler.configureTestingModule node_modules/@angular/core/fesm2022/testing.mjs:567:12
 ❯ TestBedImpl.configureTestingModule node_modules/@angular/core/fesm2022/testing.mjs:1402:19
 ❯ Function.configureTestingModule node_modules/@angular/core/fesm2022/testing.mjs:1273:33
 ❯ src/app/shared/components/select/select.component.spec.ts:22:19
            </failure>
        </testcase>
        <testcase classname="src/app/shared/components/select/select.component.spec.ts" name="SelectComponent &gt; Accessibility &gt; should set aria-expanded" time="0.000211054">
            <failure message="Component &apos;SelectComponent&apos; is not resolved:
 - templateUrl: ./select.component.html
 - styleUrl: ./select.component.scss
Did you run and wait for &apos;resolveComponentResources()&apos;?" type="Error">
Error: Component &apos;SelectComponent&apos; is not resolved:
 - templateUrl: ./select.component.html
 - styleUrl: ./select.component.scss
Did you run and wait for &apos;resolveComponentResources()&apos;?
 ❯ Function.get node_modules/@angular/core/fesm2022/_debug_node-chunk.mjs:17775:17
 ❯ getComponentDef node_modules/@angular/core/fesm2022/testing.mjs:1154:16
 ❯ isStandaloneComponent node_modules/@angular/core/fesm2022/testing.mjs:1150:15
 ❯ queueTypesFromModulesArrayRecur node_modules/@angular/core/fesm2022/testing.mjs:925:20
 ❯ TestBedCompiler.queueTypesFromModulesArray node_modules/@angular/core/fesm2022/testing.mjs:943:5
 ❯ TestBedCompiler.configureTestingModule node_modules/@angular/core/fesm2022/testing.mjs:567:12
 ❯ TestBedImpl.configureTestingModule node_modules/@angular/core/fesm2022/testing.mjs:1402:19
 ❯ Function.configureTestingModule node_modules/@angular/core/fesm2022/testing.mjs:1273:33
 ❯ src/app/shared/components/select/select.component.spec.ts:22:19
            </failure>
        </testcase>
        <testcase classname="src/app/shared/components/select/select.component.spec.ts" name="SelectComponent &gt; Accessibility &gt; should set aria-required when required" time="0.000200244">
            <failure message="Component &apos;SelectComponent&apos; is not resolved:
 - templateUrl: ./select.component.html
 - styleUrl: ./select.component.scss
Did you run and wait for &apos;resolveComponentResources()&apos;?" type="Error">
Error: Component &apos;SelectComponent&apos; is not resolved:
 - templateUrl: ./select.component.html
 - styleUrl: ./select.component.scss
Did you run and wait for &apos;resolveComponentResources()&apos;?
 ❯ Function.get node_modules/@angular/core/fesm2022/_debug_node-chunk.mjs:17775:17
 ❯ getComponentDef node_modules/@angular/core/fesm2022/testing.mjs:1154:16
 ❯ isStandaloneComponent node_modules/@angular/core/fesm2022/testing.mjs:1150:15
 ❯ queueTypesFromModulesArrayRecur node_modules/@angular/core/fesm2022/testing.mjs:925:20
 ❯ TestBedCompiler.queueTypesFromModulesArray node_modules/@angular/core/fesm2022/testing.mjs:943:5
 ❯ TestBedCompiler.configureTestingModule node_modules/@angular/core/fesm2022/testing.mjs:567:12
 ❯ TestBedImpl.configureTestingModule node_modules/@angular/core/fesm2022/testing.mjs:1402:19
 ❯ Function.configureTestingModule node_modules/@angular/core/fesm2022/testing.mjs:1273:33
 ❯ src/app/shared/components/select/select.component.spec.ts:22:19
            </failure>
        </testcase>
        <testcase classname="src/app/shared/components/select/select.component.spec.ts" name="SelectComponent &gt; Accessibility &gt; should set aria-invalid when validation fails" time="0.000206461">
            <failure message="Component &apos;SelectComponent&apos; is not resolved:
 - templateUrl: ./select.component.html
 - styleUrl: ./select.component.scss
Did you run and wait for &apos;resolveComponentResources()&apos;?" type="Error">
Error: Component &apos;SelectComponent&apos; is not resolved:
 - templateUrl: ./select.component.html
 - styleUrl: ./select.component.scss
Did you run and wait for &apos;resolveComponentResources()&apos;?
 ❯ Function.get node_modules/@angular/core/fesm2022/_debug_node-chunk.mjs:17775:17
 ❯ getComponentDef node_modules/@angular/core/fesm2022/testing.mjs:1154:16
 ❯ isStandaloneComponent node_modules/@angular/core/fesm2022/testing.mjs:1150:15
 ❯ queueTypesFromModulesArrayRecur node_modules/@angular/core/fesm2022/testing.mjs:925:20
 ❯ TestBedCompiler.queueTypesFromModulesArray node_modules/@angular/core/fesm2022/testing.mjs:943:5
 ❯ TestBedCompiler.configureTestingModule node_modules/@angular/core/fesm2022/testing.mjs:567:12
 ❯ TestBedImpl.configureTestingModule node_modules/@angular/core/fesm2022/testing.mjs:1402:19
 ❯ Function.configureTestingModule node_modules/@angular/core/fesm2022/testing.mjs:1273:33
 ❯ src/app/shared/components/select/select.component.spec.ts:22:19
            </failure>
        </testcase>
        <testcase classname="src/app/shared/components/select/select.component.spec.ts" name="SelectComponent &gt; Accessibility &gt; should set aria-describedby when helper text is present" time="0.000199484">
            <failure message="Component &apos;SelectComponent&apos; is not resolved:
 - templateUrl: ./select.component.html
 - styleUrl: ./select.component.scss
Did you run and wait for &apos;resolveComponentResources()&apos;?" type="Error">
Error: Component &apos;SelectComponent&apos; is not resolved:
 - templateUrl: ./select.component.html
 - styleUrl: ./select.component.scss
Did you run and wait for &apos;resolveComponentResources()&apos;?
 ❯ Function.get node_modules/@angular/core/fesm2022/_debug_node-chunk.mjs:17775:17
 ❯ getComponentDef node_modules/@angular/core/fesm2022/testing.mjs:1154:16
 ❯ isStandaloneComponent node_modules/@angular/core/fesm2022/testing.mjs:1150:15
 ❯ queueTypesFromModulesArrayRecur node_modules/@angular/core/fesm2022/testing.mjs:925:20
 ❯ TestBedCompiler.queueTypesFromModulesArray node_modules/@angular/core/fesm2022/testing.mjs:943:5
 ❯ TestBedCompiler.configureTestingModule node_modules/@angular/core/fesm2022/testing.mjs:567:12
 ❯ TestBedImpl.configureTestingModule node_modules/@angular/core/fesm2022/testing.mjs:1402:19
 ❯ Function.configureTestingModule node_modules/@angular/core/fesm2022/testing.mjs:1273:33
 ❯ src/app/shared/components/select/select.component.spec.ts:22:19
            </failure>
        </testcase>
        <testcase classname="src/app/shared/components/select/select.component.spec.ts" name="SelectComponent &gt; Accessibility &gt; should set role=&quot;listbox&quot; on options container" time="0.00020037">
            <failure message="Component &apos;SelectComponent&apos; is not resolved:
 - templateUrl: ./select.component.html
 - styleUrl: ./select.component.scss
Did you run and wait for &apos;resolveComponentResources()&apos;?" type="Error">
Error: Component &apos;SelectComponent&apos; is not resolved:
 - templateUrl: ./select.component.html
 - styleUrl: ./select.component.scss
Did you run and wait for &apos;resolveComponentResources()&apos;?
 ❯ Function.get node_modules/@angular/core/fesm2022/_debug_node-chunk.mjs:17775:17
 ❯ getComponentDef node_modules/@angular/core/fesm2022/testing.mjs:1154:16
 ❯ isStandaloneComponent node_modules/@angular/core/fesm2022/testing.mjs:1150:15
 ❯ queueTypesFromModulesArrayRecur node_modules/@angular/core/fesm2022/testing.mjs:925:20
 ❯ TestBedCompiler.queueTypesFromModulesArray node_modules/@angular/core/fesm2022/testing.mjs:943:5
 ❯ TestBedCompiler.configureTestingModule node_modules/@angular/core/fesm2022/testing.mjs:567:12
 ❯ TestBedImpl.configureTestingModule node_modules/@angular/core/fesm2022/testing.mjs:1402:19
 ❯ Function.configureTestingModule node_modules/@angular/core/fesm2022/testing.mjs:1273:33
 ❯ src/app/shared/components/select/select.component.spec.ts:22:19
            </failure>
        </testcase>
        <testcase classname="src/app/shared/components/select/select.component.spec.ts" name="SelectComponent &gt; Accessibility &gt; should set aria-multiselectable in multiple mode" time="0.000202621">
            <failure message="Component &apos;SelectComponent&apos; is not resolved:
 - templateUrl: ./select.component.html
 - styleUrl: ./select.component.scss
Did you run and wait for &apos;resolveComponentResources()&apos;?" type="Error">
Error: Component &apos;SelectComponent&apos; is not resolved:
 - templateUrl: ./select.component.html
 - styleUrl: ./select.component.scss
Did you run and wait for &apos;resolveComponentResources()&apos;?
 ❯ Function.get node_modules/@angular/core/fesm2022/_debug_node-chunk.mjs:17775:17
 ❯ getComponentDef node_modules/@angular/core/fesm2022/testing.mjs:1154:16
 ❯ isStandaloneComponent node_modules/@angular/core/fesm2022/testing.mjs:1150:15
 ❯ queueTypesFromModulesArrayRecur node_modules/@angular/core/fesm2022/testing.mjs:925:20
 ❯ TestBedCompiler.queueTypesFromModulesArray node_modules/@angular/core/fesm2022/testing.mjs:943:5
 ❯ TestBedCompiler.configureTestingModule node_modules/@angular/core/fesm2022/testing.mjs:567:12
 ❯ TestBedImpl.configureTestingModule node_modules/@angular/core/fesm2022/testing.mjs:1402:19
 ❯ Function.configureTestingModule node_modules/@angular/core/fesm2022/testing.mjs:1273:33
 ❯ src/app/shared/components/select/select.component.spec.ts:22:19
            </failure>
        </testcase>
        <testcase classname="src/app/shared/components/select/select.component.spec.ts" name="SelectComponent &gt; Accessibility &gt; should set aria-selected on options" time="0.000196783">
            <failure message="Component &apos;SelectComponent&apos; is not resolved:
 - templateUrl: ./select.component.html
 - styleUrl: ./select.component.scss
Did you run and wait for &apos;resolveComponentResources()&apos;?" type="Error">
Error: Component &apos;SelectComponent&apos; is not resolved:
 - templateUrl: ./select.component.html
 - styleUrl: ./select.component.scss
Did you run and wait for &apos;resolveComponentResources()&apos;?
 ❯ Function.get node_modules/@angular/core/fesm2022/_debug_node-chunk.mjs:17775:17
 ❯ getComponentDef node_modules/@angular/core/fesm2022/testing.mjs:1154:16
 ❯ isStandaloneComponent node_modules/@angular/core/fesm2022/testing.mjs:1150:15
 ❯ queueTypesFromModulesArrayRecur node_modules/@angular/core/fesm2022/testing.mjs:925:20
 ❯ TestBedCompiler.queueTypesFromModulesArray node_modules/@angular/core/fesm2022/testing.mjs:943:5
 ❯ TestBedCompiler.configureTestingModule node_modules/@angular/core/fesm2022/testing.mjs:567:12
 ❯ TestBedImpl.configureTestingModule node_modules/@angular/core/fesm2022/testing.mjs:1402:19
 ❯ Function.configureTestingModule node_modules/@angular/core/fesm2022/testing.mjs:1273:33
 ❯ src/app/shared/components/select/select.component.spec.ts:22:19
            </failure>
        </testcase>
        <testcase classname="src/app/shared/components/select/select.component.spec.ts" name="SelectComponent &gt; Accessibility &gt; should set aria-disabled on disabled options" time="0.000204728">
            <failure message="Component &apos;SelectComponent&apos; is not resolved:
 - templateUrl: ./select.component.html
 - styleUrl: ./select.component.scss
Did you run and wait for &apos;resolveComponentResources()&apos;?" type="Error">
Error: Component &apos;SelectComponent&apos; is not resolved:
 - templateUrl: ./select.component.html
 - styleUrl: ./select.component.scss
Did you run and wait for &apos;resolveComponentResources()&apos;?
 ❯ Function.get node_modules/@angular/core/fesm2022/_debug_node-chunk.mjs:17775:17
 ❯ getComponentDef node_modules/@angular/core/fesm2022/testing.mjs:1154:16
 ❯ isStandaloneComponent node_modules/@angular/core/fesm2022/testing.mjs:1150:15
 ❯ queueTypesFromModulesArrayRecur node_modules/@angular/core/fesm2022/testing.mjs:925:20
 ❯ TestBedCompiler.queueTypesFromModulesArray node_modules/@angular/core/fesm2022/testing.mjs:943:5
 ❯ TestBedCompiler.configureTestingModule node_modules/@angular/core/fesm2022/testing.mjs:567:12
 ❯ TestBedImpl.configureTestingModule node_modules/@angular/core/fesm2022/testing.mjs:1402:19
 ❯ Function.configureTestingModule node_modules/@angular/core/fesm2022/testing.mjs:1273:33
 ❯ src/app/shared/components/select/select.component.spec.ts:22:19
            </failure>
        </testcase>
        <testcase classname="src/app/shared/components/select/select.component.spec.ts" name="SelectComponent &gt; Value Sync &gt; should sync value input with internal state" time="0.000201137">
            <failure message="Component &apos;SelectComponent&apos; is not resolved:
 - templateUrl: ./select.component.html
 - styleUrl: ./select.component.scss
Did you run and wait for &apos;resolveComponentResources()&apos;?" type="Error">
Error: Component &apos;SelectComponent&apos; is not resolved:
 - templateUrl: ./select.component.html
 - styleUrl: ./select.component.scss
Did you run and wait for &apos;resolveComponentResources()&apos;?
 ❯ Function.get node_modules/@angular/core/fesm2022/_debug_node-chunk.mjs:17775:17
 ❯ getComponentDef node_modules/@angular/core/fesm2022/testing.mjs:1154:16
 ❯ isStandaloneComponent node_modules/@angular/core/fesm2022/testing.mjs:1150:15
 ❯ queueTypesFromModulesArrayRecur node_modules/@angular/core/fesm2022/testing.mjs:925:20
 ❯ TestBedCompiler.queueTypesFromModulesArray node_modules/@angular/core/fesm2022/testing.mjs:943:5
 ❯ TestBedCompiler.configureTestingModule node_modules/@angular/core/fesm2022/testing.mjs:567:12
 ❯ TestBedImpl.configureTestingModule node_modules/@angular/core/fesm2022/testing.mjs:1402:19
 ❯ Function.configureTestingModule node_modules/@angular/core/fesm2022/testing.mjs:1273:33
 ❯ src/app/shared/components/select/select.component.spec.ts:22:19
            </failure>
        </testcase>
        <testcase classname="src/app/shared/components/select/select.component.spec.ts" name="SelectComponent &gt; Value Sync &gt; should handle null value" time="0.000198101">
            <failure message="Component &apos;SelectComponent&apos; is not resolved:
 - templateUrl: ./select.component.html
 - styleUrl: ./select.component.scss
Did you run and wait for &apos;resolveComponentResources()&apos;?" type="Error">
Error: Component &apos;SelectComponent&apos; is not resolved:
 - templateUrl: ./select.component.html
 - styleUrl: ./select.component.scss
Did you run and wait for &apos;resolveComponentResources()&apos;?
 ❯ Function.get node_modules/@angular/core/fesm2022/_debug_node-chunk.mjs:17775:17
 ❯ getComponentDef node_modules/@angular/core/fesm2022/testing.mjs:1154:16
 ❯ isStandaloneComponent node_modules/@angular/core/fesm2022/testing.mjs:1150:15
 ❯ queueTypesFromModulesArrayRecur node_modules/@angular/core/fesm2022/testing.mjs:925:20
 ❯ TestBedCompiler.queueTypesFromModulesArray node_modules/@angular/core/fesm2022/testing.mjs:943:5
 ❯ TestBedCompiler.configureTestingModule node_modules/@angular/core/fesm2022/testing.mjs:567:12
 ❯ TestBedImpl.configureTestingModule node_modules/@angular/core/fesm2022/testing.mjs:1402:19
 ❯ Function.configureTestingModule node_modules/@angular/core/fesm2022/testing.mjs:1273:33
 ❯ src/app/shared/components/select/select.component.spec.ts:22:19
            </failure>
        </testcase>
        <testcase classname="src/app/shared/components/select/select.component.spec.ts" name="SelectComponent &gt; Value Sync &gt; should handle array value in multiple mode" time="0.000196881">
            <failure message="Component &apos;SelectComponent&apos; is not resolved:
 - templateUrl: ./select.component.html
 - styleUrl: ./select.component.scss
Did you run and wait for &apos;resolveComponentResources()&apos;?" type="Error">
Error: Component &apos;SelectComponent&apos; is not resolved:
 - templateUrl: ./select.component.html
 - styleUrl: ./select.component.scss
Did you run and wait for &apos;resolveComponentResources()&apos;?
 ❯ Function.get node_modules/@angular/core/fesm2022/_debug_node-chunk.mjs:17775:17
 ❯ getComponentDef node_modules/@angular/core/fesm2022/testing.mjs:1154:16
 ❯ isStandaloneComponent node_modules/@angular/core/fesm2022/testing.mjs:1150:15
 ❯ queueTypesFromModulesArrayRecur node_modules/@angular/core/fesm2022/testing.mjs:925:20
 ❯ TestBedCompiler.queueTypesFromModulesArray node_modules/@angular/core/fesm2022/testing.mjs:943:5
 ❯ TestBedCompiler.configureTestingModule node_modules/@angular/core/fesm2022/testing.mjs:567:12
 ❯ TestBedImpl.configureTestingModule node_modules/@angular/core/fesm2022/testing.mjs:1402:19
 ❯ Function.configureTestingModule node_modules/@angular/core/fesm2022/testing.mjs:1273:33
 ❯ src/app/shared/components/select/select.component.spec.ts:22:19
            </failure>
        </testcase>
        <testcase classname="src/app/shared/components/select/select.component.spec.ts" name="SelectComponent &gt; Edge Cases &gt; should handle empty options array" time="0.000205627">
            <failure message="Component &apos;SelectComponent&apos; is not resolved:
 - templateUrl: ./select.component.html
 - styleUrl: ./select.component.scss
Did you run and wait for &apos;resolveComponentResources()&apos;?" type="Error">
Error: Component &apos;SelectComponent&apos; is not resolved:
 - templateUrl: ./select.component.html
 - styleUrl: ./select.component.scss
Did you run and wait for &apos;resolveComponentResources()&apos;?
 ❯ Function.get node_modules/@angular/core/fesm2022/_debug_node-chunk.mjs:17775:17
 ❯ getComponentDef node_modules/@angular/core/fesm2022/testing.mjs:1154:16
 ❯ isStandaloneComponent node_modules/@angular/core/fesm2022/testing.mjs:1150:15
 ❯ queueTypesFromModulesArrayRecur node_modules/@angular/core/fesm2022/testing.mjs:925:20
 ❯ TestBedCompiler.queueTypesFromModulesArray node_modules/@angular/core/fesm2022/testing.mjs:943:5
 ❯ TestBedCompiler.configureTestingModule node_modules/@angular/core/fesm2022/testing.mjs:567:12
 ❯ TestBedImpl.configureTestingModule node_modules/@angular/core/fesm2022/testing.mjs:1402:19
 ❯ Function.configureTestingModule node_modules/@angular/core/fesm2022/testing.mjs:1273:33
 ❯ src/app/shared/components/select/select.component.spec.ts:22:19
            </failure>
        </testcase>
        <testcase classname="src/app/shared/components/select/select.component.spec.ts" name="SelectComponent &gt; Edge Cases &gt; should handle selecting from filtered results" time="0.000196539">
            <failure message="Component &apos;SelectComponent&apos; is not resolved:
 - templateUrl: ./select.component.html
 - styleUrl: ./select.component.scss
Did you run and wait for &apos;resolveComponentResources()&apos;?" type="Error">
Error: Component &apos;SelectComponent&apos; is not resolved:
 - templateUrl: ./select.component.html
 - styleUrl: ./select.component.scss
Did you run and wait for &apos;resolveComponentResources()&apos;?
 ❯ Function.get node_modules/@angular/core/fesm2022/_debug_node-chunk.mjs:17775:17
 ❯ getComponentDef node_modules/@angular/core/fesm2022/testing.mjs:1154:16
 ❯ isStandaloneComponent node_modules/@angular/core/fesm2022/testing.mjs:1150:15
 ❯ queueTypesFromModulesArrayRecur node_modules/@angular/core/fesm2022/testing.mjs:925:20
 ❯ TestBedCompiler.queueTypesFromModulesArray node_modules/@angular/core/fesm2022/testing.mjs:943:5
 ❯ TestBedCompiler.configureTestingModule node_modules/@angular/core/fesm2022/testing.mjs:567:12
 ❯ TestBedImpl.configureTestingModule node_modules/@angular/core/fesm2022/testing.mjs:1402:19
 ❯ Function.configureTestingModule node_modules/@angular/core/fesm2022/testing.mjs:1273:33
 ❯ src/app/shared/components/select/select.component.spec.ts:22:19
            </failure>
        </testcase>
        <testcase classname="src/app/shared/components/select/select.component.spec.ts" name="SelectComponent &gt; Edge Cases &gt; should reset search query when closing dropdown" time="0.00022448">
            <failure message="Component &apos;SelectComponent&apos; is not resolved:
 - templateUrl: ./select.component.html
 - styleUrl: ./select.component.scss
Did you run and wait for &apos;resolveComponentResources()&apos;?" type="Error">
Error: Component &apos;SelectComponent&apos; is not resolved:
 - templateUrl: ./select.component.html
 - styleUrl: ./select.component.scss
Did you run and wait for &apos;resolveComponentResources()&apos;?
 ❯ Function.get node_modules/@angular/core/fesm2022/_debug_node-chunk.mjs:17775:17
 ❯ getComponentDef node_modules/@angular/core/fesm2022/testing.mjs:1154:16
 ❯ isStandaloneComponent node_modules/@angular/core/fesm2022/testing.mjs:1150:15
 ❯ queueTypesFromModulesArrayRecur node_modules/@angular/core/fesm2022/testing.mjs:925:20
 ❯ TestBedCompiler.queueTypesFromModulesArray node_modules/@angular/core/fesm2022/testing.mjs:943:5
 ❯ TestBedCompiler.configureTestingModule node_modules/@angular/core/fesm2022/testing.mjs:567:12
 ❯ TestBedImpl.configureTestingModule node_modules/@angular/core/fesm2022/testing.mjs:1402:19
 ❯ Function.configureTestingModule node_modules/@angular/core/fesm2022/testing.mjs:1273:33
 ❯ src/app/shared/components/select/select.component.spec.ts:22:19
            </failure>
        </testcase>
        <testcase classname="src/app/shared/components/select/select.component.spec.ts" name="SelectComponent &gt; Edge Cases &gt; should handle highlighting out of bounds" time="0.000203955">
            <failure message="Component &apos;SelectComponent&apos; is not resolved:
 - templateUrl: ./select.component.html
 - styleUrl: ./select.component.scss
Did you run and wait for &apos;resolveComponentResources()&apos;?" type="Error">
Error: Component &apos;SelectComponent&apos; is not resolved:
 - templateUrl: ./select.component.html
 - styleUrl: ./select.component.scss
Did you run and wait for &apos;resolveComponentResources()&apos;?
 ❯ Function.get node_modules/@angular/core/fesm2022/_debug_node-chunk.mjs:17775:17
 ❯ getComponentDef node_modules/@angular/core/fesm2022/testing.mjs:1154:16
 ❯ isStandaloneComponent node_modules/@angular/core/fesm2022/testing.mjs:1150:15
 ❯ queueTypesFromModulesArrayRecur node_modules/@angular/core/fesm2022/testing.mjs:925:20
 ❯ TestBedCompiler.queueTypesFromModulesArray node_modules/@angular/core/fesm2022/testing.mjs:943:5
 ❯ TestBedCompiler.configureTestingModule node_modules/@angular/core/fesm2022/testing.mjs:567:12
 ❯ TestBedImpl.configureTestingModule node_modules/@angular/core/fesm2022/testing.mjs:1402:19
 ❯ Function.configureTestingModule node_modules/@angular/core/fesm2022/testing.mjs:1273:33
 ❯ src/app/shared/components/select/select.component.spec.ts:22:19
            </failure>
        </testcase>
        <testcase classname="src/app/shared/components/select/select.component.spec.ts" name="SelectComponent &gt; Branch Coverage Improvements &gt; should return all options if query is present but searchable is false" time="0.000203672">
            <failure message="Component &apos;SelectComponent&apos; is not resolved:
 - templateUrl: ./select.component.html
 - styleUrl: ./select.component.scss
Did you run and wait for &apos;resolveComponentResources()&apos;?" type="Error">
Error: Component &apos;SelectComponent&apos; is not resolved:
 - templateUrl: ./select.component.html
 - styleUrl: ./select.component.scss
Did you run and wait for &apos;resolveComponentResources()&apos;?
 ❯ Function.get node_modules/@angular/core/fesm2022/_debug_node-chunk.mjs:17775:17
 ❯ getComponentDef node_modules/@angular/core/fesm2022/testing.mjs:1154:16
 ❯ isStandaloneComponent node_modules/@angular/core/fesm2022/testing.mjs:1150:15
 ❯ queueTypesFromModulesArrayRecur node_modules/@angular/core/fesm2022/testing.mjs:925:20
 ❯ TestBedCompiler.queueTypesFromModulesArray node_modules/@angular/core/fesm2022/testing.mjs:943:5
 ❯ TestBedCompiler.configureTestingModule node_modules/@angular/core/fesm2022/testing.mjs:567:12
 ❯ TestBedImpl.configureTestingModule node_modules/@angular/core/fesm2022/testing.mjs:1402:19
 ❯ Function.configureTestingModule node_modules/@angular/core/fesm2022/testing.mjs:1273:33
 ❯ src/app/shared/components/select/select.component.spec.ts:22:19
            </failure>
        </testcase>
        <testcase classname="src/app/shared/components/select/select.component.spec.ts" name="SelectComponent &gt; Branch Coverage Improvements &gt; should open dropdown on ArrowDown if closed" time="0.000204093">
            <failure message="Component &apos;SelectComponent&apos; is not resolved:
 - templateUrl: ./select.component.html
 - styleUrl: ./select.component.scss
Did you run and wait for &apos;resolveComponentResources()&apos;?" type="Error">
Error: Component &apos;SelectComponent&apos; is not resolved:
 - templateUrl: ./select.component.html
 - styleUrl: ./select.component.scss
Did you run and wait for &apos;resolveComponentResources()&apos;?
 ❯ Function.get node_modules/@angular/core/fesm2022/_debug_node-chunk.mjs:17775:17
 ❯ getComponentDef node_modules/@angular/core/fesm2022/testing.mjs:1154:16
 ❯ isStandaloneComponent node_modules/@angular/core/fesm2022/testing.mjs:1150:15
 ❯ queueTypesFromModulesArrayRecur node_modules/@angular/core/fesm2022/testing.mjs:925:20
 ❯ TestBedCompiler.queueTypesFromModulesArray node_modules/@angular/core/fesm2022/testing.mjs:943:5
 ❯ TestBedCompiler.configureTestingModule node_modules/@angular/core/fesm2022/testing.mjs:567:12
 ❯ TestBedImpl.configureTestingModule node_modules/@angular/core/fesm2022/testing.mjs:1402:19
 ❯ Function.configureTestingModule node_modules/@angular/core/fesm2022/testing.mjs:1273:33
 ❯ src/app/shared/components/select/select.component.spec.ts:22:19
            </failure>
        </testcase>
        <testcase classname="src/app/shared/components/select/select.component.spec.ts" name="SelectComponent &gt; Branch Coverage Improvements &gt; should open dropdown on ArrowUp if closed" time="0.000197334">
            <failure message="Component &apos;SelectComponent&apos; is not resolved:
 - templateUrl: ./select.component.html
 - styleUrl: ./select.component.scss
Did you run and wait for &apos;resolveComponentResources()&apos;?" type="Error">
Error: Component &apos;SelectComponent&apos; is not resolved:
 - templateUrl: ./select.component.html
 - styleUrl: ./select.component.scss
Did you run and wait for &apos;resolveComponentResources()&apos;?
 ❯ Function.get node_modules/@angular/core/fesm2022/_debug_node-chunk.mjs:17775:17
 ❯ getComponentDef node_modules/@angular/core/fesm2022/testing.mjs:1154:16
 ❯ isStandaloneComponent node_modules/@angular/core/fesm2022/testing.mjs:1150:15
 ❯ queueTypesFromModulesArrayRecur node_modules/@angular/core/fesm2022/testing.mjs:925:20
 ❯ TestBedCompiler.queueTypesFromModulesArray node_modules/@angular/core/fesm2022/testing.mjs:943:5
 ❯ TestBedCompiler.configureTestingModule node_modules/@angular/core/fesm2022/testing.mjs:567:12
 ❯ TestBedImpl.configureTestingModule node_modules/@angular/core/fesm2022/testing.mjs:1402:19
 ❯ Function.configureTestingModule node_modules/@angular/core/fesm2022/testing.mjs:1273:33
 ❯ src/app/shared/components/select/select.component.spec.ts:22:19
            </failure>
        </testcase>
        <testcase classname="src/app/shared/components/select/select.component.spec.ts" name="SelectComponent &gt; Branch Coverage Improvements &gt; should skip multiple disabled options during navigation" time="0.000269267">
            <failure message="Component &apos;SelectComponent&apos; is not resolved:
 - templateUrl: ./select.component.html
 - styleUrl: ./select.component.scss
Did you run and wait for &apos;resolveComponentResources()&apos;?" type="Error">
Error: Component &apos;SelectComponent&apos; is not resolved:
 - templateUrl: ./select.component.html
 - styleUrl: ./select.component.scss
Did you run and wait for &apos;resolveComponentResources()&apos;?
 ❯ Function.get node_modules/@angular/core/fesm2022/_debug_node-chunk.mjs:17775:17
 ❯ getComponentDef node_modules/@angular/core/fesm2022/testing.mjs:1154:16
 ❯ isStandaloneComponent node_modules/@angular/core/fesm2022/testing.mjs:1150:15
 ❯ queueTypesFromModulesArrayRecur node_modules/@angular/core/fesm2022/testing.mjs:925:20
 ❯ TestBedCompiler.queueTypesFromModulesArray node_modules/@angular/core/fesm2022/testing.mjs:943:5
 ❯ TestBedCompiler.configureTestingModule node_modules/@angular/core/fesm2022/testing.mjs:567:12
 ❯ TestBedImpl.configureTestingModule node_modules/@angular/core/fesm2022/testing.mjs:1402:19
 ❯ Function.configureTestingModule node_modules/@angular/core/fesm2022/testing.mjs:1273:33
 ❯ src/app/shared/components/select/select.component.spec.ts:22:19
            </failure>
        </testcase>
        <testcase classname="src/app/shared/components/select/select.component.spec.ts" name="SelectComponent &gt; Branch Coverage Improvements &gt; should stop at last enabled option if all following are disabled" time="0.000353387">
            <failure message="Component &apos;SelectComponent&apos; is not resolved:
 - templateUrl: ./select.component.html
 - styleUrl: ./select.component.scss
Did you run and wait for &apos;resolveComponentResources()&apos;?" type="Error">
Error: Component &apos;SelectComponent&apos; is not resolved:
 - templateUrl: ./select.component.html
 - styleUrl: ./select.component.scss
Did you run and wait for &apos;resolveComponentResources()&apos;?
 ❯ Function.get node_modules/@angular/core/fesm2022/_debug_node-chunk.mjs:17775:17
 ❯ getComponentDef node_modules/@angular/core/fesm2022/testing.mjs:1154:16
 ❯ isStandaloneComponent node_modules/@angular/core/fesm2022/testing.mjs:1150:15
 ❯ queueTypesFromModulesArrayRecur node_modules/@angular/core/fesm2022/testing.mjs:925:20
 ❯ TestBedCompiler.queueTypesFromModulesArray node_modules/@angular/core/fesm2022/testing.mjs:943:5
 ❯ TestBedCompiler.configureTestingModule node_modules/@angular/core/fesm2022/testing.mjs:567:12
 ❯ TestBedImpl.configureTestingModule node_modules/@angular/core/fesm2022/testing.mjs:1402:19
 ❯ Function.configureTestingModule node_modules/@angular/core/fesm2022/testing.mjs:1273:33
 ❯ src/app/shared/components/select/select.component.spec.ts:22:19
            </failure>
        </testcase>
        <testcase classname="src/app/shared/components/select/select.component.spec.ts" name="SelectComponent &gt; Branch Coverage Improvements &gt; should combine helperTextId and ariaDescribedBy" time="0.000299093">
            <failure message="Component &apos;SelectComponent&apos; is not resolved:
 - templateUrl: ./select.component.html
 - styleUrl: ./select.component.scss
Did you run and wait for &apos;resolveComponentResources()&apos;?" type="Error">
Error: Component &apos;SelectComponent&apos; is not resolved:
 - templateUrl: ./select.component.html
 - styleUrl: ./select.component.scss
Did you run and wait for &apos;resolveComponentResources()&apos;?
 ❯ Function.get node_modules/@angular/core/fesm2022/_debug_node-chunk.mjs:17775:17
 ❯ getComponentDef node_modules/@angular/core/fesm2022/testing.mjs:1154:16
 ❯ isStandaloneComponent node_modules/@angular/core/fesm2022/testing.mjs:1150:15
 ❯ queueTypesFromModulesArrayRecur node_modules/@angular/core/fesm2022/testing.mjs:925:20
 ❯ TestBedCompiler.queueTypesFromModulesArray node_modules/@angular/core/fesm2022/testing.mjs:943:5
 ❯ TestBedCompiler.configureTestingModule node_modules/@angular/core/fesm2022/testing.mjs:567:12
 ❯ TestBedImpl.configureTestingModule node_modules/@angular/core/fesm2022/testing.mjs:1402:19
 ❯ Function.configureTestingModule node_modules/@angular/core/fesm2022/testing.mjs:1273:33
 ❯ src/app/shared/components/select/select.component.spec.ts:22:19
            </failure>
        </testcase>
        <testcase classname="src/app/shared/components/select/select.component.spec.ts" name="SelectComponent &gt; Branch Coverage Improvements &gt; should not do anything when closing closed dropdown" time="0.00022844">
            <failure message="Component &apos;SelectComponent&apos; is not resolved:
 - templateUrl: ./select.component.html
 - styleUrl: ./select.component.scss
Did you run and wait for &apos;resolveComponentResources()&apos;?" type="Error">
Error: Component &apos;SelectComponent&apos; is not resolved:
 - templateUrl: ./select.component.html
 - styleUrl: ./select.component.scss
Did you run and wait for &apos;resolveComponentResources()&apos;?
 ❯ Function.get node_modules/@angular/core/fesm2022/_debug_node-chunk.mjs:17775:17
 ❯ getComponentDef node_modules/@angular/core/fesm2022/testing.mjs:1154:16
 ❯ isStandaloneComponent node_modules/@angular/core/fesm2022/testing.mjs:1150:15
 ❯ queueTypesFromModulesArrayRecur node_modules/@angular/core/fesm2022/testing.mjs:925:20
 ❯ TestBedCompiler.queueTypesFromModulesArray node_modules/@angular/core/fesm2022/testing.mjs:943:5
 ❯ TestBedCompiler.configureTestingModule node_modules/@angular/core/fesm2022/testing.mjs:567:12
 ❯ TestBedImpl.configureTestingModule node_modules/@angular/core/fesm2022/testing.mjs:1402:19
 ❯ Function.configureTestingModule node_modules/@angular/core/fesm2022/testing.mjs:1273:33
 ❯ src/app/shared/components/select/select.component.spec.ts:22:19
            </failure>
        </testcase>
        <testcase classname="src/app/shared/components/select/select.component.spec.ts" name="SelectComponent &gt; Branch Coverage Improvements &gt; should focus search input when opening in searchable mode" time="0.000214426">
            <failure message="Component &apos;SelectComponent&apos; is not resolved:
 - templateUrl: ./select.component.html
 - styleUrl: ./select.component.scss
Did you run and wait for &apos;resolveComponentResources()&apos;?" type="Error">
Error: Component &apos;SelectComponent&apos; is not resolved:
 - templateUrl: ./select.component.html
 - styleUrl: ./select.component.scss
Did you run and wait for &apos;resolveComponentResources()&apos;?
 ❯ Function.get node_modules/@angular/core/fesm2022/_debug_node-chunk.mjs:17775:17
 ❯ getComponentDef node_modules/@angular/core/fesm2022/testing.mjs:1154:16
 ❯ isStandaloneComponent node_modules/@angular/core/fesm2022/testing.mjs:1150:15
 ❯ queueTypesFromModulesArrayRecur node_modules/@angular/core/fesm2022/testing.mjs:925:20
 ❯ TestBedCompiler.queueTypesFromModulesArray node_modules/@angular/core/fesm2022/testing.mjs:943:5
 ❯ TestBedCompiler.configureTestingModule node_modules/@angular/core/fesm2022/testing.mjs:567:12
 ❯ TestBedImpl.configureTestingModule node_modules/@angular/core/fesm2022/testing.mjs:1402:19
 ❯ Function.configureTestingModule node_modules/@angular/core/fesm2022/testing.mjs:1273:33
 ❯ src/app/shared/components/select/select.component.spec.ts:22:19
            </failure>
        </testcase>
    </testsuite>
</testsuites>
