<?xml version="1.0" encoding="UTF-8" ?>
<testsuites name="vitest tests" tests="5" failures="5" errors="0" time="0.020535372">
    <testsuite name="src/app/features/contact/contact.component.spec.ts" timestamp="2025-12-28T17:25:10.857Z" hostname="jay-MS-7971" tests="5" failures="5" errors="0" skipped="0" time="0.020535372">
        <testcase classname="src/app/features/contact/contact.component.spec.ts" name="ContactComponent &gt; should create" time="0.010581078">
            <failure message="Component &apos;ContactComponent&apos; is not resolved:
 - templateUrl: ./contact.component.html
 - styleUrl: ./contact.component.scss
Did you run and wait for &apos;resolveComponentResources()&apos;?" type="Error">
Error: Component &apos;ContactComponent&apos; is not resolved:
 - templateUrl: ./contact.component.html
 - styleUrl: ./contact.component.scss
Did you run and wait for &apos;resolveComponentResources()&apos;?
 ❯ Function.get node_modules/@angular/core/fesm2022/_debug_node-chunk.mjs:17775:17
 ❯ getComponentDef node_modules/@angular/core/fesm2022/testing.mjs:1154:16
 ❯ isStandaloneComponent node_modules/@angular/core/fesm2022/testing.mjs:1150:15
 ❯ queueTypesFromModulesArrayRecur node_modules/@angular/core/fesm2022/testing.mjs:925:20
 ❯ TestBedCompiler.queueTypesFromModulesArray node_modules/@angular/core/fesm2022/testing.mjs:943:5
 ❯ TestBedCompiler.configureTestingModule node_modules/@angular/core/fesm2022/testing.mjs:567:12
 ❯ TestBedImpl.configureTestingModule node_modules/@angular/core/fesm2022/testing.mjs:1402:19
 ❯ Function.configureTestingModule node_modules/@angular/core/fesm2022/testing.mjs:1273:33
 ❯ src/app/features/contact/contact.component.spec.ts:164:23
            </failure>
        </testcase>
        <testcase classname="src/app/features/contact/contact.component.spec.ts" name="ContactComponent &gt; should initialize with invalid form" time="0.00114256">
            <failure message="Component &apos;ContactComponent&apos; is not resolved:
 - templateUrl: ./contact.component.html
 - styleUrl: ./contact.component.scss
Did you run and wait for &apos;resolveComponentResources()&apos;?" type="Error">
Error: Component &apos;ContactComponent&apos; is not resolved:
 - templateUrl: ./contact.component.html
 - styleUrl: ./contact.component.scss
Did you run and wait for &apos;resolveComponentResources()&apos;?
 ❯ Function.get node_modules/@angular/core/fesm2022/_debug_node-chunk.mjs:17775:17
 ❯ getComponentDef node_modules/@angular/core/fesm2022/testing.mjs:1154:16
 ❯ isStandaloneComponent node_modules/@angular/core/fesm2022/testing.mjs:1150:15
 ❯ queueTypesFromModulesArrayRecur node_modules/@angular/core/fesm2022/testing.mjs:925:20
 ❯ TestBedCompiler.queueTypesFromModulesArray node_modules/@angular/core/fesm2022/testing.mjs:943:5
 ❯ TestBedCompiler.configureTestingModule node_modules/@angular/core/fesm2022/testing.mjs:567:12
 ❯ TestBedImpl.configureTestingModule node_modules/@angular/core/fesm2022/testing.mjs:1402:19
 ❯ Function.configureTestingModule node_modules/@angular/core/fesm2022/testing.mjs:1273:33
 ❯ src/app/features/contact/contact.component.spec.ts:164:23
            </failure>
        </testcase>
        <testcase classname="src/app/features/contact/contact.component.spec.ts" name="ContactComponent &gt; should submit valid form" time="0.001021372">
            <failure message="Component &apos;ContactComponent&apos; is not resolved:
 - templateUrl: ./contact.component.html
 - styleUrl: ./contact.component.scss
Did you run and wait for &apos;resolveComponentResources()&apos;?" type="Error">
Error: Component &apos;ContactComponent&apos; is not resolved:
 - templateUrl: ./contact.component.html
 - styleUrl: ./contact.component.scss
Did you run and wait for &apos;resolveComponentResources()&apos;?
 ❯ Function.get node_modules/@angular/core/fesm2022/_debug_node-chunk.mjs:17775:17
 ❯ getComponentDef node_modules/@angular/core/fesm2022/testing.mjs:1154:16
 ❯ isStandaloneComponent node_modules/@angular/core/fesm2022/testing.mjs:1150:15
 ❯ queueTypesFromModulesArrayRecur node_modules/@angular/core/fesm2022/testing.mjs:925:20
 ❯ TestBedCompiler.queueTypesFromModulesArray node_modules/@angular/core/fesm2022/testing.mjs:943:5
 ❯ TestBedCompiler.configureTestingModule node_modules/@angular/core/fesm2022/testing.mjs:567:12
 ❯ TestBedImpl.configureTestingModule node_modules/@angular/core/fesm2022/testing.mjs:1402:19
 ❯ Function.configureTestingModule node_modules/@angular/core/fesm2022/testing.mjs:1273:33
 ❯ src/app/features/contact/contact.component.spec.ts:164:23
            </failure>
        </testcase>
        <testcase classname="src/app/features/contact/contact.component.spec.ts" name="ContactComponent &gt; should handle submission error" time="0.000762001">
            <failure message="Component &apos;ContactComponent&apos; is not resolved:
 - templateUrl: ./contact.component.html
 - styleUrl: ./contact.component.scss
Did you run and wait for &apos;resolveComponentResources()&apos;?" type="Error">
Error: Component &apos;ContactComponent&apos; is not resolved:
 - templateUrl: ./contact.component.html
 - styleUrl: ./contact.component.scss
Did you run and wait for &apos;resolveComponentResources()&apos;?
 ❯ Function.get node_modules/@angular/core/fesm2022/_debug_node-chunk.mjs:17775:17
 ❯ getComponentDef node_modules/@angular/core/fesm2022/testing.mjs:1154:16
 ❯ isStandaloneComponent node_modules/@angular/core/fesm2022/testing.mjs:1150:15
 ❯ queueTypesFromModulesArrayRecur node_modules/@angular/core/fesm2022/testing.mjs:925:20
 ❯ TestBedCompiler.queueTypesFromModulesArray node_modules/@angular/core/fesm2022/testing.mjs:943:5
 ❯ TestBedCompiler.configureTestingModule node_modules/@angular/core/fesm2022/testing.mjs:567:12
 ❯ TestBedImpl.configureTestingModule node_modules/@angular/core/fesm2022/testing.mjs:1402:19
 ❯ Function.configureTestingModule node_modules/@angular/core/fesm2022/testing.mjs:1273:33
 ❯ src/app/features/contact/contact.component.spec.ts:164:23
            </failure>
        </testcase>
        <testcase classname="src/app/features/contact/contact.component.spec.ts" name="ContactComponent &gt; should not submit if disabled by cooldown" time="0.000588114">
            <failure message="Component &apos;ContactComponent&apos; is not resolved:
 - templateUrl: ./contact.component.html
 - styleUrl: ./contact.component.scss
Did you run and wait for &apos;resolveComponentResources()&apos;?" type="Error">
Error: Component &apos;ContactComponent&apos; is not resolved:
 - templateUrl: ./contact.component.html
 - styleUrl: ./contact.component.scss
Did you run and wait for &apos;resolveComponentResources()&apos;?
 ❯ Function.get node_modules/@angular/core/fesm2022/_debug_node-chunk.mjs:17775:17
 ❯ getComponentDef node_modules/@angular/core/fesm2022/testing.mjs:1154:16
 ❯ isStandaloneComponent node_modules/@angular/core/fesm2022/testing.mjs:1150:15
 ❯ queueTypesFromModulesArrayRecur node_modules/@angular/core/fesm2022/testing.mjs:925:20
 ❯ TestBedCompiler.queueTypesFromModulesArray node_modules/@angular/core/fesm2022/testing.mjs:943:5
 ❯ TestBedCompiler.configureTestingModule node_modules/@angular/core/fesm2022/testing.mjs:567:12
 ❯ TestBedImpl.configureTestingModule node_modules/@angular/core/fesm2022/testing.mjs:1402:19
 ❯ Function.configureTestingModule node_modules/@angular/core/fesm2022/testing.mjs:1273:33
 ❯ src/app/features/contact/contact.component.spec.ts:164:23
            </failure>
        </testcase>
    </testsuite>
</testsuites>
