<?xml version="1.0" encoding="UTF-8" ?>
<testsuites name="vitest tests" tests="7" failures="7" errors="0" time="0.009916783">
    <testsuite name="src/app/shared/components/donut-chart/donut-chart.component.spec.ts" timestamp="2026-01-23T22:17:33.033Z" hostname="jay-MS-7971" tests="7" failures="7" errors="0" skipped="0" time="0.009916783">
        <testcase classname="src/app/shared/components/donut-chart/donut-chart.component.spec.ts" name="DonutChartComponent &gt; should create" time="0.005685628">
            <failure message="Component &apos;DonutChartComponent&apos; is not resolved:
 - templateUrl: ./donut-chart.component.html
 - styleUrl: ./donut-chart.component.scss
Did you run and wait for &apos;resolveComponentResources()&apos;?" type="Error">
Error: Component &apos;DonutChartComponent&apos; is not resolved:
 - templateUrl: ./donut-chart.component.html
 - styleUrl: ./donut-chart.component.scss
Did you run and wait for &apos;resolveComponentResources()&apos;?
 ❯ Function.get node_modules/@angular/core/fesm2022/_debug_node-chunk.mjs:17807:17
 ❯ getComponentDef node_modules/@angular/core/fesm2022/testing.mjs:1154:16
 ❯ isStandaloneComponent node_modules/@angular/core/fesm2022/testing.mjs:1150:15
 ❯ queueTypesFromModulesArrayRecur node_modules/@angular/core/fesm2022/testing.mjs:925:20
 ❯ TestBedCompiler.queueTypesFromModulesArray node_modules/@angular/core/fesm2022/testing.mjs:943:5
 ❯ TestBedCompiler.configureTestingModule node_modules/@angular/core/fesm2022/testing.mjs:567:12
 ❯ TestBedImpl.configureTestingModule node_modules/@angular/core/fesm2022/testing.mjs:1402:19
 ❯ Function.configureTestingModule node_modules/@angular/core/fesm2022/testing.mjs:1273:33
 ❯ src/app/shared/components/donut-chart/donut-chart.component.spec.ts:15:23
            </failure>
        </testcase>
        <testcase classname="src/app/shared/components/donut-chart/donut-chart.component.spec.ts" name="DonutChartComponent &gt; should compute percentage correctly" time="0.000759601">
            <failure message="Component &apos;DonutChartComponent&apos; is not resolved:
 - templateUrl: ./donut-chart.component.html
 - styleUrl: ./donut-chart.component.scss
Did you run and wait for &apos;resolveComponentResources()&apos;?" type="Error">
Error: Component &apos;DonutChartComponent&apos; is not resolved:
 - templateUrl: ./donut-chart.component.html
 - styleUrl: ./donut-chart.component.scss
Did you run and wait for &apos;resolveComponentResources()&apos;?
 ❯ Function.get node_modules/@angular/core/fesm2022/_debug_node-chunk.mjs:17807:17
 ❯ getComponentDef node_modules/@angular/core/fesm2022/testing.mjs:1154:16
 ❯ isStandaloneComponent node_modules/@angular/core/fesm2022/testing.mjs:1150:15
 ❯ queueTypesFromModulesArrayRecur node_modules/@angular/core/fesm2022/testing.mjs:925:20
 ❯ TestBedCompiler.queueTypesFromModulesArray node_modules/@angular/core/fesm2022/testing.mjs:943:5
 ❯ TestBedCompiler.configureTestingModule node_modules/@angular/core/fesm2022/testing.mjs:567:12
 ❯ TestBedImpl.configureTestingModule node_modules/@angular/core/fesm2022/testing.mjs:1402:19
 ❯ Function.configureTestingModule node_modules/@angular/core/fesm2022/testing.mjs:1273:33
 ❯ src/app/shared/components/donut-chart/donut-chart.component.spec.ts:15:23
            </failure>
        </testcase>
        <testcase classname="src/app/shared/components/donut-chart/donut-chart.component.spec.ts" name="DonutChartComponent &gt; should cap percentage at 100" time="0.000418382">
            <failure message="Component &apos;DonutChartComponent&apos; is not resolved:
 - templateUrl: ./donut-chart.component.html
 - styleUrl: ./donut-chart.component.scss
Did you run and wait for &apos;resolveComponentResources()&apos;?" type="Error">
Error: Component &apos;DonutChartComponent&apos; is not resolved:
 - templateUrl: ./donut-chart.component.html
 - styleUrl: ./donut-chart.component.scss
Did you run and wait for &apos;resolveComponentResources()&apos;?
 ❯ Function.get node_modules/@angular/core/fesm2022/_debug_node-chunk.mjs:17807:17
 ❯ getComponentDef node_modules/@angular/core/fesm2022/testing.mjs:1154:16
 ❯ isStandaloneComponent node_modules/@angular/core/fesm2022/testing.mjs:1150:15
 ❯ queueTypesFromModulesArrayRecur node_modules/@angular/core/fesm2022/testing.mjs:925:20
 ❯ TestBedCompiler.queueTypesFromModulesArray node_modules/@angular/core/fesm2022/testing.mjs:943:5
 ❯ TestBedCompiler.configureTestingModule node_modules/@angular/core/fesm2022/testing.mjs:567:12
 ❯ TestBedImpl.configureTestingModule node_modules/@angular/core/fesm2022/testing.mjs:1402:19
 ❯ Function.configureTestingModule node_modules/@angular/core/fesm2022/testing.mjs:1273:33
 ❯ src/app/shared/components/donut-chart/donut-chart.component.spec.ts:15:23
            </failure>
        </testcase>
        <testcase classname="src/app/shared/components/donut-chart/donut-chart.component.spec.ts" name="DonutChartComponent &gt; should cap percentage at 0" time="0.000476489">
            <failure message="Component &apos;DonutChartComponent&apos; is not resolved:
 - templateUrl: ./donut-chart.component.html
 - styleUrl: ./donut-chart.component.scss
Did you run and wait for &apos;resolveComponentResources()&apos;?" type="Error">
Error: Component &apos;DonutChartComponent&apos; is not resolved:
 - templateUrl: ./donut-chart.component.html
 - styleUrl: ./donut-chart.component.scss
Did you run and wait for &apos;resolveComponentResources()&apos;?
 ❯ Function.get node_modules/@angular/core/fesm2022/_debug_node-chunk.mjs:17807:17
 ❯ getComponentDef node_modules/@angular/core/fesm2022/testing.mjs:1154:16
 ❯ isStandaloneComponent node_modules/@angular/core/fesm2022/testing.mjs:1150:15
 ❯ queueTypesFromModulesArrayRecur node_modules/@angular/core/fesm2022/testing.mjs:925:20
 ❯ TestBedCompiler.queueTypesFromModulesArray node_modules/@angular/core/fesm2022/testing.mjs:943:5
 ❯ TestBedCompiler.configureTestingModule node_modules/@angular/core/fesm2022/testing.mjs:567:12
 ❯ TestBedImpl.configureTestingModule node_modules/@angular/core/fesm2022/testing.mjs:1402:19
 ❯ Function.configureTestingModule node_modules/@angular/core/fesm2022/testing.mjs:1273:33
 ❯ src/app/shared/components/donut-chart/donut-chart.component.spec.ts:15:23
            </failure>
        </testcase>
        <testcase classname="src/app/shared/components/donut-chart/donut-chart.component.spec.ts" name="DonutChartComponent &gt; should generate correct chart style" time="0.00037474">
            <failure message="Component &apos;DonutChartComponent&apos; is not resolved:
 - templateUrl: ./donut-chart.component.html
 - styleUrl: ./donut-chart.component.scss
Did you run and wait for &apos;resolveComponentResources()&apos;?" type="Error">
Error: Component &apos;DonutChartComponent&apos; is not resolved:
 - templateUrl: ./donut-chart.component.html
 - styleUrl: ./donut-chart.component.scss
Did you run and wait for &apos;resolveComponentResources()&apos;?
 ❯ Function.get node_modules/@angular/core/fesm2022/_debug_node-chunk.mjs:17807:17
 ❯ getComponentDef node_modules/@angular/core/fesm2022/testing.mjs:1154:16
 ❯ isStandaloneComponent node_modules/@angular/core/fesm2022/testing.mjs:1150:15
 ❯ queueTypesFromModulesArrayRecur node_modules/@angular/core/fesm2022/testing.mjs:925:20
 ❯ TestBedCompiler.queueTypesFromModulesArray node_modules/@angular/core/fesm2022/testing.mjs:943:5
 ❯ TestBedCompiler.configureTestingModule node_modules/@angular/core/fesm2022/testing.mjs:567:12
 ❯ TestBedImpl.configureTestingModule node_modules/@angular/core/fesm2022/testing.mjs:1402:19
 ❯ Function.configureTestingModule node_modules/@angular/core/fesm2022/testing.mjs:1273:33
 ❯ src/app/shared/components/donut-chart/donut-chart.component.spec.ts:15:23
            </failure>
        </testcase>
        <testcase classname="src/app/shared/components/donut-chart/donut-chart.component.spec.ts" name="DonutChartComponent &gt; should apply variant class" time="0.000319109">
            <failure message="Component &apos;DonutChartComponent&apos; is not resolved:
 - templateUrl: ./donut-chart.component.html
 - styleUrl: ./donut-chart.component.scss
Did you run and wait for &apos;resolveComponentResources()&apos;?" type="Error">
Error: Component &apos;DonutChartComponent&apos; is not resolved:
 - templateUrl: ./donut-chart.component.html
 - styleUrl: ./donut-chart.component.scss
Did you run and wait for &apos;resolveComponentResources()&apos;?
 ❯ Function.get node_modules/@angular/core/fesm2022/_debug_node-chunk.mjs:17807:17
 ❯ getComponentDef node_modules/@angular/core/fesm2022/testing.mjs:1154:16
 ❯ isStandaloneComponent node_modules/@angular/core/fesm2022/testing.mjs:1150:15
 ❯ queueTypesFromModulesArrayRecur node_modules/@angular/core/fesm2022/testing.mjs:925:20
 ❯ TestBedCompiler.queueTypesFromModulesArray node_modules/@angular/core/fesm2022/testing.mjs:943:5
 ❯ TestBedCompiler.configureTestingModule node_modules/@angular/core/fesm2022/testing.mjs:567:12
 ❯ TestBedImpl.configureTestingModule node_modules/@angular/core/fesm2022/testing.mjs:1402:19
 ❯ Function.configureTestingModule node_modules/@angular/core/fesm2022/testing.mjs:1273:33
 ❯ src/app/shared/components/donut-chart/donut-chart.component.spec.ts:15:23
            </failure>
        </testcase>
        <testcase classname="src/app/shared/components/donut-chart/donut-chart.component.spec.ts" name="DonutChartComponent &gt; should apply size class" time="0.000334676">
            <failure message="Component &apos;DonutChartComponent&apos; is not resolved:
 - templateUrl: ./donut-chart.component.html
 - styleUrl: ./donut-chart.component.scss
Did you run and wait for &apos;resolveComponentResources()&apos;?" type="Error">
Error: Component &apos;DonutChartComponent&apos; is not resolved:
 - templateUrl: ./donut-chart.component.html
 - styleUrl: ./donut-chart.component.scss
Did you run and wait for &apos;resolveComponentResources()&apos;?
 ❯ Function.get node_modules/@angular/core/fesm2022/_debug_node-chunk.mjs:17807:17
 ❯ getComponentDef node_modules/@angular/core/fesm2022/testing.mjs:1154:16
 ❯ isStandaloneComponent node_modules/@angular/core/fesm2022/testing.mjs:1150:15
 ❯ queueTypesFromModulesArrayRecur node_modules/@angular/core/fesm2022/testing.mjs:925:20
 ❯ TestBedCompiler.queueTypesFromModulesArray node_modules/@angular/core/fesm2022/testing.mjs:943:5
 ❯ TestBedCompiler.configureTestingModule node_modules/@angular/core/fesm2022/testing.mjs:567:12
 ❯ TestBedImpl.configureTestingModule node_modules/@angular/core/fesm2022/testing.mjs:1402:19
 ❯ Function.configureTestingModule node_modules/@angular/core/fesm2022/testing.mjs:1273:33
 ❯ src/app/shared/components/donut-chart/donut-chart.component.spec.ts:15:23
            </failure>
        </testcase>
    </testsuite>
</testsuites>
