<?xml version="1.0" encoding="UTF-8" ?>
<testsuites name="vitest tests" tests="74" failures="74" errors="0" time="0.037126581">
    <testsuite name="src/app/shared/components/select/select.component.spec.ts" timestamp="2025-12-30T22:04:00.602Z" hostname="jay-MS-7971" tests="74" failures="74" errors="0" skipped="0" time="0.037126581">
        <testcase classname="src/app/shared/components/select/select.component.spec.ts" name="SelectComponent &gt; Component Initialization &gt; should create" time="0.006017274">
            <failure message="Need to call TestBed.initTestEnvironment() first" type="Error">
Error: Need to call TestBed.initTestEnvironment() first
 ❯ TestBedImpl.get compiler [as compiler] node_modules/@angular/core/fesm2022/testing.mjs:1486:13
 ❯ TestBedImpl.configureTestingModule node_modules/@angular/core/fesm2022/testing.mjs:1402:10
 ❯ Function.configureTestingModule node_modules/@angular/core/fesm2022/testing.mjs:1273:33
 ❯ src/app/shared/components/select/select.component.spec.ts:22:19
            </failure>
        </testcase>
        <testcase classname="src/app/shared/components/select/select.component.spec.ts" name="SelectComponent &gt; Component Initialization &gt; should have default values" time="0.002506649">
            <failure message="Component &apos;SelectComponent&apos; is not resolved:
 - templateUrl: ./select.component.html
 - styleUrl: ./select.component.scss
Did you run and wait for &apos;resolveComponentResources()&apos;?" type="Error">
Error: Component &apos;SelectComponent&apos; is not resolved:
 - templateUrl: ./select.component.html
 - styleUrl: ./select.component.scss
Did you run and wait for &apos;resolveComponentResources()&apos;?
 ❯ Function.get node_modules/@angular/core/fesm2022/_debug_node-chunk.mjs:17775:17
 ❯ getComponentDef node_modules/@angular/core/fesm2022/testing.mjs:1154:16
 ❯ isStandaloneComponent node_modules/@angular/core/fesm2022/testing.mjs:1150:15
 ❯ queueTypesFromModulesArrayRecur node_modules/@angular/core/fesm2022/testing.mjs:925:20
 ❯ TestBedCompiler.queueTypesFromModulesArray node_modules/@angular/core/fesm2022/testing.mjs:943:5
 ❯ TestBedCompiler.configureTestingModule node_modules/@angular/core/fesm2022/testing.mjs:567:12
 ❯ TestBedImpl.configureTestingModule node_modules/@angular/core/fesm2022/testing.mjs:1402:19
 ❯ Function.configureTestingModule node_modules/@angular/core/fesm2022/testing.mjs:1273:33
 ❯ src/app/shared/components/select/select.component.spec.ts:22:19
            </failure>
        </testcase>
        <testcase classname="src/app/shared/components/select/select.component.spec.ts" name="SelectComponent &gt; Component Initialization &gt; should accept custom input values" time="0.000497326">
            <failure message="Component &apos;SelectComponent&apos; is not resolved:
 - templateUrl: ./select.component.html
 - styleUrl: ./select.component.scss
Did you run and wait for &apos;resolveComponentResources()&apos;?" type="Error">
Error: Component &apos;SelectComponent&apos; is not resolved:
 - templateUrl: ./select.component.html
 - styleUrl: ./select.component.scss
Did you run and wait for &apos;resolveComponentResources()&apos;?
 ❯ Function.get node_modules/@angular/core/fesm2022/_debug_node-chunk.mjs:17775:17
 ❯ getComponentDef node_modules/@angular/core/fesm2022/testing.mjs:1154:16
 ❯ isStandaloneComponent node_modules/@angular/core/fesm2022/testing.mjs:1150:15
 ❯ queueTypesFromModulesArrayRecur node_modules/@angular/core/fesm2022/testing.mjs:925:20
 ❯ TestBedCompiler.queueTypesFromModulesArray node_modules/@angular/core/fesm2022/testing.mjs:943:5
 ❯ TestBedCompiler.configureTestingModule node_modules/@angular/core/fesm2022/testing.mjs:567:12
 ❯ TestBedImpl.configureTestingModule node_modules/@angular/core/fesm2022/testing.mjs:1402:19
 ❯ Function.configureTestingModule node_modules/@angular/core/fesm2022/testing.mjs:1273:33
 ❯ src/app/shared/components/select/select.component.spec.ts:22:19
            </failure>
        </testcase>
        <testcase classname="src/app/shared/components/select/select.component.spec.ts" name="SelectComponent &gt; Display Text &gt; should show placeholder when no value is selected" time="0.000419302">
            <failure message="Component &apos;SelectComponent&apos; is not resolved:
 - templateUrl: ./select.component.html
 - styleUrl: ./select.component.scss
Did you run and wait for &apos;resolveComponentResources()&apos;?" type="Error">
Error: Component &apos;SelectComponent&apos; is not resolved:
 - templateUrl: ./select.component.html
 - styleUrl: ./select.component.scss
Did you run and wait for &apos;resolveComponentResources()&apos;?
 ❯ Function.get node_modules/@angular/core/fesm2022/_debug_node-chunk.mjs:17775:17
 ❯ getComponentDef node_modules/@angular/core/fesm2022/testing.mjs:1154:16
 ❯ isStandaloneComponent node_modules/@angular/core/fesm2022/testing.mjs:1150:15
 ❯ queueTypesFromModulesArrayRecur node_modules/@angular/core/fesm2022/testing.mjs:925:20
 ❯ TestBedCompiler.queueTypesFromModulesArray node_modules/@angular/core/fesm2022/testing.mjs:943:5
 ❯ TestBedCompiler.configureTestingModule node_modules/@angular/core/fesm2022/testing.mjs:567:12
 ❯ TestBedImpl.configureTestingModule node_modules/@angular/core/fesm2022/testing.mjs:1402:19
 ❯ Function.configureTestingModule node_modules/@angular/core/fesm2022/testing.mjs:1273:33
 ❯ src/app/shared/components/select/select.component.spec.ts:22:19
            </failure>
        </testcase>
        <testcase classname="src/app/shared/components/select/select.component.spec.ts" name="SelectComponent &gt; Display Text &gt; should show selected option label" time="0.000383025">
            <failure message="Component &apos;SelectComponent&apos; is not resolved:
 - templateUrl: ./select.component.html
 - styleUrl: ./select.component.scss
Did you run and wait for &apos;resolveComponentResources()&apos;?" type="Error">
Error: Component &apos;SelectComponent&apos; is not resolved:
 - templateUrl: ./select.component.html
 - styleUrl: ./select.component.scss
Did you run and wait for &apos;resolveComponentResources()&apos;?
 ❯ Function.get node_modules/@angular/core/fesm2022/_debug_node-chunk.mjs:17775:17
 ❯ getComponentDef node_modules/@angular/core/fesm2022/testing.mjs:1154:16
 ❯ isStandaloneComponent node_modules/@angular/core/fesm2022/testing.mjs:1150:15
 ❯ queueTypesFromModulesArrayRecur node_modules/@angular/core/fesm2022/testing.mjs:925:20
 ❯ TestBedCompiler.queueTypesFromModulesArray node_modules/@angular/core/fesm2022/testing.mjs:943:5
 ❯ TestBedCompiler.configureTestingModule node_modules/@angular/core/fesm2022/testing.mjs:567:12
 ❯ TestBedImpl.configureTestingModule node_modules/@angular/core/fesm2022/testing.mjs:1402:19
 ❯ Function.configureTestingModule node_modules/@angular/core/fesm2022/testing.mjs:1273:33
 ❯ src/app/shared/components/select/select.component.spec.ts:22:19
            </failure>
        </testcase>
        <testcase classname="src/app/shared/components/select/select.component.spec.ts" name="SelectComponent &gt; Display Text &gt; should show multiple selected options in multiple mode" time="0.000376061">
            <failure message="Component &apos;SelectComponent&apos; is not resolved:
 - templateUrl: ./select.component.html
 - styleUrl: ./select.component.scss
Did you run and wait for &apos;resolveComponentResources()&apos;?" type="Error">
Error: Component &apos;SelectComponent&apos; is not resolved:
 - templateUrl: ./select.component.html
 - styleUrl: ./select.component.scss
Did you run and wait for &apos;resolveComponentResources()&apos;?
 ❯ Function.get node_modules/@angular/core/fesm2022/_debug_node-chunk.mjs:17775:17
 ❯ getComponentDef node_modules/@angular/core/fesm2022/testing.mjs:1154:16
 ❯ isStandaloneComponent node_modules/@angular/core/fesm2022/testing.mjs:1150:15
 ❯ queueTypesFromModulesArrayRecur node_modules/@angular/core/fesm2022/testing.mjs:925:20
 ❯ TestBedCompiler.queueTypesFromModulesArray node_modules/@angular/core/fesm2022/testing.mjs:943:5
 ❯ TestBedCompiler.configureTestingModule node_modules/@angular/core/fesm2022/testing.mjs:567:12
 ❯ TestBedImpl.configureTestingModule node_modules/@angular/core/fesm2022/testing.mjs:1402:19
 ❯ Function.configureTestingModule node_modules/@angular/core/fesm2022/testing.mjs:1273:33
 ❯ src/app/shared/components/select/select.component.spec.ts:22:19
            </failure>
        </testcase>
        <testcase classname="src/app/shared/components/select/select.component.spec.ts" name="SelectComponent &gt; Display Text &gt; should show custom placeholder" time="0.000554433">
            <failure message="Component &apos;SelectComponent&apos; is not resolved:
 - templateUrl: ./select.component.html
 - styleUrl: ./select.component.scss
Did you run and wait for &apos;resolveComponentResources()&apos;?" type="Error">
Error: Component &apos;SelectComponent&apos; is not resolved:
 - templateUrl: ./select.component.html
 - styleUrl: ./select.component.scss
Did you run and wait for &apos;resolveComponentResources()&apos;?
 ❯ Function.get node_modules/@angular/core/fesm2022/_debug_node-chunk.mjs:17775:17
 ❯ getComponentDef node_modules/@angular/core/fesm2022/testing.mjs:1154:16
 ❯ isStandaloneComponent node_modules/@angular/core/fesm2022/testing.mjs:1150:15
 ❯ queueTypesFromModulesArrayRecur node_modules/@angular/core/fesm2022/testing.mjs:925:20
 ❯ TestBedCompiler.queueTypesFromModulesArray node_modules/@angular/core/fesm2022/testing.mjs:943:5
 ❯ TestBedCompiler.configureTestingModule node_modules/@angular/core/fesm2022/testing.mjs:567:12
 ❯ TestBedImpl.configureTestingModule node_modules/@angular/core/fesm2022/testing.mjs:1402:19
 ❯ Function.configureTestingModule node_modules/@angular/core/fesm2022/testing.mjs:1273:33
 ❯ src/app/shared/components/select/select.component.spec.ts:22:19
            </failure>
        </testcase>
        <testcase classname="src/app/shared/components/select/select.component.spec.ts" name="SelectComponent &gt; Dropdown Toggle &gt; should toggle dropdown when button is clicked" time="0.000421961">
            <failure message="Component &apos;SelectComponent&apos; is not resolved:
 - templateUrl: ./select.component.html
 - styleUrl: ./select.component.scss
Did you run and wait for &apos;resolveComponentResources()&apos;?" type="Error">
Error: Component &apos;SelectComponent&apos; is not resolved:
 - templateUrl: ./select.component.html
 - styleUrl: ./select.component.scss
Did you run and wait for &apos;resolveComponentResources()&apos;?
 ❯ Function.get node_modules/@angular/core/fesm2022/_debug_node-chunk.mjs:17775:17
 ❯ getComponentDef node_modules/@angular/core/fesm2022/testing.mjs:1154:16
 ❯ isStandaloneComponent node_modules/@angular/core/fesm2022/testing.mjs:1150:15
 ❯ queueTypesFromModulesArrayRecur node_modules/@angular/core/fesm2022/testing.mjs:925:20
 ❯ TestBedCompiler.queueTypesFromModulesArray node_modules/@angular/core/fesm2022/testing.mjs:943:5
 ❯ TestBedCompiler.configureTestingModule node_modules/@angular/core/fesm2022/testing.mjs:567:12
 ❯ TestBedImpl.configureTestingModule node_modules/@angular/core/fesm2022/testing.mjs:1402:19
 ❯ Function.configureTestingModule node_modules/@angular/core/fesm2022/testing.mjs:1273:33
 ❯ src/app/shared/components/select/select.component.spec.ts:22:19
            </failure>
        </testcase>
        <testcase classname="src/app/shared/components/select/select.component.spec.ts" name="SelectComponent &gt; Dropdown Toggle &gt; should not toggle dropdown when disabled" time="0.000469398">
            <failure message="Component &apos;SelectComponent&apos; is not resolved:
 - templateUrl: ./select.component.html
 - styleUrl: ./select.component.scss
Did you run and wait for &apos;resolveComponentResources()&apos;?" type="Error">
Error: Component &apos;SelectComponent&apos; is not resolved:
 - templateUrl: ./select.component.html
 - styleUrl: ./select.component.scss
Did you run and wait for &apos;resolveComponentResources()&apos;?
 ❯ Function.get node_modules/@angular/core/fesm2022/_debug_node-chunk.mjs:17775:17
 ❯ getComponentDef node_modules/@angular/core/fesm2022/testing.mjs:1154:16
 ❯ isStandaloneComponent node_modules/@angular/core/fesm2022/testing.mjs:1150:15
 ❯ queueTypesFromModulesArrayRecur node_modules/@angular/core/fesm2022/testing.mjs:925:20
 ❯ TestBedCompiler.queueTypesFromModulesArray node_modules/@angular/core/fesm2022/testing.mjs:943:5
 ❯ TestBedCompiler.configureTestingModule node_modules/@angular/core/fesm2022/testing.mjs:567:12
 ❯ TestBedImpl.configureTestingModule node_modules/@angular/core/fesm2022/testing.mjs:1402:19
 ❯ Function.configureTestingModule node_modules/@angular/core/fesm2022/testing.mjs:1273:33
 ❯ src/app/shared/components/select/select.component.spec.ts:22:19
            </failure>
        </testcase>
        <testcase classname="src/app/shared/components/select/select.component.spec.ts" name="SelectComponent &gt; Dropdown Toggle &gt; should emit opened event when dropdown opens" time="0.000421492">
            <failure message="Component &apos;SelectComponent&apos; is not resolved:
 - templateUrl: ./select.component.html
 - styleUrl: ./select.component.scss
Did you run and wait for &apos;resolveComponentResources()&apos;?" type="Error">
Error: Component &apos;SelectComponent&apos; is not resolved:
 - templateUrl: ./select.component.html
 - styleUrl: ./select.component.scss
Did you run and wait for &apos;resolveComponentResources()&apos;?
 ❯ Function.get node_modules/@angular/core/fesm2022/_debug_node-chunk.mjs:17775:17
 ❯ getComponentDef node_modules/@angular/core/fesm2022/testing.mjs:1154:16
 ❯ isStandaloneComponent node_modules/@angular/core/fesm2022/testing.mjs:1150:15
 ❯ queueTypesFromModulesArrayRecur node_modules/@angular/core/fesm2022/testing.mjs:925:20
 ❯ TestBedCompiler.queueTypesFromModulesArray node_modules/@angular/core/fesm2022/testing.mjs:943:5
 ❯ TestBedCompiler.configureTestingModule node_modules/@angular/core/fesm2022/testing.mjs:567:12
 ❯ TestBedImpl.configureTestingModule node_modules/@angular/core/fesm2022/testing.mjs:1402:19
 ❯ Function.configureTestingModule node_modules/@angular/core/fesm2022/testing.mjs:1273:33
 ❯ src/app/shared/components/select/select.component.spec.ts:22:19
            </failure>
        </testcase>
        <testcase classname="src/app/shared/components/select/select.component.spec.ts" name="SelectComponent &gt; Dropdown Toggle &gt; should emit closed event when dropdown closes" time="0.000289509">
            <failure message="Component &apos;SelectComponent&apos; is not resolved:
 - templateUrl: ./select.component.html
 - styleUrl: ./select.component.scss
Did you run and wait for &apos;resolveComponentResources()&apos;?" type="Error">
Error: Component &apos;SelectComponent&apos; is not resolved:
 - templateUrl: ./select.component.html
 - styleUrl: ./select.component.scss
Did you run and wait for &apos;resolveComponentResources()&apos;?
 ❯ Function.get node_modules/@angular/core/fesm2022/_debug_node-chunk.mjs:17775:17
 ❯ getComponentDef node_modules/@angular/core/fesm2022/testing.mjs:1154:16
 ❯ isStandaloneComponent node_modules/@angular/core/fesm2022/testing.mjs:1150:15
 ❯ queueTypesFromModulesArrayRecur node_modules/@angular/core/fesm2022/testing.mjs:925:20
 ❯ TestBedCompiler.queueTypesFromModulesArray node_modules/@angular/core/fesm2022/testing.mjs:943:5
 ❯ TestBedCompiler.configureTestingModule node_modules/@angular/core/fesm2022/testing.mjs:567:12
 ❯ TestBedImpl.configureTestingModule node_modules/@angular/core/fesm2022/testing.mjs:1402:19
 ❯ Function.configureTestingModule node_modules/@angular/core/fesm2022/testing.mjs:1273:33
 ❯ src/app/shared/components/select/select.component.spec.ts:22:19
            </failure>
        </testcase>
        <testcase classname="src/app/shared/components/select/select.component.spec.ts" name="SelectComponent &gt; Option Selection &gt; should select an option in single mode" time="0.000438298">
            <failure message="Component &apos;SelectComponent&apos; is not resolved:
 - templateUrl: ./select.component.html
 - styleUrl: ./select.component.scss
Did you run and wait for &apos;resolveComponentResources()&apos;?" type="Error">
Error: Component &apos;SelectComponent&apos; is not resolved:
 - templateUrl: ./select.component.html
 - styleUrl: ./select.component.scss
Did you run and wait for &apos;resolveComponentResources()&apos;?
 ❯ Function.get node_modules/@angular/core/fesm2022/_debug_node-chunk.mjs:17775:17
 ❯ getComponentDef node_modules/@angular/core/fesm2022/testing.mjs:1154:16
 ❯ isStandaloneComponent node_modules/@angular/core/fesm2022/testing.mjs:1150:15
 ❯ queueTypesFromModulesArrayRecur node_modules/@angular/core/fesm2022/testing.mjs:925:20
 ❯ TestBedCompiler.queueTypesFromModulesArray node_modules/@angular/core/fesm2022/testing.mjs:943:5
 ❯ TestBedCompiler.configureTestingModule node_modules/@angular/core/fesm2022/testing.mjs:567:12
 ❯ TestBedImpl.configureTestingModule node_modules/@angular/core/fesm2022/testing.mjs:1402:19
 ❯ Function.configureTestingModule node_modules/@angular/core/fesm2022/testing.mjs:1273:33
 ❯ src/app/shared/components/select/select.component.spec.ts:22:19
            </failure>
        </testcase>
        <testcase classname="src/app/shared/components/select/select.component.spec.ts" name="SelectComponent &gt; Option Selection &gt; should not select disabled options" time="0.000270663">
            <failure message="Component &apos;SelectComponent&apos; is not resolved:
 - templateUrl: ./select.component.html
 - styleUrl: ./select.component.scss
Did you run and wait for &apos;resolveComponentResources()&apos;?" type="Error">
Error: Component &apos;SelectComponent&apos; is not resolved:
 - templateUrl: ./select.component.html
 - styleUrl: ./select.component.scss
Did you run and wait for &apos;resolveComponentResources()&apos;?
 ❯ Function.get node_modules/@angular/core/fesm2022/_debug_node-chunk.mjs:17775:17
 ❯ getComponentDef node_modules/@angular/core/fesm2022/testing.mjs:1154:16
 ❯ isStandaloneComponent node_modules/@angular/core/fesm2022/testing.mjs:1150:15
 ❯ queueTypesFromModulesArrayRecur node_modules/@angular/core/fesm2022/testing.mjs:925:20
 ❯ TestBedCompiler.queueTypesFromModulesArray node_modules/@angular/core/fesm2022/testing.mjs:943:5
 ❯ TestBedCompiler.configureTestingModule node_modules/@angular/core/fesm2022/testing.mjs:567:12
 ❯ TestBedImpl.configureTestingModule node_modules/@angular/core/fesm2022/testing.mjs:1402:19
 ❯ Function.configureTestingModule node_modules/@angular/core/fesm2022/testing.mjs:1273:33
 ❯ src/app/shared/components/select/select.component.spec.ts:22:19
            </failure>
        </testcase>
        <testcase classname="src/app/shared/components/select/select.component.spec.ts" name="SelectComponent &gt; Option Selection &gt; should add option in multiple mode" time="0.000434036">
            <failure message="Component &apos;SelectComponent&apos; is not resolved:
 - templateUrl: ./select.component.html
 - styleUrl: ./select.component.scss
Did you run and wait for &apos;resolveComponentResources()&apos;?" type="Error">
Error: Component &apos;SelectComponent&apos; is not resolved:
 - templateUrl: ./select.component.html
 - styleUrl: ./select.component.scss
Did you run and wait for &apos;resolveComponentResources()&apos;?
 ❯ Function.get node_modules/@angular/core/fesm2022/_debug_node-chunk.mjs:17775:17
 ❯ getComponentDef node_modules/@angular/core/fesm2022/testing.mjs:1154:16
 ❯ isStandaloneComponent node_modules/@angular/core/fesm2022/testing.mjs:1150:15
 ❯ queueTypesFromModulesArrayRecur node_modules/@angular/core/fesm2022/testing.mjs:925:20
 ❯ TestBedCompiler.queueTypesFromModulesArray node_modules/@angular/core/fesm2022/testing.mjs:943:5
 ❯ TestBedCompiler.configureTestingModule node_modules/@angular/core/fesm2022/testing.mjs:567:12
 ❯ TestBedImpl.configureTestingModule node_modules/@angular/core/fesm2022/testing.mjs:1402:19
 ❯ Function.configureTestingModule node_modules/@angular/core/fesm2022/testing.mjs:1273:33
 ❯ src/app/shared/components/select/select.component.spec.ts:22:19
            </failure>
        </testcase>
        <testcase classname="src/app/shared/components/select/select.component.spec.ts" name="SelectComponent &gt; Option Selection &gt; should remove option in multiple mode when already selected" time="0.000518871">
            <failure message="Component &apos;SelectComponent&apos; is not resolved:
 - templateUrl: ./select.component.html
 - styleUrl: ./select.component.scss
Did you run and wait for &apos;resolveComponentResources()&apos;?" type="Error">
Error: Component &apos;SelectComponent&apos; is not resolved:
 - templateUrl: ./select.component.html
 - styleUrl: ./select.component.scss
Did you run and wait for &apos;resolveComponentResources()&apos;?
 ❯ Function.get node_modules/@angular/core/fesm2022/_debug_node-chunk.mjs:17775:17
 ❯ getComponentDef node_modules/@angular/core/fesm2022/testing.mjs:1154:16
 ❯ isStandaloneComponent node_modules/@angular/core/fesm2022/testing.mjs:1150:15
 ❯ queueTypesFromModulesArrayRecur node_modules/@angular/core/fesm2022/testing.mjs:925:20
 ❯ TestBedCompiler.queueTypesFromModulesArray node_modules/@angular/core/fesm2022/testing.mjs:943:5
 ❯ TestBedCompiler.configureTestingModule node_modules/@angular/core/fesm2022/testing.mjs:567:12
 ❯ TestBedImpl.configureTestingModule node_modules/@angular/core/fesm2022/testing.mjs:1402:19
 ❯ Function.configureTestingModule node_modules/@angular/core/fesm2022/testing.mjs:1273:33
 ❯ src/app/shared/components/select/select.component.spec.ts:22:19
            </failure>
        </testcase>
        <testcase classname="src/app/shared/components/select/select.component.spec.ts" name="SelectComponent &gt; Option Selection &gt; should check if option is selected" time="0.000576021">
            <failure message="Component &apos;SelectComponent&apos; is not resolved:
 - templateUrl: ./select.component.html
 - styleUrl: ./select.component.scss
Did you run and wait for &apos;resolveComponentResources()&apos;?" type="Error">
Error: Component &apos;SelectComponent&apos; is not resolved:
 - templateUrl: ./select.component.html
 - styleUrl: ./select.component.scss
Did you run and wait for &apos;resolveComponentResources()&apos;?
 ❯ Function.get node_modules/@angular/core/fesm2022/_debug_node-chunk.mjs:17775:17
 ❯ getComponentDef node_modules/@angular/core/fesm2022/testing.mjs:1154:16
 ❯ isStandaloneComponent node_modules/@angular/core/fesm2022/testing.mjs:1150:15
 ❯ queueTypesFromModulesArrayRecur node_modules/@angular/core/fesm2022/testing.mjs:925:20
 ❯ TestBedCompiler.queueTypesFromModulesArray node_modules/@angular/core/fesm2022/testing.mjs:943:5
 ❯ TestBedCompiler.configureTestingModule node_modules/@angular/core/fesm2022/testing.mjs:567:12
 ❯ TestBedImpl.configureTestingModule node_modules/@angular/core/fesm2022/testing.mjs:1402:19
 ❯ Function.configureTestingModule node_modules/@angular/core/fesm2022/testing.mjs:1273:33
 ❯ src/app/shared/components/select/select.component.spec.ts:22:19
            </failure>
        </testcase>
        <testcase classname="src/app/shared/components/select/select.component.spec.ts" name="SelectComponent &gt; Option Selection &gt; should check if option is selected in multiple mode" time="0.000581703">
            <failure message="Component &apos;SelectComponent&apos; is not resolved:
 - templateUrl: ./select.component.html
 - styleUrl: ./select.component.scss
Did you run and wait for &apos;resolveComponentResources()&apos;?" type="Error">
Error: Component &apos;SelectComponent&apos; is not resolved:
 - templateUrl: ./select.component.html
 - styleUrl: ./select.component.scss
Did you run and wait for &apos;resolveComponentResources()&apos;?
 ❯ Function.get node_modules/@angular/core/fesm2022/_debug_node-chunk.mjs:17775:17
 ❯ getComponentDef node_modules/@angular/core/fesm2022/testing.mjs:1154:16
 ❯ isStandaloneComponent node_modules/@angular/core/fesm2022/testing.mjs:1150:15
 ❯ queueTypesFromModulesArrayRecur node_modules/@angular/core/fesm2022/testing.mjs:925:20
 ❯ TestBedCompiler.queueTypesFromModulesArray node_modules/@angular/core/fesm2022/testing.mjs:943:5
 ❯ TestBedCompiler.configureTestingModule node_modules/@angular/core/fesm2022/testing.mjs:567:12
 ❯ TestBedImpl.configureTestingModule node_modules/@angular/core/fesm2022/testing.mjs:1402:19
 ❯ Function.configureTestingModule node_modules/@angular/core/fesm2022/testing.mjs:1273:33
 ❯ src/app/shared/components/select/select.component.spec.ts:22:19
            </failure>
        </testcase>
        <testcase classname="src/app/shared/components/select/select.component.spec.ts" name="SelectComponent &gt; Clear Functionality &gt; should clear value in single mode" time="0.000507983">
            <failure message="Component &apos;SelectComponent&apos; is not resolved:
 - templateUrl: ./select.component.html
 - styleUrl: ./select.component.scss
Did you run and wait for &apos;resolveComponentResources()&apos;?" type="Error">
Error: Component &apos;SelectComponent&apos; is not resolved:
 - templateUrl: ./select.component.html
 - styleUrl: ./select.component.scss
Did you run and wait for &apos;resolveComponentResources()&apos;?
 ❯ Function.get node_modules/@angular/core/fesm2022/_debug_node-chunk.mjs:17775:17
 ❯ getComponentDef node_modules/@angular/core/fesm2022/testing.mjs:1154:16
 ❯ isStandaloneComponent node_modules/@angular/core/fesm2022/testing.mjs:1150:15
 ❯ queueTypesFromModulesArrayRecur node_modules/@angular/core/fesm2022/testing.mjs:925:20
 ❯ TestBedCompiler.queueTypesFromModulesArray node_modules/@angular/core/fesm2022/testing.mjs:943:5
 ❯ TestBedCompiler.configureTestingModule node_modules/@angular/core/fesm2022/testing.mjs:567:12
 ❯ TestBedImpl.configureTestingModule node_modules/@angular/core/fesm2022/testing.mjs:1402:19
 ❯ Function.configureTestingModule node_modules/@angular/core/fesm2022/testing.mjs:1273:33
 ❯ src/app/shared/components/select/select.component.spec.ts:22:19
            </failure>
        </testcase>
        <testcase classname="src/app/shared/components/select/select.component.spec.ts" name="SelectComponent &gt; Clear Functionality &gt; should clear values in multiple mode" time="0.000508026">
            <failure message="Component &apos;SelectComponent&apos; is not resolved:
 - templateUrl: ./select.component.html
 - styleUrl: ./select.component.scss
Did you run and wait for &apos;resolveComponentResources()&apos;?" type="Error">
Error: Component &apos;SelectComponent&apos; is not resolved:
 - templateUrl: ./select.component.html
 - styleUrl: ./select.component.scss
Did you run and wait for &apos;resolveComponentResources()&apos;?
 ❯ Function.get node_modules/@angular/core/fesm2022/_debug_node-chunk.mjs:17775:17
 ❯ getComponentDef node_modules/@angular/core/fesm2022/testing.mjs:1154:16
 ❯ isStandaloneComponent node_modules/@angular/core/fesm2022/testing.mjs:1150:15
 ❯ queueTypesFromModulesArrayRecur node_modules/@angular/core/fesm2022/testing.mjs:925:20
 ❯ TestBedCompiler.queueTypesFromModulesArray node_modules/@angular/core/fesm2022/testing.mjs:943:5
 ❯ TestBedCompiler.configureTestingModule node_modules/@angular/core/fesm2022/testing.mjs:567:12
 ❯ TestBedImpl.configureTestingModule node_modules/@angular/core/fesm2022/testing.mjs:1402:19
 ❯ Function.configureTestingModule node_modules/@angular/core/fesm2022/testing.mjs:1273:33
 ❯ src/app/shared/components/select/select.component.spec.ts:22:19
            </failure>
        </testcase>
        <testcase classname="src/app/shared/components/select/select.component.spec.ts" name="SelectComponent &gt; Search Functionality &gt; should filter options based on search query" time="0.000418631">
            <failure message="Component &apos;SelectComponent&apos; is not resolved:
 - templateUrl: ./select.component.html
 - styleUrl: ./select.component.scss
Did you run and wait for &apos;resolveComponentResources()&apos;?" type="Error">
Error: Component &apos;SelectComponent&apos; is not resolved:
 - templateUrl: ./select.component.html
 - styleUrl: ./select.component.scss
Did you run and wait for &apos;resolveComponentResources()&apos;?
 ❯ Function.get node_modules/@angular/core/fesm2022/_debug_node-chunk.mjs:17775:17
 ❯ getComponentDef node_modules/@angular/core/fesm2022/testing.mjs:1154:16
 ❯ isStandaloneComponent node_modules/@angular/core/fesm2022/testing.mjs:1150:15
 ❯ queueTypesFromModulesArrayRecur node_modules/@angular/core/fesm2022/testing.mjs:925:20
 ❯ TestBedCompiler.queueTypesFromModulesArray node_modules/@angular/core/fesm2022/testing.mjs:943:5
 ❯ TestBedCompiler.configureTestingModule node_modules/@angular/core/fesm2022/testing.mjs:567:12
 ❯ TestBedImpl.configureTestingModule node_modules/@angular/core/fesm2022/testing.mjs:1402:19
 ❯ Function.configureTestingModule node_modules/@angular/core/fesm2022/testing.mjs:1273:33
 ❯ src/app/shared/components/select/select.component.spec.ts:22:19
            </failure>
        </testcase>
        <testcase classname="src/app/shared/components/select/select.component.spec.ts" name="SelectComponent &gt; Search Functionality &gt; should filter options by label" time="0.00037985">
            <failure message="Component &apos;SelectComponent&apos; is not resolved:
 - templateUrl: ./select.component.html
 - styleUrl: ./select.component.scss
Did you run and wait for &apos;resolveComponentResources()&apos;?" type="Error">
Error: Component &apos;SelectComponent&apos; is not resolved:
 - templateUrl: ./select.component.html
 - styleUrl: ./select.component.scss
Did you run and wait for &apos;resolveComponentResources()&apos;?
 ❯ Function.get node_modules/@angular/core/fesm2022/_debug_node-chunk.mjs:17775:17
 ❯ getComponentDef node_modules/@angular/core/fesm2022/testing.mjs:1154:16
 ❯ isStandaloneComponent node_modules/@angular/core/fesm2022/testing.mjs:1150:15
 ❯ queueTypesFromModulesArrayRecur node_modules/@angular/core/fesm2022/testing.mjs:925:20
 ❯ TestBedCompiler.queueTypesFromModulesArray node_modules/@angular/core/fesm2022/testing.mjs:943:5
 ❯ TestBedCompiler.configureTestingModule node_modules/@angular/core/fesm2022/testing.mjs:567:12
 ❯ TestBedImpl.configureTestingModule node_modules/@angular/core/fesm2022/testing.mjs:1402:19
 ❯ Function.configureTestingModule node_modules/@angular/core/fesm2022/testing.mjs:1273:33
 ❯ src/app/shared/components/select/select.component.spec.ts:22:19
            </failure>
        </testcase>
        <testcase classname="src/app/shared/components/select/select.component.spec.ts" name="SelectComponent &gt; Search Functionality &gt; should filter options by description" time="0.000411495">
            <failure message="Component &apos;SelectComponent&apos; is not resolved:
 - templateUrl: ./select.component.html
 - styleUrl: ./select.component.scss
Did you run and wait for &apos;resolveComponentResources()&apos;?" type="Error">
Error: Component &apos;SelectComponent&apos; is not resolved:
 - templateUrl: ./select.component.html
 - styleUrl: ./select.component.scss
Did you run and wait for &apos;resolveComponentResources()&apos;?
 ❯ Function.get node_modules/@angular/core/fesm2022/_debug_node-chunk.mjs:17775:17
 ❯ getComponentDef node_modules/@angular/core/fesm2022/testing.mjs:1154:16
 ❯ isStandaloneComponent node_modules/@angular/core/fesm2022/testing.mjs:1150:15
 ❯ queueTypesFromModulesArrayRecur node_modules/@angular/core/fesm2022/testing.mjs:925:20
 ❯ TestBedCompiler.queueTypesFromModulesArray node_modules/@angular/core/fesm2022/testing.mjs:943:5
 ❯ TestBedCompiler.configureTestingModule node_modules/@angular/core/fesm2022/testing.mjs:567:12
 ❯ TestBedImpl.configureTestingModule node_modules/@angular/core/fesm2022/testing.mjs:1402:19
 ❯ Function.configureTestingModule node_modules/@angular/core/fesm2022/testing.mjs:1273:33
 ❯ src/app/shared/components/select/select.component.spec.ts:22:19
            </failure>
        </testcase>
        <testcase classname="src/app/shared/components/select/select.component.spec.ts" name="SelectComponent &gt; Search Functionality &gt; should return all options when search query is empty" time="0.000364055">
            <failure message="Component &apos;SelectComponent&apos; is not resolved:
 - templateUrl: ./select.component.html
 - styleUrl: ./select.component.scss
Did you run and wait for &apos;resolveComponentResources()&apos;?" type="Error">
Error: Component &apos;SelectComponent&apos; is not resolved:
 - templateUrl: ./select.component.html
 - styleUrl: ./select.component.scss
Did you run and wait for &apos;resolveComponentResources()&apos;?
 ❯ Function.get node_modules/@angular/core/fesm2022/_debug_node-chunk.mjs:17775:17
 ❯ getComponentDef node_modules/@angular/core/fesm2022/testing.mjs:1154:16
 ❯ isStandaloneComponent node_modules/@angular/core/fesm2022/testing.mjs:1150:15
 ❯ queueTypesFromModulesArrayRecur node_modules/@angular/core/fesm2022/testing.mjs:925:20
 ❯ TestBedCompiler.queueTypesFromModulesArray node_modules/@angular/core/fesm2022/testing.mjs:943:5
 ❯ TestBedCompiler.configureTestingModule node_modules/@angular/core/fesm2022/testing.mjs:567:12
 ❯ TestBedImpl.configureTestingModule node_modules/@angular/core/fesm2022/testing.mjs:1402:19
 ❯ Function.configureTestingModule node_modules/@angular/core/fesm2022/testing.mjs:1273:33
 ❯ src/app/shared/components/select/select.component.spec.ts:22:19
            </failure>
        </testcase>
        <testcase classname="src/app/shared/components/select/select.component.spec.ts" name="SelectComponent &gt; Search Functionality &gt; should be case insensitive" time="0.000350665">
            <failure message="Component &apos;SelectComponent&apos; is not resolved:
 - templateUrl: ./select.component.html
 - styleUrl: ./select.component.scss
Did you run and wait for &apos;resolveComponentResources()&apos;?" type="Error">
Error: Component &apos;SelectComponent&apos; is not resolved:
 - templateUrl: ./select.component.html
 - styleUrl: ./select.component.scss
Did you run and wait for &apos;resolveComponentResources()&apos;?
 ❯ Function.get node_modules/@angular/core/fesm2022/_debug_node-chunk.mjs:17775:17
 ❯ getComponentDef node_modules/@angular/core/fesm2022/testing.mjs:1154:16
 ❯ isStandaloneComponent node_modules/@angular/core/fesm2022/testing.mjs:1150:15
 ❯ queueTypesFromModulesArrayRecur node_modules/@angular/core/fesm2022/testing.mjs:925:20
 ❯ TestBedCompiler.queueTypesFromModulesArray node_modules/@angular/core/fesm2022/testing.mjs:943:5
 ❯ TestBedCompiler.configureTestingModule node_modules/@angular/core/fesm2022/testing.mjs:567:12
 ❯ TestBedImpl.configureTestingModule node_modules/@angular/core/fesm2022/testing.mjs:1402:19
 ❯ Function.configureTestingModule node_modules/@angular/core/fesm2022/testing.mjs:1273:33
 ❯ src/app/shared/components/select/select.component.spec.ts:22:19
            </failure>
        </testcase>
        <testcase classname="src/app/shared/components/select/select.component.spec.ts" name="SelectComponent &gt; Keyboard Navigation &gt; should open dropdown on Enter key" time="0.000363985">
            <failure message="Component &apos;SelectComponent&apos; is not resolved:
 - templateUrl: ./select.component.html
 - styleUrl: ./select.component.scss
Did you run and wait for &apos;resolveComponentResources()&apos;?" type="Error">
Error: Component &apos;SelectComponent&apos; is not resolved:
 - templateUrl: ./select.component.html
 - styleUrl: ./select.component.scss
Did you run and wait for &apos;resolveComponentResources()&apos;?
 ❯ Function.get node_modules/@angular/core/fesm2022/_debug_node-chunk.mjs:17775:17
 ❯ getComponentDef node_modules/@angular/core/fesm2022/testing.mjs:1154:16
 ❯ isStandaloneComponent node_modules/@angular/core/fesm2022/testing.mjs:1150:15
 ❯ queueTypesFromModulesArrayRecur node_modules/@angular/core/fesm2022/testing.mjs:925:20
 ❯ TestBedCompiler.queueTypesFromModulesArray node_modules/@angular/core/fesm2022/testing.mjs:943:5
 ❯ TestBedCompiler.configureTestingModule node_modules/@angular/core/fesm2022/testing.mjs:567:12
 ❯ TestBedImpl.configureTestingModule node_modules/@angular/core/fesm2022/testing.mjs:1402:19
 ❯ Function.configureTestingModule node_modules/@angular/core/fesm2022/testing.mjs:1273:33
 ❯ src/app/shared/components/select/select.component.spec.ts:22:19
            </failure>
        </testcase>
        <testcase classname="src/app/shared/components/select/select.component.spec.ts" name="SelectComponent &gt; Keyboard Navigation &gt; should open dropdown on Space key" time="0.000370342">
            <failure message="Component &apos;SelectComponent&apos; is not resolved:
 - templateUrl: ./select.component.html
 - styleUrl: ./select.component.scss
Did you run and wait for &apos;resolveComponentResources()&apos;?" type="Error">
Error: Component &apos;SelectComponent&apos; is not resolved:
 - templateUrl: ./select.component.html
 - styleUrl: ./select.component.scss
Did you run and wait for &apos;resolveComponentResources()&apos;?
 ❯ Function.get node_modules/@angular/core/fesm2022/_debug_node-chunk.mjs:17775:17
 ❯ getComponentDef node_modules/@angular/core/fesm2022/testing.mjs:1154:16
 ❯ isStandaloneComponent node_modules/@angular/core/fesm2022/testing.mjs:1150:15
 ❯ queueTypesFromModulesArrayRecur node_modules/@angular/core/fesm2022/testing.mjs:925:20
 ❯ TestBedCompiler.queueTypesFromModulesArray node_modules/@angular/core/fesm2022/testing.mjs:943:5
 ❯ TestBedCompiler.configureTestingModule node_modules/@angular/core/fesm2022/testing.mjs:567:12
 ❯ TestBedImpl.configureTestingModule node_modules/@angular/core/fesm2022/testing.mjs:1402:19
 ❯ Function.configureTestingModule node_modules/@angular/core/fesm2022/testing.mjs:1273:33
 ❯ src/app/shared/components/select/select.component.spec.ts:22:19
            </failure>
        </testcase>
        <testcase classname="src/app/shared/components/select/select.component.spec.ts" name="SelectComponent &gt; Keyboard Navigation &gt; should close dropdown on Escape key" time="0.000450666">
            <failure message="Component &apos;SelectComponent&apos; is not resolved:
 - templateUrl: ./select.component.html
 - styleUrl: ./select.component.scss
Did you run and wait for &apos;resolveComponentResources()&apos;?" type="Error">
Error: Component &apos;SelectComponent&apos; is not resolved:
 - templateUrl: ./select.component.html
 - styleUrl: ./select.component.scss
Did you run and wait for &apos;resolveComponentResources()&apos;?
 ❯ Function.get node_modules/@angular/core/fesm2022/_debug_node-chunk.mjs:17775:17
 ❯ getComponentDef node_modules/@angular/core/fesm2022/testing.mjs:1154:16
 ❯ isStandaloneComponent node_modules/@angular/core/fesm2022/testing.mjs:1150:15
 ❯ queueTypesFromModulesArrayRecur node_modules/@angular/core/fesm2022/testing.mjs:925:20
 ❯ TestBedCompiler.queueTypesFromModulesArray node_modules/@angular/core/fesm2022/testing.mjs:943:5
 ❯ TestBedCompiler.configureTestingModule node_modules/@angular/core/fesm2022/testing.mjs:567:12
 ❯ TestBedImpl.configureTestingModule node_modules/@angular/core/fesm2022/testing.mjs:1402:19
 ❯ Function.configureTestingModule node_modules/@angular/core/fesm2022/testing.mjs:1273:33
 ❯ src/app/shared/components/select/select.component.spec.ts:22:19
            </failure>
        </testcase>
        <testcase classname="src/app/shared/components/select/select.component.spec.ts" name="SelectComponent &gt; Keyboard Navigation &gt; should highlight next option on ArrowDown" time="0.000368156">
            <failure message="Component &apos;SelectComponent&apos; is not resolved:
 - templateUrl: ./select.component.html
 - styleUrl: ./select.component.scss
Did you run and wait for &apos;resolveComponentResources()&apos;?" type="Error">
Error: Component &apos;SelectComponent&apos; is not resolved:
 - templateUrl: ./select.component.html
 - styleUrl: ./select.component.scss
Did you run and wait for &apos;resolveComponentResources()&apos;?
 ❯ Function.get node_modules/@angular/core/fesm2022/_debug_node-chunk.mjs:17775:17
 ❯ getComponentDef node_modules/@angular/core/fesm2022/testing.mjs:1154:16
 ❯ isStandaloneComponent node_modules/@angular/core/fesm2022/testing.mjs:1150:15
 ❯ queueTypesFromModulesArrayRecur node_modules/@angular/core/fesm2022/testing.mjs:925:20
 ❯ TestBedCompiler.queueTypesFromModulesArray node_modules/@angular/core/fesm2022/testing.mjs:943:5
 ❯ TestBedCompiler.configureTestingModule node_modules/@angular/core/fesm2022/testing.mjs:567:12
 ❯ TestBedImpl.configureTestingModule node_modules/@angular/core/fesm2022/testing.mjs:1402:19
 ❯ Function.configureTestingModule node_modules/@angular/core/fesm2022/testing.mjs:1273:33
 ❯ src/app/shared/components/select/select.component.spec.ts:22:19
            </failure>
        </testcase>
        <testcase classname="src/app/shared/components/select/select.component.spec.ts" name="SelectComponent &gt; Keyboard Navigation &gt; should highlight previous option on ArrowUp" time="0.00026865">
            <failure message="Component &apos;SelectComponent&apos; is not resolved:
 - templateUrl: ./select.component.html
 - styleUrl: ./select.component.scss
Did you run and wait for &apos;resolveComponentResources()&apos;?" type="Error">
Error: Component &apos;SelectComponent&apos; is not resolved:
 - templateUrl: ./select.component.html
 - styleUrl: ./select.component.scss
Did you run and wait for &apos;resolveComponentResources()&apos;?
 ❯ Function.get node_modules/@angular/core/fesm2022/_debug_node-chunk.mjs:17775:17
 ❯ getComponentDef node_modules/@angular/core/fesm2022/testing.mjs:1154:16
 ❯ isStandaloneComponent node_modules/@angular/core/fesm2022/testing.mjs:1150:15
 ❯ queueTypesFromModulesArrayRecur node_modules/@angular/core/fesm2022/testing.mjs:925:20
 ❯ TestBedCompiler.queueTypesFromModulesArray node_modules/@angular/core/fesm2022/testing.mjs:943:5
 ❯ TestBedCompiler.configureTestingModule node_modules/@angular/core/fesm2022/testing.mjs:567:12
 ❯ TestBedImpl.configureTestingModule node_modules/@angular/core/fesm2022/testing.mjs:1402:19
 ❯ Function.configureTestingModule node_modules/@angular/core/fesm2022/testing.mjs:1273:33
 ❯ src/app/shared/components/select/select.component.spec.ts:22:19
            </failure>
        </testcase>
        <testcase classname="src/app/shared/components/select/select.component.spec.ts" name="SelectComponent &gt; Keyboard Navigation &gt; should skip disabled options when navigating down" time="0.000210976">
            <failure message="Component &apos;SelectComponent&apos; is not resolved:
 - templateUrl: ./select.component.html
 - styleUrl: ./select.component.scss
Did you run and wait for &apos;resolveComponentResources()&apos;?" type="Error">
Error: Component &apos;SelectComponent&apos; is not resolved:
 - templateUrl: ./select.component.html
 - styleUrl: ./select.component.scss
Did you run and wait for &apos;resolveComponentResources()&apos;?
 ❯ Function.get node_modules/@angular/core/fesm2022/_debug_node-chunk.mjs:17775:17
 ❯ getComponentDef node_modules/@angular/core/fesm2022/testing.mjs:1154:16
 ❯ isStandaloneComponent node_modules/@angular/core/fesm2022/testing.mjs:1150:15
 ❯ queueTypesFromModulesArrayRecur node_modules/@angular/core/fesm2022/testing.mjs:925:20
 ❯ TestBedCompiler.queueTypesFromModulesArray node_modules/@angular/core/fesm2022/testing.mjs:943:5
 ❯ TestBedCompiler.configureTestingModule node_modules/@angular/core/fesm2022/testing.mjs:567:12
 ❯ TestBedImpl.configureTestingModule node_modules/@angular/core/fesm2022/testing.mjs:1402:19
 ❯ Function.configureTestingModule node_modules/@angular/core/fesm2022/testing.mjs:1273:33
 ❯ src/app/shared/components/select/select.component.spec.ts:22:19
            </failure>
        </testcase>
        <testcase classname="src/app/shared/components/select/select.component.spec.ts" name="SelectComponent &gt; Keyboard Navigation &gt; should jump to first option on Home key" time="0.000208699">
            <failure message="Component &apos;SelectComponent&apos; is not resolved:
 - templateUrl: ./select.component.html
 - styleUrl: ./select.component.scss
Did you run and wait for &apos;resolveComponentResources()&apos;?" type="Error">
Error: Component &apos;SelectComponent&apos; is not resolved:
 - templateUrl: ./select.component.html
 - styleUrl: ./select.component.scss
Did you run and wait for &apos;resolveComponentResources()&apos;?
 ❯ Function.get node_modules/@angular/core/fesm2022/_debug_node-chunk.mjs:17775:17
 ❯ getComponentDef node_modules/@angular/core/fesm2022/testing.mjs:1154:16
 ❯ isStandaloneComponent node_modules/@angular/core/fesm2022/testing.mjs:1150:15
 ❯ queueTypesFromModulesArrayRecur node_modules/@angular/core/fesm2022/testing.mjs:925:20
 ❯ TestBedCompiler.queueTypesFromModulesArray node_modules/@angular/core/fesm2022/testing.mjs:943:5
 ❯ TestBedCompiler.configureTestingModule node_modules/@angular/core/fesm2022/testing.mjs:567:12
 ❯ TestBedImpl.configureTestingModule node_modules/@angular/core/fesm2022/testing.mjs:1402:19
 ❯ Function.configureTestingModule node_modules/@angular/core/fesm2022/testing.mjs:1273:33
 ❯ src/app/shared/components/select/select.component.spec.ts:22:19
            </failure>
        </testcase>
        <testcase classname="src/app/shared/components/select/select.component.spec.ts" name="SelectComponent &gt; Keyboard Navigation &gt; should jump to last option on End key" time="0.000201574">
            <failure message="Component &apos;SelectComponent&apos; is not resolved:
 - templateUrl: ./select.component.html
 - styleUrl: ./select.component.scss
Did you run and wait for &apos;resolveComponentResources()&apos;?" type="Error">
Error: Component &apos;SelectComponent&apos; is not resolved:
 - templateUrl: ./select.component.html
 - styleUrl: ./select.component.scss
Did you run and wait for &apos;resolveComponentResources()&apos;?
 ❯ Function.get node_modules/@angular/core/fesm2022/_debug_node-chunk.mjs:17775:17
 ❯ getComponentDef node_modules/@angular/core/fesm2022/testing.mjs:1154:16
 ❯ isStandaloneComponent node_modules/@angular/core/fesm2022/testing.mjs:1150:15
 ❯ queueTypesFromModulesArrayRecur node_modules/@angular/core/fesm2022/testing.mjs:925:20
 ❯ TestBedCompiler.queueTypesFromModulesArray node_modules/@angular/core/fesm2022/testing.mjs:943:5
 ❯ TestBedCompiler.configureTestingModule node_modules/@angular/core/fesm2022/testing.mjs:567:12
 ❯ TestBedImpl.configureTestingModule node_modules/@angular/core/fesm2022/testing.mjs:1402:19
 ❯ Function.configureTestingModule node_modules/@angular/core/fesm2022/testing.mjs:1273:33
 ❯ src/app/shared/components/select/select.component.spec.ts:22:19
            </failure>
        </testcase>
        <testcase classname="src/app/shared/components/select/select.component.spec.ts" name="SelectComponent &gt; Keyboard Navigation &gt; should select highlighted option on Enter" time="0.000206704">
            <failure message="Component &apos;SelectComponent&apos; is not resolved:
 - templateUrl: ./select.component.html
 - styleUrl: ./select.component.scss
Did you run and wait for &apos;resolveComponentResources()&apos;?" type="Error">
Error: Component &apos;SelectComponent&apos; is not resolved:
 - templateUrl: ./select.component.html
 - styleUrl: ./select.component.scss
Did you run and wait for &apos;resolveComponentResources()&apos;?
 ❯ Function.get node_modules/@angular/core/fesm2022/_debug_node-chunk.mjs:17775:17
 ❯ getComponentDef node_modules/@angular/core/fesm2022/testing.mjs:1154:16
 ❯ isStandaloneComponent node_modules/@angular/core/fesm2022/testing.mjs:1150:15
 ❯ queueTypesFromModulesArrayRecur node_modules/@angular/core/fesm2022/testing.mjs:925:20
 ❯ TestBedCompiler.queueTypesFromModulesArray node_modules/@angular/core/fesm2022/testing.mjs:943:5
 ❯ TestBedCompiler.configureTestingModule node_modules/@angular/core/fesm2022/testing.mjs:567:12
 ❯ TestBedImpl.configureTestingModule node_modules/@angular/core/fesm2022/testing.mjs:1402:19
 ❯ Function.configureTestingModule node_modules/@angular/core/fesm2022/testing.mjs:1273:33
 ❯ src/app/shared/components/select/select.component.spec.ts:22:19
            </failure>
        </testcase>
        <testcase classname="src/app/shared/components/select/select.component.spec.ts" name="SelectComponent &gt; Keyboard Navigation &gt; should close dropdown on Tab key" time="0.000209959">
            <failure message="Component &apos;SelectComponent&apos; is not resolved:
 - templateUrl: ./select.component.html
 - styleUrl: ./select.component.scss
Did you run and wait for &apos;resolveComponentResources()&apos;?" type="Error">
Error: Component &apos;SelectComponent&apos; is not resolved:
 - templateUrl: ./select.component.html
 - styleUrl: ./select.component.scss
Did you run and wait for &apos;resolveComponentResources()&apos;?
 ❯ Function.get node_modules/@angular/core/fesm2022/_debug_node-chunk.mjs:17775:17
 ❯ getComponentDef node_modules/@angular/core/fesm2022/testing.mjs:1154:16
 ❯ isStandaloneComponent node_modules/@angular/core/fesm2022/testing.mjs:1150:15
 ❯ queueTypesFromModulesArrayRecur node_modules/@angular/core/fesm2022/testing.mjs:925:20
 ❯ TestBedCompiler.queueTypesFromModulesArray node_modules/@angular/core/fesm2022/testing.mjs:943:5
 ❯ TestBedCompiler.configureTestingModule node_modules/@angular/core/fesm2022/testing.mjs:567:12
 ❯ TestBedImpl.configureTestingModule node_modules/@angular/core/fesm2022/testing.mjs:1402:19
 ❯ Function.configureTestingModule node_modules/@angular/core/fesm2022/testing.mjs:1273:33
 ❯ src/app/shared/components/select/select.component.spec.ts:22:19
            </failure>
        </testcase>
        <testcase classname="src/app/shared/components/select/select.component.spec.ts" name="SelectComponent &gt; Focus Management &gt; should emit focused event" time="0.000205331">
            <failure message="Component &apos;SelectComponent&apos; is not resolved:
 - templateUrl: ./select.component.html
 - styleUrl: ./select.component.scss
Did you run and wait for &apos;resolveComponentResources()&apos;?" type="Error">
Error: Component &apos;SelectComponent&apos; is not resolved:
 - templateUrl: ./select.component.html
 - styleUrl: ./select.component.scss
Did you run and wait for &apos;resolveComponentResources()&apos;?
 ❯ Function.get node_modules/@angular/core/fesm2022/_debug_node-chunk.mjs:17775:17
 ❯ getComponentDef node_modules/@angular/core/fesm2022/testing.mjs:1154:16
 ❯ isStandaloneComponent node_modules/@angular/core/fesm2022/testing.mjs:1150:15
 ❯ queueTypesFromModulesArrayRecur node_modules/@angular/core/fesm2022/testing.mjs:925:20
 ❯ TestBedCompiler.queueTypesFromModulesArray node_modules/@angular/core/fesm2022/testing.mjs:943:5
 ❯ TestBedCompiler.configureTestingModule node_modules/@angular/core/fesm2022/testing.mjs:567:12
 ❯ TestBedImpl.configureTestingModule node_modules/@angular/core/fesm2022/testing.mjs:1402:19
 ❯ Function.configureTestingModule node_modules/@angular/core/fesm2022/testing.mjs:1273:33
 ❯ src/app/shared/components/select/select.component.spec.ts:22:19
            </failure>
        </testcase>
        <testcase classname="src/app/shared/components/select/select.component.spec.ts" name="SelectComponent &gt; Focus Management &gt; should emit blurred event" time="0.000200328">
            <failure message="Component &apos;SelectComponent&apos; is not resolved:
 - templateUrl: ./select.component.html
 - styleUrl: ./select.component.scss
Did you run and wait for &apos;resolveComponentResources()&apos;?" type="Error">
Error: Component &apos;SelectComponent&apos; is not resolved:
 - templateUrl: ./select.component.html
 - styleUrl: ./select.component.scss
Did you run and wait for &apos;resolveComponentResources()&apos;?
 ❯ Function.get node_modules/@angular/core/fesm2022/_debug_node-chunk.mjs:17775:17
 ❯ getComponentDef node_modules/@angular/core/fesm2022/testing.mjs:1154:16
 ❯ isStandaloneComponent node_modules/@angular/core/fesm2022/testing.mjs:1150:15
 ❯ queueTypesFromModulesArrayRecur node_modules/@angular/core/fesm2022/testing.mjs:925:20
 ❯ TestBedCompiler.queueTypesFromModulesArray node_modules/@angular/core/fesm2022/testing.mjs:943:5
 ❯ TestBedCompiler.configureTestingModule node_modules/@angular/core/fesm2022/testing.mjs:567:12
 ❯ TestBedImpl.configureTestingModule node_modules/@angular/core/fesm2022/testing.mjs:1402:19
 ❯ Function.configureTestingModule node_modules/@angular/core/fesm2022/testing.mjs:1273:33
 ❯ src/app/shared/components/select/select.component.spec.ts:22:19
            </failure>
        </testcase>
        <testcase classname="src/app/shared/components/select/select.component.spec.ts" name="SelectComponent &gt; Focus Management &gt; should focus button programmatically" time="0.000199091">
            <failure message="Component &apos;SelectComponent&apos; is not resolved:
 - templateUrl: ./select.component.html
 - styleUrl: ./select.component.scss
Did you run and wait for &apos;resolveComponentResources()&apos;?" type="Error">
Error: Component &apos;SelectComponent&apos; is not resolved:
 - templateUrl: ./select.component.html
 - styleUrl: ./select.component.scss
Did you run and wait for &apos;resolveComponentResources()&apos;?
 ❯ Function.get node_modules/@angular/core/fesm2022/_debug_node-chunk.mjs:17775:17
 ❯ getComponentDef node_modules/@angular/core/fesm2022/testing.mjs:1154:16
 ❯ isStandaloneComponent node_modules/@angular/core/fesm2022/testing.mjs:1150:15
 ❯ queueTypesFromModulesArrayRecur node_modules/@angular/core/fesm2022/testing.mjs:925:20
 ❯ TestBedCompiler.queueTypesFromModulesArray node_modules/@angular/core/fesm2022/testing.mjs:943:5
 ❯ TestBedCompiler.configureTestingModule node_modules/@angular/core/fesm2022/testing.mjs:567:12
 ❯ TestBedImpl.configureTestingModule node_modules/@angular/core/fesm2022/testing.mjs:1402:19
 ❯ Function.configureTestingModule node_modules/@angular/core/fesm2022/testing.mjs:1273:33
 ❯ src/app/shared/components/select/select.component.spec.ts:22:19
            </failure>
        </testcase>
        <testcase classname="src/app/shared/components/select/select.component.spec.ts" name="SelectComponent &gt; Focus Management &gt; should blur button programmatically" time="0.000205174">
            <failure message="Component &apos;SelectComponent&apos; is not resolved:
 - templateUrl: ./select.component.html
 - styleUrl: ./select.component.scss
Did you run and wait for &apos;resolveComponentResources()&apos;?" type="Error">
Error: Component &apos;SelectComponent&apos; is not resolved:
 - templateUrl: ./select.component.html
 - styleUrl: ./select.component.scss
Did you run and wait for &apos;resolveComponentResources()&apos;?
 ❯ Function.get node_modules/@angular/core/fesm2022/_debug_node-chunk.mjs:17775:17
 ❯ getComponentDef node_modules/@angular/core/fesm2022/testing.mjs:1154:16
 ❯ isStandaloneComponent node_modules/@angular/core/fesm2022/testing.mjs:1150:15
 ❯ queueTypesFromModulesArrayRecur node_modules/@angular/core/fesm2022/testing.mjs:925:20
 ❯ TestBedCompiler.queueTypesFromModulesArray node_modules/@angular/core/fesm2022/testing.mjs:943:5
 ❯ TestBedCompiler.configureTestingModule node_modules/@angular/core/fesm2022/testing.mjs:567:12
 ❯ TestBedImpl.configureTestingModule node_modules/@angular/core/fesm2022/testing.mjs:1402:19
 ❯ Function.configureTestingModule node_modules/@angular/core/fesm2022/testing.mjs:1273:33
 ❯ src/app/shared/components/select/select.component.spec.ts:22:19
            </failure>
        </testcase>
        <testcase classname="src/app/shared/components/select/select.component.spec.ts" name="SelectComponent &gt; CSS Classes &gt; should apply wrapper classes" time="0.000203184">
            <failure message="Component &apos;SelectComponent&apos; is not resolved:
 - templateUrl: ./select.component.html
 - styleUrl: ./select.component.scss
Did you run and wait for &apos;resolveComponentResources()&apos;?" type="Error">
Error: Component &apos;SelectComponent&apos; is not resolved:
 - templateUrl: ./select.component.html
 - styleUrl: ./select.component.scss
Did you run and wait for &apos;resolveComponentResources()&apos;?
 ❯ Function.get node_modules/@angular/core/fesm2022/_debug_node-chunk.mjs:17775:17
 ❯ getComponentDef node_modules/@angular/core/fesm2022/testing.mjs:1154:16
 ❯ isStandaloneComponent node_modules/@angular/core/fesm2022/testing.mjs:1150:15
 ❯ queueTypesFromModulesArrayRecur node_modules/@angular/core/fesm2022/testing.mjs:925:20
 ❯ TestBedCompiler.queueTypesFromModulesArray node_modules/@angular/core/fesm2022/testing.mjs:943:5
 ❯ TestBedCompiler.configureTestingModule node_modules/@angular/core/fesm2022/testing.mjs:567:12
 ❯ TestBedImpl.configureTestingModule node_modules/@angular/core/fesm2022/testing.mjs:1402:19
 ❯ Function.configureTestingModule node_modules/@angular/core/fesm2022/testing.mjs:1273:33
 ❯ src/app/shared/components/select/select.component.spec.ts:22:19
            </failure>
        </testcase>
        <testcase classname="src/app/shared/components/select/select.component.spec.ts" name="SelectComponent &gt; CSS Classes &gt; should apply button classes" time="0.000199865">
            <failure message="Component &apos;SelectComponent&apos; is not resolved:
 - templateUrl: ./select.component.html
 - styleUrl: ./select.component.scss
Did you run and wait for &apos;resolveComponentResources()&apos;?" type="Error">
Error: Component &apos;SelectComponent&apos; is not resolved:
 - templateUrl: ./select.component.html
 - styleUrl: ./select.component.scss
Did you run and wait for &apos;resolveComponentResources()&apos;?
 ❯ Function.get node_modules/@angular/core/fesm2022/_debug_node-chunk.mjs:17775:17
 ❯ getComponentDef node_modules/@angular/core/fesm2022/testing.mjs:1154:16
 ❯ isStandaloneComponent node_modules/@angular/core/fesm2022/testing.mjs:1150:15
 ❯ queueTypesFromModulesArrayRecur node_modules/@angular/core/fesm2022/testing.mjs:925:20
 ❯ TestBedCompiler.queueTypesFromModulesArray node_modules/@angular/core/fesm2022/testing.mjs:943:5
 ❯ TestBedCompiler.configureTestingModule node_modules/@angular/core/fesm2022/testing.mjs:567:12
 ❯ TestBedImpl.configureTestingModule node_modules/@angular/core/fesm2022/testing.mjs:1402:19
 ❯ Function.configureTestingModule node_modules/@angular/core/fesm2022/testing.mjs:1273:33
 ❯ src/app/shared/components/select/select.component.spec.ts:22:19
            </failure>
        </testcase>
        <testcase classname="src/app/shared/components/select/select.component.spec.ts" name="SelectComponent &gt; CSS Classes &gt; should apply disabled class" time="0.000202848">
            <failure message="Component &apos;SelectComponent&apos; is not resolved:
 - templateUrl: ./select.component.html
 - styleUrl: ./select.component.scss
Did you run and wait for &apos;resolveComponentResources()&apos;?" type="Error">
Error: Component &apos;SelectComponent&apos; is not resolved:
 - templateUrl: ./select.component.html
 - styleUrl: ./select.component.scss
Did you run and wait for &apos;resolveComponentResources()&apos;?
 ❯ Function.get node_modules/@angular/core/fesm2022/_debug_node-chunk.mjs:17775:17
 ❯ getComponentDef node_modules/@angular/core/fesm2022/testing.mjs:1154:16
 ❯ isStandaloneComponent node_modules/@angular/core/fesm2022/testing.mjs:1150:15
 ❯ queueTypesFromModulesArrayRecur node_modules/@angular/core/fesm2022/testing.mjs:925:20
 ❯ TestBedCompiler.queueTypesFromModulesArray node_modules/@angular/core/fesm2022/testing.mjs:943:5
 ❯ TestBedCompiler.configureTestingModule node_modules/@angular/core/fesm2022/testing.mjs:567:12
 ❯ TestBedImpl.configureTestingModule node_modules/@angular/core/fesm2022/testing.mjs:1402:19
 ❯ Function.configureTestingModule node_modules/@angular/core/fesm2022/testing.mjs:1273:33
 ❯ src/app/shared/components/select/select.component.spec.ts:22:19
            </failure>
        </testcase>
        <testcase classname="src/app/shared/components/select/select.component.spec.ts" name="SelectComponent &gt; CSS Classes &gt; should apply dropdown classes" time="0.000199303">
            <failure message="Component &apos;SelectComponent&apos; is not resolved:
 - templateUrl: ./select.component.html
 - styleUrl: ./select.component.scss
Did you run and wait for &apos;resolveComponentResources()&apos;?" type="Error">
Error: Component &apos;SelectComponent&apos; is not resolved:
 - templateUrl: ./select.component.html
 - styleUrl: ./select.component.scss
Did you run and wait for &apos;resolveComponentResources()&apos;?
 ❯ Function.get node_modules/@angular/core/fesm2022/_debug_node-chunk.mjs:17775:17
 ❯ getComponentDef node_modules/@angular/core/fesm2022/testing.mjs:1154:16
 ❯ isStandaloneComponent node_modules/@angular/core/fesm2022/testing.mjs:1150:15
 ❯ queueTypesFromModulesArrayRecur node_modules/@angular/core/fesm2022/testing.mjs:925:20
 ❯ TestBedCompiler.queueTypesFromModulesArray node_modules/@angular/core/fesm2022/testing.mjs:943:5
 ❯ TestBedCompiler.configureTestingModule node_modules/@angular/core/fesm2022/testing.mjs:567:12
 ❯ TestBedImpl.configureTestingModule node_modules/@angular/core/fesm2022/testing.mjs:1402:19
 ❯ Function.configureTestingModule node_modules/@angular/core/fesm2022/testing.mjs:1273:33
 ❯ src/app/shared/components/select/select.component.spec.ts:22:19
            </failure>
        </testcase>
        <testcase classname="src/app/shared/components/select/select.component.spec.ts" name="SelectComponent &gt; Validation States &gt; should apply success validation state" time="0.000220218">
            <failure message="Component &apos;SelectComponent&apos; is not resolved:
 - templateUrl: ./select.component.html
 - styleUrl: ./select.component.scss
Did you run and wait for &apos;resolveComponentResources()&apos;?" type="Error">
Error: Component &apos;SelectComponent&apos; is not resolved:
 - templateUrl: ./select.component.html
 - styleUrl: ./select.component.scss
Did you run and wait for &apos;resolveComponentResources()&apos;?
 ❯ Function.get node_modules/@angular/core/fesm2022/_debug_node-chunk.mjs:17775:17
 ❯ getComponentDef node_modules/@angular/core/fesm2022/testing.mjs:1154:16
 ❯ isStandaloneComponent node_modules/@angular/core/fesm2022/testing.mjs:1150:15
 ❯ queueTypesFromModulesArrayRecur node_modules/@angular/core/fesm2022/testing.mjs:925:20
 ❯ TestBedCompiler.queueTypesFromModulesArray node_modules/@angular/core/fesm2022/testing.mjs:943:5
 ❯ TestBedCompiler.configureTestingModule node_modules/@angular/core/fesm2022/testing.mjs:567:12
 ❯ TestBedImpl.configureTestingModule node_modules/@angular/core/fesm2022/testing.mjs:1402:19
 ❯ Function.configureTestingModule node_modules/@angular/core/fesm2022/testing.mjs:1273:33
 ❯ src/app/shared/components/select/select.component.spec.ts:22:19
            </failure>
        </testcase>
        <testcase classname="src/app/shared/components/select/select.component.spec.ts" name="SelectComponent &gt; Validation States &gt; should apply warning validation state" time="0.000301215">
            <failure message="Component &apos;SelectComponent&apos; is not resolved:
 - templateUrl: ./select.component.html
 - styleUrl: ./select.component.scss
Did you run and wait for &apos;resolveComponentResources()&apos;?" type="Error">
Error: Component &apos;SelectComponent&apos; is not resolved:
 - templateUrl: ./select.component.html
 - styleUrl: ./select.component.scss
Did you run and wait for &apos;resolveComponentResources()&apos;?
 ❯ Function.get node_modules/@angular/core/fesm2022/_debug_node-chunk.mjs:17775:17
 ❯ getComponentDef node_modules/@angular/core/fesm2022/testing.mjs:1154:16
 ❯ isStandaloneComponent node_modules/@angular/core/fesm2022/testing.mjs:1150:15
 ❯ queueTypesFromModulesArrayRecur node_modules/@angular/core/fesm2022/testing.mjs:925:20
 ❯ TestBedCompiler.queueTypesFromModulesArray node_modules/@angular/core/fesm2022/testing.mjs:943:5
 ❯ TestBedCompiler.configureTestingModule node_modules/@angular/core/fesm2022/testing.mjs:567:12
 ❯ TestBedImpl.configureTestingModule node_modules/@angular/core/fesm2022/testing.mjs:1402:19
 ❯ Function.configureTestingModule node_modules/@angular/core/fesm2022/testing.mjs:1273:33
 ❯ src/app/shared/components/select/select.component.spec.ts:22:19
            </failure>
        </testcase>
        <testcase classname="src/app/shared/components/select/select.component.spec.ts" name="SelectComponent &gt; Validation States &gt; should apply error validation state" time="0.000345645">
            <failure message="Component &apos;SelectComponent&apos; is not resolved:
 - templateUrl: ./select.component.html
 - styleUrl: ./select.component.scss
Did you run and wait for &apos;resolveComponentResources()&apos;?" type="Error">
Error: Component &apos;SelectComponent&apos; is not resolved:
 - templateUrl: ./select.component.html
 - styleUrl: ./select.component.scss
Did you run and wait for &apos;resolveComponentResources()&apos;?
 ❯ Function.get node_modules/@angular/core/fesm2022/_debug_node-chunk.mjs:17775:17
 ❯ getComponentDef node_modules/@angular/core/fesm2022/testing.mjs:1154:16
 ❯ isStandaloneComponent node_modules/@angular/core/fesm2022/testing.mjs:1150:15
 ❯ queueTypesFromModulesArrayRecur node_modules/@angular/core/fesm2022/testing.mjs:925:20
 ❯ TestBedCompiler.queueTypesFromModulesArray node_modules/@angular/core/fesm2022/testing.mjs:943:5
 ❯ TestBedCompiler.configureTestingModule node_modules/@angular/core/fesm2022/testing.mjs:567:12
 ❯ TestBedImpl.configureTestingModule node_modules/@angular/core/fesm2022/testing.mjs:1402:19
 ❯ Function.configureTestingModule node_modules/@angular/core/fesm2022/testing.mjs:1273:33
 ❯ src/app/shared/components/select/select.component.spec.ts:22:19
            </failure>
        </testcase>
        <testcase classname="src/app/shared/components/select/select.component.spec.ts" name="SelectComponent &gt; Label and Helper Text &gt; should display label when provided" time="0.000421323">
            <failure message="Component &apos;SelectComponent&apos; is not resolved:
 - templateUrl: ./select.component.html
 - styleUrl: ./select.component.scss
Did you run and wait for &apos;resolveComponentResources()&apos;?" type="Error">
Error: Component &apos;SelectComponent&apos; is not resolved:
 - templateUrl: ./select.component.html
 - styleUrl: ./select.component.scss
Did you run and wait for &apos;resolveComponentResources()&apos;?
 ❯ Function.get node_modules/@angular/core/fesm2022/_debug_node-chunk.mjs:17775:17
 ❯ getComponentDef node_modules/@angular/core/fesm2022/testing.mjs:1154:16
 ❯ isStandaloneComponent node_modules/@angular/core/fesm2022/testing.mjs:1150:15
 ❯ queueTypesFromModulesArrayRecur node_modules/@angular/core/fesm2022/testing.mjs:925:20
 ❯ TestBedCompiler.queueTypesFromModulesArray node_modules/@angular/core/fesm2022/testing.mjs:943:5
 ❯ TestBedCompiler.configureTestingModule node_modules/@angular/core/fesm2022/testing.mjs:567:12
 ❯ TestBedImpl.configureTestingModule node_modules/@angular/core/fesm2022/testing.mjs:1402:19
 ❯ Function.configureTestingModule node_modules/@angular/core/fesm2022/testing.mjs:1273:33
 ❯ src/app/shared/components/select/select.component.spec.ts:22:19
            </failure>
        </testcase>
        <testcase classname="src/app/shared/components/select/select.component.spec.ts" name="SelectComponent &gt; Label and Helper Text &gt; should not display label when not provided" time="0.000432933">
            <failure message="Component &apos;SelectComponent&apos; is not resolved:
 - templateUrl: ./select.component.html
 - styleUrl: ./select.component.scss
Did you run and wait for &apos;resolveComponentResources()&apos;?" type="Error">
Error: Component &apos;SelectComponent&apos; is not resolved:
 - templateUrl: ./select.component.html
 - styleUrl: ./select.component.scss
Did you run and wait for &apos;resolveComponentResources()&apos;?
 ❯ Function.get node_modules/@angular/core/fesm2022/_debug_node-chunk.mjs:17775:17
 ❯ getComponentDef node_modules/@angular/core/fesm2022/testing.mjs:1154:16
 ❯ isStandaloneComponent node_modules/@angular/core/fesm2022/testing.mjs:1150:15
 ❯ queueTypesFromModulesArrayRecur node_modules/@angular/core/fesm2022/testing.mjs:925:20
 ❯ TestBedCompiler.queueTypesFromModulesArray node_modules/@angular/core/fesm2022/testing.mjs:943:5
 ❯ TestBedCompiler.configureTestingModule node_modules/@angular/core/fesm2022/testing.mjs:567:12
 ❯ TestBedImpl.configureTestingModule node_modules/@angular/core/fesm2022/testing.mjs:1402:19
 ❯ Function.configureTestingModule node_modules/@angular/core/fesm2022/testing.mjs:1273:33
 ❯ src/app/shared/components/select/select.component.spec.ts:22:19
            </failure>
        </testcase>
        <testcase classname="src/app/shared/components/select/select.component.spec.ts" name="SelectComponent &gt; Label and Helper Text &gt; should display helper text when provided" time="0.000391592">
            <failure message="Component &apos;SelectComponent&apos; is not resolved:
 - templateUrl: ./select.component.html
 - styleUrl: ./select.component.scss
Did you run and wait for &apos;resolveComponentResources()&apos;?" type="Error">
Error: Component &apos;SelectComponent&apos; is not resolved:
 - templateUrl: ./select.component.html
 - styleUrl: ./select.component.scss
Did you run and wait for &apos;resolveComponentResources()&apos;?
 ❯ Function.get node_modules/@angular/core/fesm2022/_debug_node-chunk.mjs:17775:17
 ❯ getComponentDef node_modules/@angular/core/fesm2022/testing.mjs:1154:16
 ❯ isStandaloneComponent node_modules/@angular/core/fesm2022/testing.mjs:1150:15
 ❯ queueTypesFromModulesArrayRecur node_modules/@angular/core/fesm2022/testing.mjs:925:20
 ❯ TestBedCompiler.queueTypesFromModulesArray node_modules/@angular/core/fesm2022/testing.mjs:943:5
 ❯ TestBedCompiler.configureTestingModule node_modules/@angular/core/fesm2022/testing.mjs:567:12
 ❯ TestBedImpl.configureTestingModule node_modules/@angular/core/fesm2022/testing.mjs:1402:19
 ❯ Function.configureTestingModule node_modules/@angular/core/fesm2022/testing.mjs:1273:33
 ❯ src/app/shared/components/select/select.component.spec.ts:22:19
            </failure>
        </testcase>
        <testcase classname="src/app/shared/components/select/select.component.spec.ts" name="SelectComponent &gt; Label and Helper Text &gt; should show required indicator" time="0.00041539">
            <failure message="Component &apos;SelectComponent&apos; is not resolved:
 - templateUrl: ./select.component.html
 - styleUrl: ./select.component.scss
Did you run and wait for &apos;resolveComponentResources()&apos;?" type="Error">
Error: Component &apos;SelectComponent&apos; is not resolved:
 - templateUrl: ./select.component.html
 - styleUrl: ./select.component.scss
Did you run and wait for &apos;resolveComponentResources()&apos;?
 ❯ Function.get node_modules/@angular/core/fesm2022/_debug_node-chunk.mjs:17775:17
 ❯ getComponentDef node_modules/@angular/core/fesm2022/testing.mjs:1154:16
 ❯ isStandaloneComponent node_modules/@angular/core/fesm2022/testing.mjs:1150:15
 ❯ queueTypesFromModulesArrayRecur node_modules/@angular/core/fesm2022/testing.mjs:925:20
 ❯ TestBedCompiler.queueTypesFromModulesArray node_modules/@angular/core/fesm2022/testing.mjs:943:5
 ❯ TestBedCompiler.configureTestingModule node_modules/@angular/core/fesm2022/testing.mjs:567:12
 ❯ TestBedImpl.configureTestingModule node_modules/@angular/core/fesm2022/testing.mjs:1402:19
 ❯ Function.configureTestingModule node_modules/@angular/core/fesm2022/testing.mjs:1273:33
 ❯ src/app/shared/components/select/select.component.spec.ts:22:19
            </failure>
        </testcase>
        <testcase classname="src/app/shared/components/select/select.component.spec.ts" name="SelectComponent &gt; Label and Helper Text &gt; should show footer only when helper text is present" time="0.000408104">
            <failure message="Component &apos;SelectComponent&apos; is not resolved:
 - templateUrl: ./select.component.html
 - styleUrl: ./select.component.scss
Did you run and wait for &apos;resolveComponentResources()&apos;?" type="Error">
Error: Component &apos;SelectComponent&apos; is not resolved:
 - templateUrl: ./select.component.html
 - styleUrl: ./select.component.scss
Did you run and wait for &apos;resolveComponentResources()&apos;?
 ❯ Function.get node_modules/@angular/core/fesm2022/_debug_node-chunk.mjs:17775:17
 ❯ getComponentDef node_modules/@angular/core/fesm2022/testing.mjs:1154:16
 ❯ isStandaloneComponent node_modules/@angular/core/fesm2022/testing.mjs:1150:15
 ❯ queueTypesFromModulesArrayRecur node_modules/@angular/core/fesm2022/testing.mjs:925:20
 ❯ TestBedCompiler.queueTypesFromModulesArray node_modules/@angular/core/fesm2022/testing.mjs:943:5
 ❯ TestBedCompiler.configureTestingModule node_modules/@angular/core/fesm2022/testing.mjs:567:12
 ❯ TestBedImpl.configureTestingModule node_modules/@angular/core/fesm2022/testing.mjs:1402:19
 ❯ Function.configureTestingModule node_modules/@angular/core/fesm2022/testing.mjs:1273:33
 ❯ src/app/shared/components/select/select.component.spec.ts:22:19
            </failure>
        </testcase>
        <testcase classname="src/app/shared/components/select/select.component.spec.ts" name="SelectComponent &gt; Accessibility &gt; should have required aria-label" time="0.000403521">
            <failure message="Component &apos;SelectComponent&apos; is not resolved:
 - templateUrl: ./select.component.html
 - styleUrl: ./select.component.scss
Did you run and wait for &apos;resolveComponentResources()&apos;?" type="Error">
Error: Component &apos;SelectComponent&apos; is not resolved:
 - templateUrl: ./select.component.html
 - styleUrl: ./select.component.scss
Did you run and wait for &apos;resolveComponentResources()&apos;?
 ❯ Function.get node_modules/@angular/core/fesm2022/_debug_node-chunk.mjs:17775:17
 ❯ getComponentDef node_modules/@angular/core/fesm2022/testing.mjs:1154:16
 ❯ isStandaloneComponent node_modules/@angular/core/fesm2022/testing.mjs:1150:15
 ❯ queueTypesFromModulesArrayRecur node_modules/@angular/core/fesm2022/testing.mjs:925:20
 ❯ TestBedCompiler.queueTypesFromModulesArray node_modules/@angular/core/fesm2022/testing.mjs:943:5
 ❯ TestBedCompiler.configureTestingModule node_modules/@angular/core/fesm2022/testing.mjs:567:12
 ❯ TestBedImpl.configureTestingModule node_modules/@angular/core/fesm2022/testing.mjs:1402:19
 ❯ Function.configureTestingModule node_modules/@angular/core/fesm2022/testing.mjs:1273:33
 ❯ src/app/shared/components/select/select.component.spec.ts:22:19
            </failure>
        </testcase>
        <testcase classname="src/app/shared/components/select/select.component.spec.ts" name="SelectComponent &gt; Accessibility &gt; should set aria-expanded" time="0.000411152">
            <failure message="Component &apos;SelectComponent&apos; is not resolved:
 - templateUrl: ./select.component.html
 - styleUrl: ./select.component.scss
Did you run and wait for &apos;resolveComponentResources()&apos;?" type="Error">
Error: Component &apos;SelectComponent&apos; is not resolved:
 - templateUrl: ./select.component.html
 - styleUrl: ./select.component.scss
Did you run and wait for &apos;resolveComponentResources()&apos;?
 ❯ Function.get node_modules/@angular/core/fesm2022/_debug_node-chunk.mjs:17775:17
 ❯ getComponentDef node_modules/@angular/core/fesm2022/testing.mjs:1154:16
 ❯ isStandaloneComponent node_modules/@angular/core/fesm2022/testing.mjs:1150:15
 ❯ queueTypesFromModulesArrayRecur node_modules/@angular/core/fesm2022/testing.mjs:925:20
 ❯ TestBedCompiler.queueTypesFromModulesArray node_modules/@angular/core/fesm2022/testing.mjs:943:5
 ❯ TestBedCompiler.configureTestingModule node_modules/@angular/core/fesm2022/testing.mjs:567:12
 ❯ TestBedImpl.configureTestingModule node_modules/@angular/core/fesm2022/testing.mjs:1402:19
 ❯ Function.configureTestingModule node_modules/@angular/core/fesm2022/testing.mjs:1273:33
 ❯ src/app/shared/components/select/select.component.spec.ts:22:19
            </failure>
        </testcase>
        <testcase classname="src/app/shared/components/select/select.component.spec.ts" name="SelectComponent &gt; Accessibility &gt; should set aria-required when required" time="0.000436583">
            <failure message="Component &apos;SelectComponent&apos; is not resolved:
 - templateUrl: ./select.component.html
 - styleUrl: ./select.component.scss
Did you run and wait for &apos;resolveComponentResources()&apos;?" type="Error">
Error: Component &apos;SelectComponent&apos; is not resolved:
 - templateUrl: ./select.component.html
 - styleUrl: ./select.component.scss
Did you run and wait for &apos;resolveComponentResources()&apos;?
 ❯ Function.get node_modules/@angular/core/fesm2022/_debug_node-chunk.mjs:17775:17
 ❯ getComponentDef node_modules/@angular/core/fesm2022/testing.mjs:1154:16
 ❯ isStandaloneComponent node_modules/@angular/core/fesm2022/testing.mjs:1150:15
 ❯ queueTypesFromModulesArrayRecur node_modules/@angular/core/fesm2022/testing.mjs:925:20
 ❯ TestBedCompiler.queueTypesFromModulesArray node_modules/@angular/core/fesm2022/testing.mjs:943:5
 ❯ TestBedCompiler.configureTestingModule node_modules/@angular/core/fesm2022/testing.mjs:567:12
 ❯ TestBedImpl.configureTestingModule node_modules/@angular/core/fesm2022/testing.mjs:1402:19
 ❯ Function.configureTestingModule node_modules/@angular/core/fesm2022/testing.mjs:1273:33
 ❯ src/app/shared/components/select/select.component.spec.ts:22:19
            </failure>
        </testcase>
        <testcase classname="src/app/shared/components/select/select.component.spec.ts" name="SelectComponent &gt; Accessibility &gt; should set aria-invalid when validation fails" time="0.000408971">
            <failure message="Component &apos;SelectComponent&apos; is not resolved:
 - templateUrl: ./select.component.html
 - styleUrl: ./select.component.scss
Did you run and wait for &apos;resolveComponentResources()&apos;?" type="Error">
Error: Component &apos;SelectComponent&apos; is not resolved:
 - templateUrl: ./select.component.html
 - styleUrl: ./select.component.scss
Did you run and wait for &apos;resolveComponentResources()&apos;?
 ❯ Function.get node_modules/@angular/core/fesm2022/_debug_node-chunk.mjs:17775:17
 ❯ getComponentDef node_modules/@angular/core/fesm2022/testing.mjs:1154:16
 ❯ isStandaloneComponent node_modules/@angular/core/fesm2022/testing.mjs:1150:15
 ❯ queueTypesFromModulesArrayRecur node_modules/@angular/core/fesm2022/testing.mjs:925:20
 ❯ TestBedCompiler.queueTypesFromModulesArray node_modules/@angular/core/fesm2022/testing.mjs:943:5
 ❯ TestBedCompiler.configureTestingModule node_modules/@angular/core/fesm2022/testing.mjs:567:12
 ❯ TestBedImpl.configureTestingModule node_modules/@angular/core/fesm2022/testing.mjs:1402:19
 ❯ Function.configureTestingModule node_modules/@angular/core/fesm2022/testing.mjs:1273:33
 ❯ src/app/shared/components/select/select.component.spec.ts:22:19
            </failure>
        </testcase>
        <testcase classname="src/app/shared/components/select/select.component.spec.ts" name="SelectComponent &gt; Accessibility &gt; should set aria-describedby when helper text is present" time="0.000397215">
            <failure message="Component &apos;SelectComponent&apos; is not resolved:
 - templateUrl: ./select.component.html
 - styleUrl: ./select.component.scss
Did you run and wait for &apos;resolveComponentResources()&apos;?" type="Error">
Error: Component &apos;SelectComponent&apos; is not resolved:
 - templateUrl: ./select.component.html
 - styleUrl: ./select.component.scss
Did you run and wait for &apos;resolveComponentResources()&apos;?
 ❯ Function.get node_modules/@angular/core/fesm2022/_debug_node-chunk.mjs:17775:17
 ❯ getComponentDef node_modules/@angular/core/fesm2022/testing.mjs:1154:16
 ❯ isStandaloneComponent node_modules/@angular/core/fesm2022/testing.mjs:1150:15
 ❯ queueTypesFromModulesArrayRecur node_modules/@angular/core/fesm2022/testing.mjs:925:20
 ❯ TestBedCompiler.queueTypesFromModulesArray node_modules/@angular/core/fesm2022/testing.mjs:943:5
 ❯ TestBedCompiler.configureTestingModule node_modules/@angular/core/fesm2022/testing.mjs:567:12
[...]
 ❯ isStandaloneComponent node_modules/@angular/core/fesm2022/testing.mjs:1150:15
 ❯ queueTypesFromModulesArrayRecur node_modules/@angular/core/fesm2022/testing.mjs:925:20
 ❯ TestBedCompiler.queueTypesFromModulesArray node_modules/@angular/core/fesm2022/testing.mjs:943:5
 ❯ TestBedCompiler.configureTestingModule node_modules/@angular/core/fesm2022/testing.mjs:567:12
 ❯ TestBedImpl.configureTestingModule node_modules/@angular/core/fesm2022/testing.mjs:1402:19
 ❯ Function.configureTestingModule node_modules/@angular/core/fesm2022/testing.mjs:1273:33
 ❯ src/app/shared/components/select/select.component.spec.ts:22:19
            </failure>
        </testcase>
        <testcase classname="src/app/shared/components/select/select.component.spec.ts" name="SelectComponent &gt; Value Sync &gt; should handle array value in multiple mode" time="0.000381665">
            <failure message="Component &apos;SelectComponent&apos; is not resolved:
 - templateUrl: ./select.component.html
 - styleUrl: ./select.component.scss
Did you run and wait for &apos;resolveComponentResources()&apos;?" type="Error">
Error: Component &apos;SelectComponent&apos; is not resolved:
 - templateUrl: ./select.component.html
 - styleUrl: ./select.component.scss
Did you run and wait for &apos;resolveComponentResources()&apos;?
 ❯ Function.get node_modules/@angular/core/fesm2022/_debug_node-chunk.mjs:17775:17
 ❯ getComponentDef node_modules/@angular/core/fesm2022/testing.mjs:1154:16
 ❯ isStandaloneComponent node_modules/@angular/core/fesm2022/testing.mjs:1150:15
 ❯ queueTypesFromModulesArrayRecur node_modules/@angular/core/fesm2022/testing.mjs:925:20
 ❯ TestBedCompiler.queueTypesFromModulesArray node_modules/@angular/core/fesm2022/testing.mjs:943:5
 ❯ TestBedCompiler.configureTestingModule node_modules/@angular/core/fesm2022/testing.mjs:567:12
 ❯ TestBedImpl.configureTestingModule node_modules/@angular/core/fesm2022/testing.mjs:1402:19
 ❯ Function.configureTestingModule node_modules/@angular/core/fesm2022/testing.mjs:1273:33
 ❯ src/app/shared/components/select/select.component.spec.ts:22:19
            </failure>
        </testcase>
        <testcase classname="src/app/shared/components/select/select.component.spec.ts" name="SelectComponent &gt; Edge Cases &gt; should handle empty options array" time="0.000358126">
            <failure message="Component &apos;SelectComponent&apos; is not resolved:
 - templateUrl: ./select.component.html
 - styleUrl: ./select.component.scss
Did you run and wait for &apos;resolveComponentResources()&apos;?" type="Error">
Error: Component &apos;SelectComponent&apos; is not resolved:
 - templateUrl: ./select.component.html
 - styleUrl: ./select.component.scss
Did you run and wait for &apos;resolveComponentResources()&apos;?
 ❯ Function.get node_modules/@angular/core/fesm2022/_debug_node-chunk.mjs:17775:17
 ❯ getComponentDef node_modules/@angular/core/fesm2022/testing.mjs:1154:16
 ❯ isStandaloneComponent node_modules/@angular/core/fesm2022/testing.mjs:1150:15
 ❯ queueTypesFromModulesArrayRecur node_modules/@angular/core/fesm2022/testing.mjs:925:20
 ❯ TestBedCompiler.queueTypesFromModulesArray node_modules/@angular/core/fesm2022/testing.mjs:943:5
 ❯ TestBedCompiler.configureTestingModule node_modules/@angular/core/fesm2022/testing.mjs:567:12
 ❯ TestBedImpl.configureTestingModule node_modules/@angular/core/fesm2022/testing.mjs:1402:19
 ❯ Function.configureTestingModule node_modules/@angular/core/fesm2022/testing.mjs:1273:33
 ❯ src/app/shared/components/select/select.component.spec.ts:22:19
            </failure>
        </testcase>
        <testcase classname="src/app/shared/components/select/select.component.spec.ts" name="SelectComponent &gt; Edge Cases &gt; should handle selecting from filtered results" time="0.000379193">
            <failure message="Component &apos;SelectComponent&apos; is not resolved:
 - templateUrl: ./select.component.html
 - styleUrl: ./select.component.scss
Did you run and wait for &apos;resolveComponentResources()&apos;?" type="Error">
Error: Component &apos;SelectComponent&apos; is not resolved:
 - templateUrl: ./select.component.html
 - styleUrl: ./select.component.scss
Did you run and wait for &apos;resolveComponentResources()&apos;?
 ❯ Function.get node_modules/@angular/core/fesm2022/_debug_node-chunk.mjs:17775:17
 ❯ getComponentDef node_modules/@angular/core/fesm2022/testing.mjs:1154:16
 ❯ isStandaloneComponent node_modules/@angular/core/fesm2022/testing.mjs:1150:15
 ❯ queueTypesFromModulesArrayRecur node_modules/@angular/core/fesm2022/testing.mjs:925:20
 ❯ TestBedCompiler.queueTypesFromModulesArray node_modules/@angular/core/fesm2022/testing.mjs:943:5
 ❯ TestBedCompiler.configureTestingModule node_modules/@angular/core/fesm2022/testing.mjs:567:12
 ❯ TestBedImpl.configureTestingModule node_modules/@angular/core/fesm2022/testing.mjs:1402:19
 ❯ Function.configureTestingModule node_modules/@angular/core/fesm2022/testing.mjs:1273:33
 ❯ src/app/shared/components/select/select.component.spec.ts:22:19
            </failure>
        </testcase>
        <testcase classname="src/app/shared/components/select/select.component.spec.ts" name="SelectComponent &gt; Edge Cases &gt; should reset search query when closing dropdown" time="0.000382124">
            <failure message="Component &apos;SelectComponent&apos; is not resolved:
 - templateUrl: ./select.component.html
 - styleUrl: ./select.component.scss
Did you run and wait for &apos;resolveComponentResources()&apos;?" type="Error">
Error: Component &apos;SelectComponent&apos; is not resolved:
 - templateUrl: ./select.component.html
 - styleUrl: ./select.component.scss
Did you run and wait for &apos;resolveComponentResources()&apos;?
 ❯ Function.get node_modules/@angular/core/fesm2022/_debug_node-chunk.mjs:17775:17
 ❯ getComponentDef node_modules/@angular/core/fesm2022/testing.mjs:1154:16
 ❯ isStandaloneComponent node_modules/@angular/core/fesm2022/testing.mjs:1150:15
 ❯ queueTypesFromModulesArrayRecur node_modules/@angular/core/fesm2022/testing.mjs:925:20
 ❯ TestBedCompiler.queueTypesFromModulesArray node_modules/@angular/core/fesm2022/testing.mjs:943:5
 ❯ TestBedCompiler.configureTestingModule node_modules/@angular/core/fesm2022/testing.mjs:567:12
 ❯ TestBedImpl.configureTestingModule node_modules/@angular/core/fesm2022/testing.mjs:1402:19
 ❯ Function.configureTestingModule node_modules/@angular/core/fesm2022/testing.mjs:1273:33
 ❯ src/app/shared/components/select/select.component.spec.ts:22:19
            </failure>
        </testcase>
        <testcase classname="src/app/shared/components/select/select.component.spec.ts" name="SelectComponent &gt; Edge Cases &gt; should handle highlighting out of bounds" time="0.000369093">
            <failure message="Component &apos;SelectComponent&apos; is not resolved:
 - templateUrl: ./select.component.html
 - styleUrl: ./select.component.scss
Did you run and wait for &apos;resolveComponentResources()&apos;?" type="Error">
Error: Component &apos;SelectComponent&apos; is not resolved:
 - templateUrl: ./select.component.html
 - styleUrl: ./select.component.scss
Did you run and wait for &apos;resolveComponentResources()&apos;?
 ❯ Function.get node_modules/@angular/core/fesm2022/_debug_node-chunk.mjs:17775:17
 ❯ getComponentDef node_modules/@angular/core/fesm2022/testing.mjs:1154:16
 ❯ isStandaloneComponent node_modules/@angular/core/fesm2022/testing.mjs:1150:15
 ❯ queueTypesFromModulesArrayRecur node_modules/@angular/core/fesm2022/testing.mjs:925:20
 ❯ TestBedCompiler.queueTypesFromModulesArray node_modules/@angular/core/fesm2022/testing.mjs:943:5
 ❯ TestBedCompiler.configureTestingModule node_modules/@angular/core/fesm2022/testing.mjs:567:12
 ❯ TestBedImpl.configureTestingModule node_modules/@angular/core/fesm2022/testing.mjs:1402:19
 ❯ Function.configureTestingModule node_modules/@angular/core/fesm2022/testing.mjs:1273:33
 ❯ src/app/shared/components/select/select.component.spec.ts:22:19
            </failure>
        </testcase>
        <testcase classname="src/app/shared/components/select/select.component.spec.ts" name="SelectComponent &gt; Branch Coverage Improvements &gt; should return all options if query is present but searchable is false" time="0.000374736">
            <failure message="Component &apos;SelectComponent&apos; is not resolved:
 - templateUrl: ./select.component.html
 - styleUrl: ./select.component.scss
Did you run and wait for &apos;resolveComponentResources()&apos;?" type="Error">
Error: Component &apos;SelectComponent&apos; is not resolved:
 - templateUrl: ./select.component.html
 - styleUrl: ./select.component.scss
Did you run and wait for &apos;resolveComponentResources()&apos;?
 ❯ Function.get node_modules/@angular/core/fesm2022/_debug_node-chunk.mjs:17775:17
 ❯ getComponentDef node_modules/@angular/core/fesm2022/testing.mjs:1154:16
 ❯ isStandaloneComponent node_modules/@angular/core/fesm2022/testing.mjs:1150:15
 ❯ queueTypesFromModulesArrayRecur node_modules/@angular/core/fesm2022/testing.mjs:925:20
 ❯ TestBedCompiler.queueTypesFromModulesArray node_modules/@angular/core/fesm2022/testing.mjs:943:5
 ❯ TestBedCompiler.configureTestingModule node_modules/@angular/core/fesm2022/testing.mjs:567:12
 ❯ TestBedImpl.configureTestingModule node_modules/@angular/core/fesm2022/testing.mjs:1402:19
 ❯ Function.configureTestingModule node_modules/@angular/core/fesm2022/testing.mjs:1273:33
 ❯ src/app/shared/components/select/select.component.spec.ts:22:19
            </failure>
        </testcase>
        <testcase classname="src/app/shared/components/select/select.component.spec.ts" name="SelectComponent &gt; Branch Coverage Improvements &gt; should open dropdown on ArrowDown if closed" time="0.000300915">
            <failure message="Component &apos;SelectComponent&apos; is not resolved:
 - templateUrl: ./select.component.html
 - styleUrl: ./select.component.scss
Did you run and wait for &apos;resolveComponentResources()&apos;?" type="Error">
Error: Component &apos;SelectComponent&apos; is not resolved:
 - templateUrl: ./select.component.html
 - styleUrl: ./select.component.scss
Did you run and wait for &apos;resolveComponentResources()&apos;?
 ❯ Function.get node_modules/@angular/core/fesm2022/_debug_node-chunk.mjs:17775:17
 ❯ getComponentDef node_modules/@angular/core/fesm2022/testing.mjs:1154:16
 ❯ isStandaloneComponent node_modules/@angular/core/fesm2022/testing.mjs:1150:15
 ❯ queueTypesFromModulesArrayRecur node_modules/@angular/core/fesm2022/testing.mjs:925:20
 ❯ TestBedCompiler.queueTypesFromModulesArray node_modules/@angular/core/fesm2022/testing.mjs:943:5
 ❯ TestBedCompiler.configureTestingModule node_modules/@angular/core/fesm2022/testing.mjs:567:12
 ❯ TestBedImpl.configureTestingModule node_modules/@angular/core/fesm2022/testing.mjs:1402:19
 ❯ Function.configureTestingModule node_modules/@angular/core/fesm2022/testing.mjs:1273:33
 ❯ src/app/shared/components/select/select.component.spec.ts:22:19
            </failure>
        </testcase>
        <testcase classname="src/app/shared/components/select/select.component.spec.ts" name="SelectComponent &gt; Branch Coverage Improvements &gt; should open dropdown on ArrowUp if closed" time="0.00026207">
            <failure message="Component &apos;SelectComponent&apos; is not resolved:
 - templateUrl: ./select.component.html
 - styleUrl: ./select.component.scss
Did you run and wait for &apos;resolveComponentResources()&apos;?" type="Error">
Error: Component &apos;SelectComponent&apos; is not resolved:
 - templateUrl: ./select.component.html
 - styleUrl: ./select.component.scss
Did you run and wait for &apos;resolveComponentResources()&apos;?
 ❯ Function.get node_modules/@angular/core/fesm2022/_debug_node-chunk.mjs:17775:17
 ❯ getComponentDef node_modules/@angular/core/fesm2022/testing.mjs:1154:16
 ❯ isStandaloneComponent node_modules/@angular/core/fesm2022/testing.mjs:1150:15
 ❯ queueTypesFromModulesArrayRecur node_modules/@angular/core/fesm2022/testing.mjs:925:20
 ❯ TestBedCompiler.queueTypesFromModulesArray node_modules/@angular/core/fesm2022/testing.mjs:943:5
 ❯ TestBedCompiler.configureTestingModule node_modules/@angular/core/fesm2022/testing.mjs:567:12
 ❯ TestBedImpl.configureTestingModule node_modules/@angular/core/fesm2022/testing.mjs:1402:19
 ❯ Function.configureTestingModule node_modules/@angular/core/fesm2022/testing.mjs:1273:33
 ❯ src/app/shared/components/select/select.component.spec.ts:22:19
            </failure>
        </testcase>
        <testcase classname="src/app/shared/components/select/select.component.spec.ts" name="SelectComponent &gt; Branch Coverage Improvements &gt; should skip multiple disabled options during navigation" time="0.000275325">
            <failure message="Component &apos;SelectComponent&apos; is not resolved:
 - templateUrl: ./select.component.html
 - styleUrl: ./select.component.scss
Did you run and wait for &apos;resolveComponentResources()&apos;?" type="Error">
Error: Component &apos;SelectComponent&apos; is not resolved:
 - templateUrl: ./select.component.html
 - styleUrl: ./select.component.scss
Did you run and wait for &apos;resolveComponentResources()&apos;?
 ❯ Function.get node_modules/@angular/core/fesm2022/_debug_node-chunk.mjs:17775:17
 ❯ getComponentDef node_modules/@angular/core/fesm2022/testing.mjs:1154:16
 ❯ isStandaloneComponent node_modules/@angular/core/fesm2022/testing.mjs:1150:15
 ❯ queueTypesFromModulesArrayRecur node_modules/@angular/core/fesm2022/testing.mjs:925:20
 ❯ TestBedCompiler.queueTypesFromModulesArray node_modules/@angular/core/fesm2022/testing.mjs:943:5
 ❯ TestBedCompiler.configureTestingModule node_modules/@angular/core/fesm2022/testing.mjs:567:12
 ❯ TestBedImpl.configureTestingModule node_modules/@angular/core/fesm2022/testing.mjs:1402:19
 ❯ Function.configureTestingModule node_modules/@angular/core/fesm2022/testing.mjs:1273:33
 ❯ src/app/shared/components/select/select.component.spec.ts:22:19
            </failure>
        </testcase>
        <testcase classname="src/app/shared/components/select/select.component.spec.ts" name="SelectComponent &gt; Branch Coverage Improvements &gt; should stop at last enabled option if all following are disabled" time="0.000262849">
            <failure message="Component &apos;SelectComponent&apos; is not resolved:
 - templateUrl: ./select.component.html
 - styleUrl: ./select.component.scss
Did you run and wait for &apos;resolveComponentResources()&apos;?" type="Error">
Error: Component &apos;SelectComponent&apos; is not resolved:
 - templateUrl: ./select.component.html
 - styleUrl: ./select.component.scss
Did you run and wait for &apos;resolveComponentResources()&apos;?
 ❯ Function.get node_modules/@angular/core/fesm2022/_debug_node-chunk.mjs:17775:17
 ❯ getComponentDef node_modules/@angular/core/fesm2022/testing.mjs:1154:16
 ❯ isStandaloneComponent node_modules/@angular/core/fesm2022/testing.mjs:1150:15
 ❯ queueTypesFromModulesArrayRecur node_modules/@angular/core/fesm2022/testing.mjs:925:20
 ❯ TestBedCompiler.queueTypesFromModulesArray node_modules/@angular/core/fesm2022/testing.mjs:943:5
 ❯ TestBedCompiler.configureTestingModule node_modules/@angular/core/fesm2022/testing.mjs:567:12
 ❯ TestBedImpl.configureTestingModule node_modules/@angular/core/fesm2022/testing.mjs:1402:19
 ❯ Function.configureTestingModule node_modules/@angular/core/fesm2022/testing.mjs:1273:33
 ❯ src/app/shared/components/select/select.component.spec.ts:22:19
            </failure>
        </testcase>
        <testcase classname="src/app/shared/components/select/select.component.spec.ts" name="SelectComponent &gt; Branch Coverage Improvements &gt; should combine helperTextId and ariaDescribedBy" time="0.000258318">
            <failure message="Component &apos;SelectComponent&apos; is not resolved:
 - templateUrl: ./select.component.html
 - styleUrl: ./select.component.scss
Did you run and wait for &apos;resolveComponentResources()&apos;?" type="Error">
Error: Component &apos;SelectComponent&apos; is not resolved:
 - templateUrl: ./select.component.html
 - styleUrl: ./select.component.scss
Did you run and wait for &apos;resolveComponentResources()&apos;?
 ❯ Function.get node_modules/@angular/core/fesm2022/_debug_node-chunk.mjs:17775:17
 ❯ getComponentDef node_modules/@angular/core/fesm2022/testing.mjs:1154:16
 ❯ isStandaloneComponent node_modules/@angular/core/fesm2022/testing.mjs:1150:15
 ❯ queueTypesFromModulesArrayRecur node_modules/@angular/core/fesm2022/testing.mjs:925:20
 ❯ TestBedCompiler.queueTypesFromModulesArray node_modules/@angular/core/fesm2022/testing.mjs:943:5
 ❯ TestBedCompiler.configureTestingModule node_modules/@angular/core/fesm2022/testing.mjs:567:12
 ❯ TestBedImpl.configureTestingModule node_modules/@angular/core/fesm2022/testing.mjs:1402:19
 ❯ Function.configureTestingModule node_modules/@angular/core/fesm2022/testing.mjs:1273:33
 ❯ src/app/shared/components/select/select.component.spec.ts:22:19
            </failure>
        </testcase>
        <testcase classname="src/app/shared/components/select/select.component.spec.ts" name="SelectComponent &gt; Branch Coverage Improvements &gt; should not do anything when closing closed dropdown" time="0.000259594">
            <failure message="Component &apos;SelectComponent&apos; is not resolved:
 - templateUrl: ./select.component.html
 - styleUrl: ./select.component.scss
Did you run and wait for &apos;resolveComponentResources()&apos;?" type="Error">
Error: Component &apos;SelectComponent&apos; is not resolved:
 - templateUrl: ./select.component.html
 - styleUrl: ./select.component.scss
Did you run and wait for &apos;resolveComponentResources()&apos;?
 ❯ Function.get node_modules/@angular/core/fesm2022/_debug_node-chunk.mjs:17775:17
 ❯ getComponentDef node_modules/@angular/core/fesm2022/testing.mjs:1154:16
 ❯ isStandaloneComponent node_modules/@angular/core/fesm2022/testing.mjs:1150:15
 ❯ queueTypesFromModulesArrayRecur node_modules/@angular/core/fesm2022/testing.mjs:925:20
 ❯ TestBedCompiler.queueTypesFromModulesArray node_modules/@angular/core/fesm2022/testing.mjs:943:5
 ❯ TestBedCompiler.configureTestingModule node_modules/@angular/core/fesm2022/testing.mjs:567:12
 ❯ TestBedImpl.configureTestingModule node_modules/@angular/core/fesm2022/testing.mjs:1402:19
 ❯ Function.configureTestingModule node_modules/@angular/core/fesm2022/testing.mjs:1273:33
 ❯ src/app/shared/components/select/select.component.spec.ts:22:19
            </failure>
        </testcase>
        <testcase classname="src/app/shared/components/select/select.component.spec.ts" name="SelectComponent &gt; Branch Coverage Improvements &gt; should focus search input when opening in searchable mode" time="0.000268723">
            <failure message="Component &apos;SelectComponent&apos; is not resolved:
 - templateUrl: ./select.component.html
 - styleUrl: ./select.component.scss
Did you run and wait for &apos;resolveComponentResources()&apos;?" type="Error">
Error: Component &apos;SelectComponent&apos; is not resolved:
 - templateUrl: ./select.component.html
 - styleUrl: ./select.component.scss
Did you run and wait for &apos;resolveComponentResources()&apos;?
 ❯ Function.get node_modules/@angular/core/fesm2022/_debug_node-chunk.mjs:17775:17
 ❯ getComponentDef node_modules/@angular/core/fesm2022/testing.mjs:1154:16
 ❯ isStandaloneComponent node_modules/@angular/core/fesm2022/testing.mjs:1150:15
 ❯ queueTypesFromModulesArrayRecur node_modules/@angular/core/fesm2022/testing.mjs:925:20
 ❯ TestBedCompiler.queueTypesFromModulesArray node_modules/@angular/core/fesm2022/testing.mjs:943:5
 ❯ TestBedCompiler.configureTestingModule node_modules/@angular/core/fesm2022/testing.mjs:567:12
 ❯ TestBedImpl.configureTestingModule node_modules/@angular/core/fesm2022/testing.mjs:1402:19
 ❯ Function.configureTestingModule node_modules/@angular/core/fesm2022/testing.mjs:1273:33
 ❯ src/app/shared/components/select/select.component.spec.ts:22:19
            </failure>
        </testcase>
    </testsuite>
</testsuites>
