<?xml version="1.0" encoding="UTF-8" ?>
<testsuites name="vitest tests" tests="5" failures="5" errors="0" time="0.011541388">
    <testsuite name="src/app/features/architecture/viewer/adr-viewer.component.spec.ts" timestamp="2026-01-24T16:23:58.244Z" hostname="jay-MS-7971" tests="4" failures="4" errors="0" skipped="0" time="0.011541388">
        <testcase classname="src/app/features/architecture/viewer/adr-viewer.component.spec.ts" name="AdrViewerComponent &gt; should create" time="0.005338962">
            <failure message="Need to call TestBed.initTestEnvironment() first" type="Error">
Error: Need to call TestBed.initTestEnvironment() first
 ❯ TestBedImpl.get compiler [as compiler] node_modules/@angular/core/fesm2022/testing.mjs:1486:13
 ❯ TestBedImpl.configureTestingModule node_modules/@angular/core/fesm2022/testing.mjs:1402:10
 ❯ Function.configureTestingModule node_modules/@angular/core/fesm2022/testing.mjs:1273:33
 ❯ src/app/features/architecture/viewer/adr-viewer.component.spec.ts:40:19
            </failure>
        </testcase>
        <testcase classname="src/app/features/architecture/viewer/adr-viewer.component.spec.ts" name="AdrViewerComponent &gt; should render ADR title and content" time="0.003306379">
            <failure message="Component &apos;AdrViewerComponent&apos; is not resolved:
 - templateUrl: ./adr-viewer.component.html
 - styleUrls: [&quot;./adr-viewer.component.scss&quot;]
Did you run and wait for &apos;resolveComponentResources()&apos;?" type="Error">
Error: Component &apos;AdrViewerComponent&apos; is not resolved:
 - templateUrl: ./adr-viewer.component.html
 - styleUrls: [&quot;./adr-viewer.component.scss&quot;]
Did you run and wait for &apos;resolveComponentResources()&apos;?
 ❯ Function.get node_modules/@angular/core/fesm2022/_debug_node-chunk.mjs:17807:17
 ❯ getComponentDef node_modules/@angular/core/fesm2022/testing.mjs:1154:16
 ❯ isStandaloneComponent node_modules/@angular/core/fesm2022/testing.mjs:1150:15
 ❯ queueTypesFromModulesArrayRecur node_modules/@angular/core/fesm2022/testing.mjs:925:20
 ❯ TestBedCompiler.queueTypesFromModulesArray node_modules/@angular/core/fesm2022/testing.mjs:943:5
 ❯ TestBedCompiler.configureTestingModule node_modules/@angular/core/fesm2022/testing.mjs:567:12
 ❯ TestBedImpl.configureTestingModule node_modules/@angular/core/fesm2022/testing.mjs:1402:19
 ❯ Function.configureTestingModule node_modules/@angular/core/fesm2022/testing.mjs:1273:33
 ❯ src/app/features/architecture/viewer/adr-viewer.component.spec.ts:40:19
            </failure>
        </testcase>
        <testcase classname="src/app/features/architecture/viewer/adr-viewer.component.spec.ts" name="AdrViewerComponent &gt; should call loadAdrs if store is empty" time="0.000730974">
            <failure message="Component &apos;AdrViewerComponent&apos; is not resolved:
 - templateUrl: ./adr-viewer.component.html
 - styleUrls: [&quot;./adr-viewer.component.scss&quot;]
Did you run and wait for &apos;resolveComponentResources()&apos;?" type="Error">
Error: Component &apos;AdrViewerComponent&apos; is not resolved:
 - templateUrl: ./adr-viewer.component.html
 - styleUrls: [&quot;./adr-viewer.component.scss&quot;]
Did you run and wait for &apos;resolveComponentResources()&apos;?
 ❯ Function.get node_modules/@angular/core/fesm2022/_debug_node-chunk.mjs:17807:17
 ❯ getComponentDef node_modules/@angular/core/fesm2022/testing.mjs:1154:16
 ❯ isStandaloneComponent node_modules/@angular/core/fesm2022/testing.mjs:1150:15
 ❯ queueTypesFromModulesArrayRecur node_modules/@angular/core/fesm2022/testing.mjs:925:20
 ❯ TestBedCompiler.queueTypesFromModulesArray node_modules/@angular/core/fesm2022/testing.mjs:943:5
 ❯ TestBedCompiler.configureTestingModule node_modules/@angular/core/fesm2022/testing.mjs:567:12
 ❯ TestBedImpl.configureTestingModule node_modules/@angular/core/fesm2022/testing.mjs:1402:19
 ❯ Function.configureTestingModule node_modules/@angular/core/fesm2022/testing.mjs:1273:33
 ❯ src/app/features/architecture/viewer/adr-viewer.component.spec.ts:40:19
            </failure>
        </testcase>
        <testcase classname="src/app/features/architecture/viewer/adr-viewer.component.spec.ts" name="AdrViewerComponent &gt; should call loadContent with correct ID" time="0.000757092">
            <failure message="Component &apos;AdrViewerComponent&apos; is not resolved:
 - templateUrl: ./adr-viewer.component.html
 - styleUrls: [&quot;./adr-viewer.component.scss&quot;]
Did you run and wait for &apos;resolveComponentResources()&apos;?" type="Error">
Error: Component &apos;AdrViewerComponent&apos; is not resolved:
 - templateUrl: ./adr-viewer.component.html
 - styleUrls: [&quot;./adr-viewer.component.scss&quot;]
Did you run and wait for &apos;resolveComponentResources()&apos;?
 ❯ Function.get node_modules/@angular/core/fesm2022/_debug_node-chunk.mjs:17807:17
 ❯ getComponentDef node_modules/@angular/core/fesm2022/testing.mjs:1154:16
 ❯ isStandaloneComponent node_modules/@angular/core/fesm2022/testing.mjs:1150:15
 ❯ queueTypesFromModulesArrayRecur node_modules/@angular/core/fesm2022/testing.mjs:925:20
 ❯ TestBedCompiler.queueTypesFromModulesArray node_modules/@angular/core/fesm2022/testing.mjs:943:5
 ❯ TestBedCompiler.configureTestingModule node_modules/@angular/core/fesm2022/testing.mjs:567:12
 ❯ TestBedImpl.configureTestingModule node_modules/@angular/core/fesm2022/testing.mjs:1402:19
 ❯ Function.configureTestingModule node_modules/@angular/core/fesm2022/testing.mjs:1273:33
 ❯ src/app/features/architecture/viewer/adr-viewer.component.spec.ts:40:19
            </failure>
        </testcase>
    </testsuite>
    <testsuite name="src/app/features/blog/blog-detail/blog-detail.component.spec.ts" timestamp="2026-01-24T16:23:58.250Z" hostname="jay-MS-7971" tests="1" failures="1" errors="0" skipped="0" time="0">
        <testcase classname="src/app/features/blog/blog-detail/blog-detail.component.spec.ts" name="src/app/features/blog/blog-detail/blog-detail.component.spec.ts" time="0">
            <system-err>
JIT compilation failed for injectable [36m[class PlatformLocation][39m

            </system-err>
            <failure message="The injectable &apos;PlatformLocation&apos; needs to be compiled using the JIT compiler, but &apos;@angular/compiler&apos; is not available.

The injectable is part of a library that has been partially compiled.
However, the Angular Linker has not processed the library such that JIT compilation is used as fallback.

Ideally, the library is processed using the Angular Linker to become fully AOT compiled.
Alternatively, the JIT compiler should be loaded by bootstrapping using &apos;@angular/platform-browser-dynamic&apos; or &apos;@angular/platform-server&apos;,
or manually provide the compiler with &apos;import &quot;@angular/compiler&quot;;&apos; before bootstrapping." type="Error">
Error: The injectable &apos;PlatformLocation&apos; needs to be compiled using the JIT compiler, but &apos;@angular/compiler&apos; is not available.

The injectable is part of a library that has been partially compiled.
However, the Angular Linker has not processed the library such that JIT compilation is used as fallback.

Ideally, the library is processed using the Angular Linker to become fully AOT compiled.
Alternatively, the JIT compiler should be loaded by bootstrapping using &apos;@angular/platform-browser-dynamic&apos; or &apos;@angular/platform-server&apos;,
or manually provide the compiler with &apos;import &quot;@angular/compiler&quot;;&apos; before bootstrapping.
 ❯ getCompilerFacade node_modules/@angular/core/fesm2022/_debug_node-chunk.mjs:143:11
 ❯ Module.ɵɵngDeclareFactory node_modules/@angular/core/fesm2022/core.mjs:2597:20
 ❯ Function.&lt;static_initializer&gt; node_modules/@angular/common/fesm2022/_platform_location-chunk.mjs:23:20
 ❯ node_modules/@angular/common/fesm2022/_platform_location-chunk.mjs:17:1
 ❯ src/app/features/blog/blog-detail/blog-detail.component.spec.ts:1:1
            </failure>
        </testcase>
    </testsuite>
</testsuites>
