<?xml version="1.0" encoding="UTF-8" ?>
<testsuites name="vitest tests" tests="17" failures="0" errors="0" time="0.010502573">
    <testsuite name="scripts/generate-metrics.spec.js" timestamp="2026-01-23T21:14:08.377Z" hostname="jay-MS-7971" tests="17" failures="0" errors="0" skipped="0" time="0.010502573">
        <testcase classname="scripts/generate-metrics.spec.js" name="generate-metrics.js &gt; formatBytes &gt; should format 0 bytes correctly" time="0.001356331">
        </testcase>
        <testcase classname="scripts/generate-metrics.spec.js" name="generate-metrics.js &gt; formatBytes &gt; should format bytes to KB" time="0.000275839">
        </testcase>
        <testcase classname="scripts/generate-metrics.spec.js" name="generate-metrics.js &gt; formatBytes &gt; should format bytes to MB" time="0.000277547">
        </testcase>
        <testcase classname="scripts/generate-metrics.spec.js" name="generate-metrics.js &gt; formatBytes &gt; should round to nearest whole number" time="0.000277795">
        </testcase>
        <testcase classname="scripts/generate-metrics.spec.js" name="generate-metrics.js &gt; parseSize &gt; should parse KB values" time="0.000508591">
        </testcase>
        <testcase classname="scripts/generate-metrics.spec.js" name="generate-metrics.js &gt; parseSize &gt; should parse MB values" time="0.000184239">
        </testcase>
        <testcase classname="scripts/generate-metrics.spec.js" name="generate-metrics.js &gt; parseSize &gt; should parse GB values" time="0.000145504">
        </testcase>
        <testcase classname="scripts/generate-metrics.spec.js" name="generate-metrics.js &gt; parseSize &gt; should parse plain byte values" time="0.000186531">
        </testcase>
        <testcase classname="scripts/generate-metrics.spec.js" name="generate-metrics.js &gt; parseSize &gt; should return 0 for invalid input" time="0.00026021">
        </testcase>
        <testcase classname="scripts/generate-metrics.spec.js" name="generate-metrics.js &gt; getLighthouseScores &gt; should return unavailable when no .lighthouseci directory exists and no cache" time="0.000674318">
        </testcase>
        <testcase classname="scripts/generate-metrics.spec.js" name="generate-metrics.js &gt; getLighthouseScores &gt; should read from .lighthouseci directory when available" time="0.000328386">
        </testcase>
        <testcase classname="scripts/generate-metrics.spec.js" name="generate-metrics.js &gt; getLighthouseScores &gt; should fallback to existing.extended.lighthouse when no report exists" time="0.002136308">
            <system-out>
Using cached Lighthouse scores from previous run.

            </system-out>
        </testcase>
        <testcase classname="scripts/generate-metrics.spec.js" name="generate-metrics.js &gt; getLighthouseScores &gt; should fallback to existing.lighthouse for backward compatibility" time="0.000468258">
            <system-out>
Using cached Lighthouse scores from previous run.

            </system-out>
        </testcase>
        <testcase classname="scripts/generate-metrics.spec.js" name="generate-metrics.js &gt; getLighthouseScores &gt; should return unavailable when cached performance is 0" time="0.000404133">
        </testcase>
        <testcase classname="scripts/generate-metrics.spec.js" name="generate-metrics.js &gt; getDocumentationCoverage &gt; should return unavailable when documentation.json does not exist" time="0.000311414">
        </testcase>
        <testcase classname="scripts/generate-metrics.spec.js" name="generate-metrics.js &gt; getDocumentationCoverage &gt; should parse documentation.json correctly" time="0.000834799">
        </testcase>
        <testcase classname="scripts/generate-metrics.spec.js" name="generate-metrics.js &gt; getDocumentationCoverage &gt; should handle empty arrays gracefully" time="0.000211708">
        </testcase>
    </testsuite>
</testsuites>
