<?xml version="1.0" encoding="UTF-8" ?>
<testsuites name="vitest tests" tests="48" failures="48" errors="0" time="0.022407453">
    <testsuite name="src/app/core/interceptors/csrf.interceptor.spec.ts" timestamp="2025-12-29T16:20:11.090Z" hostname="jay-MS-7971" tests="1" failures="1" errors="0" skipped="0" time="0">
        <testcase classname="src/app/core/interceptors/csrf.interceptor.spec.ts" name="src/app/core/interceptors/csrf.interceptor.spec.ts" time="0">
            <system-err>
JIT compilation failed for injectable [36m[class PlatformLocation][39m

            </system-err>
            <failure message="The injectable &apos;PlatformLocation&apos; needs to be compiled using the JIT compiler, but &apos;@angular/compiler&apos; is not available.

The injectable is part of a library that has been partially compiled.
However, the Angular Linker has not processed the library such that JIT compilation is used as fallback.

Ideally, the library is processed using the Angular Linker to become fully AOT compiled.
Alternatively, the JIT compiler should be loaded by bootstrapping using &apos;@angular/platform-browser-dynamic&apos; or &apos;@angular/platform-server&apos;,
or manually provide the compiler with &apos;import &quot;@angular/compiler&quot;;&apos; before bootstrapping." type="Error">
Error: The injectable &apos;PlatformLocation&apos; needs to be compiled using the JIT compiler, but &apos;@angular/compiler&apos; is not available.

The injectable is part of a library that has been partially compiled.
However, the Angular Linker has not processed the library such that JIT compilation is used as fallback.

Ideally, the library is processed using the Angular Linker to become fully AOT compiled.
Alternatively, the JIT compiler should be loaded by bootstrapping using &apos;@angular/platform-browser-dynamic&apos; or &apos;@angular/platform-server&apos;,
or manually provide the compiler with &apos;import &quot;@angular/compiler&quot;;&apos; before bootstrapping.
 ❯ getCompilerFacade node_modules/@angular/core/fesm2022/_debug_node-chunk.mjs:143:11
 ❯ Module.ɵɵngDeclareFactory node_modules/@angular/core/fesm2022/core.mjs:2594:20
 ❯ Function.&lt;static_initializer&gt; node_modules/@angular/common/fesm2022/_platform_location-chunk.mjs:23:20
 ❯ node_modules/@angular/common/fesm2022/_platform_location-chunk.mjs:17:1
 ❯ src/app/core/interceptors/csrf.interceptor.spec.ts:1:1
            </failure>
        </testcase>
    </testsuite>
    <testsuite name="src/app/features/contact/contact.component.spec.ts" timestamp="2025-12-29T16:20:11.092Z" hostname="jay-MS-7971" tests="1" failures="1" errors="0" skipped="0" time="0">
        <testcase classname="src/app/features/contact/contact.component.spec.ts" name="src/app/features/contact/contact.component.spec.ts" time="0">
            <system-err>
JIT compilation failed for injectable [36m[class PlatformLocation][39m

            </system-err>
            <failure message="The injectable &apos;PlatformLocation&apos; needs to be compiled using the JIT compiler, but &apos;@angular/compiler&apos; is not available.

The injectable is part of a library that has been partially compiled.
However, the Angular Linker has not processed the library such that JIT compilation is used as fallback.

Ideally, the library is processed using the Angular Linker to become fully AOT compiled.
Alternatively, the JIT compiler should be loaded by bootstrapping using &apos;@angular/platform-browser-dynamic&apos; or &apos;@angular/platform-server&apos;,
or manually provide the compiler with &apos;import &quot;@angular/compiler&quot;;&apos; before bootstrapping." type="Error">
Error: The injectable &apos;PlatformLocation&apos; needs to be compiled using the JIT compiler, but &apos;@angular/compiler&apos; is not available.

The injectable is part of a library that has been partially compiled.
However, the Angular Linker has not processed the library such that JIT compilation is used as fallback.

Ideally, the library is processed using the Angular Linker to become fully AOT compiled.
Alternatively, the JIT compiler should be loaded by bootstrapping using &apos;@angular/platform-browser-dynamic&apos; or &apos;@angular/platform-server&apos;,
or manually provide the compiler with &apos;import &quot;@angular/compiler&quot;;&apos; before bootstrapping.
 ❯ getCompilerFacade node_modules/@angular/core/fesm2022/_debug_node-chunk.mjs:143:11
 ❯ Module.ɵɵngDeclareFactory node_modules/@angular/core/fesm2022/core.mjs:2594:20
 ❯ Function.&lt;static_initializer&gt; node_modules/@angular/common/fesm2022/_platform_location-chunk.mjs:23:20
 ❯ node_modules/@angular/common/fesm2022/_platform_location-chunk.mjs:17:1
 ❯ src/app/features/contact/contact.component.spec.ts:1:1
            </failure>
        </testcase>
    </testsuite>
    <testsuite name="src/app/features/profile/profile.component.spec.ts" timestamp="2025-12-29T16:20:11.094Z" hostname="jay-MS-7971" tests="44" failures="44" errors="0" skipped="0" time="0.022407453">
        <testcase classname="src/app/features/profile/profile.component.spec.ts" name="ProfileComponent &gt; should create" time="0.005955691">
            <failure message="Need to call TestBed.initTestEnvironment() first" type="Error">
Error: Need to call TestBed.initTestEnvironment() first
 ❯ TestBedImpl.get compiler [as compiler] node_modules/@angular/core/fesm2022/testing.mjs:1486:13
 ❯ TestBedImpl.configureTestingModule node_modules/@angular/core/fesm2022/testing.mjs:1402:10
 ❯ Function.configureTestingModule node_modules/@angular/core/fesm2022/testing.mjs:1273:33
 ❯ src/app/features/profile/profile.component.spec.ts:57:19
            </failure>
        </testcase>
        <testcase classname="src/app/features/profile/profile.component.spec.ts" name="ProfileComponent &gt; should load stats on initialization" time="0.002230854">
            <failure message="Component &apos;ProfileComponent&apos; is not resolved:
 - templateUrl: ./profile.component.html
 - styleUrl: ./profile.component.scss
Did you run and wait for &apos;resolveComponentResources()&apos;?" type="Error">
Error: Component &apos;ProfileComponent&apos; is not resolved:
 - templateUrl: ./profile.component.html
 - styleUrl: ./profile.component.scss
Did you run and wait for &apos;resolveComponentResources()&apos;?
 ❯ Function.get node_modules/@angular/core/fesm2022/_debug_node-chunk.mjs:17775:17
 ❯ getComponentDef node_modules/@angular/core/fesm2022/testing.mjs:1154:16
 ❯ isStandaloneComponent node_modules/@angular/core/fesm2022/testing.mjs:1150:15
 ❯ queueTypesFromModulesArrayRecur node_modules/@angular/core/fesm2022/testing.mjs:925:20
 ❯ TestBedCompiler.queueTypesFromModulesArray node_modules/@angular/core/fesm2022/testing.mjs:943:5
 ❯ TestBedCompiler.configureTestingModule node_modules/@angular/core/fesm2022/testing.mjs:567:12
 ❯ TestBedImpl.configureTestingModule node_modules/@angular/core/fesm2022/testing.mjs:1402:19
 ❯ Function.configureTestingModule node_modules/@angular/core/fesm2022/testing.mjs:1273:33
 ❯ src/app/features/profile/profile.component.spec.ts:57:19
            </failure>
        </testcase>
        <testcase classname="src/app/features/profile/profile.component.spec.ts" name="ProfileComponent &gt; Header Section &gt; should render header with correct title" time="0.000578476">
            <failure message="Component &apos;ProfileComponent&apos; is not resolved:
 - templateUrl: ./profile.component.html
 - styleUrl: ./profile.component.scss
Did you run and wait for &apos;resolveComponentResources()&apos;?" type="Error">
Error: Component &apos;ProfileComponent&apos; is not resolved:
 - templateUrl: ./profile.component.html
 - styleUrl: ./profile.component.scss
Did you run and wait for &apos;resolveComponentResources()&apos;?
 ❯ Function.get node_modules/@angular/core/fesm2022/_debug_node-chunk.mjs:17775:17
 ❯ getComponentDef node_modules/@angular/core/fesm2022/testing.mjs:1154:16
 ❯ isStandaloneComponent node_modules/@angular/core/fesm2022/testing.mjs:1150:15
 ❯ queueTypesFromModulesArrayRecur node_modules/@angular/core/fesm2022/testing.mjs:925:20
 ❯ TestBedCompiler.queueTypesFromModulesArray node_modules/@angular/core/fesm2022/testing.mjs:943:5
 ❯ TestBedCompiler.configureTestingModule node_modules/@angular/core/fesm2022/testing.mjs:567:12
 ❯ TestBedImpl.configureTestingModule node_modules/@angular/core/fesm2022/testing.mjs:1402:19
 ❯ Function.configureTestingModule node_modules/@angular/core/fesm2022/testing.mjs:1273:33
 ❯ src/app/features/profile/profile.component.spec.ts:57:19
            </failure>
        </testcase>
        <testcase classname="src/app/features/profile/profile.component.spec.ts" name="ProfileComponent &gt; Header Section &gt; should render header with correct subtitle" time="0.000463057">
            <failure message="Component &apos;ProfileComponent&apos; is not resolved:
 - templateUrl: ./profile.component.html
 - styleUrl: ./profile.component.scss
Did you run and wait for &apos;resolveComponentResources()&apos;?" type="Error">
Error: Component &apos;ProfileComponent&apos; is not resolved:
 - templateUrl: ./profile.component.html
 - styleUrl: ./profile.component.scss
Did you run and wait for &apos;resolveComponentResources()&apos;?
 ❯ Function.get node_modules/@angular/core/fesm2022/_debug_node-chunk.mjs:17775:17
 ❯ getComponentDef node_modules/@angular/core/fesm2022/testing.mjs:1154:16
 ❯ isStandaloneComponent node_modules/@angular/core/fesm2022/testing.mjs:1150:15
 ❯ queueTypesFromModulesArrayRecur node_modules/@angular/core/fesm2022/testing.mjs:925:20
 ❯ TestBedCompiler.queueTypesFromModulesArray node_modules/@angular/core/fesm2022/testing.mjs:943:5
 ❯ TestBedCompiler.configureTestingModule node_modules/@angular/core/fesm2022/testing.mjs:567:12
 ❯ TestBedImpl.configureTestingModule node_modules/@angular/core/fesm2022/testing.mjs:1402:19
 ❯ Function.configureTestingModule node_modules/@angular/core/fesm2022/testing.mjs:1273:33
 ❯ src/app/features/profile/profile.component.spec.ts:57:19
            </failure>
        </testcase>
        <testcase classname="src/app/features/profile/profile.component.spec.ts" name="ProfileComponent &gt; Header Section &gt; should render header element" time="0.000398675">
            <failure message="Component &apos;ProfileComponent&apos; is not resolved:
 - templateUrl: ./profile.component.html
 - styleUrl: ./profile.component.scss
Did you run and wait for &apos;resolveComponentResources()&apos;?" type="Error">
Error: Component &apos;ProfileComponent&apos; is not resolved:
 - templateUrl: ./profile.component.html
 - styleUrl: ./profile.component.scss
Did you run and wait for &apos;resolveComponentResources()&apos;?
 ❯ Function.get node_modules/@angular/core/fesm2022/_debug_node-chunk.mjs:17775:17
 ❯ getComponentDef node_modules/@angular/core/fesm2022/testing.mjs:1154:16
 ❯ isStandaloneComponent node_modules/@angular/core/fesm2022/testing.mjs:1150:15
 ❯ queueTypesFromModulesArrayRecur node_modules/@angular/core/fesm2022/testing.mjs:925:20
 ❯ TestBedCompiler.queueTypesFromModulesArray node_modules/@angular/core/fesm2022/testing.mjs:943:5
 ❯ TestBedCompiler.configureTestingModule node_modules/@angular/core/fesm2022/testing.mjs:567:12
 ❯ TestBedImpl.configureTestingModule node_modules/@angular/core/fesm2022/testing.mjs:1402:19
 ❯ Function.configureTestingModule node_modules/@angular/core/fesm2022/testing.mjs:1273:33
 ❯ src/app/features/profile/profile.component.spec.ts:57:19
            </failure>
        </testcase>
        <testcase classname="src/app/features/profile/profile.component.spec.ts" name="ProfileComponent &gt; Grid Layout &gt; should render grid component with correct configuration" time="0.000413804">
            <failure message="Component &apos;ProfileComponent&apos; is not resolved:
 - templateUrl: ./profile.component.html
 - styleUrl: ./profile.component.scss
Did you run and wait for &apos;resolveComponentResources()&apos;?" type="Error">
Error: Component &apos;ProfileComponent&apos; is not resolved:
 - templateUrl: ./profile.component.html
 - styleUrl: ./profile.component.scss
Did you run and wait for &apos;resolveComponentResources()&apos;?
 ❯ Function.get node_modules/@angular/core/fesm2022/_debug_node-chunk.mjs:17775:17
 ❯ getComponentDef node_modules/@angular/core/fesm2022/testing.mjs:1154:16
 ❯ isStandaloneComponent node_modules/@angular/core/fesm2022/testing.mjs:1150:15
 ❯ queueTypesFromModulesArrayRecur node_modules/@angular/core/fesm2022/testing.mjs:925:20
 ❯ TestBedCompiler.queueTypesFromModulesArray node_modules/@angular/core/fesm2022/testing.mjs:943:5
 ❯ TestBedCompiler.configureTestingModule node_modules/@angular/core/fesm2022/testing.mjs:567:12
 ❯ TestBedImpl.configureTestingModule node_modules/@angular/core/fesm2022/testing.mjs:1402:19
 ❯ Function.configureTestingModule node_modules/@angular/core/fesm2022/testing.mjs:1273:33
 ❯ src/app/features/profile/profile.component.spec.ts:57:19
            </failure>
        </testcase>
        <testcase classname="src/app/features/profile/profile.component.spec.ts" name="ProfileComponent &gt; Grid Layout &gt; should have left and right columns" time="0.000590483">
            <failure message="Component &apos;ProfileComponent&apos; is not resolved:
 - templateUrl: ./profile.component.html
 - styleUrl: ./profile.component.scss
Did you run and wait for &apos;resolveComponentResources()&apos;?" type="Error">
Error: Component &apos;ProfileComponent&apos; is not resolved:
 - templateUrl: ./profile.component.html
 - styleUrl: ./profile.component.scss
Did you run and wait for &apos;resolveComponentResources()&apos;?
 ❯ Function.get node_modules/@angular/core/fesm2022/_debug_node-chunk.mjs:17775:17
 ❯ getComponentDef node_modules/@angular/core/fesm2022/testing.mjs:1154:16
 ❯ isStandaloneComponent node_modules/@angular/core/fesm2022/testing.mjs:1150:15
 ❯ queueTypesFromModulesArrayRecur node_modules/@angular/core/fesm2022/testing.mjs:925:20
 ❯ TestBedCompiler.queueTypesFromModulesArray node_modules/@angular/core/fesm2022/testing.mjs:943:5
 ❯ TestBedCompiler.configureTestingModule node_modules/@angular/core/fesm2022/testing.mjs:567:12
 ❯ TestBedImpl.configureTestingModule node_modules/@angular/core/fesm2022/testing.mjs:1402:19
 ❯ Function.configureTestingModule node_modules/@angular/core/fesm2022/testing.mjs:1273:33
 ❯ src/app/features/profile/profile.component.spec.ts:57:19
            </failure>
        </testcase>
        <testcase classname="src/app/features/profile/profile.component.spec.ts" name="ProfileComponent &gt; Bio Card &gt; should render bio card" time="0.000480548">
            <failure message="Component &apos;ProfileComponent&apos; is not resolved:
 - templateUrl: ./profile.component.html
 - styleUrl: ./profile.component.scss
Did you run and wait for &apos;resolveComponentResources()&apos;?" type="Error">
Error: Component &apos;ProfileComponent&apos; is not resolved:
 - templateUrl: ./profile.component.html
 - styleUrl: ./profile.component.scss
Did you run and wait for &apos;resolveComponentResources()&apos;?
 ❯ Function.get node_modules/@angular/core/fesm2022/_debug_node-chunk.mjs:17775:17
 ❯ getComponentDef node_modules/@angular/core/fesm2022/testing.mjs:1154:16
 ❯ isStandaloneComponent node_modules/@angular/core/fesm2022/testing.mjs:1150:15
 ❯ queueTypesFromModulesArrayRecur node_modules/@angular/core/fesm2022/testing.mjs:925:20
 ❯ TestBedCompiler.queueTypesFromModulesArray node_modules/@angular/core/fesm2022/testing.mjs:943:5
 ❯ TestBedCompiler.configureTestingModule node_modules/@angular/core/fesm2022/testing.mjs:567:12
 ❯ TestBedImpl.configureTestingModule node_modules/@angular/core/fesm2022/testing.mjs:1402:19
 ❯ Function.configureTestingModule node_modules/@angular/core/fesm2022/testing.mjs:1273:33
 ❯ src/app/features/profile/profile.component.spec.ts:57:19
            </failure>
        </testcase>
        <testcase classname="src/app/features/profile/profile.component.spec.ts" name="ProfileComponent &gt; Bio Card &gt; should display bio title" time="0.000547024">
            <failure message="Component &apos;ProfileComponent&apos; is not resolved:
 - templateUrl: ./profile.component.html
 - styleUrl: ./profile.component.scss
Did you run and wait for &apos;resolveComponentResources()&apos;?" type="Error">
Error: Component &apos;ProfileComponent&apos; is not resolved:
 - templateUrl: ./profile.component.html
 - styleUrl: ./profile.component.scss
Did you run and wait for &apos;resolveComponentResources()&apos;?
 ❯ Function.get node_modules/@angular/core/fesm2022/_debug_node-chunk.mjs:17775:17
 ❯ getComponentDef node_modules/@angular/core/fesm2022/testing.mjs:1154:16
 ❯ isStandaloneComponent node_modules/@angular/core/fesm2022/testing.mjs:1150:15
 ❯ queueTypesFromModulesArrayRecur node_modules/@angular/core/fesm2022/testing.mjs:925:20
 ❯ TestBedCompiler.queueTypesFromModulesArray node_modules/@angular/core/fesm2022/testing.mjs:943:5
 ❯ TestBedCompiler.configureTestingModule node_modules/@angular/core/fesm2022/testing.mjs:567:12
 ❯ TestBedImpl.configureTestingModule node_modules/@angular/core/fesm2022/testing.mjs:1402:19
 ❯ Function.configureTestingModule node_modules/@angular/core/fesm2022/testing.mjs:1273:33
 ❯ src/app/features/profile/profile.component.spec.ts:57:19
            </failure>
        </testcase>
        <testcase classname="src/app/features/profile/profile.component.spec.ts" name="ProfileComponent &gt; Bio Card &gt; should display bio content" time="0.000465661">
            <failure message="Component &apos;ProfileComponent&apos; is not resolved:
 - templateUrl: ./profile.component.html
 - styleUrl: ./profile.component.scss
Did you run and wait for &apos;resolveComponentResources()&apos;?" type="Error">
Error: Component &apos;ProfileComponent&apos; is not resolved:
 - templateUrl: ./profile.component.html
 - styleUrl: ./profile.component.scss
Did you run and wait for &apos;resolveComponentResources()&apos;?
 ❯ Function.get node_modules/@angular/core/fesm2022/_debug_node-chunk.mjs:17775:17
 ❯ getComponentDef node_modules/@angular/core/fesm2022/testing.mjs:1154:16
 ❯ isStandaloneComponent node_modules/@angular/core/fesm2022/testing.mjs:1150:15
 ❯ queueTypesFromModulesArrayRecur node_modules/@angular/core/fesm2022/testing.mjs:925:20
 ❯ TestBedCompiler.queueTypesFromModulesArray node_modules/@angular/core/fesm2022/testing.mjs:943:5
 ❯ TestBedCompiler.configureTestingModule node_modules/@angular/core/fesm2022/testing.mjs:567:12
 ❯ TestBedImpl.configureTestingModule node_modules/@angular/core/fesm2022/testing.mjs:1402:19
 ❯ Function.configureTestingModule node_modules/@angular/core/fesm2022/testing.mjs:1273:33
 ❯ src/app/features/profile/profile.component.spec.ts:57:19
            </failure>
        </testcase>
        <testcase classname="src/app/features/profile/profile.component.spec.ts" name="ProfileComponent &gt; Bio Card &gt; should display bio focus text" time="0.000322043">
            <failure message="Component &apos;ProfileComponent&apos; is not resolved:
 - templateUrl: ./profile.component.html
 - styleUrl: ./profile.component.scss
Did you run and wait for &apos;resolveComponentResources()&apos;?" type="Error">
Error: Component &apos;ProfileComponent&apos; is not resolved:
 - templateUrl: ./profile.component.html
 - styleUrl: ./profile.component.scss
Did you run and wait for &apos;resolveComponentResources()&apos;?
 ❯ Function.get node_modules/@angular/core/fesm2022/_debug_node-chunk.mjs:17775:17
 ❯ getComponentDef node_modules/@angular/core/fesm2022/testing.mjs:1154:16
 ❯ isStandaloneComponent node_modules/@angular/core/fesm2022/testing.mjs:1150:15
 ❯ queueTypesFromModulesArrayRecur node_modules/@angular/core/fesm2022/testing.mjs:925:20
 ❯ TestBedCompiler.queueTypesFromModulesArray node_modules/@angular/core/fesm2022/testing.mjs:943:5
 ❯ TestBedCompiler.configureTestingModule node_modules/@angular/core/fesm2022/testing.mjs:567:12
 ❯ TestBedImpl.configureTestingModule node_modules/@angular/core/fesm2022/testing.mjs:1402:19
 ❯ Function.configureTestingModule node_modules/@angular/core/fesm2022/testing.mjs:1273:33
 ❯ src/app/features/profile/profile.component.spec.ts:57:19
            </failure>
        </testcase>
        <testcase classname="src/app/features/profile/profile.component.spec.ts" name="ProfileComponent &gt; Tech Stack Card &gt; should render tech stack card" time="0.000425454">
            <failure message="Component &apos;ProfileComponent&apos; is not resolved:
 - templateUrl: ./profile.component.html
 - styleUrl: ./profile.component.scss
Did you run and wait for &apos;resolveComponentResources()&apos;?" type="Error">
Error: Component &apos;ProfileComponent&apos; is not resolved:
 - templateUrl: ./profile.component.html
 - styleUrl: ./profile.component.scss
Did you run and wait for &apos;resolveComponentResources()&apos;?
 ❯ Function.get node_modules/@angular/core/fesm2022/_debug_node-chunk.mjs:17775:17
 ❯ getComponentDef node_modules/@angular/core/fesm2022/testing.mjs:1154:16
 ❯ isStandaloneComponent node_modules/@angular/core/fesm2022/testing.mjs:1150:15
 ❯ queueTypesFromModulesArrayRecur node_modules/@angular/core/fesm2022/testing.mjs:925:20
 ❯ TestBedCompiler.queueTypesFromModulesArray node_modules/@angular/core/fesm2022/testing.mjs:943:5
 ❯ TestBedCompiler.configureTestingModule node_modules/@angular/core/fesm2022/testing.mjs:567:12
 ❯ TestBedImpl.configureTestingModule node_modules/@angular/core/fesm2022/testing.mjs:1402:19
 ❯ Function.configureTestingModule node_modules/@angular/core/fesm2022/testing.mjs:1273:33
 ❯ src/app/features/profile/profile.component.spec.ts:57:19
            </failure>
        </testcase>
        <testcase classname="src/app/features/profile/profile.component.spec.ts" name="ProfileComponent &gt; Tech Stack Card &gt; should display tech stack title" time="0.000283115">
            <failure message="Component &apos;ProfileComponent&apos; is not resolved:
 - templateUrl: ./profile.component.html
 - styleUrl: ./profile.component.scss
Did you run and wait for &apos;resolveComponentResources()&apos;?" type="Error">
Error: Component &apos;ProfileComponent&apos; is not resolved:
 - templateUrl: ./profile.component.html
 - styleUrl: ./profile.component.scss
Did you run and wait for &apos;resolveComponentResources()&apos;?
 ❯ Function.get node_modules/@angular/core/fesm2022/_debug_node-chunk.mjs:17775:17
 ❯ getComponentDef node_modules/@angular/core/fesm2022/testing.mjs:1154:16
 ❯ isStandaloneComponent node_modules/@angular/core/fesm2022/testing.mjs:1150:15
 ❯ queueTypesFromModulesArrayRecur node_modules/@angular/core/fesm2022/testing.mjs:925:20
 ❯ TestBedCompiler.queueTypesFromModulesArray node_modules/@angular/core/fesm2022/testing.mjs:943:5
 ❯ TestBedCompiler.configureTestingModule node_modules/@angular/core/fesm2022/testing.mjs:567:12
 ❯ TestBedImpl.configureTestingModule node_modules/@angular/core/fesm2022/testing.mjs:1402:19
 ❯ Function.configureTestingModule node_modules/@angular/core/fesm2022/testing.mjs:1273:33
 ❯ src/app/features/profile/profile.component.spec.ts:57:19
            </failure>
        </testcase>
        <testcase classname="src/app/features/profile/profile.component.spec.ts" name="ProfileComponent &gt; Tech Stack Card &gt; should have two tech sections (primary and secondary)" time="0.000298306">
            <failure message="Component &apos;ProfileComponent&apos; is not resolved:
 - templateUrl: ./profile.component.html
 - styleUrl: ./profile.component.scss
Did you run and wait for &apos;resolveComponentResources()&apos;?" type="Error">
Error: Component &apos;ProfileComponent&apos; is not resolved:
 - templateUrl: ./profile.component.html
 - styleUrl: ./profile.component.scss
Did you run and wait for &apos;resolveComponentResources()&apos;?
 ❯ Function.get node_modules/@angular/core/fesm2022/_debug_node-chunk.mjs:17775:17
 ❯ getComponentDef node_modules/@angular/core/fesm2022/testing.mjs:1154:16
 ❯ isStandaloneComponent node_modules/@angular/core/fesm2022/testing.mjs:1150:15
 ❯ queueTypesFromModulesArrayRecur node_modules/@angular/core/fesm2022/testing.mjs:925:20
 ❯ TestBedCompiler.queueTypesFromModulesArray node_modules/@angular/core/fesm2022/testing.mjs:943:5
 ❯ TestBedCompiler.configureTestingModule node_modules/@angular/core/fesm2022/testing.mjs:567:12
 ❯ TestBedImpl.configureTestingModule node_modules/@angular/core/fesm2022/testing.mjs:1402:19
 ❯ Function.configureTestingModule node_modules/@angular/core/fesm2022/testing.mjs:1273:33
 ❯ src/app/features/profile/profile.component.spec.ts:57:19
            </failure>
        </testcase>
        <testcase classname="src/app/features/profile/profile.component.spec.ts" name="ProfileComponent &gt; Tech Stack Card &gt; should display primary tech subtitle" time="0.000285291">
            <failure message="Component &apos;ProfileComponent&apos; is not resolved:
 - templateUrl: ./profile.component.html
 - styleUrl: ./profile.component.scss
Did you run and wait for &apos;resolveComponentResources()&apos;?" type="Error">
Error: Component &apos;ProfileComponent&apos; is not resolved:
 - templateUrl: ./profile.component.html
 - styleUrl: ./profile.component.scss
Did you run and wait for &apos;resolveComponentResources()&apos;?
 ❯ Function.get node_modules/@angular/core/fesm2022/_debug_node-chunk.mjs:17775:17
 ❯ getComponentDef node_modules/@angular/core/fesm2022/testing.mjs:1154:16
 ❯ isStandaloneComponent node_modules/@angular/core/fesm2022/testing.mjs:1150:15
 ❯ queueTypesFromModulesArrayRecur node_modules/@angular/core/fesm2022/testing.mjs:925:20
 ❯ TestBedCompiler.queueTypesFromModulesArray node_modules/@angular/core/fesm2022/testing.mjs:943:5
 ❯ TestBedCompiler.configureTestingModule node_modules/@angular/core/fesm2022/testing.mjs:567:12
 ❯ TestBedImpl.configureTestingModule node_modules/@angular/core/fesm2022/testing.mjs:1402:19
 ❯ Function.configureTestingModule node_modules/@angular/core/fesm2022/testing.mjs:1273:33
 ❯ src/app/features/profile/profile.component.spec.ts:57:19
            </failure>
        </testcase>
        <testcase classname="src/app/features/profile/profile.component.spec.ts" name="ProfileComponent &gt; Tech Stack Card &gt; should display secondary tech subtitle" time="0.000241924">
            <failure message="Component &apos;ProfileComponent&apos; is not resolved:
 - templateUrl: ./profile.component.html
 - styleUrl: ./profile.component.scss
Did you run and wait for &apos;resolveComponentResources()&apos;?" type="Error">
Error: Component &apos;ProfileComponent&apos; is not resolved:
 - templateUrl: ./profile.component.html
 - styleUrl: ./profile.component.scss
Did you run and wait for &apos;resolveComponentResources()&apos;?
 ❯ Function.get node_modules/@angular/core/fesm2022/_debug_node-chunk.mjs:17775:17
 ❯ getComponentDef node_modules/@angular/core/fesm2022/testing.mjs:1154:16
 ❯ isStandaloneComponent node_modules/@angular/core/fesm2022/testing.mjs:1150:15
 ❯ queueTypesFromModulesArrayRecur node_modules/@angular/core/fesm2022/testing.mjs:925:20
 ❯ TestBedCompiler.queueTypesFromModulesArray node_modules/@angular/core/fesm2022/testing.mjs:943:5
 ❯ TestBedCompiler.configureTestingModule node_modules/@angular/core/fesm2022/testing.mjs:567:12
 ❯ TestBedImpl.configureTestingModule node_modules/@angular/core/fesm2022/testing.mjs:1402:19
 ❯ Function.configureTestingModule node_modules/@angular/core/fesm2022/testing.mjs:1273:33
 ❯ src/app/features/profile/profile.component.spec.ts:57:19
            </failure>
        </testcase>
        <testcase classname="src/app/features/profile/profile.component.spec.ts" name="ProfileComponent &gt; Tech Stack Card &gt; should render all primary tech badges" time="0.000245485">
            <failure message="Component &apos;ProfileComponent&apos; is not resolved:
 - templateUrl: ./profile.component.html
 - styleUrl: ./profile.component.scss
Did you run and wait for &apos;resolveComponentResources()&apos;?" type="Error">
Error: Component &apos;ProfileComponent&apos; is not resolved:
 - templateUrl: ./profile.component.html
 - styleUrl: ./profile.component.scss
Did you run and wait for &apos;resolveComponentResources()&apos;?
 ❯ Function.get node_modules/@angular/core/fesm2022/_debug_node-chunk.mjs:17775:17
 ❯ getComponentDef node_modules/@angular/core/fesm2022/testing.mjs:1154:16
 ❯ isStandaloneComponent node_modules/@angular/core/fesm2022/testing.mjs:1150:15
 ❯ queueTypesFromModulesArrayRecur node_modules/@angular/core/fesm2022/testing.mjs:925:20
 ❯ TestBedCompiler.queueTypesFromModulesArray node_modules/@angular/core/fesm2022/testing.mjs:943:5
 ❯ TestBedCompiler.configureTestingModule node_modules/@angular/core/fesm2022/testing.mjs:567:12
 ❯ TestBedImpl.configureTestingModule node_modules/@angular/core/fesm2022/testing.mjs:1402:19
 ❯ Function.configureTestingModule node_modules/@angular/core/fesm2022/testing.mjs:1273:33
 ❯ src/app/features/profile/profile.component.spec.ts:57:19
            </failure>
        </testcase>
        <testcase classname="src/app/features/profile/profile.component.spec.ts" name="ProfileComponent &gt; Tech Stack Card &gt; should render all secondary tech badges" time="0.000227417">
            <failure message="Component &apos;ProfileComponent&apos; is not resolved:
 - templateUrl: ./profile.component.html
 - styleUrl: ./profile.component.scss
Did you run and wait for &apos;resolveComponentResources()&apos;?" type="Error">
Error: Component &apos;ProfileComponent&apos; is not resolved:
 - templateUrl: ./profile.component.html
 - styleUrl: ./profile.component.scss
Did you run and wait for &apos;resolveComponentResources()&apos;?
 ❯ Function.get node_modules/@angular/core/fesm2022/_debug_node-chunk.mjs:17775:17
 ❯ getComponentDef node_modules/@angular/core/fesm2022/testing.mjs:1154:16
 ❯ isStandaloneComponent node_modules/@angular/core/fesm2022/testing.mjs:1150:15
 ❯ queueTypesFromModulesArrayRecur node_modules/@angular/core/fesm2022/testing.mjs:925:20
 ❯ TestBedCompiler.queueTypesFromModulesArray node_modules/@angular/core/fesm2022/testing.mjs:943:5
 ❯ TestBedCompiler.configureTestingModule node_modules/@angular/core/fesm2022/testing.mjs:567:12
 ❯ TestBedImpl.configureTestingModule node_modules/@angular/core/fesm2022/testing.mjs:1402:19
 ❯ Function.configureTestingModule node_modules/@angular/core/fesm2022/testing.mjs:1273:33
 ❯ src/app/features/profile/profile.component.spec.ts:57:19
            </failure>
        </testcase>
        <testcase classname="src/app/features/profile/profile.component.spec.ts" name="ProfileComponent &gt; Tech Stack Card &gt; should have correct primary tech values" time="0.000263707">
            <failure message="Component &apos;ProfileComponent&apos; is not resolved:
 - templateUrl: ./profile.component.html
 - styleUrl: ./profile.component.scss
Did you run and wait for &apos;resolveComponentResources()&apos;?" type="Error">
Error: Component &apos;ProfileComponent&apos; is not resolved:
 - templateUrl: ./profile.component.html
 - styleUrl: ./profile.component.scss
Did you run and wait for &apos;resolveComponentResources()&apos;?
 ❯ Function.get node_modules/@angular/core/fesm2022/_debug_node-chunk.mjs:17775:17
 ❯ getComponentDef node_modules/@angular/core/fesm2022/testing.mjs:1154:16
 ❯ isStandaloneComponent node_modules/@angular/core/fesm2022/testing.mjs:1150:15
 ❯ queueTypesFromModulesArrayRecur node_modules/@angular/core/fesm2022/testing.mjs:925:20
 ❯ TestBedCompiler.queueTypesFromModulesArray node_modules/@angular/core/fesm2022/testing.mjs:943:5
 ❯ TestBedCompiler.configureTestingModule node_modules/@angular/core/fesm2022/testing.mjs:567:12
 ❯ TestBedImpl.configureTestingModule node_modules/@angular/core/fesm2022/testing.mjs:1402:19
 ❯ Function.configureTestingModule node_modules/@angular/core/fesm2022/testing.mjs:1273:33
 ❯ src/app/features/profile/profile.component.spec.ts:57:19
            </failure>
        </testcase>
        <testcase classname="src/app/features/profile/profile.component.spec.ts" name="ProfileComponent &gt; Tech Stack Card &gt; should have correct secondary tech values" time="0.000236408">
            <failure message="Component &apos;ProfileComponent&apos; is not resolved:
 - templateUrl: ./profile.component.html
 - styleUrl: ./profile.component.scss
Did you run and wait for &apos;resolveComponentResources()&apos;?" type="Error">
Error: Component &apos;ProfileComponent&apos; is not resolved:
 - templateUrl: ./profile.component.html
 - styleUrl: ./profile.component.scss
Did you run and wait for &apos;resolveComponentResources()&apos;?
 ❯ Function.get node_modules/@angular/core/fesm2022/_debug_node-chunk.mjs:17775:17
 ❯ getComponentDef node_modules/@angular/core/fesm2022/testing.mjs:1154:16
 ❯ isStandaloneComponent node_modules/@angular/core/fesm2022/testing.mjs:1150:15
 ❯ queueTypesFromModulesArrayRecur node_modules/@angular/core/fesm2022/testing.mjs:925:20
 ❯ TestBedCompiler.queueTypesFromModulesArray node_modules/@angular/core/fesm2022/testing.mjs:943:5
 ❯ TestBedCompiler.configureTestingModule node_modules/@angular/core/fesm2022/testing.mjs:567:12
 ❯ TestBedImpl.configureTestingModule node_modules/@angular/core/fesm2022/testing.mjs:1402:19
 ❯ Function.configureTestingModule node_modules/@angular/core/fesm2022/testing.mjs:1273:33
 ❯ src/app/features/profile/profile.component.spec.ts:57:19
            </failure>
        </testcase>
        <testcase classname="src/app/features/profile/profile.component.spec.ts" name="ProfileComponent &gt; Resume Actions &gt; should render resume actions container" time="0.000263512">
            <failure message="Component &apos;ProfileComponent&apos; is not resolved:
 - templateUrl: ./profile.component.html
 - styleUrl: ./profile.component.scss
Did you run and wait for &apos;resolveComponentResources()&apos;?" type="Error">
Error: Component &apos;ProfileComponent&apos; is not resolved:
 - templateUrl: ./profile.component.html
 - styleUrl: ./profile.component.scss
Did you run and wait for &apos;resolveComponentResources()&apos;?
 ❯ Function.get node_modules/@angular/core/fesm2022/_debug_node-chunk.mjs:17775:17
 ❯ getComponentDef node_modules/@angular/core/fesm2022/testing.mjs:1154:16
 ❯ isStandaloneComponent node_modules/@angular/core/fesm2022/testing.mjs:1150:15
 ❯ queueTypesFromModulesArrayRecur node_modules/@angular/core/fesm2022/testing.mjs:925:20
 ❯ TestBedCompiler.queueTypesFromModulesArray node_modules/@angular/core/fesm2022/testing.mjs:943:5
 ❯ TestBedCompiler.configureTestingModule node_modules/@angular/core/fesm2022/testing.mjs:567:12
 ❯ TestBedImpl.configureTestingModule node_modules/@angular/core/fesm2022/testing.mjs:1402:19
 ❯ Function.configureTestingModule node_modules/@angular/core/fesm2022/testing.mjs:1273:33
 ❯ src/app/features/profile/profile.component.spec.ts:57:19
            </failure>
        </testcase>
        <testcase classname="src/app/features/profile/profile.component.spec.ts" name="ProfileComponent &gt; Resume Actions &gt; should render download link with correct href" time="0.000246071">
            <failure message="Component &apos;ProfileComponent&apos; is not resolved:
 - templateUrl: ./profile.component.html
 - styleUrl: ./profile.component.scss
Did you run and wait for &apos;resolveComponentResources()&apos;?" type="Error">
Error: Component &apos;ProfileComponent&apos; is not resolved:
 - templateUrl: ./profile.component.html
 - styleUrl: ./profile.component.scss
Did you run and wait for &apos;resolveComponentResources()&apos;?
 ❯ Function.get node_modules/@angular/core/fesm2022/_debug_node-chunk.mjs:17775:17
 ❯ getComponentDef node_modules/@angular/core/fesm2022/testing.mjs:1154:16
 ❯ isStandaloneComponent node_modules/@angular/core/fesm2022/testing.mjs:1150:15
 ❯ queueTypesFromModulesArrayRecur node_modules/@angular/core/fesm2022/testing.mjs:925:20
 ❯ TestBedCompiler.queueTypesFromModulesArray node_modules/@angular/core/fesm2022/testing.mjs:943:5
 ❯ TestBedCompiler.configureTestingModule node_modules/@angular/core/fesm2022/testing.mjs:567:12
 ❯ TestBedImpl.configureTestingModule node_modules/@angular/core/fesm2022/testing.mjs:1402:19
 ❯ Function.configureTestingModule node_modules/@angular/core/fesm2022/testing.mjs:1273:33
 ❯ src/app/features/profile/profile.component.spec.ts:57:19
            </failure>
        </testcase>
        <testcase classname="src/app/features/profile/profile.component.spec.ts" name="ProfileComponent &gt; Resume Actions &gt; should render download link with download attribute" time="0.000230654">
            <failure message="Component &apos;ProfileComponent&apos; is not resolved:
 - templateUrl: ./profile.component.html
 - styleUrl: ./profile.component.scss
Did you run and wait for &apos;resolveComponentResources()&apos;?" type="Error">
Error: Component &apos;ProfileComponent&apos; is not resolved:
 - templateUrl: ./profile.component.html
 - styleUrl: ./profile.component.scss
Did you run and wait for &apos;resolveComponentResources()&apos;?
 ❯ Function.get node_modules/@angular/core/fesm2022/_debug_node-chunk.mjs:17775:17
 ❯ getComponentDef node_modules/@angular/core/fesm2022/testing.mjs:1154:16
 ❯ isStandaloneComponent node_modules/@angular/core/fesm2022/testing.mjs:1150:15
 ❯ queueTypesFromModulesArrayRecur node_modules/@angular/core/fesm2022/testing.mjs:925:20
 ❯ TestBedCompiler.queueTypesFromModulesArray node_modules/@angular/core/fesm2022/testing.mjs:943:5
 ❯ TestBedCompiler.configureTestingModule node_modules/@angular/core/fesm2022/testing.mjs:567:12
 ❯ TestBedImpl.configureTestingModule node_modules/@angular/core/fesm2022/testing.mjs:1402:19
 ❯ Function.configureTestingModule node_modules/@angular/core/fesm2022/testing.mjs:1273:33
 ❯ src/app/features/profile/profile.component.spec.ts:57:19
            </failure>
        </testcase>
        <testcase classname="src/app/features/profile/profile.component.spec.ts" name="ProfileComponent &gt; Resume Actions &gt; should render download button with correct text" time="0.000224314">
            <failure message="Component &apos;ProfileComponent&apos; is not resolved:
 - templateUrl: ./profile.component.html
 - styleUrl: ./profile.component.scss
Did you run and wait for &apos;resolveComponentResources()&apos;?" type="Error">
Error: Component &apos;ProfileComponent&apos; is not resolved:
 - templateUrl: ./profile.component.html
 - styleUrl: ./profile.component.scss
Did you run and wait for &apos;resolveComponentResources()&apos;?
 ❯ Function.get node_modules/@angular/core/fesm2022/_debug_node-chunk.mjs:17775:17
 ❯ getComponentDef node_modules/@angular/core/fesm2022/testing.mjs:1154:16
 ❯ isStandaloneComponent node_modules/@angular/core/fesm2022/testing.mjs:1150:15
 ❯ queueTypesFromModulesArrayRecur node_modules/@angular/core/fesm2022/testing.mjs:925:20
 ❯ TestBedCompiler.queueTypesFromModulesArray node_modules/@angular/core/fesm2022/testing.mjs:943:5
 ❯ TestBedCompiler.configureTestingModule node_modules/@angular/core/fesm2022/testing.mjs:567:12
 ❯ TestBedImpl.configureTestingModule node_modules/@angular/core/fesm2022/testing.mjs:1402:19
 ❯ Function.configureTestingModule node_modules/@angular/core/fesm2022/testing.mjs:1273:33
 ❯ src/app/features/profile/profile.component.spec.ts:57:19
            </failure>
        </testcase>
        <testcase classname="src/app/features/profile/profile.component.spec.ts" name="ProfileComponent &gt; Resume Actions &gt; should render view resume button" time="0.000225002">
            <failure message="Component &apos;ProfileComponent&apos; is not resolved:
 - templateUrl: ./profile.component.html
 - styleUrl: ./profile.component.scss
Did you run and wait for &apos;resolveComponentResources()&apos;?" type="Error">
Error: Component &apos;ProfileComponent&apos; is not resolved:
 - templateUrl: ./profile.component.html
 - styleUrl: ./profile.component.scss
Did you run and wait for &apos;resolveComponentResources()&apos;?
 ❯ Function.get node_modules/@angular/core/fesm2022/_debug_node-chunk.mjs:17775:17
 ❯ getComponentDef node_modules/@angular/core/fesm2022/testing.mjs:1154:16
 ❯ isStandaloneComponent node_modules/@angular/core/fesm2022/testing.mjs:1150:15
 ❯ queueTypesFromModulesArrayRecur node_modules/@angular/core/fesm2022/testing.mjs:925:20
 ❯ TestBedCompiler.queueTypesFromModulesArray node_modules/@angular/core/fesm2022/testing.mjs:943:5
 ❯ TestBedCompiler.configureTestingModule node_modules/@angular/core/fesm2022/testing.mjs:567:12
 ❯ TestBedImpl.configureTestingModule node_modules/@angular/core/fesm2022/testing.mjs:1402:19
 ❯ Function.configureTestingModule node_modules/@angular/core/fesm2022/testing.mjs:1273:33
 ❯ src/app/features/profile/profile.component.spec.ts:57:19
            </failure>
        </testcase>
        <testcase classname="src/app/features/profile/profile.component.spec.ts" name="ProfileComponent &gt; Resume Actions &gt; should render download button icon" time="0.000219953">
            <failure message="Component &apos;ProfileComponent&apos; is not resolved:
 - templateUrl: ./profile.component.html
 - styleUrl: ./profile.component.scss
Did you run and wait for &apos;resolveComponentResources()&apos;?" type="Error">
Error: Component &apos;ProfileComponent&apos; is not resolved:
 - templateUrl: ./profile.component.html
 - styleUrl: ./profile.component.scss
Did you run and wait for &apos;resolveComponentResources()&apos;?
 ❯ Function.get node_modules/@angular/core/fesm2022/_debug_node-chunk.mjs:17775:17
 ❯ getComponentDef node_modules/@angular/core/fesm2022/testing.mjs:1154:16
 ❯ isStandaloneComponent node_modules/@angular/core/fesm2022/testing.mjs:1150:15
 ❯ queueTypesFromModulesArrayRecur node_modules/@angular/core/fesm2022/testing.mjs:925:20
 ❯ TestBedCompiler.queueTypesFromModulesArray node_modules/@angular/core/fesm2022/testing.mjs:943:5
 ❯ TestBedCompiler.configureTestingModule node_modules/@angular/core/fesm2022/testing.mjs:567:12
 ❯ TestBedImpl.configureTestingModule node_modules/@angular/core/fesm2022/testing.mjs:1402:19
 ❯ Function.configureTestingModule node_modules/@angular/core/fesm2022/testing.mjs:1273:33
 ❯ src/app/features/profile/profile.component.spec.ts:57:19
            </failure>
        </testcase>
        <testcase classname="src/app/features/profile/profile.component.spec.ts" name="ProfileComponent &gt; Resume Actions &gt; should render view button icon" time="0.000281346">
            <failure message="Component &apos;ProfileComponent&apos; is not resolved:
 - templateUrl: ./profile.component.html
 - styleUrl: ./profile.component.scss
Did you run and wait for &apos;resolveComponentResources()&apos;?" type="Error">
Error: Component &apos;ProfileComponent&apos; is not resolved:
 - templateUrl: ./profile.component.html
 - styleUrl: ./profile.component.scss
Did you run and wait for &apos;resolveComponentResources()&apos;?
 ❯ Function.get node_modules/@angular/core/fesm2022/_debug_node-chunk.mjs:17775:17
 ❯ getComponentDef node_modules/@angular/core/fesm2022/testing.mjs:1154:16
 ❯ isStandaloneComponent node_modules/@angular/core/fesm2022/testing.mjs:1150:15
 ❯ queueTypesFromModulesArrayRecur node_modules/@angular/core/fesm2022/testing.mjs:925:20
 ❯ TestBedCompiler.queueTypesFromModulesArray node_modules/@angular/core/fesm2022/testing.mjs:943:5
 ❯ TestBedCompiler.configureTestingModule node_modules/@angular/core/fesm2022/testing.mjs:567:12
 ❯ TestBedImpl.configureTestingModule node_modules/@angular/core/fesm2022/testing.mjs:1402:19
 ❯ Function.configureTestingModule node_modules/@angular/core/fesm2022/testing.mjs:1273:33
 ❯ src/app/features/profile/profile.component.spec.ts:57:19
            </failure>
        </testcase>
        <testcase classname="src/app/features/profile/profile.component.spec.ts" name="ProfileComponent &gt; Resume Actions &gt; should open modal when view button is clicked" time="0.00022595">
            <failure message="Component &apos;ProfileComponent&apos; is not resolved:
 - templateUrl: ./profile.component.html
 - styleUrl: ./profile.component.scss
Did you run and wait for &apos;resolveComponentResources()&apos;?" type="Error">
Error: Component &apos;ProfileComponent&apos; is not resolved:
 - templateUrl: ./profile.component.html
 - styleUrl: ./profile.component.scss
Did you run and wait for &apos;resolveComponentResources()&apos;?
 ❯ Function.get node_modules/@angular/core/fesm2022/_debug_node-chunk.mjs:17775:17
 ❯ getComponentDef node_modules/@angular/core/fesm2022/testing.mjs:1154:16
 ❯ isStandaloneComponent node_modules/@angular/core/fesm2022/testing.mjs:1150:15
 ❯ queueTypesFromModulesArrayRecur node_modules/@angular/core/fesm2022/testing.mjs:925:20
 ❯ TestBedCompiler.queueTypesFromModulesArray node_modules/@angular/core/fesm2022/testing.mjs:943:5
 ❯ TestBedCompiler.configureTestingModule node_modules/@angular/core/fesm2022/testing.mjs:567:12
 ❯ TestBedImpl.configureTestingModule node_modules/@angular/core/fesm2022/testing.mjs:1402:19
 ❯ Function.configureTestingModule node_modules/@angular/core/fesm2022/testing.mjs:1273:33
 ❯ src/app/features/profile/profile.component.spec.ts:57:19
            </failure>
        </testcase>
        <testcase classname="src/app/features/profile/profile.component.spec.ts" name="ProfileComponent &gt; Component Properties &gt; should have correct resumePath value" time="0.000224286">
            <failure message="Component &apos;ProfileComponent&apos; is not resolved:
 - templateUrl: ./profile.component.html
 - styleUrl: ./profile.component.scss
Did you run and wait for &apos;resolveComponentResources()&apos;?" type="Error">
Error: Component &apos;ProfileComponent&apos; is not resolved:
 - templateUrl: ./profile.component.html
 - styleUrl: ./profile.component.scss
Did you run and wait for &apos;resolveComponentResources()&apos;?
 ❯ Function.get node_modules/@angular/core/fesm2022/_debug_node-chunk.mjs:17775:17
 ❯ getComponentDef node_modules/@angular/core/fesm2022/testing.mjs:1154:16
 ❯ isStandaloneComponent node_modules/@angular/core/fesm2022/testing.mjs:1150:15
 ❯ queueTypesFromModulesArrayRecur node_modules/@angular/core/fesm2022/testing.mjs:925:20
 ❯ TestBedCompiler.queueTypesFromModulesArray node_modules/@angular/core/fesm2022/testing.mjs:943:5
 ❯ TestBedCompiler.configureTestingModule node_modules/@angular/core/fesm2022/testing.mjs:567:12
 ❯ TestBedImpl.configureTestingModule node_modules/@angular/core/fesm2022/testing.mjs:1402:19
 ❯ Function.configureTestingModule node_modules/@angular/core/fesm2022/testing.mjs:1273:33
 ❯ src/app/features/profile/profile.component.spec.ts:57:19
            </failure>
        </testcase>
        <testcase classname="src/app/features/profile/profile.component.spec.ts" name="ProfileComponent &gt; Component Properties &gt; should block invalid resume URLs" time="0.000218861">
            <failure message="Component &apos;ProfileComponent&apos; is not resolved:
 - templateUrl: ./profile.component.html
 - styleUrl: ./profile.component.scss
Did you run and wait for &apos;resolveComponentResources()&apos;?" type="Error">
Error: Component &apos;ProfileComponent&apos; is not resolved:
 - templateUrl: ./profile.component.html
 - styleUrl: ./profile.component.scss
Did you run and wait for &apos;resolveComponentResources()&apos;?
 ❯ Function.get node_modules/@angular/core/fesm2022/_debug_node-chunk.mjs:17775:17
 ❯ getComponentDef node_modules/@angular/core/fesm2022/testing.mjs:1154:16
 ❯ isStandaloneComponent node_modules/@angular/core/fesm2022/testing.mjs:1150:15
 ❯ queueTypesFromModulesArrayRecur node_modules/@angular/core/fesm2022/testing.mjs:925:20
 ❯ TestBedCompiler.queueTypesFromModulesArray node_modules/@angular/core/fesm2022/testing.mjs:943:5
 ❯ TestBedCompiler.configureTestingModule node_modules/@angular/core/fesm2022/testing.mjs:567:12
 ❯ TestBedImpl.configureTestingModule node_modules/@angular/core/fesm2022/testing.mjs:1402:19
 ❯ Function.configureTestingModule node_modules/@angular/core/fesm2022/testing.mjs:1273:33
 ❯ src/app/features/profile/profile.component.spec.ts:57:19
            </failure>
        </testcase>
        <testcase classname="src/app/features/profile/profile.component.spec.ts" name="ProfileComponent &gt; Component Properties &gt; should compute safe resume URL" time="0.000215398">
            <failure message="Component &apos;ProfileComponent&apos; is not resolved:
 - templateUrl: ./profile.component.html
 - styleUrl: ./profile.component.scss
Did you run and wait for &apos;resolveComponentResources()&apos;?" type="Error">
Error: Component &apos;ProfileComponent&apos; is not resolved:
 - templateUrl: ./profile.component.html
 - styleUrl: ./profile.component.scss
Did you run and wait for &apos;resolveComponentResources()&apos;?
 ❯ Function.get node_modules/@angular/core/fesm2022/_debug_node-chunk.mjs:17775:17
 ❯ getComponentDef node_modules/@angular/core/fesm2022/testing.mjs:1154:16
 ❯ isStandaloneComponent node_modules/@angular/core/fesm2022/testing.mjs:1150:15
 ❯ queueTypesFromModulesArrayRecur node_modules/@angular/core/fesm2022/testing.mjs:925:20
 ❯ TestBedCompiler.queueTypesFromModulesArray node_modules/@angular/core/fesm2022/testing.mjs:943:5
 ❯ TestBedCompiler.configureTestingModule node_modules/@angular/core/fesm2022/testing.mjs:567:12
 ❯ TestBedImpl.configureTestingModule node_modules/@angular/core/fesm2022/testing.mjs:1402:19
 ❯ Function.configureTestingModule node_modules/@angular/core/fesm2022/testing.mjs:1273:33
 ❯ src/app/features/profile/profile.component.spec.ts:57:19
            </failure>
        </testcase>
        <testcase classname="src/app/features/profile/profile.component.spec.ts" name="ProfileComponent &gt; Component Properties &gt; should compute stats date range" time="0.000215701">
            <failure message="Component &apos;ProfileComponent&apos; is not resolved:
 - templateUrl: ./profile.component.html
 - styleUrl: ./profile.component.scss
Did you run and wait for &apos;resolveComponentResources()&apos;?" type="Error">
Error: Component &apos;ProfileComponent&apos; is not resolved:
 - templateUrl: ./profile.component.html
 - styleUrl: ./profile.component.scss
Did you run and wait for &apos;resolveComponentResources()&apos;?
 ❯ Function.get node_modules/@angular/core/fesm2022/_debug_node-chunk.mjs:17775:17
 ❯ getComponentDef node_modules/@angular/core/fesm2022/testing.mjs:1154:16
 ❯ isStandaloneComponent node_modules/@angular/core/fesm2022/testing.mjs:1150:15
 ❯ queueTypesFromModulesArrayRecur node_modules/@angular/core/fesm2022/testing.mjs:925:20
 ❯ TestBedCompiler.queueTypesFromModulesArray node_modules/@angular/core/fesm2022/testing.mjs:943:5
 ❯ TestBedCompiler.configureTestingModule node_modules/@angular/core/fesm2022/testing.mjs:567:12
 ❯ TestBedImpl.configureTestingModule node_modules/@angular/core/fesm2022/testing.mjs:1402:19
 ❯ Function.configureTestingModule node_modules/@angular/core/fesm2022/testing.mjs:1273:33
 ❯ src/app/features/profile/profile.component.spec.ts:57:19
            </failure>
        </testcase>
        <testcase classname="src/app/features/profile/profile.component.spec.ts" name="ProfileComponent &gt; Component Properties &gt; should have date range spanning approximately 365 days" time="0.000225209">
            <failure message="Component &apos;ProfileComponent&apos; is not resolved:
 - templateUrl: ./profile.component.html
 - styleUrl: ./profile.component.scss
Did you run and wait for &apos;resolveComponentResources()&apos;?" type="Error">
Error: Component &apos;ProfileComponent&apos; is not resolved:
 - templateUrl: ./profile.component.html
 - styleUrl: ./profile.component.scss
Did you run and wait for &apos;resolveComponentResources()&apos;?
 ❯ Function.get node_modules/@angular/core/fesm2022/_debug_node-chunk.mjs:17775:17
 ❯ getComponentDef node_modules/@angular/core/fesm2022/testing.mjs:1154:16
 ❯ isStandaloneComponent node_modules/@angular/core/fesm2022/testing.mjs:1150:15
 ❯ queueTypesFromModulesArrayRecur node_modules/@angular/core/fesm2022/testing.mjs:925:20
 ❯ TestBedCompiler.queueTypesFromModulesArray node_modules/@angular/core/fesm2022/testing.mjs:943:5
 ❯ TestBedCompiler.configureTestingModule node_modules/@angular/core/fesm2022/testing.mjs:567:12
 ❯ TestBedImpl.configureTestingModule node_modules/@angular/core/fesm2022/testing.mjs:1402:19
 ❯ Function.configureTestingModule node_modules/@angular/core/fesm2022/testing.mjs:1273:33
 ❯ src/app/features/profile/profile.component.spec.ts:57:19
            </failure>
        </testcase>
        <testcase classname="src/app/features/profile/profile.component.spec.ts" name="ProfileComponent &gt; Child Component Integration &gt; should render profile-stats-card with correct inputs" time="0.000216619">
            <failure message="Component &apos;ProfileComponent&apos; is not resolved:
 - templateUrl: ./profile.component.html
 - styleUrl: ./profile.component.scss
Did you run and wait for &apos;resolveComponentResources()&apos;?" type="Error">
Error: Component &apos;ProfileComponent&apos; is not resolved:
 - templateUrl: ./profile.component.html
 - styleUrl: ./profile.component.scss
Did you run and wait for &apos;resolveComponentResources()&apos;?
 ❯ Function.get node_modules/@angular/core/fesm2022/_debug_node-chunk.mjs:17775:17
 ❯ getComponentDef node_modules/@angular/core/fesm2022/testing.mjs:1154:16
 ❯ isStandaloneComponent node_modules/@angular/core/fesm2022/testing.mjs:1150:15
 ❯ queueTypesFromModulesArrayRecur node_modules/@angular/core/fesm2022/testing.mjs:925:20
 ❯ TestBedCompiler.queueTypesFromModulesArray node_modules/@angular/core/fesm2022/testing.mjs:943:5
 ❯ TestBedCompiler.configureTestingModule node_modules/@angular/core/fesm2022/testing.mjs:567:12
 ❯ TestBedImpl.configureTestingModule node_modules/@angular/core/fesm2022/testing.mjs:1402:19
 ❯ Function.configureTestingModule node_modules/@angular/core/fesm2022/testing.mjs:1273:33
 ❯ src/app/features/profile/profile.component.spec.ts:57:19
            </failure>
        </testcase>
        <testcase classname="src/app/features/profile/profile.component.spec.ts" name="ProfileComponent &gt; Child Component Integration &gt; should call loadGitHubStats when retry is emitted from stats card" time="0.000210071">
            <failure message="Component &apos;ProfileComponent&apos; is not resolved:
 - templateUrl: ./profile.component.html
 - styleUrl: ./profile.component.scss
Did you run and wait for &apos;resolveComponentResources()&apos;?" type="Error">
Error: Component &apos;ProfileComponent&apos; is not resolved:
 - templateUrl: ./profile.component.html
 - styleUrl: ./profile.component.scss
Did you run and wait for &apos;resolveComponentResources()&apos;?
 ❯ Function.get node_modules/@angular/core/fesm2022/_debug_node-chunk.mjs:17775:17
 ❯ getComponentDef node_modules/@angular/core/fesm2022/testing.mjs:1154:16
 ❯ isStandaloneComponent node_modules/@angular/core/fesm2022/testing.mjs:1150:15
 ❯ queueTypesFromModulesArrayRecur node_modules/@angular/core/fesm2022/testing.mjs:925:20
 ❯ TestBedCompiler.queueTypesFromModulesArray node_modules/@angular/core/fesm2022/testing.mjs:943:5
 ❯ TestBedCompiler.configureTestingModule node_modules/@angular/core/fesm2022/testing.mjs:567:12
 ❯ TestBedImpl.configureTestingModule node_modules/@angular/core/fesm2022/testing.mjs:1402:19
 ❯ Function.configureTestingModule node_modules/@angular/core/fesm2022/testing.mjs:1273:33
 ❯ src/app/features/profile/profile.component.spec.ts:57:19
            </failure>
        </testcase>
        <testcase classname="src/app/features/profile/profile.component.spec.ts" name="ProfileComponent &gt; Resume Modal &gt; should initially have modal closed" time="0.000220715">
            <failure message="Component &apos;ProfileComponent&apos; is not resolved:
 - templateUrl: ./profile.component.html
 - styleUrl: ./profile.component.scss
Did you run and wait for &apos;resolveComponentResources()&apos;?" type="Error">
Error: Component &apos;ProfileComponent&apos; is not resolved:
 - templateUrl: ./profile.component.html
 - styleUrl: ./profile.component.scss
Did you run and wait for &apos;resolveComponentResources()&apos;?
 ❯ Function.get node_modules/@angular/core/fesm2022/_debug_node-chunk.mjs:17775:17
 ❯ getComponentDef node_modules/@angular/core/fesm2022/testing.mjs:1154:16
 ❯ isStandaloneComponent node_modules/@angular/core/fesm2022/testing.mjs:1150:15
 ❯ queueTypesFromModulesArrayRecur node_modules/@angular/core/fesm2022/testing.mjs:925:20
 ❯ TestBedCompiler.queueTypesFromModulesArray node_modules/@angular/core/fesm2022/testing.mjs:943:5
 ❯ TestBedCompiler.configureTestingModule node_modules/@angular/core/fesm2022/testing.mjs:567:12
 ❯ TestBedImpl.configureTestingModule node_modules/@angular/core/fesm2022/testing.mjs:1402:19
 ❯ Function.configureTestingModule node_modules/@angular/core/fesm2022/testing.mjs:1273:33
 ❯ src/app/features/profile/profile.component.spec.ts:57:19
            </failure>
        </testcase>
        <testcase classname="src/app/features/profile/profile.component.spec.ts" name="ProfileComponent &gt; Resume Modal &gt; should open the resume modal" time="0.000217154">
            <failure message="Component &apos;ProfileComponent&apos; is not resolved:
 - templateUrl: ./profile.component.html
 - styleUrl: ./profile.component.scss
Did you run and wait for &apos;resolveComponentResources()&apos;?" type="Error">
Error: Component &apos;ProfileComponent&apos; is not resolved:
 - templateUrl: ./profile.component.html
 - styleUrl: ./profile.component.scss
Did you run and wait for &apos;resolveComponentResources()&apos;?
 ❯ Function.get node_modules/@angular/core/fesm2022/_debug_node-chunk.mjs:17775:17
 ❯ getComponentDef node_modules/@angular/core/fesm2022/testing.mjs:1154:16
 ❯ isStandaloneComponent node_modules/@angular/core/fesm2022/testing.mjs:1150:15
 ❯ queueTypesFromModulesArrayRecur node_modules/@angular/core/fesm2022/testing.mjs:925:20
 ❯ TestBedCompiler.queueTypesFromModulesArray node_modules/@angular/core/fesm2022/testing.mjs:943:5
 ❯ TestBedCompiler.configureTestingModule node_modules/@angular/core/fesm2022/testing.mjs:567:12
 ❯ TestBedImpl.configureTestingModule node_modules/@angular/core/fesm2022/testing.mjs:1402:19
 ❯ Function.configureTestingModule node_modules/@angular/core/fesm2022/testing.mjs:1273:33
 ❯ src/app/features/profile/profile.component.spec.ts:57:19
            </failure>
        </testcase>
        <testcase classname="src/app/features/profile/profile.component.spec.ts" name="ProfileComponent &gt; Resume Modal &gt; should close the resume modal" time="0.000314587">
            <failure message="Component &apos;ProfileComponent&apos; is not resolved:
 - templateUrl: ./profile.component.html
 - styleUrl: ./profile.component.scss
Did you run and wait for &apos;resolveComponentResources()&apos;?" type="Error">
Error: Component &apos;ProfileComponent&apos; is not resolved:
 - templateUrl: ./profile.component.html
 - styleUrl: ./profile.component.scss
Did you run and wait for &apos;resolveComponentResources()&apos;?
 ❯ Function.get node_modules/@angular/core/fesm2022/_debug_node-chunk.mjs:17775:17
 ❯ getComponentDef node_modules/@angular/core/fesm2022/testing.mjs:1154:16
 ❯ isStandaloneComponent node_modules/@angular/core/fesm2022/testing.mjs:1150:15
 ❯ queueTypesFromModulesArrayRecur node_modules/@angular/core/fesm2022/testing.mjs:925:20
 ❯ TestBedCompiler.queueTypesFromModulesArray node_modules/@angular/core/fesm2022/testing.mjs:943:5
 ❯ TestBedCompiler.configureTestingModule node_modules/@angular/core/fesm2022/testing.mjs:567:12
 ❯ TestBedImpl.configureTestingModule node_modules/@angular/core/fesm2022/testing.mjs:1402:19
 ❯ Function.configureTestingModule node_modules/@angular/core/fesm2022/testing.mjs:1273:33
 ❯ src/app/features/profile/profile.component.spec.ts:57:19
            </failure>
        </testcase>
        <testcase classname="src/app/features/profile/profile.component.spec.ts" name="ProfileComponent &gt; Resume Modal &gt; should render modal component" time="0.000210418">
            <failure message="Component &apos;ProfileComponent&apos; is not resolved:
 - templateUrl: ./profile.component.html
 - styleUrl: ./profile.component.scss
Did you run and wait for &apos;resolveComponentResources()&apos;?" type="Error">
Error: Component &apos;ProfileComponent&apos; is not resolved:
 - templateUrl: ./profile.component.html
 - styleUrl: ./profile.component.scss
Did you run and wait for &apos;resolveComponentResources()&apos;?
 ❯ Function.get node_modules/@angular/core/fesm2022/_debug_node-chunk.mjs:17775:17
 ❯ getComponentDef node_modules/@angular/core/fesm2022/testing.mjs:1154:16
 ❯ isStandaloneComponent node_modules/@angular/core/fesm2022/testing.mjs:1150:15
 ❯ queueTypesFromModulesArrayRecur node_modules/@angular/core/fesm2022/testing.mjs:925:20
 ❯ TestBedCompiler.queueTypesFromModulesArray node_modules/@angular/core/fesm2022/testing.mjs:943:5
 ❯ TestBedCompiler.configureTestingModule node_modules/@angular/core/fesm2022/testing.mjs:567:12
 ❯ TestBedImpl.configureTestingModule node_modules/@angular/core/fesm2022/testing.mjs:1402:19
 ❯ Function.configureTestingModule node_modules/@angular/core/fesm2022/testing.mjs:1273:33
 ❯ src/app/features/profile/profile.component.spec.ts:57:19
            </failure>
        </testcase>
        <testcase classname="src/app/features/profile/profile.component.spec.ts" name="ProfileComponent &gt; Resume Modal &gt; should pass correct open state to modal" time="0.00020905">
            <failure message="Component &apos;ProfileComponent&apos; is not resolved:
 - templateUrl: ./profile.component.html
 - styleUrl: ./profile.component.scss
Did you run and wait for &apos;resolveComponentResources()&apos;?" type="Error">
Error: Component &apos;ProfileComponent&apos; is not resolved:
 - templateUrl: ./profile.component.html
 - styleUrl: ./profile.component.scss
Did you run and wait for &apos;resolveComponentResources()&apos;?
 ❯ Function.get node_modules/@angular/core/fesm2022/_debug_node-chunk.mjs:17775:17
 ❯ getComponentDef node_modules/@angular/core/fesm2022/testing.mjs:1154:16
 ❯ isStandaloneComponent node_modules/@angular/core/fesm2022/testing.mjs:1150:15
 ❯ queueTypesFromModulesArrayRecur node_modules/@angular/core/fesm2022/testing.mjs:925:20
 ❯ TestBedCompiler.queueTypesFromModulesArray node_modules/@angular/core/fesm2022/testing.mjs:943:5
 ❯ TestBedCompiler.configureTestingModule node_modules/@angular/core/fesm2022/testing.mjs:567:12
 ❯ TestBedImpl.configureTestingModule node_modules/@angular/core/fesm2022/testing.mjs:1402:19
 ❯ Function.configureTestingModule node_modules/@angular/core/fesm2022/testing.mjs:1273:33
 ❯ src/app/features/profile/profile.component.spec.ts:57:19
            </failure>
        </testcase>
        <testcase classname="src/app/features/profile/profile.component.spec.ts" name="ProfileComponent &gt; Resume Modal &gt; should render modal header with title when open" time="0.00021721">
            <failure message="Component &apos;ProfileComponent&apos; is not resolved:
 - templateUrl: ./profile.component.html
 - styleUrl: ./profile.component.scss
Did you run and wait for &apos;resolveComponentResources()&apos;?" type="Error">
Error: Component &apos;ProfileComponent&apos; is not resolved:
 - templateUrl: ./profile.component.html
 - styleUrl: ./profile.component.scss
Did you run and wait for &apos;resolveComponentResources()&apos;?
 ❯ Function.get node_modules/@angular/core/fesm2022/_debug_node-chunk.mjs:17775:17
 ❯ getComponentDef node_modules/@angular/core/fesm2022/testing.mjs:1154:16
 ❯ isStandaloneComponent node_modules/@angular/core/fesm2022/testing.mjs:1150:15
 ❯ queueTypesFromModulesArrayRecur node_modules/@angular/core/fesm2022/testing.mjs:925:20
 ❯ TestBedCompiler.queueTypesFromModulesArray node_modules/@angular/core/fesm2022/testing.mjs:943:5
 ❯ TestBedCompiler.configureTestingModule node_modules/@angular/core/fesm2022/testing.mjs:567:12
 ❯ TestBedImpl.configureTestingModule node_modules/@angular/core/fesm2022/testing.mjs:1402:19
 ❯ Function.configureTestingModule node_modules/@angular/core/fesm2022/testing.mjs:1273:33
 ❯ src/app/features/profile/profile.component.spec.ts:57:19
            </failure>
        </testcase>
        <testcase classname="src/app/features/profile/profile.component.spec.ts" name="ProfileComponent &gt; Resume Modal &gt; should render PDF embed object when modal is open" time="0.000211431">
            <failure message="Component &apos;ProfileComponent&apos; is not resolved:
 - templateUrl: ./profile.component.html
 - styleUrl: ./profile.component.scss
Did you run and wait for &apos;resolveComponentResources()&apos;?" type="Error">
Error: Component &apos;ProfileComponent&apos; is not resolved:
 - templateUrl: ./profile.component.html
 - styleUrl: ./profile.component.scss
Did you run and wait for &apos;resolveComponentResources()&apos;?
 ❯ Function.get node_modules/@angular/core/fesm2022/_debug_node-chunk.mjs:17775:17
 ❯ getComponentDef node_modules/@angular/core/fesm2022/testing.mjs:1154:16
 ❯ isStandaloneComponent node_modules/@angular/core/fesm2022/testing.mjs:1150:15
 ❯ queueTypesFromModulesArrayRecur node_modules/@angular/core/fesm2022/testing.mjs:925:20
 ❯ TestBedCompiler.queueTypesFromModulesArray node_modules/@angular/core/fesm2022/testing.mjs:943:5
 ❯ TestBedCompiler.configureTestingModule node_modules/@angular/core/fesm2022/testing.mjs:567:12
 ❯ TestBedImpl.configureTestingModule node_modules/@angular/core/fesm2022/testing.mjs:1402:19
 ❯ Function.configureTestingModule node_modules/@angular/core/fesm2022/testing.mjs:1273:33
 ❯ src/app/features/profile/profile.component.spec.ts:57:19
            </failure>
        </testcase>
        <testcase classname="src/app/features/profile/profile.component.spec.ts" name="ProfileComponent &gt; Resume Modal &gt; should have fallback download link in modal" time="0.000209777">
            <failure message="Component &apos;ProfileComponent&apos; is not resolved:
 - templateUrl: ./profile.component.html
 - styleUrl: ./profile.component.scss
Did you run and wait for &apos;resolveComponentResources()&apos;?" type="Error">
Error: Component &apos;ProfileComponent&apos; is not resolved:
 - templateUrl: ./profile.component.html
 - styleUrl: ./profile.component.scss
Did you run and wait for &apos;resolveComponentResources()&apos;?
 ❯ Function.get node_modules/@angular/core/fesm2022/_debug_node-chunk.mjs:17775:17
 ❯ getComponentDef node_modules/@angular/core/fesm2022/testing.mjs:1154:16
 ❯ isStandaloneComponent node_modules/@angular/core/fesm2022/testing.mjs:1150:15
 ❯ queueTypesFromModulesArrayRecur node_modules/@angular/core/fesm2022/testing.mjs:925:20
 ❯ TestBedCompiler.queueTypesFromModulesArray node_modules/@angular/core/fesm2022/testing.mjs:943:5
 ❯ TestBedCompiler.configureTestingModule node_modules/@angular/core/fesm2022/testing.mjs:567:12
 ❯ TestBedImpl.configureTestingModule node_modules/@angular/core/fesm2022/testing.mjs:1402:19
 ❯ Function.configureTestingModule node_modules/@angular/core/fesm2022/testing.mjs:1273:33
 ❯ src/app/features/profile/profile.component.spec.ts:57:19
            </failure>
        </testcase>
        <testcase classname="src/app/features/profile/profile.component.spec.ts" name="ProfileComponent &gt; Resume Modal &gt; should close modal when closed event is triggered" time="0.000210644">
            <failure message="Component &apos;ProfileComponent&apos; is not resolved:
 - templateUrl: ./profile.component.html
 - styleUrl: ./profile.component.scss
Did you run and wait for &apos;resolveComponentResources()&apos;?" type="Error">
Error: Component &apos;ProfileComponent&apos; is not resolved:
 - templateUrl: ./profile.component.html
 - styleUrl: ./profile.component.scss
Did you run and wait for &apos;resolveComponentResources()&apos;?
 ❯ Function.get node_modules/@angular/core/fesm2022/_debug_node-chunk.mjs:17775:17
 ❯ getComponentDef node_modules/@angular/core/fesm2022/testing.mjs:1154:16
 ❯ isStandaloneComponent node_modules/@angular/core/fesm2022/testing.mjs:1150:15
 ❯ queueTypesFromModulesArrayRecur node_modules/@angular/core/fesm2022/testing.mjs:925:20
 ❯ TestBedCompiler.queueTypesFromModulesArray node_modules/@angular/core/fesm2022/testing.mjs:943:5
 ❯ TestBedCompiler.configureTestingModule node_modules/@angular/core/fesm2022/testing.mjs:567:12
 ❯ TestBedImpl.configureTestingModule node_modules/@angular/core/fesm2022/testing.mjs:1402:19
 ❯ Function.configureTestingModule node_modules/@angular/core/fesm2022/testing.mjs:1273:33
 ❯ src/app/features/profile/profile.component.spec.ts:57:19
            </failure>
        </testcase>
    </testsuite>
    <testsuite name="src/app/features/contact/state/contact.store.spec.ts" timestamp="2025-12-29T16:20:11.131Z" hostname="jay-MS-7971" tests="1" failures="1" errors="0" skipped="0" time="0">
        <testcase classname="src/app/features/contact/state/contact.store.spec.ts" name="src/app/features/contact/state/contact.store.spec.ts" time="0">
            <system-err>
JIT compilation failed for injectable [36m[class PlatformLocation][39m

            </system-err>
            <failure message="The injectable &apos;PlatformLocation&apos; needs to be compiled using the JIT compiler, but &apos;@angular/compiler&apos; is not available.

The injectable is part of a library that has been partially compiled.
However, the Angular Linker has not processed the library such that JIT compilation is used as fallback.

Ideally, the library is processed using the Angular Linker to become fully AOT compiled.
Alternatively, the JIT compiler should be loaded by bootstrapping using &apos;@angular/platform-browser-dynamic&apos; or &apos;@angular/platform-server&apos;,
or manually provide the compiler with &apos;import &quot;@angular/compiler&quot;;&apos; before bootstrapping." type="Error">
Error: The injectable &apos;PlatformLocation&apos; needs to be compiled using the JIT compiler, but &apos;@angular/compiler&apos; is not available.

The injectable is part of a library that has been partially compiled.
However, the Angular Linker has not processed the library such that JIT compilation is used as fallback.

Ideally, the library is processed using the Angular Linker to become fully AOT compiled.
Alternatively, the JIT compiler should be loaded by bootstrapping using &apos;@angular/platform-browser-dynamic&apos; or &apos;@angular/platform-server&apos;,
or manually provide the compiler with &apos;import &quot;@angular/compiler&quot;;&apos; before bootstrapping.
 ❯ getCompilerFacade node_modules/@angular/core/fesm2022/_debug_node-chunk.mjs:143:11
 ❯ Module.ɵɵngDeclareFactory node_modules/@angular/core/fesm2022/core.mjs:2594:20
 ❯ Function.&lt;static_initializer&gt; node_modules/@angular/common/fesm2022/_platform_location-chunk.mjs:23:20
 ❯ node_modules/@angular/common/fesm2022/_platform_location-chunk.mjs:17:1
 ❯ src/app/features/contact/state/contact.store.spec.ts:2:1
            </failure>
        </testcase>
    </testsuite>
    <testsuite name="src/app/core/services/analytics/providers/google-analytics.provider.spec.ts" timestamp="2025-12-29T16:20:11.132Z" hostname="jay-MS-7971" tests="1" failures="1" errors="0" skipped="0" time="0">
        <testcase classname="src/app/core/services/analytics/providers/google-analytics.provider.spec.ts" name="src/app/core/services/analytics/providers/google-analytics.provider.spec.ts" time="0">
            <system-err>
JIT compilation failed for injectable [36m[class PlatformLocation][39m

            </system-err>
            <failure message="The injectable &apos;PlatformLocation&apos; needs to be compiled using the JIT compiler, but &apos;@angular/compiler&apos; is not available.

The injectable is part of a library that has been partially compiled.
However, the Angular Linker has not processed the library such that JIT compilation is used as fallback.

Ideally, the library is processed using the Angular Linker to become fully AOT compiled.
Alternatively, the JIT compiler should be loaded by bootstrapping using &apos;@angular/platform-browser-dynamic&apos; or &apos;@angular/platform-server&apos;,
or manually provide the compiler with &apos;import &quot;@angular/compiler&quot;;&apos; before bootstrapping." type="Error">
Error: The injectable &apos;PlatformLocation&apos; needs to be compiled using the JIT compiler, but &apos;@angular/compiler&apos; is not available.

The injectable is part of a library that has been partially compiled.
However, the Angular Linker has not processed the library such that JIT compilation is used as fallback.

Ideally, the library is processed using the Angular Linker to become fully AOT compiled.
Alternatively, the JIT compiler should be loaded by bootstrapping using &apos;@angular/platform-browser-dynamic&apos; or &apos;@angular/platform-server&apos;,
or manually provide the compiler with &apos;import &quot;@angular/compiler&quot;;&apos; before bootstrapping.
 ❯ getCompilerFacade node_modules/@angular/core/fesm2022/_debug_node-chunk.mjs:143:11
 ❯ Module.ɵɵngDeclareFactory node_modules/@angular/core/fesm2022/core.mjs:2594:20
 ❯ Function.&lt;static_initializer&gt; node_modules/@angular/common/fesm2022/_platform_location-chunk.mjs:23:20
 ❯ node_modules/@angular/common/fesm2022/_platform_location-chunk.mjs:17:1
 ❯ src/app/core/services/analytics/providers/google-analytics.provider.spec.ts:1:1
            </failure>
        </testcase>
    </testsuite>
</testsuites>
