<?xml version="1.0" encoding="UTF-8" ?>
<testsuites name="vitest tests" tests="1" failures="1" errors="0" time="0">
    <testsuite name="src/app/core/services/analytics/analytics-loader.service.spec.ts" timestamp="2025-12-29T14:46:36.428Z" hostname="jay-MS-7971" tests="1" failures="1" errors="0" skipped="0" time="0">
        <testcase classname="src/app/core/services/analytics/analytics-loader.service.spec.ts" name="src/app/core/services/analytics/analytics-loader.service.spec.ts" time="0">
            <system-err>
JIT compilation failed for injectable [36m[class PlatformLocation][39m

            </system-err>
            <failure message="The injectable &apos;PlatformLocation&apos; needs to be compiled using the JIT compiler, but &apos;@angular/compiler&apos; is not available.

The injectable is part of a library that has been partially compiled.
However, the Angular Linker has not processed the library such that JIT compilation is used as fallback.

Ideally, the library is processed using the Angular Linker to become fully AOT compiled.
Alternatively, the JIT compiler should be loaded by bootstrapping using &apos;@angular/platform-browser-dynamic&apos; or &apos;@angular/platform-server&apos;,
or manually provide the compiler with &apos;import &quot;@angular/compiler&quot;;&apos; before bootstrapping." type="Error">
Error: The injectable &apos;PlatformLocation&apos; needs to be compiled using the JIT compiler, but &apos;@angular/compiler&apos; is not available.

The injectable is part of a library that has been partially compiled.
However, the Angular Linker has not processed the library such that JIT compilation is used as fallback.

Ideally, the library is processed using the Angular Linker to become fully AOT compiled.
Alternatively, the JIT compiler should be loaded by bootstrapping using &apos;@angular/platform-browser-dynamic&apos; or &apos;@angular/platform-server&apos;,
or manually provide the compiler with &apos;import &quot;@angular/compiler&quot;;&apos; before bootstrapping.
 ❯ getCompilerFacade node_modules/@angular/core/fesm2022/_debug_node-chunk.mjs:143:11
 ❯ Module.ɵɵngDeclareFactory node_modules/@angular/core/fesm2022/core.mjs:2594:20
 ❯ Function.&lt;static_initializer&gt; node_modules/@angular/common/fesm2022/_platform_location-chunk.mjs:23:20
 ❯ node_modules/@angular/common/fesm2022/_platform_location-chunk.mjs:17:1
 ❯ src/app/core/services/analytics/analytics-loader.service.spec.ts:1:1
            </failure>
        </testcase>
    </testsuite>
</testsuites>
