<?xml version="1.0" encoding="UTF-8" ?>
<testsuites name="vitest tests" tests="161" failures="161" errors="0" time="0.089201921">
    <testsuite name="src/app/shared/components/button/button.component.spec.ts" timestamp="2026-01-08T14:44:35.861Z" hostname="jay-MS-7971" tests="73" failures="73" errors="0" skipped="0" time="0.042042688">
        <testcase classname="src/app/shared/components/button/button.component.spec.ts" name="ButtonComponent &gt; Component Creation &gt; should create" time="0.005570719">
            <failure message="Need to call TestBed.initTestEnvironment() first" type="Error">
Error: Need to call TestBed.initTestEnvironment() first
 ❯ TestBedImpl.get compiler [as compiler] node_modules/@angular/core/fesm2022/testing.mjs:1486:13
 ❯ TestBedImpl.overrideComponent node_modules/@angular/core/fesm2022/testing.mjs:1430:10
 ❯ Function.overrideComponent node_modules/@angular/core/fesm2022/testing.mjs:1282:33
 ❯ src/app/shared/components/button/button.component.spec.ts:15:13
            </failure>
        </testcase>
        <testcase classname="src/app/shared/components/button/button.component.spec.ts" name="ButtonComponent &gt; Component Creation &gt; should be standalone" time="0.00299612">
            <failure message="Cannot read properties of null (reading &apos;injector&apos;)" type="TypeError">
TypeError: Cannot read properties of null (reading &apos;injector&apos;)
 ❯ TestBedCompiler.get injector [as injector] node_modules/@angular/core/fesm2022/testing.mjs:1072:43
 ❯ resolver node_modules/@angular/core/fesm2022/testing.mjs:695:33
 ❯ cachedResourceResolve node_modules/@angular/core/fesm2022/_debug_node-chunk.mjs:9095:21
 ❯ node_modules/@angular/core/fesm2022/_debug_node-chunk.mjs:9105:27
 ❯ resolveComponentResources node_modules/@angular/core/fesm2022/_debug_node-chunk.mjs:9099:55
 ❯ TestBedCompiler.compileComponents node_modules/@angular/core/fesm2022/testing.mjs:699:13
 ❯ src/app/shared/components/button/button.component.spec.ts:62:5
            </failure>
        </testcase>
        <testcase classname="src/app/shared/components/button/button.component.spec.ts" name="ButtonComponent &gt; Component Creation &gt; should use OnPush change detection" time="0.00052777">
            <failure message="Cannot read properties of null (reading &apos;injector&apos;)" type="TypeError">
TypeError: Cannot read properties of null (reading &apos;injector&apos;)
 ❯ TestBedCompiler.get injector [as injector] node_modules/@angular/core/fesm2022/testing.mjs:1072:43
 ❯ resolver node_modules/@angular/core/fesm2022/testing.mjs:695:33
 ❯ cachedResourceResolve node_modules/@angular/core/fesm2022/_debug_node-chunk.mjs:9095:21
 ❯ node_modules/@angular/core/fesm2022/_debug_node-chunk.mjs:9105:27
 ❯ resolveComponentResources node_modules/@angular/core/fesm2022/_debug_node-chunk.mjs:9099:55
 ❯ TestBedCompiler.compileComponents node_modules/@angular/core/fesm2022/testing.mjs:699:13
 ❯ src/app/shared/components/button/button.component.spec.ts:62:5
            </failure>
        </testcase>
        <testcase classname="src/app/shared/components/button/button.component.spec.ts" name="ButtonComponent &gt; Input Handling - Variant &gt; should have default variant as primary" time="0.000489735">
            <failure message="Cannot read properties of null (reading &apos;injector&apos;)" type="TypeError">
TypeError: Cannot read properties of null (reading &apos;injector&apos;)
 ❯ TestBedCompiler.get injector [as injector] node_modules/@angular/core/fesm2022/testing.mjs:1072:43
 ❯ resolver node_modules/@angular/core/fesm2022/testing.mjs:695:33
 ❯ cachedResourceResolve node_modules/@angular/core/fesm2022/_debug_node-chunk.mjs:9095:21
 ❯ node_modules/@angular/core/fesm2022/_debug_node-chunk.mjs:9105:27
 ❯ resolveComponentResources node_modules/@angular/core/fesm2022/_debug_node-chunk.mjs:9099:55
 ❯ TestBedCompiler.compileComponents node_modules/@angular/core/fesm2022/testing.mjs:699:13
 ❯ src/app/shared/components/button/button.component.spec.ts:62:5
            </failure>
        </testcase>
        <testcase classname="src/app/shared/components/button/button.component.spec.ts" name="ButtonComponent &gt; Input Handling - Variant &gt; should apply custom variant" time="0.000453786">
            <failure message="Cannot read properties of null (reading &apos;injector&apos;)" type="TypeError">
TypeError: Cannot read properties of null (reading &apos;injector&apos;)
 ❯ TestBedCompiler.get injector [as injector] node_modules/@angular/core/fesm2022/testing.mjs:1072:43
 ❯ resolver node_modules/@angular/core/fesm2022/testing.mjs:695:33
 ❯ cachedResourceResolve node_modules/@angular/core/fesm2022/_debug_node-chunk.mjs:9095:21
 ❯ node_modules/@angular/core/fesm2022/_debug_node-chunk.mjs:9105:27
 ❯ resolveComponentResources node_modules/@angular/core/fesm2022/_debug_node-chunk.mjs:9099:55
 ❯ TestBedCompiler.compileComponents node_modules/@angular/core/fesm2022/testing.mjs:699:13
 ❯ src/app/shared/components/button/button.component.spec.ts:62:5
            </failure>
        </testcase>
        <testcase classname="src/app/shared/components/button/button.component.spec.ts" name="ButtonComponent &gt; Input Handling - Size &gt; should have default size as md" time="0.000418949">
            <failure message="Cannot read properties of null (reading &apos;injector&apos;)" type="TypeError">
TypeError: Cannot read properties of null (reading &apos;injector&apos;)
 ❯ TestBedCompiler.get injector [as injector] node_modules/@angular/core/fesm2022/testing.mjs:1072:43
 ❯ resolver node_modules/@angular/core/fesm2022/testing.mjs:695:33
 ❯ cachedResourceResolve node_modules/@angular/core/fesm2022/_debug_node-chunk.mjs:9095:21
 ❯ node_modules/@angular/core/fesm2022/_debug_node-chunk.mjs:9105:27
 ❯ resolveComponentResources node_modules/@angular/core/fesm2022/_debug_node-chunk.mjs:9099:55
 ❯ TestBedCompiler.compileComponents node_modules/@angular/core/fesm2022/testing.mjs:699:13
 ❯ src/app/shared/components/button/button.component.spec.ts:62:5
            </failure>
        </testcase>
        <testcase classname="src/app/shared/components/button/button.component.spec.ts" name="ButtonComponent &gt; Input Handling - Size &gt; should apply custom size" time="0.000555634">
            <failure message="Cannot read properties of null (reading &apos;injector&apos;)" type="TypeError">
TypeError: Cannot read properties of null (reading &apos;injector&apos;)
 ❯ TestBedCompiler.get injector [as injector] node_modules/@angular/core/fesm2022/testing.mjs:1072:43
 ❯ resolver node_modules/@angular/core/fesm2022/testing.mjs:695:33
 ❯ cachedResourceResolve node_modules/@angular/core/fesm2022/_debug_node-chunk.mjs:9095:21
 ❯ node_modules/@angular/core/fesm2022/_debug_node-chunk.mjs:9105:27
 ❯ resolveComponentResources node_modules/@angular/core/fesm2022/_debug_node-chunk.mjs:9099:55
 ❯ TestBedCompiler.compileComponents node_modules/@angular/core/fesm2022/testing.mjs:699:13
 ❯ src/app/shared/components/button/button.component.spec.ts:62:5
            </failure>
        </testcase>
        <testcase classname="src/app/shared/components/button/button.component.spec.ts" name="ButtonComponent &gt; Input Handling - Type &gt; should have default type as button" time="0.000431284">
            <failure message="Cannot read properties of null (reading &apos;injector&apos;)" type="TypeError">
TypeError: Cannot read properties of null (reading &apos;injector&apos;)
 ❯ TestBedCompiler.get injector [as injector] node_modules/@angular/core/fesm2022/testing.mjs:1072:43
 ❯ resolver node_modules/@angular/core/fesm2022/testing.mjs:695:33
 ❯ cachedResourceResolve node_modules/@angular/core/fesm2022/_debug_node-chunk.mjs:9095:21
 ❯ node_modules/@angular/core/fesm2022/_debug_node-chunk.mjs:9105:27
 ❯ resolveComponentResources node_modules/@angular/core/fesm2022/_debug_node-chunk.mjs:9099:55
 ❯ TestBedCompiler.compileComponents node_modules/@angular/core/fesm2022/testing.mjs:699:13
 ❯ src/app/shared/components/button/button.component.spec.ts:62:5
            </failure>
        </testcase>
        <testcase classname="src/app/shared/components/button/button.component.spec.ts" name="ButtonComponent &gt; Input Handling - Type &gt; should apply custom type" time="0.00058699">
            <failure message="Cannot read properties of null (reading &apos;injector&apos;)" type="TypeError">
TypeError: Cannot read properties of null (reading &apos;injector&apos;)
 ❯ TestBedCompiler.get injector [as injector] node_modules/@angular/core/fesm2022/testing.mjs:1072:43
 ❯ resolver node_modules/@angular/core/fesm2022/testing.mjs:695:33
 ❯ cachedResourceResolve node_modules/@angular/core/fesm2022/_debug_node-chunk.mjs:9095:21
 ❯ node_modules/@angular/core/fesm2022/_debug_node-chunk.mjs:9105:27
 ❯ resolveComponentResources node_modules/@angular/core/fesm2022/_debug_node-chunk.mjs:9099:55
 ❯ TestBedCompiler.compileComponents node_modules/@angular/core/fesm2022/testing.mjs:699:13
 ❯ src/app/shared/components/button/button.component.spec.ts:62:5
            </failure>
        </testcase>
        <testcase classname="src/app/shared/components/button/button.component.spec.ts" name="ButtonComponent &gt; Input Handling - States &gt; should handle disabled state" time="0.000536851">
            <failure message="Cannot read properties of null (reading &apos;injector&apos;)" type="TypeError">
TypeError: Cannot read properties of null (reading &apos;injector&apos;)
 ❯ TestBedCompiler.get injector [as injector] node_modules/@angular/core/fesm2022/testing.mjs:1072:43
 ❯ resolver node_modules/@angular/core/fesm2022/testing.mjs:695:33
 ❯ cachedResourceResolve node_modules/@angular/core/fesm2022/_debug_node-chunk.mjs:9095:21
 ❯ node_modules/@angular/core/fesm2022/_debug_node-chunk.mjs:9105:27
 ❯ resolveComponentResources node_modules/@angular/core/fesm2022/_debug_node-chunk.mjs:9099:55
 ❯ TestBedCompiler.compileComponents node_modules/@angular/core/fesm2022/testing.mjs:699:13
 ❯ src/app/shared/components/button/button.component.spec.ts:62:5
            </failure>
        </testcase>
        <testcase classname="src/app/shared/components/button/button.component.spec.ts" name="ButtonComponent &gt; Input Handling - States &gt; should handle loading state" time="0.000483315">
            <failure message="Cannot read properties of null (reading &apos;injector&apos;)" type="TypeError">
TypeError: Cannot read properties of null (reading &apos;injector&apos;)
 ❯ TestBedCompiler.get injector [as injector] node_modules/@angular/core/fesm2022/testing.mjs:1072:43
 ❯ resolver node_modules/@angular/core/fesm2022/testing.mjs:695:33
 ❯ cachedResourceResolve node_modules/@angular/core/fesm2022/_debug_node-chunk.mjs:9095:21
 ❯ node_modules/@angular/core/fesm2022/_debug_node-chunk.mjs:9105:27
 ❯ resolveComponentResources node_modules/@angular/core/fesm2022/_debug_node-chunk.mjs:9099:55
 ❯ TestBedCompiler.compileComponents node_modules/@angular/core/fesm2022/testing.mjs:699:13
 ❯ src/app/shared/components/button/button.component.spec.ts:62:5
            </failure>
        </testcase>
        <testcase classname="src/app/shared/components/button/button.component.spec.ts" name="ButtonComponent &gt; Input Handling - States &gt; should handle fullWidth option" time="0.000464181">
            <failure message="Cannot read properties of null (reading &apos;injector&apos;)" type="TypeError">
TypeError: Cannot read properties of null (reading &apos;injector&apos;)
 ❯ TestBedCompiler.get injector [as injector] node_modules/@angular/core/fesm2022/testing.mjs:1072:43
 ❯ resolver node_modules/@angular/core/fesm2022/testing.mjs:695:33
 ❯ cachedResourceResolve node_modules/@angular/core/fesm2022/_debug_node-chunk.mjs:9095:21
 ❯ node_modules/@angular/core/fesm2022/_debug_node-chunk.mjs:9105:27
 ❯ resolveComponentResources node_modules/@angular/core/fesm2022/_debug_node-chunk.mjs:9099:55
 ❯ TestBedCompiler.compileComponents node_modules/@angular/core/fesm2022/testing.mjs:699:13
 ❯ src/app/shared/components/button/button.component.spec.ts:62:5
            </failure>
        </testcase>
        <testcase classname="src/app/shared/components/button/button.component.spec.ts" name="ButtonComponent &gt; Input Handling - States &gt; should handle iconOnly option" time="0.00033998">
            <failure message="Cannot read properties of null (reading &apos;injector&apos;)" type="TypeError">
TypeError: Cannot read properties of null (reading &apos;injector&apos;)
 ❯ TestBedCompiler.get injector [as injector] node_modules/@angular/core/fesm2022/testing.mjs:1072:43
 ❯ resolver node_modules/@angular/core/fesm2022/testing.mjs:695:33
 ❯ cachedResourceResolve node_modules/@angular/core/fesm2022/_debug_node-chunk.mjs:9095:21
 ❯ node_modules/@angular/core/fesm2022/_debug_node-chunk.mjs:9105:27
 ❯ resolveComponentResources node_modules/@angular/core/fesm2022/_debug_node-chunk.mjs:9099:55
 ❯ TestBedCompiler.compileComponents node_modules/@angular/core/fesm2022/testing.mjs:699:13
 ❯ src/app/shared/components/button/button.component.spec.ts:62:5
            </failure>
        </testcase>
        <testcase classname="src/app/shared/components/button/button.component.spec.ts" name="ButtonComponent &gt; Input Handling - Icons &gt; should handle iconLeft input" time="0.00035603">
            <failure message="Cannot read properties of null (reading &apos;injector&apos;)" type="TypeError">
TypeError: Cannot read properties of null (reading &apos;injector&apos;)
 ❯ TestBedCompiler.get injector [as injector] node_modules/@angular/core/fesm2022/testing.mjs:1072:43
 ❯ resolver node_modules/@angular/core/fesm2022/testing.mjs:695:33
 ❯ cachedResourceResolve node_modules/@angular/core/fesm2022/_debug_node-chunk.mjs:9095:21
 ❯ node_modules/@angular/core/fesm2022/_debug_node-chunk.mjs:9105:27
 ❯ resolveComponentResources node_modules/@angular/core/fesm2022/_debug_node-chunk.mjs:9099:55
 ❯ TestBedCompiler.compileComponents node_modules/@angular/core/fesm2022/testing.mjs:699:13
 ❯ src/app/shared/components/button/button.component.spec.ts:62:5
            </failure>
        </testcase>
        <testcase classname="src/app/shared/components/button/button.component.spec.ts" name="ButtonComponent &gt; Input Handling - Icons &gt; should handle iconRight input" time="0.000398127">
            <failure message="Cannot read properties of null (reading &apos;injector&apos;)" type="TypeError">
TypeError: Cannot read properties of null (reading &apos;injector&apos;)
 ❯ TestBedCompiler.get injector [as injector] node_modules/@angular/core/fesm2022/testing.mjs:1072:43
 ❯ resolver node_modules/@angular/core/fesm2022/testing.mjs:695:33
 ❯ cachedResourceResolve node_modules/@angular/core/fesm2022/_debug_node-chunk.mjs:9095:21
 ❯ node_modules/@angular/core/fesm2022/_debug_node-chunk.mjs:9105:27
 ❯ resolveComponentResources node_modules/@angular/core/fesm2022/_debug_node-chunk.mjs:9099:55
 ❯ TestBedCompiler.compileComponents node_modules/@angular/core/fesm2022/testing.mjs:699:13
 ❯ src/app/shared/components/button/button.component.spec.ts:62:5
            </failure>
        </testcase>
        <testcase classname="src/app/shared/components/button/button.component.spec.ts" name="ButtonComponent &gt; Click Events &gt; should emit click event when clicked" time="0.000377183">
            <failure message="Cannot read properties of null (reading &apos;injector&apos;)" type="TypeError">
TypeError: Cannot read properties of null (reading &apos;injector&apos;)
 ❯ TestBedCompiler.get injector [as injector] node_modules/@angular/core/fesm2022/testing.mjs:1072:43
 ❯ resolver node_modules/@angular/core/fesm2022/testing.mjs:695:33
 ❯ cachedResourceResolve node_modules/@angular/core/fesm2022/_debug_node-chunk.mjs:9095:21
 ❯ node_modules/@angular/core/fesm2022/_debug_node-chunk.mjs:9105:27
 ❯ resolveComponentResources node_modules/@angular/core/fesm2022/_debug_node-chunk.mjs:9099:55
 ❯ TestBedCompiler.compileComponents node_modules/@angular/core/fesm2022/testing.mjs:699:13
 ❯ src/app/shared/components/button/button.component.spec.ts:62:5
            </failure>
        </testcase>
        <testcase classname="src/app/shared/components/button/button.component.spec.ts" name="ButtonComponent &gt; Click Events &gt; should NOT emit click when disabled" time="0.00030863">
            <failure message="Cannot read properties of null (reading &apos;injector&apos;)" type="TypeError">
TypeError: Cannot read properties of null (reading &apos;injector&apos;)
 ❯ TestBedCompiler.get injector [as injector] node_modules/@angular/core/fesm2022/testing.mjs:1072:43
 ❯ resolver node_modules/@angular/core/fesm2022/testing.mjs:695:33
 ❯ cachedResourceResolve node_modules/@angular/core/fesm2022/_debug_node-chunk.mjs:9095:21
 ❯ node_modules/@angular/core/fesm2022/_debug_node-chunk.mjs:9105:27
 ❯ resolveComponentResources node_modules/@angular/core/fesm2022/_debug_node-chunk.mjs:9099:55
 ❯ TestBedCompiler.compileComponents node_modules/@angular/core/fesm2022/testing.mjs:699:13
 ❯ src/app/shared/components/button/button.component.spec.ts:62:5
            </failure>
        </testcase>
        <testcase classname="src/app/shared/components/button/button.component.spec.ts" name="ButtonComponent &gt; Click Events &gt; should NOT emit click when loading" time="0.000284537">
            <failure message="Cannot read properties of null (reading &apos;injector&apos;)" type="TypeError">
TypeError: Cannot read properties of null (reading &apos;injector&apos;)
 ❯ TestBedCompiler.get injector [as injector] node_modules/@angular/core/fesm2022/testing.mjs:1072:43
 ❯ resolver node_modules/@angular/core/fesm2022/testing.mjs:695:33
 ❯ cachedResourceResolve node_modules/@angular/core/fesm2022/_debug_node-chunk.mjs:9095:21
 ❯ node_modules/@angular/core/fesm2022/_debug_node-chunk.mjs:9105:27
 ❯ resolveComponentResources node_modules/@angular/core/fesm2022/_debug_node-chunk.mjs:9099:55
 ❯ TestBedCompiler.compileComponents node_modules/@angular/core/fesm2022/testing.mjs:699:13
 ❯ src/app/shared/components/button/button.component.spec.ts:62:5
            </failure>
        </testcase>
        <testcase classname="src/app/shared/components/button/button.component.spec.ts" name="ButtonComponent &gt; Click Events &gt; should call handleClick with MouseEvent" time="0.000275019">
            <failure message="Cannot read properties of null (reading &apos;injector&apos;)" type="TypeError">
TypeError: Cannot read properties of null (reading &apos;injector&apos;)
 ❯ TestBedCompiler.get injector [as injector] node_modules/@angular/core/fesm2022/testing.mjs:1072:43
 ❯ resolver node_modules/@angular/core/fesm2022/testing.mjs:695:33
 ❯ cachedResourceResolve node_modules/@angular/core/fesm2022/_debug_node-chunk.mjs:9095:21
 ❯ node_modules/@angular/core/fesm2022/_debug_node-chunk.mjs:9105:27
 ❯ resolveComponentResources node_modules/@angular/core/fesm2022/_debug_node-chunk.mjs:9099:55
 ❯ TestBedCompiler.compileComponents node_modules/@angular/core/fesm2022/testing.mjs:699:13
 ❯ src/app/shared/components/button/button.component.spec.ts:62:5
            </failure>
        </testcase>
        <testcase classname="src/app/shared/components/button/button.component.spec.ts" name="ButtonComponent &gt; Click Events &gt; should NOT emit click when both disabled and loading" time="0.000273468">
            <failure message="Cannot read properties of null (reading &apos;injector&apos;)" type="TypeError">
TypeError: Cannot read properties of null (reading &apos;injector&apos;)
 ❯ TestBedCompiler.get injector [as injector] node_modules/@angular/core/fesm2022/testing.mjs:1072:43
 ❯ resolver node_modules/@angular/core/fesm2022/testing.mjs:695:33
 ❯ cachedResourceResolve node_modules/@angular/core/fesm2022/_debug_node-chunk.mjs:9095:21
 ❯ node_modules/@angular/core/fesm2022/_debug_node-chunk.mjs:9105:27
 ❯ resolveComponentResources node_modules/@angular/core/fesm2022/_debug_node-chunk.mjs:9099:55
 ❯ TestBedCompiler.compileComponents node_modules/@angular/core/fesm2022/testing.mjs:699:13
 ❯ src/app/shared/components/button/button.component.spec.ts:62:5
            </failure>
        </testcase>
        <testcase classname="src/app/shared/components/button/button.component.spec.ts" name="ButtonComponent &gt; Accessibility - ARIA Attributes &gt; should have aria-label attribute" time="0.000329492">
            <failure message="Cannot read properties of null (reading &apos;injector&apos;)" type="TypeError">
TypeError: Cannot read properties of null (reading &apos;injector&apos;)
 ❯ TestBedCompiler.get injector [as injector] node_modules/@angular/core/fesm2022/testing.mjs:1072:43
 ❯ resolver node_modules/@angular/core/fesm2022/testing.mjs:695:33
 ❯ cachedResourceResolve node_modules/@angular/core/fesm2022/_debug_node-chunk.mjs:9095:21
 ❯ node_modules/@angular/core/fesm2022/_debug_node-chunk.mjs:9105:27
 ❯ resolveComponentResources node_modules/@angular/core/fesm2022/_debug_node-chunk.mjs:9099:55
 ❯ TestBedCompiler.compileComponents node_modules/@angular/core/fesm2022/testing.mjs:699:13
 ❯ src/app/shared/components/button/button.component.spec.ts:62:5
            </failure>
        </testcase>
        <testcase classname="src/app/shared/components/button/button.component.spec.ts" name="ButtonComponent &gt; Accessibility - ARIA Attributes &gt; should set aria-busy when loading" time="0.000296879">
            <failure message="Cannot read properties of null (reading &apos;injector&apos;)" type="TypeError">
TypeError: Cannot read properties of null (reading &apos;injector&apos;)
 ❯ TestBedCompiler.get injector [as injector] node_modules/@angular/core/fesm2022/testing.mjs:1072:43
 ❯ resolver node_modules/@angular/core/fesm2022/testing.mjs:695:33
 ❯ cachedResourceResolve node_modules/@angular/core/fesm2022/_debug_node-chunk.mjs:9095:21
 ❯ node_modules/@angular/core/fesm2022/_debug_node-chunk.mjs:9105:27
 ❯ resolveComponentResources node_modules/@angular/core/fesm2022/_debug_node-chunk.mjs:9099:55
 ❯ TestBedCompiler.compileComponents node_modules/@angular/core/fesm2022/testing.mjs:699:13
 ❯ src/app/shared/components/button/button.component.spec.ts:62:5
            </failure>
        </testcase>
        <testcase classname="src/app/shared/components/button/button.component.spec.ts" name="ButtonComponent &gt; Accessibility - ARIA Attributes &gt; should not set aria-busy when not loading" time="0.000267129">
            <failure message="Cannot read properties of null (reading &apos;injector&apos;)" type="TypeError">
TypeError: Cannot read properties of null (reading &apos;injector&apos;)
 ❯ TestBedCompiler.get injector [as injector] node_modules/@angular/core/fesm2022/testing.mjs:1072:43
 ❯ resolver node_modules/@angular/core/fesm2022/testing.mjs:695:33
 ❯ cachedResourceResolve node_modules/@angular/core/fesm2022/_debug_node-chunk.mjs:9095:21
 ❯ node_modules/@angular/core/fesm2022/_debug_node-chunk.mjs:9105:27
 ❯ resolveComponentResources node_modules/@angular/core/fesm2022/_debug_node-chunk.mjs:9099:55
 ❯ TestBedCompiler.compileComponents node_modules/@angular/core/fesm2022/testing.mjs:699:13
 ❯ src/app/shared/components/button/button.component.spec.ts:62:5
            </failure>
        </testcase>
        <testcase classname="src/app/shared/components/button/button.component.spec.ts" name="ButtonComponent &gt; Accessibility - ARIA Attributes &gt; should set aria-pressed when provided" time="0.00027049">
            <failure message="Cannot read properties of null (reading &apos;injector&apos;)" type="TypeError">
TypeError: Cannot read properties of null (reading &apos;injector&apos;)
 ❯ TestBedCompiler.get injector [as injector] node_modules/@angular/core/fesm2022/testing.mjs:1072:43
 ❯ resolver node_modules/@angular/core/fesm2022/testing.mjs:695:33
 ❯ cachedResourceResolve node_modules/@angular/core/fesm2022/_debug_node-chunk.mjs:9095:21
 ❯ node_modules/@angular/core/fesm2022/_debug_node-chunk.mjs:9105:27
 ❯ resolveComponentResources node_modules/@angular/core/fesm2022/_debug_node-chunk.mjs:9099:55
 ❯ TestBedCompiler.compileComponents node_modules/@angular/core/fesm2022/testing.mjs:699:13
 ❯ src/app/shared/components/button/button.component.spec.ts:62:5
            </failure>
        </testcase>
        <testcase classname="src/app/shared/components/button/button.component.spec.ts" name="ButtonComponent &gt; Accessibility - ARIA Attributes &gt; should not set aria-pressed when undefined" time="0.000325555">
            <failure message="Cannot read properties of null (reading &apos;injector&apos;)" type="TypeError">
TypeError: Cannot read properties of null (reading &apos;injector&apos;)
 ❯ TestBedCompiler.get injector [as injector] node_modules/@angular/core/fesm2022/testing.mjs:1072:43
 ❯ resolver node_modules/@angular/core/fesm2022/testing.mjs:695:33
 ❯ cachedResourceResolve node_modules/@angular/core/fesm2022/_debug_node-chunk.mjs:9095:21
 ❯ node_modules/@angular/core/fesm2022/_debug_node-chunk.mjs:9105:27
 ❯ resolveComponentResources node_modules/@angular/core/fesm2022/_debug_node-chunk.mjs:9099:55
 ❯ TestBedCompiler.compileComponents node_modules/@angular/core/fesm2022/testing.mjs:699:13
 ❯ src/app/shared/components/button/button.component.spec.ts:62:5
            </failure>
        </testcase>
        <testcase classname="src/app/shared/components/button/button.component.spec.ts" name="ButtonComponent &gt; Accessibility - ARIA Attributes &gt; should set aria-describedby when provided" time="0.000279944">
            <failure message="Cannot read properties of null (reading &apos;injector&apos;)" type="TypeError">
TypeError: Cannot read properties of null (reading &apos;injector&apos;)
 ❯ TestBedCompiler.get injector [as injector] node_modules/@angular/core/fesm2022/testing.mjs:1072:43
 ❯ resolver node_modules/@angular/core/fesm2022/testing.mjs:695:33
 ❯ cachedResourceResolve node_modules/@angular/core/fesm2022/_debug_node-chunk.mjs:9095:21
 ❯ node_modules/@angular/core/fesm2022/_debug_node-chunk.mjs:9105:27
 ❯ resolveComponentResources node_modules/@angular/core/fesm2022/_debug_node-chunk.mjs:9099:55
 ❯ TestBedCompiler.compileComponents node_modules/@angular/core/fesm2022/testing.mjs:699:13
 ❯ src/app/shared/components/button/button.component.spec.ts:62:5
            </failure>
        </testcase>
        <testcase classname="src/app/shared/components/button/button.component.spec.ts" name="ButtonComponent &gt; Accessibility - ARIA Attributes &gt; should set aria-disabled when disabled" time="0.0002707">
            <failure message="Cannot read properties of null (reading &apos;injector&apos;)" type="TypeError">
TypeError: Cannot read properties of null (reading &apos;injector&apos;)
 ❯ TestBedCompiler.get injector [as injector] node_modules/@angular/core/fesm2022/testing.mjs:1072:43
 ❯ resolver node_modules/@angular/core/fesm2022/testing.mjs:695:33
 ❯ cachedResourceResolve node_modules/@angular/core/fesm2022/_debug_node-chunk.mjs:9095:21
 ❯ node_modules/@angular/core/fesm2022/_debug_node-chunk.mjs:9105:27
 ❯ resolveComponentResources node_modules/@angular/core/fesm2022/_debug_node-chunk.mjs:9099:55
 ❯ TestBedCompiler.compileComponents node_modules/@angular/core/fesm2022/testing.mjs:699:13
 ❯ src/app/shared/components/button/button.component.spec.ts:62:5
            </failure>
        </testcase>
        <testcase classname="src/app/shared/components/button/button.component.spec.ts" name="ButtonComponent &gt; Accessibility - ARIA Attributes &gt; should not set aria-pressed when false (explicit)" time="0.000279877">
            <failure message="Cannot read properties of null (reading &apos;injector&apos;)" type="TypeError">
TypeError: Cannot read properties of null (reading &apos;injector&apos;)
 ❯ TestBedCompiler.get injector [as injector] node_modules/@angular/core/fesm2022/testing.mjs:1072:43
 ❯ resolver node_modules/@angular/core/fesm2022/testing.mjs:695:33
 ❯ cachedResourceResolve node_modules/@angular/core/fesm2022/_debug_node-chunk.mjs:9095:21
 ❯ node_modules/@angular/core/fesm2022/_debug_node-chunk.mjs:9105:27
 ❯ resolveComponentResources node_modules/@angular/core/fesm2022/_debug_node-chunk.mjs:9099:55
 ❯ TestBedCompiler.compileComponents node_modules/@angular/core/fesm2022/testing.mjs:699:13
 ❯ src/app/shared/components/button/button.component.spec.ts:62:5
            </failure>
        </testcase>
        <testcase classname="src/app/shared/components/button/button.component.spec.ts" name="ButtonComponent &gt; Accessibility - ARIA Attributes &gt; should not set aria-disabled when not disabled" time="0.000276146">
            <failure message="Cannot read properties of null (reading &apos;injector&apos;)" type="TypeError">
TypeError: Cannot read properties of null (reading &apos;injector&apos;)
 ❯ TestBedCompiler.get injector [as injector] node_modules/@angular/core/fesm2022/testing.mjs:1072:43
 ❯ resolver node_modules/@angular/core/fesm2022/testing.mjs:695:33
 ❯ cachedResourceResolve node_modules/@angular/core/fesm2022/_debug_node-chunk.mjs:9095:21
 ❯ node_modules/@angular/core/fesm2022/_debug_node-chunk.mjs:9105:27
 ❯ resolveComponentResources node_modules/@angular/core/fesm2022/_debug_node-chunk.mjs:9099:55
 ❯ TestBedCompiler.compileComponents node_modules/@angular/core/fesm2022/testing.mjs:699:13
 ❯ src/app/shared/components/button/button.component.spec.ts:62:5
            </failure>
        </testcase>
        <testcase classname="src/app/shared/components/button/button.component.spec.ts" name="ButtonComponent &gt; Accessibility - Button Element &gt; should use native button element" time="0.000275825">
            <failure message="Cannot read properties of null (reading &apos;injector&apos;)" type="TypeError">
TypeError: Cannot read properties of null (reading &apos;injector&apos;)
 ❯ TestBedCompiler.get injector [as injector] node_modules/@angular/core/fesm2022/testing.mjs:1072:43
 ❯ resolver node_modules/@angular/core/fesm2022/testing.mjs:695:33
 ❯ cachedResourceResolve node_modules/@angular/core/fesm2022/_debug_node-chunk.mjs:9095:21
 ❯ node_modules/@angular/core/fesm2022/_debug_node-chunk.mjs:9105:27
 ❯ resolveComponentResources node_modules/@angular/core/fesm2022/_debug_node-chunk.mjs:9099:55
 ❯ TestBedCompiler.compileComponents node_modules/@angular/core/fesm2022/testing.mjs:699:13
 ❯ src/app/shared/components/button/button.component.spec.ts:62:5
            </failure>
        </testcase>
        <testcase classname="src/app/shared/components/button/button.component.spec.ts" name="ButtonComponent &gt; Accessibility - Button Element &gt; should have correct type attribute" time="0.000265572">
            <failure message="Cannot read properties of null (reading &apos;injector&apos;)" type="TypeError">
TypeError: Cannot read properties of null (reading &apos;injector&apos;)
 ❯ TestBedCompiler.get injector [as injector] node_modules/@angular/core/fesm2022/testing.mjs:1072:43
 ❯ resolver node_modules/@angular/core/fesm2022/testing.mjs:695:33
 ❯ cachedResourceResolve node_modules/@angular/core/fesm2022/_debug_node-chunk.mjs:9095:21
 ❯ node_modules/@angular/core/fesm2022/_debug_node-chunk.mjs:9105:27
 ❯ resolveComponentResources node_modules/@angular/core/fesm2022/_debug_node-chunk.mjs:9099:55
 ❯ TestBedCompiler.compileComponents node_modules/@angular/core/fesm2022/testing.mjs:699:13
 ❯ src/app/shared/components/button/button.component.spec.ts:62:5
            </failure>
        </testcase>
        <testcase classname="src/app/shared/components/button/button.component.spec.ts" name="ButtonComponent &gt; Accessibility - Button Element &gt; should be disabled when disabled prop is true" time="0.000320901">
            <failure message="Cannot read properties of null (reading &apos;injector&apos;)" type="TypeError">
TypeError: Cannot read properties of null (reading &apos;injector&apos;)
 ❯ TestBedCompiler.get injector [as injector] node_modules/@angular/core/fesm2022/testing.mjs:1072:43
 ❯ resolver node_modules/@angular/core/fesm2022/testing.mjs:695:33
 ❯ cachedResourceResolve node_modules/@angular/core/fesm2022/_debug_node-chunk.mjs:9095:21
 ❯ node_modules/@angular/core/fesm2022/_debug_node-chunk.mjs:9105:27
 ❯ resolveComponentResources node_modules/@angular/core/fesm2022/_debug_node-chunk.mjs:9099:55
 ❯ TestBedCompiler.compileComponents node_modules/@angular/core/fesm2022/testing.mjs:699:13
 ❯ src/app/shared/components/button/button.component.spec.ts:62:5
            </failure>
        </testcase>
        <testcase classname="src/app/shared/components/button/button.component.spec.ts" name="ButtonComponent &gt; Accessibility - Button Element &gt; should be disabled when loading" time="0.000274093">
            <failure message="Cannot read properties of null (reading &apos;injector&apos;)" type="TypeError">
TypeError: Cannot read properties of null (reading &apos;injector&apos;)
 ❯ TestBedCompiler.get injector [as injector] node_modules/@angular/core/fesm2022/testing.mjs:1072:43
 ❯ resolver node_modules/@angular/core/fesm2022/testing.mjs:695:33
 ❯ cachedResourceResolve node_modules/@angular/core/fesm2022/_debug_node-chunk.mjs:9095:21
 ❯ node_modules/@angular/core/fesm2022/_debug_node-chunk.mjs:9105:27
 ❯ resolveComponentResources node_modules/@angular/core/fesm2022/_debug_node-chunk.mjs:9099:55
 ❯ TestBedCompiler.compileComponents node_modules/@angular/core/fesm2022/testing.mjs:699:13
 ❯ src/app/shared/components/button/button.component.spec.ts:62:5
            </failure>
        </testcase>
        <testcase classname="src/app/shared/components/button/button.component.spec.ts" name="ButtonComponent &gt; CSS Classes &gt; should apply base btn class" time="0.000264728">
            <failure message="Cannot read properties of null (reading &apos;injector&apos;)" type="TypeError">
TypeError: Cannot read properties of null (reading &apos;injector&apos;)
 ❯ TestBedCompiler.get injector [as injector] node_modules/@angular/core/fesm2022/testing.mjs:1072:43
 ❯ resolver node_modules/@angular/core/fesm2022/testing.mjs:695:33
 ❯ cachedResourceResolve node_modules/@angular/core/fesm2022/_debug_node-chunk.mjs:9095:21
 ❯ node_modules/@angular/core/fesm2022/_debug_node-chunk.mjs:9105:27
 ❯ resolveComponentResources node_modules/@angular/core/fesm2022/_debug_node-chunk.mjs:9099:55
 ❯ TestBedCompiler.compileComponents node_modules/@angular/core/fesm2022/testing.mjs:699:13
 ❯ src/app/shared/components/button/button.component.spec.ts:62:5
            </failure>
        </testcase>
        <testcase classname="src/app/shared/components/button/button.component.spec.ts" name="ButtonComponent &gt; CSS Classes &gt; should apply variant classes" time="0.000273852">
            <failure message="Cannot read properties of null (reading &apos;injector&apos;)" type="TypeError">
TypeError: Cannot read properties of null (reading &apos;injector&apos;)
 ❯ TestBedCompiler.get injector [as injector] node_modules/@angular/core/fesm2022/testing.mjs:1072:43
 ❯ resolver node_modules/@angular/core/fesm2022/testing.mjs:695:33
 ❯ cachedResourceResolve node_modules/@angular/core/fesm2022/_debug_node-chunk.mjs:9095:21
 ❯ node_modules/@angular/core/fesm2022/_debug_node-chunk.mjs:9105:27
 ❯ resolveComponentResources node_modules/@angular/core/fesm2022/_debug_node-chunk.mjs:9099:55
 ❯ TestBedCompiler.compileComponents node_modules/@angular/core/fesm2022/testing.mjs:699:13
 ❯ src/app/shared/components/button/button.component.spec.ts:62:5
            </failure>
        </testcase>
        <testcase classname="src/app/shared/components/button/button.component.spec.ts" name="ButtonComponent &gt; CSS Classes &gt; should apply size classes" time="0.000261745">
            <failure message="Cannot read properties of null (reading &apos;injector&apos;)" type="TypeError">
TypeError: Cannot read properties of null (reading &apos;injector&apos;)
 ❯ TestBedCompiler.get injector [as injector] node_modules/@angular/core/fesm2022/testing.mjs:1072:43
 ❯ resolver node_modules/@angular/core/fesm2022/testing.mjs:695:33
 ❯ cachedResourceResolve node_modules/@angular/core/fesm2022/_debug_node-chunk.mjs:9095:21
 ❯ node_modules/@angular/core/fesm2022/_debug_node-chunk.mjs:9105:27
 ❯ resolveComponentResources node_modules/@angular/core/fesm2022/_debug_node-chunk.mjs:9099:55
 ❯ TestBedCompiler.compileComponents node_modules/@angular/core/fesm2022/testing.mjs:699:13
 ❯ src/app/shared/components/button/button.component.spec.ts:62:5
            </failure>
        </testcase>
        <testcase classname="src/app/shared/components/button/button.component.spec.ts" name="ButtonComponent &gt; CSS Classes &gt; should apply disabled class when disabled" time="0.000259549">
            <failure message="Cannot read properties of null (reading &apos;injector&apos;)" type="TypeError">
TypeError: Cannot read properties of null (reading &apos;injector&apos;)
 ❯ TestBedCompiler.get injector [as injector] node_modules/@angular/core/fesm2022/testing.mjs:1072:43
 ❯ resolver node_modules/@angular/core/fesm2022/testing.mjs:695:33
 ❯ cachedResourceResolve node_modules/@angular/core/fesm2022/_debug_node-chunk.mjs:9095:21
 ❯ node_modules/@angular/core/fesm2022/_debug_node-chunk.mjs:9105:27
 ❯ resolveComponentResources node_modules/@angular/core/fesm2022/_debug_node-chunk.mjs:9099:55
 ❯ TestBedCompiler.compileComponents node_modules/@angular/core/fesm2022/testing.mjs:699:13
 ❯ src/app/shared/components/button/button.component.spec.ts:62:5
            </failure>
        </testcase>
        <testcase classname="src/app/shared/components/button/button.component.spec.ts" name="ButtonComponent &gt; CSS Classes &gt; should apply loading class when loading" time="0.000258237">
            <failure message="Cannot read properties of null (reading &apos;injector&apos;)" type="TypeError">
TypeError: Cannot read properties of null (reading &apos;injector&apos;)
 ❯ TestBedCompiler.get injector [as injector] node_modules/@angular/core/fesm2022/testing.mjs:1072:43
 ❯ resolver node_modules/@angular/core/fesm2022/testing.mjs:695:33
 ❯ cachedResourceResolve node_modules/@angular/core/fesm2022/_debug_node-chunk.mjs:9095:21
 ❯ node_modules/@angular/core/fesm2022/_debug_node-chunk.mjs:9105:27
 ❯ resolveComponentResources node_modules/@angular/core/fesm2022/_debug_node-chunk.mjs:9099:55
 ❯ TestBedCompiler.compileComponents node_modules/@angular/core/fesm2022/testing.mjs:699:13
 ❯ src/app/shared/components/button/button.component.spec.ts:62:5
            </failure>
        </testcase>
        <testcase classname="src/app/shared/components/button/button.component.spec.ts" name="ButtonComponent &gt; CSS Classes &gt; should apply icon-only class when iconOnly" time="0.000268956">
            <failure message="Cannot read properties of null (reading &apos;injector&apos;)" type="TypeError">
TypeError: Cannot read properties of null (reading &apos;injector&apos;)
 ❯ TestBedCompiler.get injector [as injector] node_modules/@angular/core/fesm2022/testing.mjs:1072:43
 ❯ resolver node_modules/@angular/core/fesm2022/testing.mjs:695:33
 ❯ cachedResourceResolve node_modules/@angular/core/fesm2022/_debug_node-chunk.mjs:9095:21
 ❯ node_modules/@angular/core/fesm2022/_debug_node-chunk.mjs:9105:27
 ❯ resolveComponentResources node_modules/@angular/core/fesm2022/_debug_node-chunk.mjs:9099:55
 ❯ TestBedCompiler.compileComponents node_modules/@angular/core/fesm2022/testing.mjs:699:13
 ❯ src/app/shared/components/button/button.component.spec.ts:62:5
            </failure>
        </testcase>
        <testcase classname="src/app/shared/components/button/button.component.spec.ts" name="ButtonComponent &gt; CSS Classes &gt; should apply full-width class when fullWidth" time="0.000259381">
            <failure message="Cannot read properties of null (reading &apos;injector&apos;)" type="TypeError">
TypeError: Cannot read properties of null (reading &apos;injector&apos;)
 ❯ TestBedCompiler.get injector [as injector] node_modules/@angular/core/fesm2022/testing.mjs:1072:43
 ❯ resolver node_modules/@angular/core/fesm2022/testing.mjs:695:33
 ❯ cachedResourceResolve node_modules/@angular/core/fesm2022/_debug_node-chunk.mjs:9095:21
 ❯ node_modules/@angular/core/fesm2022/_debug_node-chunk.mjs:9105:27
 ❯ resolveComponentResources node_modules/@angular/core/fesm2022/_debug_node-chunk.mjs:9099:55
 ❯ TestBedCompiler.compileComponents node_modules/@angular/core/fesm2022/testing.mjs:699:13
 ❯ src/app/shared/components/button/button.component.spec.ts:62:5
            </failure>
        </testcase>
        <testcase classname="src/app/shared/components/button/button.component.spec.ts" name="ButtonComponent &gt; CSS Classes &gt; should apply both disabled and loading classes when both true" time="0.0002639">
            <failure message="Cannot read properties of null (reading &apos;injector&apos;)" type="TypeError">
TypeError: Cannot read properties of null (reading &apos;injector&apos;)
 ❯ TestBedCompiler.get injector [as injector] node_modules/@angular/core/fesm2022/testing.mjs:1072:43
 ❯ resolver node_modules/@angular/core/fesm2022/testing.mjs:695:33
 ❯ cachedResourceResolve node_modules/@angular/core/fesm2022/_debug_node-chunk.mjs:9095:21
 ❯ node_modules/@angular/core/fesm2022/_debug_node-chunk.mjs:9105:27
 ❯ resolveComponentResources node_modules/@angular/core/fesm2022/_debug_node-chunk.mjs:9099:55
 ❯ TestBedCompiler.compileComponents node_modules/@angular/core/fesm2022/testing.mjs:699:13
 ❯ src/app/shared/components/button/button.component.spec.ts:62:5
            </failure>
        </testcase>
        <testcase classname="src/app/shared/components/button/button.component.spec.ts" name="ButtonComponent &gt; CSS Classes &gt; should apply icon-only and loading classes together when iconOnly and loading are true" time="0.000300356">
            <failure message="Cannot read properties of null (reading &apos;injector&apos;)" type="TypeError">
TypeError: Cannot read properties of null (reading &apos;injector&apos;)
 ❯ TestBedCompiler.get injector [as injector] node_modules/@angular/core/fesm2022/testing.mjs:1072:43
 ❯ resolver node_modules/@angular/core/fesm2022/testing.mjs:695:33
 ❯ cachedResourceResolve node_modules/@angular/core/fesm2022/_debug_node-chunk.mjs:9095:21
 ❯ node_modules/@angular/core/fesm2022/_debug_node-chunk.mjs:9105:27
 ❯ resolveComponentResources node_modules/@angular/core/fesm2022/_debug_node-chunk.mjs:9099:55
 ❯ TestBedCompiler.compileComponents node_modules/@angular/core/fesm2022/testing.mjs:699:13
 ❯ src/app/shared/components/button/button.component.spec.ts:62:5
            </failure>
        </testcase>
        <testcase classname="src/app/shared/components/button/button.component.spec.ts" name="ButtonComponent &gt; Content Projection &gt; should render projected content" time="0.000279983">
            <failure message="Cannot read properties of null (reading &apos;injector&apos;)" type="TypeError">
TypeError: Cannot read properties of null (reading &apos;injector&apos;)
 ❯ TestBedCompiler.get injector [as injector] node_modules/@angular/core/fesm2022/testing.mjs:1072:43
 ❯ resolver node_modules/@angular/core/fesm2022/testing.mjs:695:33
 ❯ cachedResourceResolve node_modules/@angular/core/fesm2022/_debug_node-chunk.mjs:9095:21
 ❯ node_modules/@angular/core/fesm2022/_debug_node-chunk.mjs:9105:27
 ❯ resolveComponentResources node_modules/@angular/core/fesm2022/_debug_node-chunk.mjs:9099:55
 ❯ TestBedCompiler.compileComponents node_modules/@angular/core/fesm2022/testing.mjs:699:13
 ❯ src/app/shared/components/button/button.component.spec.ts:62:5
            </failure>
        </testcase>
        <testcase classname="src/app/shared/components/button/button.component.spec.ts" name="ButtonComponent &gt; Content Projection &gt; should render content wrapper when not iconOnly" time="0.000266241">
            <failure message="Cannot read properties of null (reading &apos;injector&apos;)" type="TypeError">
TypeError: Cannot read properties of null (reading &apos;injector&apos;)
 ❯ TestBedCompiler.get injector [as injector] node_modules/@angular/core/fesm2022/testing.mjs:1072:43
 ❯ resolver node_modules/@angular/core/fesm2022/testing.mjs:695:33
 ❯ cachedResourceResolve node_modules/@angular/core/fesm2022/_debug_node-chunk.mjs:9095:21
 ❯ node_modules/@angular/core/fesm2022/_debug_node-chunk.mjs:9105:27
 ❯ resolveComponentResources node_modules/@angular/core/fesm2022/_debug_node-chunk.mjs:9099:55
 ❯ TestBedCompiler.compileComponents node_modules/@angular/core/fesm2022/testing.mjs:699:13
 ❯ src/app/shared/components/button/button.component.spec.ts:62:5
            </failure>
        </testcase>
        <testcase classname="src/app/shared/components/button/button.component.spec.ts" name="ButtonComponent &gt; Content Projection &gt; should not render content wrapper when iconOnly" time="0.000283201">
            <failure message="Cannot read properties of null (reading &apos;injector&apos;)" type="TypeError">
TypeError: Cannot read properties of null (reading &apos;injector&apos;)
 ❯ TestBedCompiler.get injector [as injector] node_modules/@angular/core/fesm2022/testing.mjs:1072:43
 ❯ resolver node_modules/@angular/core/fesm2022/testing.mjs:695:33
 ❯ cachedResourceResolve node_modules/@angular/core/fesm2022/_debug_node-chunk.mjs:9095:21
 ❯ node_modules/@angular/core/fesm2022/_debug_node-chunk.mjs:9105:27
 ❯ resolveComponentResources node_modules/@angular/core/fesm2022/_debug_node-chunk.mjs:9099:55
 ❯ TestBedCompiler.compileComponents node_modules/@angular/core/fesm2022/testing.mjs:699:13
 ❯ src/app/shared/components/button/button.component.spec.ts:62:5
            </failure>
        </testcase>
        <testcase classname="src/app/shared/components/button/button.component.spec.ts" name="ButtonComponent &gt; Icon Rendering &gt; should render left icon when provided" time="0.000286716">
            <failure message="Cannot read properties of null (reading &apos;injector&apos;)" type="TypeError">
TypeError: Cannot read properties of null (reading &apos;injector&apos;)
 ❯ TestBedCompiler.get injector [as injector] node_modules/@angular/core/fesm2022/testing.mjs:1072:43
 ❯ resolver node_modules/@angular/core/fesm2022/testing.mjs:695:33
 ❯ cachedResourceResolve node_modules/@angular/core/fesm2022/_debug_node-chunk.mjs:9095:21
 ❯ node_modules/@angular/core/fesm2022/_debug_node-chunk.mjs:9105:27
 ❯ resolveComponentResources node_modules/@angular/core/fesm2022/_debug_node-chunk.mjs:9099:55
 ❯ TestBedCompiler.compileComponents node_modules/@angular/core/fesm2022/testing.mjs:699:13
 ❯ src/app/shared/components/button/button.component.spec.ts:62:5
            </failure>
        </testcase>
        <testcase classname="src/app/shared/components/button/button.component.spec.ts" name="ButtonComponent &gt; Icon Rendering &gt; should render right icon when provided" time="0.000284862">
            <failure message="Cannot read properties of null (reading &apos;injector&apos;)" type="TypeError">
TypeError: Cannot read properties of null (reading &apos;injector&apos;)
 ❯ TestBedCompiler.get injector [as injector] node_modules/@angular/core/fesm2022/testing.mjs:1072:43
 ❯ resolver node_modules/@angular/core/fesm2022/testing.mjs:695:33
 ❯ cachedResourceResolve node_modules/@angular/core/fesm2022/_debug_node-chunk.mjs:9095:21
 ❯ node_modules/@angular/core/fesm2022/_debug_node-chunk.mjs:9105:27
 ❯ resolveComponentResources node_modules/@angular/core/fesm2022/_debug_node-chunk.mjs:9099:55
 ❯ TestBedCompiler.compileComponents node_modules/@angular/core/fesm2022/testing.mjs:699:13
 ❯ src/app/shared/components/button/button.component.spec.ts:62:5
            </failure>
        </testcase>
        <testcase classname="src/app/shared/components/button/button.component.spec.ts" name="ButtonComponent &gt; Icon Rendering &gt; should hide icons when loading" time="0.000369826">
            <failure message="Cannot read properties of null (reading &apos;injector&apos;)" type="TypeError">
TypeError: Cannot read properties of null (reading &apos;injector&apos;)
 ❯ TestBedCompiler.get injector [as injector] node_modules/@angular/core/fesm2022/testing.mjs:1072:43
 ❯ resolver node_modules/@angular/core/fesm2022/testing.mjs:695:33
 ❯ cachedResourceResolve node_modules/@angular/core/fesm2022/_debug_node-chunk.mjs:9095:21
 ❯ node_modules/@angular/core/fesm2022/_debug_node-chunk.mjs:9105:27
 ❯ resolveComponentResources node_modules/@angular/core/fesm2022/_debug_node-chunk.mjs:9099:55
 ❯ TestBedCompiler.compileComponents node_modules/@angular/core/fesm2022/testing.mjs:699:13
 ❯ src/app/shared/components/button/button.component.spec.ts:62:5
            </failure>
        </testcase>
        <testcase classname="src/app/shared/components/button/button.component.spec.ts" name="ButtonComponent &gt; Icon Rendering &gt; should not render right icon when iconOnly" time="0.0004852">
            <failure message="Cannot read properties of null (reading &apos;injector&apos;)" type="TypeError">
TypeError: Cannot read properties of null (reading &apos;injector&apos;)
 ❯ TestBedCompiler.get injector [as injector] node_modules/@angular/core/fesm2022/testing.mjs:1072:43
 ❯ resolver node_modules/@angular/core/fesm2022/testing.mjs:695:33
 ❯ cachedResourceResolve node_modules/@angular/core/fesm2022/_debug_node-chunk.mjs:9095:21
 ❯ node_modules/@angular/core/fesm2022/_debug_node-chunk.mjs:9105:27
 ❯ resolveComponentResources node_modules/@angular/core/fesm2022/_debug_node-chunk.mjs:9099:55
 ❯ TestBedCompiler.compileComponents node_modules/@angular/core/fesm2022/testing.mjs:699:13
 ❯ src/app/shared/components/button/button.component.spec.ts:62:5
            </failure>
        </testcase>
        <testcase classname="src/app/shared/components/button/button.component.spec.ts" name="ButtonComponent &gt; Icon Rendering &gt; should set aria-hidden on icons" time="0.000582768">
            <failure message="Cannot read properties of null (reading &apos;injector&apos;)" type="TypeError">
TypeError: Cannot read properties of null (reading &apos;injector&apos;)
 ❯ TestBedCompiler.get injector [as injector] node_modules/@angular/core/fesm2022/testing.mjs:1072:43
 ❯ resolver node_modules/@angular/core/fesm2022/testing.mjs:695:33
 ❯ cachedResourceResolve node_modules/@angular/core/fesm2022/_debug_node-chunk.mjs:9095:21
 ❯ node_modules/@angular/core/fesm2022/_debug_node-chunk.mjs:9105:27
 ❯ resolveComponentResources node_modules/@angular/core/fesm2022/_debug_node-chunk.mjs:9099:55
 ❯ TestBedCompiler.compileComponents node_modules/@angular/core/fesm2022/testing.mjs:699:13
 ❯ src/app/shared/components/button/button.component.spec.ts:62:5
            </failure>
        </testcase>
        <testcase classname="src/app/shared/components/button/button.component.spec.ts" name="ButtonComponent &gt; Loading State &gt; should show spinner when loading" time="0.000601223">
            <failure message="Cannot read properties of null (reading &apos;injector&apos;)" type="TypeError">
TypeError: Cannot read properties of null (reading &apos;injector&apos;)
 ❯ TestBedCompiler.get injector [as injector] node_modules/@angular/core/fesm2022/testing.mjs:1072:43
 ❯ resolver node_modules/@angular/core/fesm2022/testing.mjs:695:33
 ❯ cachedResourceResolve node_modules/@angular/core/fesm2022/_debug_node-chunk.mjs:9095:21
 ❯ node_modules/@angular/core/fesm2022/_debug_node-chunk.mjs:9105:27
 ❯ resolveComponentResources node_modules/@angular/core/fesm2022/_debug_node-chunk.mjs:9099:55
 ❯ TestBedCompiler.compileComponents node_modules/@angular/core/fesm2022/testing.mjs:699:13
 ❯ src/app/shared/components/button/button.component.spec.ts:62:5
            </failure>
        </testcase>
        <testcase classname="src/app/shared/components/button/button.component.spec.ts" name="ButtonComponent &gt; Loading State &gt; should not show spinner when not loading" time="0.000533676">
            <failure message="Cannot read properties of null (reading &apos;injector&apos;)" type="TypeError">
TypeError: Cannot read properties of null (reading &apos;injector&apos;)
 ❯ TestBedCompiler.get injector [as injector] node_modules/@angular/core/fesm2022/testing.mjs:1072:43
 ❯ resolver node_modules/@angular/core/fesm2022/testing.mjs:695:33
 ❯ cachedResourceResolve node_modules/@angular/core/fesm2022/_debug_node-chunk.mjs:9095:21
 ❯ node_modules/@angular/core/fesm2022/_debug_node-chunk.mjs:9105:27
 ❯ resolveComponentResources node_modules/@angular/core/fesm2022/_debug_node-chunk.mjs:9099:55
 ❯ TestBedCompiler.compileComponents node_modules/@angular/core/fesm2022/testing.mjs:699:13
 ❯ src/app/shared/components/button/button.component.spec.ts:62:5
            </failure>
        </testcase>
        <testcase classname="src/app/shared/components/button/button.component.spec.ts" name="ButtonComponent &gt; Loading State &gt; should set aria-hidden on spinner" time="0.000535689">
            <failure message="Cannot read properties of null (reading &apos;injector&apos;)" type="TypeError">
TypeError: Cannot read properties of null (reading &apos;injector&apos;)
 ❯ TestBedCompiler.get injector [as injector] node_modules/@angular/core/fesm2022/testing.mjs:1072:43
 ❯ resolver node_modules/@angular/core/fesm2022/testing.mjs:695:33
 ❯ cachedResourceResolve node_modules/@angular/core/fesm2022/_debug_node-chunk.mjs:9095:21
 ❯ node_modules/@angular/core/fesm2022/_debug_node-chunk.mjs:9105:27
 ❯ resolveComponentResources node_modules/@angular/core/fesm2022/_debug_node-chunk.mjs:9099:55
 ❯ TestBedCompiler.compileComponents node_modules/@angular/core/fesm2022/testing.mjs:699:13
 ❯ src/app/shared/components/button/button.component.spec.ts:62:5
            </failure>
        </testcase>
        <testcase classname="src/app/shared/components/button/button.component.spec.ts" name="ButtonComponent &gt; Loading State &gt; should render spinner icon element" time="0.0006032">
            <failure message="Cannot read properties of null (reading &apos;injector&apos;)" type="TypeError">
TypeError: Cannot read properties of null (reading &apos;injector&apos;)
 ❯ TestBedCompiler.get injector [as injector] node_modules/@angular/core/fesm2022/testing.mjs:1072:43
 ❯ resolver node_modules/@angular/core/fesm2022/testing.mjs:695:33
 ❯ cachedResourceResolve node_modules/@angular/core/fesm2022/_debug_node-chunk.mjs:9095:21
 ❯ node_modules/@angular/core/fesm2022/_debug_node-chunk.mjs:9105:27
 ❯ resolveComponentResources node_modules/@angular/core/fesm2022/_debug_node-chunk.mjs:9099:55
 ❯ TestBedCompiler.compileComponents node_modules/@angular/core/fesm2022/testing.mjs:699:13
 ❯ src/app/shared/components/button/button.component.spec.ts:62:5
            </failure>
        </testcase>
        <testcase classname="src/app/shared/components/button/button.component.spec.ts" name="ButtonComponent &gt; Computed Values &gt; should compute isInteractive as true when not disabled or loading" time="0.000576293">
            <failure message="Cannot read properties of null (reading &apos;injector&apos;)" type="TypeError">
TypeError: Cannot read properties of null (reading &apos;injector&apos;)
 ❯ TestBedCompiler.get injector [as injector] node_modules/@angular/core/fesm2022/testing.mjs:1072:43
 ❯ resolver node_modules/@angular/core/fesm2022/testing.mjs:695:33
 ❯ cachedResourceResolve node_modules/@angular/core/fesm2022/_debug_node-chunk.mjs:9095:21
 ❯ node_modules/@angular/core/fesm2022/_debug_node-chunk.mjs:9105:27
 ❯ resolveComponentResources node_modules/@angular/core/fesm2022/_debug_node-chunk.mjs:9099:55
 ❯ TestBedCompiler.compileComponents node_modules/@angular/core/fesm2022/testing.mjs:699:13
 ❯ src/app/shared/components/button/button.component.spec.ts:62:5
            </failure>
        </testcase>
        <testcase classname="src/app/shared/components/button/button.component.spec.ts" name="ButtonComponent &gt; Computed Values &gt; should compute isInteractive as false when disabled" time="0.000533261">
            <failure message="Cannot read properties of null (reading &apos;injector&apos;)" type="TypeError">
TypeError: Cannot read properties of null (reading &apos;injector&apos;)
 ❯ TestBedCompiler.get injector [as injector] node_modules/@angular/core/fesm2022/testing.mjs:1072:43
 ❯ resolver node_modules/@angular/core/fesm2022/testing.mjs:695:33
 ❯ cachedResourceResolve node_modules/@angular/core/fesm2022/_debug_node-chunk.mjs:9095:21
 ❯ node_modules/@angular/core/fesm2022/_debug_node-chunk.mjs:9105:27
 ❯ resolveComponentResources node_modules/@angular/core/fesm2022/_debug_node-chunk.mjs:9099:55
 ❯ TestBedCompiler.compileComponents node_modules/@angular/core/fesm2022/testing.mjs:699:13
 ❯ src/app/shared/components/button/button.component.spec.ts:62:5
            </failure>
        </testcase>
        <testcase classname="src/app/shared/components/button/button.component.spec.ts" name="ButtonComponent &gt; Computed Values &gt; should compute isInteractive as false when loading" time="0.000552592">
            <failure message="Cannot read properties of null (reading &apos;injector&apos;)" type="TypeError">
TypeError: Cannot read properties of null (reading &apos;injector&apos;)
 ❯ TestBedCompiler.get injector [as injector] node_modules/@angular/core/fesm2022/testing.mjs:1072:43
 ❯ resolver node_modules/@angular/core/fesm2022/testing.mjs:695:33
 ❯ cachedResourceResolve node_modules/@angular/core/fesm2022/_debug_node-chunk.mjs:9095:21
 ❯ node_modules/@angular/core/fesm2022/_debug_node-chunk.mjs:9105:27
 ❯ resolveComponentResources node_modules/@angular/core/fesm2022/_debug_node-chunk.mjs:9099:55
 ❯ TestBedCompiler.compileComponents node_modules/@angular/core/fesm2022/testing.mjs:699:13
 ❯ src/app/shared/components/button/button.component.spec.ts:62:5
            </failure>
        </testcase>
        <testcase classname="src/app/shared/components/button/button.component.spec.ts" name="ButtonComponent &gt; Computed Values &gt; should compute buttonClasses correctly" time="0.000533758">
            <failure message="Cannot read properties of null (reading &apos;injector&apos;)" type="TypeError">
TypeError: Cannot read properties of null (reading &apos;injector&apos;)
 ❯ TestBedCompiler.get injector [as injector] node_modules/@angular/core/fesm2022/testing.mjs:1072:43
 ❯ resolver node_modules/@angular/core/fesm2022/testing.mjs:695:33
 ❯ cachedResourceResolve node_modules/@angular/core/fesm2022/_debug_node-chunk.mjs:9095:21
 ❯ node_modules/@angular/core/fesm2022/_debug_node-chunk.mjs:9105:27
 ❯ resolveComponentResources node_modules/@angular/core/fesm2022/_debug_node-chunk.mjs:9099:55
 ❯ TestBedCompiler.compileComponents node_modules/@angular/core/fesm2022/testing.mjs:699:13
 ❯ src/app/shared/components/button/button.component.spec.ts:62:5
            </failure>
        </testcase>
        <testcase classname="src/app/shared/components/button/button.component.spec.ts" name="ButtonComponent &gt; Computed Values &gt; should compute ariaBusyValue as true when loading" time="0.000544784">
            <failure message="Cannot read properties of null (reading &apos;injector&apos;)" type="TypeError">
TypeError: Cannot read properties of null (reading &apos;injector&apos;)
 ❯ TestBedCompiler.get injector [as injector] node_modules/@angular/core/fesm2022/testing.mjs:1072:43
 ❯ resolver node_modules/@angular/core/fesm2022/testing.mjs:695:33
 ❯ cachedResourceResolve node_modules/@angular/core/fesm2022/_debug_node-chunk.mjs:9095:21
 ❯ node_modules/@angular/core/fesm2022/_debug_node-chunk.mjs:9105:27
 ❯ resolveComponentResources node_modules/@angular/core/fesm2022/_debug_node-chunk.mjs:9099:55
 ❯ TestBedCompiler.compileComponents node_modules/@angular/core/fesm2022/testing.mjs:699:13
 ❯ src/app/shared/components/button/button.component.spec.ts:62:5
            </failure>
        </testcase>
        <testcase classname="src/app/shared/components/button/button.component.spec.ts" name="ButtonComponent &gt; Computed Values &gt; should compute ariaBusyValue as undefined when not loading" time="0.000485027">
            <failure message="Cannot read properties of null (reading &apos;injector&apos;)" type="TypeError">
TypeError: Cannot read properties of null (reading &apos;injector&apos;)
 ❯ TestBedCompiler.get injector [as injector] node_modules/@angular/core/fesm2022/testing.mjs:1072:43
 ❯ resolver node_modules/@angular/core/fesm2022/testing.mjs:695:33
 ❯ cachedResourceResolve node_modules/@angular/core/fesm2022/_debug_node-chunk.mjs:9095:21
 ❯ node_modules/@angular/core/fesm2022/_debug_node-chunk.mjs:9105:27
 ❯ resolveComponentResources node_modules/@angular/core/fesm2022/_debug_node-chunk.mjs:9099:55
 ❯ TestBedCompiler.compileComponents node_modules/@angular/core/fesm2022/testing.mjs:699:13
 ❯ src/app/shared/components/button/button.component.spec.ts:62:5
            </failure>
        </testcase>
        <testcase classname="src/app/shared/components/button/button.component.spec.ts" name="ButtonComponent &gt; Template Branch Coverage - Icon and Loading Combinations &gt; should show iconLeft when not loading" time="0.000504606">
            <failure message="Cannot read properties of null (reading &apos;injector&apos;)" type="TypeError">
TypeError: Cannot read properties of null (reading &apos;injector&apos;)
 ❯ TestBedCompiler.get injector [as injector] node_modules/@angular/core/fesm2022/testing.mjs:1072:43
 ❯ resolver node_modules/@angular/core/fesm2022/testing.mjs:695:33
 ❯ cachedResourceResolve node_modules/@angular/core/fesm2022/_debug_node-chunk.mjs:9095:21
 ❯ node_modules/@angular/core/fesm2022/_debug_node-chunk.mjs:9105:27
 ❯ resolveComponentResources node_modules/@angular/core/fesm2022/_debug_node-chunk.mjs:9099:55
 ❯ TestBedCompiler.compileComponents node_modules/@angular/core/fesm2022/testing.mjs:699:13
 ❯ src/app/shared/components/button/button.component.spec.ts:62:5
            </failure>
        </testcase>
        <testcase classname="src/app/shared/components/button/button.component.spec.ts" name="ButtonComponent &gt; Template Branch Coverage - Icon and Loading Combinations &gt; should NOT show iconLeft when loading is true" time="0.000526308">
            <failure message="Cannot read properties of null (reading &apos;injector&apos;)" type="TypeError">
TypeError: Cannot read properties of null (reading &apos;injector&apos;)
 ❯ TestBedCompiler.get injector [as injector] node_modules/@angular/core/fesm2022/testing.mjs:1072:43
 ❯ resolver node_modules/@angular/core/fesm2022/testing.mjs:695:33
 ❯ cachedResourceResolve node_modules/@angular/core/fesm2022/_debug_node-chunk.mjs:9095:21
 ❯ node_modules/@angular/core/fesm2022/_debug_node-chunk.mjs:9105:27
 ❯ resolveComponentResources node_modules/@angular/core/fesm2022/_debug_node-chunk.mjs:9099:55
 ❯ TestBedCompiler.compileComponents node_modules/@angular/core/fesm2022/testing.mjs:699:13
 ❯ src/app/shared/components/button/button.component.spec.ts:62:5
            </failure>
        </testcase>
        <testcase classname="src/app/shared/components/button/button.component.spec.ts" name="ButtonComponent &gt; Template Branch Coverage - Icon and Loading Combinations &gt; should show iconRight when not loading and not iconOnly" time="0.000532075">
            <failure message="Cannot read properties of null (reading &apos;injector&apos;)" type="TypeError">
TypeError: Cannot read properties of null (reading &apos;injector&apos;)
 ❯ TestBedCompiler.get injector [as injector] node_modules/@angular/core/fesm2022/testing.mjs:1072:43
 ❯ resolver node_modules/@angular/core/fesm2022/testing.mjs:695:33
 ❯ cachedResourceResolve node_modules/@angular/core/fesm2022/_debug_node-chunk.mjs:9095:21
 ❯ node_modules/@angular/core/fesm2022/_debug_node-chunk.mjs:9105:27
 ❯ resolveComponentResources node_modules/@angular/core/fesm2022/_debug_node-chunk.mjs:9099:55
 ❯ TestBedCompiler.compileComponents node_modules/@angular/core/fesm2022/testing.mjs:699:13
 ❯ src/app/shared/components/button/button.component.spec.ts:62:5
            </failure>
        </testcase>
        <testcase classname="src/app/shared/components/button/button.component.spec.ts" name="ButtonComponent &gt; Template Branch Coverage - Icon and Loading Combinations &gt; should NOT show iconRight when loading is true" time="0.000511554">
            <failure message="Cannot read properties of null (reading &apos;injector&apos;)" type="TypeError">
TypeError: Cannot read properties of null (reading &apos;injector&apos;)
 ❯ TestBedCompiler.get injector [as injector] node_modules/@angular/core/fesm2022/testing.mjs:1072:43
 ❯ resolver node_modules/@angular/core/fesm2022/testing.mjs:695:33
 ❯ cachedResourceResolve node_modules/@angular/core/fesm2022/_debug_node-chunk.mjs:9095:21
 ❯ node_modules/@angular/core/fesm2022/_debug_node-chunk.mjs:9105:27
 ❯ resolveComponentResources node_modules/@angular/core/fesm2022/_debug_node-chunk.mjs:9099:55
 ❯ TestBedCompiler.compileComponents node_modules/@angular/core/fesm2022/testing.mjs:699:13
 ❯ src/app/shared/components/button/button.component.spec.ts:62:5
            </failure>
        </testcase>
        <testcase classname="src/app/shared/components/button/button.component.spec.ts" name="ButtonComponent &gt; Template Branch Coverage - Icon and Loading Combinations &gt; should NOT show iconRight when iconOnly is true" time="0.000506691">
            <failure message="Cannot read properties of null (reading &apos;injector&apos;)" type="TypeError">
TypeError: Cannot read properties of null (reading &apos;injector&apos;)
 ❯ TestBedCompiler.get injector [as injector] node_modules/@angular/core/fesm2022/testing.mjs:1072:43
 ❯ resolver node_modules/@angular/core/fesm2022/testing.mjs:695:33
 ❯ cachedResourceResolve node_modules/@angular/core/fesm2022/_debug_node-chunk.mjs:9095:21
 ❯ node_modules/@angular/core/fesm2022/_debug_node-chunk.mjs:9105:27
 ❯ resolveComponentResources node_modules/@angular/core/fesm2022/_debug_node-chunk.mjs:9099:55
 ❯ TestBedCompiler.compileComponents node_modules/@angular/core/fesm2022/testing.mjs:699:13
 ❯ src/app/shared/components/button/button.component.spec.ts:62:5
            </failure>
        </testcase>
        <testcase classname="src/app/shared/components/button/button.component.spec.ts" name="ButtonComponent &gt; Template Branch Coverage - Icon and Loading Combinations &gt; should NOT show iconRight when both loading and iconOnly are true" time="0.000509257">
            <failure message="Cannot read properties of null (reading &apos;injector&apos;)" type="TypeError">
TypeError: Cannot read properties of null (reading &apos;injector&apos;)
 ❯ TestBedCompiler.get injector [as injector] node_modules/@angular/core/fesm2022/testing.mjs:1072:43
 ❯ resolver node_modules/@angular/core/fesm2022/testing.mjs:695:33
 ❯ cachedResourceResolve node_modules/@angular/core/fesm2022/_debug_node-chunk.mjs:9095:21
 ❯ node_modules/@angular/core/fesm2022/_debug_node-chunk.mjs:9105:27
 ❯ resolveComponentResources node_modules/@angular/core/fesm2022/_debug_node-chunk.mjs:9099:55
 ❯ TestBedCompiler.compileComponents node_modules/@angular/core/fesm2022/testing.mjs:699:13
 ❯ src/app/shared/components/button/button.component.spec.ts:62:5
            </failure>
        </testcase>
        <testcase classname="src/app/shared/components/button/button.component.spec.ts" name="ButtonComponent &gt; Template Branch Coverage - Icon and Loading Combinations &gt; should show content wrapper when iconOnly is false" time="0.000501511">
            <failure message="Cannot read properties of null (reading &apos;injector&apos;)" type="TypeError">
TypeError: Cannot read properties of null (reading &apos;injector&apos;)
 ❯ TestBedCompiler.get injector [as injector] node_modules/@angular/core/fesm2022/testing.mjs:1072:43
 ❯ resolver node_modules/@angular/core/fesm2022/testing.mjs:695:33
 ❯ cachedResourceResolve node_modules/@angular/core/fesm2022/_debug_node-chunk.mjs:9095:21
 ❯ node_modules/@angular/core/fesm2022/_debug_node-chunk.mjs:9105:27
 ❯ resolveComponentResources node_modules/@angular/core/fesm2022/_debug_node-chunk.mjs:9099:55
 ❯ TestBedCompiler.compileComponents node_modules/@angular/core/fesm2022/testing.mjs:699:13
 ❯ src/app/shared/components/button/button.component.spec.ts:62:5
            </failure>
        </testcase>
        <testcase classname="src/app/shared/components/button/button.component.spec.ts" name="ButtonComponent &gt; Template Branch Coverage - Icon and Loading Combinations &gt; should NOT show content wrapper when iconOnly is true" time="0.002832659">
            <failure message="Cannot read properties of null (reading &apos;injector&apos;)" type="TypeError">
TypeError: Cannot read properties of null (reading &apos;injector&apos;)
 ❯ TestBedCompiler.get injector [as injector] node_modules/@angular/core/fesm2022/testing.mjs:1072:43
 ❯ resolver node_modules/@angular/core/fesm2022/testing.mjs:695:33
 ❯ cachedResourceResolve node_modules/@angular/core/fesm2022/_debug_node-chunk.mjs:9095:21
 ❯ node_modules/@angular/core/fesm2022/_debug_node-chunk.mjs:9105:27
 ❯ resolveComponentResources node_modules/@angular/core/fesm2022/_debug_node-chunk.mjs:9099:55
 ❯ TestBedCompiler.compileComponents node_modules/@angular/core/fesm2022/testing.mjs:699:13
 ❯ src/app/shared/components/button/button.component.spec.ts:62:5
            </failure>
        </testcase>
        <testcase classname="src/app/shared/components/button/button.component.spec.ts" name="ButtonComponent &gt; Template Branch Coverage - Icon and Loading Combinations &gt; should show spinner when loading is true" time="0.000529531">
            <failure message="Cannot read properties of null (reading &apos;injector&apos;)" type="TypeError">
TypeError: Cannot read properties of null (reading &apos;injector&apos;)
 ❯ TestBedCompiler.get injector [as injector] node_modules/@angular/core/fesm2022/testing.mjs:1072:43
 ❯ resolver node_modules/@angular/core/fesm2022/testing.mjs:695:33
 ❯ cachedResourceResolve node_modules/@angular/core/fesm2022/_debug_node-chunk.mjs:9095:21
 ❯ node_modules/@angular/core/fesm2022/_debug_node-chunk.mjs:9105:27
 ❯ resolveComponentResources node_modules/@angular/core/fesm2022/_debug_node-chunk.mjs:9099:55
 ❯ TestBedCompiler.compileComponents node_modules/@angular/core/fesm2022/testing.mjs:699:13
 ❯ src/app/shared/components/button/button.component.spec.ts:62:5
            </failure>
        </testcase>
        <testcase classname="src/app/shared/components/button/button.component.spec.ts" name="ButtonComponent &gt; Template Branch Coverage - Icon and Loading Combinations &gt; should NOT show spinner when loading is false" time="0.000423879">
            <failure message="Cannot read properties of null (reading &apos;injector&apos;)" type="TypeError">
TypeError: Cannot read properties of null (reading &apos;injector&apos;)
 ❯ TestBedCompiler.get injector [as injector] node_modules/@angular/core/fesm2022/testing.mjs:1072:43
 ❯ resolver node_modules/@angular/core/fesm2022/testing.mjs:695:33
 ❯ cachedResourceResolve node_modules/@angular/core/fesm2022/_debug_node-chunk.mjs:9095:21
 ❯ node_modules/@angular/core/fesm2022/_debug_node-chunk.mjs:9105:27
 ❯ resolveComponentResources node_modules/@angular/core/fesm2022/_debug_node-chunk.mjs:9099:55
 ❯ TestBedCompiler.compileComponents node_modules/@angular/core/fesm2022/testing.mjs:699:13
 ❯ src/app/shared/components/button/button.component.spec.ts:62:5
            </failure>
        </testcase>
        <testcase classname="src/app/shared/components/button/button.component.spec.ts" name="ButtonComponent &gt; Template Branch Coverage - Icon and Loading Combinations &gt; should handle all icons with loading - only spinner shows" time="0.000400042">
            <failure message="Cannot read properties of null (reading &apos;injector&apos;)" type="TypeError">
TypeError: Cannot read properties of null (reading &apos;injector&apos;)
 ❯ TestBedCompiler.get injector [as injector] node_modules/@angular/core/fesm2022/testing.mjs:1072:43
 ❯ resolver node_modules/@angular/core/fesm2022/testing.mjs:695:33
 ❯ cachedResourceResolve node_modules/@angular/core/fesm2022/_debug_node-chunk.mjs:9095:21
 ❯ node_modules/@angular/core/fesm2022/_debug_node-chunk.mjs:9105:27
 ❯ resolveComponentResources node_modules/@angular/core/fesm2022/_debug_node-chunk.mjs:9099:55
 ❯ TestBedCompiler.compileComponents node_modules/@angular/core/fesm2022/testing.mjs:699:13
 ❯ src/app/shared/components/button/button.component.spec.ts:62:5
            </failure>
        </testcase>
        <testcase classname="src/app/shared/components/button/button.component.spec.ts" name="ButtonComponent &gt; Template Branch Coverage - Icon and Loading Combinations &gt; should handle iconLeft and iconRight together when not loading or iconOnly" time="0.000408329">
            <failure message="Cannot read properties of null (reading &apos;injector&apos;)" type="TypeError">
TypeError: Cannot read properties of null (reading &apos;injector&apos;)
 ❯ TestBedCompiler.get injector [as injector] node_modules/@angular/core/fesm2022/testing.mjs:1072:43
 ❯ resolver node_modules/@angular/core/fesm2022/testing.mjs:695:33
 ❯ cachedResourceResolve node_modules/@angular/core/fesm2022/_debug_node-chunk.mjs:9095:21
 ❯ node_modules/@angular/core/fesm2022/_debug_node-chunk.mjs:9105:27
 ❯ resolveComponentResources node_modules/@angular/core/fesm2022/_debug_node-chunk.mjs:9099:55
 ❯ TestBedCompiler.compileComponents node_modules/@angular/core/fesm2022/testing.mjs:699:13
 ❯ src/app/shared/components/button/button.component.spec.ts:62:5
            </failure>
        </testcase>
        <testcase classname="src/app/shared/components/button/button.component.spec.ts" name="ButtonComponent &gt; Template Branch Coverage - Icon and Loading Combinations &gt; should show only iconLeft when iconOnly is true (no content, no iconRight)" time="0.000403803">
            <failure message="Cannot read properties of null (reading &apos;injector&apos;)" type="TypeError">
TypeError: Cannot read properties of null (reading &apos;injector&apos;)
 ❯ TestBedCompiler.get injector [as injector] node_modules/@angular/core/fesm2022/testing.mjs:1072:43
 ❯ resolver node_modules/@angular/core/fesm2022/testing.mjs:695:33
 ❯ cachedResourceResolve node_modules/@angular/core/fesm2022/_debug_node-chunk.mjs:9095:21
 ❯ node_modules/@angular/core/fesm2022/_debug_node-chunk.mjs:9105:27
 ❯ resolveComponentResources node_modules/@angular/core/fesm2022/_debug_node-chunk.mjs:9099:55
 ❯ TestBedCompiler.compileComponents node_modules/@angular/core/fesm2022/testing.mjs:699:13
 ❯ src/app/shared/components/button/button.component.spec.ts:62:5
            </failure>
        </testcase>
    </testsuite>
    <testsuite name="src/app/shared/components/select/select-button/select-button.component.spec.ts" timestamp="2026-01-08T14:44:35.918Z" hostname="jay-MS-7971" tests="41" failures="41" errors="0" skipped="0" time="0.024060833">
        <testcase classname="src/app/shared/components/select/select-button/select-button.component.spec.ts" name="SelectButtonComponent &gt; Component Creation &gt; should create" time="0.006386144">
            <failure message="Need to call TestBed.initTestEnvironment() first" type="Error">
Error: Need to call TestBed.initTestEnvironment() first
 ❯ TestBedImpl.get compiler [as compiler] node_modules/@angular/core/fesm2022/testing.mjs:1486:13
 ❯ TestBedImpl.configureTestingModule node_modules/@angular/core/fesm2022/testing.mjs:1402:10
 ❯ Function.configureTestingModule node_modules/@angular/core/fesm2022/testing.mjs:1273:33
 ❯ src/app/shared/components/select/select-button/select-button.component.spec.ts:14:19
            </failure>
        </testcase>
        <testcase classname="src/app/shared/components/select/select-button/select-button.component.spec.ts" name="SelectButtonComponent &gt; Component Creation &gt; should be standalone" time="0.002828216">
            <failure message="Component &apos;SelectButtonComponent&apos; is not resolved:
 - styleUrl: ./select-button.component.scss
Did you run and wait for &apos;resolveComponentResources()&apos;?" type="Error">
Error: Component &apos;SelectButtonComponent&apos; is not resolved:
 - styleUrl: ./select-button.component.scss
Did you run and wait for &apos;resolveComponentResources()&apos;?
 ❯ Function.get node_modules/@angular/core/fesm2022/_debug_node-chunk.mjs:17775:17
 ❯ getComponentDef node_modules/@angular/core/fesm2022/testing.mjs:1154:16
 ❯ isStandaloneComponent node_modules/@angular/core/fesm2022/testing.mjs:1150:15
 ❯ queueTypesFromModulesArrayRecur node_modules/@angular/core/fesm2022/testing.mjs:925:20
 ❯ TestBedCompiler.queueTypesFromModulesArray node_modules/@angular/core/fesm2022/testing.mjs:943:5
 ❯ TestBedCompiler.configureTestingModule node_modules/@angular/core/fesm2022/testing.mjs:567:12
 ❯ TestBedImpl.configureTestingModule node_modules/@angular/core/fesm2022/testing.mjs:1402:19
 ❯ Function.configureTestingModule node_modules/@angular/core/fesm2022/testing.mjs:1273:33
 ❯ src/app/shared/components/select/select-button/select-button.component.spec.ts:14:19
            </failure>
        </testcase>
        <testcase classname="src/app/shared/components/select/select-button/select-button.component.spec.ts" name="SelectButtonComponent &gt; Component Creation &gt; should use OnPush change detection" time="0.000573756">
            <failure message="Component &apos;SelectButtonComponent&apos; is not resolved:
 - styleUrl: ./select-button.component.scss
Did you run and wait for &apos;resolveComponentResources()&apos;?" type="Error">
Error: Component &apos;SelectButtonComponent&apos; is not resolved:
 - styleUrl: ./select-button.component.scss
Did you run and wait for &apos;resolveComponentResources()&apos;?
 ❯ Function.get node_modules/@angular/core/fesm2022/_debug_node-chunk.mjs:17775:17
 ❯ getComponentDef node_modules/@angular/core/fesm2022/testing.mjs:1154:16
 ❯ isStandaloneComponent node_modules/@angular/core/fesm2022/testing.mjs:1150:15
 ❯ queueTypesFromModulesArrayRecur node_modules/@angular/core/fesm2022/testing.mjs:925:20
 ❯ TestBedCompiler.queueTypesFromModulesArray node_modules/@angular/core/fesm2022/testing.mjs:943:5
 ❯ TestBedCompiler.configureTestingModule node_modules/@angular/core/fesm2022/testing.mjs:567:12
 ❯ TestBedImpl.configureTestingModule node_modules/@angular/core/fesm2022/testing.mjs:1402:19
 ❯ Function.configureTestingModule node_modules/@angular/core/fesm2022/testing.mjs:1273:33
 ❯ src/app/shared/components/select/select-button/select-button.component.spec.ts:14:19
            </failure>
        </testcase>
        <testcase classname="src/app/shared/components/select/select-button/select-button.component.spec.ts" name="SelectButtonComponent &gt; Button Rendering &gt; should render button element" time="0.000416627">
            <failure message="Component &apos;SelectButtonComponent&apos; is not resolved:
 - styleUrl: ./select-button.component.scss
Did you run and wait for &apos;resolveComponentResources()&apos;?" type="Error">
Error: Component &apos;SelectButtonComponent&apos; is not resolved:
 - styleUrl: ./select-button.component.scss
Did you run and wait for &apos;resolveComponentResources()&apos;?
 ❯ Function.get node_modules/@angular/core/fesm2022/_debug_node-chunk.mjs:17775:17
 ❯ getComponentDef node_modules/@angular/core/fesm2022/testing.mjs:1154:16
 ❯ isStandaloneComponent node_modules/@angular/core/fesm2022/testing.mjs:1150:15
 ❯ queueTypesFromModulesArrayRecur node_modules/@angular/core/fesm2022/testing.mjs:925:20
 ❯ TestBedCompiler.queueTypesFromModulesArray node_modules/@angular/core/fesm2022/testing.mjs:943:5
 ❯ TestBedCompiler.configureTestingModule node_modules/@angular/core/fesm2022/testing.mjs:567:12
 ❯ TestBedImpl.configureTestingModule node_modules/@angular/core/fesm2022/testing.mjs:1402:19
 ❯ Function.configureTestingModule node_modules/@angular/core/fesm2022/testing.mjs:1273:33
 ❯ src/app/shared/components/select/select-button/select-button.component.spec.ts:14:19
            </failure>
        </testcase>
        <testcase classname="src/app/shared/components/select/select-button/select-button.component.spec.ts" name="SelectButtonComponent &gt; Button Rendering &gt; should apply button class" time="0.000386291">
[...]
 ❯ Function.configureTestingModule node_modules/@angular/core/fesm2022/testing.mjs:1273:33
 ❯ src/app/shared/components/tabs/tab-button/tab-button.component.spec.ts:14:19
            </failure>
        </testcase>
        <testcase classname="src/app/shared/components/tabs/tab-button/tab-button.component.spec.ts" name="TabButtonComponent &gt; ARIA Attributes &gt; should set id attribute" time="0.000204664">
            <failure message="Component &apos;TabButtonComponent&apos; is not resolved:
 - templateUrl: ./tab-button.component.html
 - styleUrl: ./tab-button.component.scss
Did you run and wait for &apos;resolveComponentResources()&apos;?" type="Error">
Error: Component &apos;TabButtonComponent&apos; is not resolved:
 - templateUrl: ./tab-button.component.html
 - styleUrl: ./tab-button.component.scss
Did you run and wait for &apos;resolveComponentResources()&apos;?
 ❯ Function.get node_modules/@angular/core/fesm2022/_debug_node-chunk.mjs:17775:17
 ❯ getComponentDef node_modules/@angular/core/fesm2022/testing.mjs:1154:16
 ❯ isStandaloneComponent node_modules/@angular/core/fesm2022/testing.mjs:1150:15
 ❯ queueTypesFromModulesArrayRecur node_modules/@angular/core/fesm2022/testing.mjs:925:20
 ❯ TestBedCompiler.queueTypesFromModulesArray node_modules/@angular/core/fesm2022/testing.mjs:943:5
 ❯ TestBedCompiler.configureTestingModule node_modules/@angular/core/fesm2022/testing.mjs:567:12
 ❯ TestBedImpl.configureTestingModule node_modules/@angular/core/fesm2022/testing.mjs:1402:19
 ❯ Function.configureTestingModule node_modules/@angular/core/fesm2022/testing.mjs:1273:33
 ❯ src/app/shared/components/tabs/tab-button/tab-button.component.spec.ts:14:19
            </failure>
        </testcase>
        <testcase classname="src/app/shared/components/tabs/tab-button/tab-button.component.spec.ts" name="TabButtonComponent &gt; ARIA Attributes &gt; should set aria-selected attribute" time="0.000204539">
            <failure message="Component &apos;TabButtonComponent&apos; is not resolved:
 - templateUrl: ./tab-button.component.html
 - styleUrl: ./tab-button.component.scss
Did you run and wait for &apos;resolveComponentResources()&apos;?" type="Error">
Error: Component &apos;TabButtonComponent&apos; is not resolved:
 - templateUrl: ./tab-button.component.html
 - styleUrl: ./tab-button.component.scss
Did you run and wait for &apos;resolveComponentResources()&apos;?
 ❯ Function.get node_modules/@angular/core/fesm2022/_debug_node-chunk.mjs:17775:17
 ❯ getComponentDef node_modules/@angular/core/fesm2022/testing.mjs:1154:16
 ❯ isStandaloneComponent node_modules/@angular/core/fesm2022/testing.mjs:1150:15
 ❯ queueTypesFromModulesArrayRecur node_modules/@angular/core/fesm2022/testing.mjs:925:20
 ❯ TestBedCompiler.queueTypesFromModulesArray node_modules/@angular/core/fesm2022/testing.mjs:943:5
 ❯ TestBedCompiler.configureTestingModule node_modules/@angular/core/fesm2022/testing.mjs:567:12
 ❯ TestBedImpl.configureTestingModule node_modules/@angular/core/fesm2022/testing.mjs:1402:19
 ❯ Function.configureTestingModule node_modules/@angular/core/fesm2022/testing.mjs:1273:33
 ❯ src/app/shared/components/tabs/tab-button/tab-button.component.spec.ts:14:19
            </failure>
        </testcase>
        <testcase classname="src/app/shared/components/tabs/tab-button/tab-button.component.spec.ts" name="TabButtonComponent &gt; ARIA Attributes &gt; should set aria-controls attribute" time="0.000203466">
            <failure message="Component &apos;TabButtonComponent&apos; is not resolved:
 - templateUrl: ./tab-button.component.html
 - styleUrl: ./tab-button.component.scss
Did you run and wait for &apos;resolveComponentResources()&apos;?" type="Error">
Error: Component &apos;TabButtonComponent&apos; is not resolved:
 - templateUrl: ./tab-button.component.html
 - styleUrl: ./tab-button.component.scss
Did you run and wait for &apos;resolveComponentResources()&apos;?
 ❯ Function.get node_modules/@angular/core/fesm2022/_debug_node-chunk.mjs:17775:17
 ❯ getComponentDef node_modules/@angular/core/fesm2022/testing.mjs:1154:16
 ❯ isStandaloneComponent node_modules/@angular/core/fesm2022/testing.mjs:1150:15
 ❯ queueTypesFromModulesArrayRecur node_modules/@angular/core/fesm2022/testing.mjs:925:20
 ❯ TestBedCompiler.queueTypesFromModulesArray node_modules/@angular/core/fesm2022/testing.mjs:943:5
 ❯ TestBedCompiler.configureTestingModule node_modules/@angular/core/fesm2022/testing.mjs:567:12
 ❯ TestBedImpl.configureTestingModule node_modules/@angular/core/fesm2022/testing.mjs:1402:19
 ❯ Function.configureTestingModule node_modules/@angular/core/fesm2022/testing.mjs:1273:33
 ❯ src/app/shared/components/tabs/tab-button/tab-button.component.spec.ts:14:19
            </failure>
        </testcase>
        <testcase classname="src/app/shared/components/tabs/tab-button/tab-button.component.spec.ts" name="TabButtonComponent &gt; ARIA Attributes &gt; should set tabindex attribute" time="0.000210222">
            <failure message="Component &apos;TabButtonComponent&apos; is not resolved:
 - templateUrl: ./tab-button.component.html
 - styleUrl: ./tab-button.component.scss
Did you run and wait for &apos;resolveComponentResources()&apos;?" type="Error">
Error: Component &apos;TabButtonComponent&apos; is not resolved:
 - templateUrl: ./tab-button.component.html
 - styleUrl: ./tab-button.component.scss
Did you run and wait for &apos;resolveComponentResources()&apos;?
 ❯ Function.get node_modules/@angular/core/fesm2022/_debug_node-chunk.mjs:17775:17
 ❯ getComponentDef node_modules/@angular/core/fesm2022/testing.mjs:1154:16
 ❯ isStandaloneComponent node_modules/@angular/core/fesm2022/testing.mjs:1150:15
 ❯ queueTypesFromModulesArrayRecur node_modules/@angular/core/fesm2022/testing.mjs:925:20
 ❯ TestBedCompiler.queueTypesFromModulesArray node_modules/@angular/core/fesm2022/testing.mjs:943:5
 ❯ TestBedCompiler.configureTestingModule node_modules/@angular/core/fesm2022/testing.mjs:567:12
 ❯ TestBedImpl.configureTestingModule node_modules/@angular/core/fesm2022/testing.mjs:1402:19
 ❯ Function.configureTestingModule node_modules/@angular/core/fesm2022/testing.mjs:1273:33
 ❯ src/app/shared/components/tabs/tab-button/tab-button.component.spec.ts:14:19
            </failure>
        </testcase>
        <testcase classname="src/app/shared/components/tabs/tab-button/tab-button.component.spec.ts" name="TabButtonComponent &gt; ARIA Attributes &gt; should set aria-label from label" time="0.000254732">
            <failure message="Component &apos;TabButtonComponent&apos; is not resolved:
 - templateUrl: ./tab-button.component.html
 - styleUrl: ./tab-button.component.scss
Did you run and wait for &apos;resolveComponentResources()&apos;?" type="Error">
Error: Component &apos;TabButtonComponent&apos; is not resolved:
 - templateUrl: ./tab-button.component.html
 - styleUrl: ./tab-button.component.scss
Did you run and wait for &apos;resolveComponentResources()&apos;?
 ❯ Function.get node_modules/@angular/core/fesm2022/_debug_node-chunk.mjs:17775:17
 ❯ getComponentDef node_modules/@angular/core/fesm2022/testing.mjs:1154:16
 ❯ isStandaloneComponent node_modules/@angular/core/fesm2022/testing.mjs:1150:15
 ❯ queueTypesFromModulesArrayRecur node_modules/@angular/core/fesm2022/testing.mjs:925:20
 ❯ TestBedCompiler.queueTypesFromModulesArray node_modules/@angular/core/fesm2022/testing.mjs:943:5
 ❯ TestBedCompiler.configureTestingModule node_modules/@angular/core/fesm2022/testing.mjs:567:12
 ❯ TestBedImpl.configureTestingModule node_modules/@angular/core/fesm2022/testing.mjs:1402:19
 ❯ Function.configureTestingModule node_modules/@angular/core/fesm2022/testing.mjs:1273:33
 ❯ src/app/shared/components/tabs/tab-button/tab-button.component.spec.ts:14:19
            </failure>
        </testcase>
        <testcase classname="src/app/shared/components/tabs/tab-button/tab-button.component.spec.ts" name="TabButtonComponent &gt; Button Properties &gt; should pass disabled state to button" time="0.0002128">
            <failure message="Component &apos;TabButtonComponent&apos; is not resolved:
 - templateUrl: ./tab-button.component.html
 - styleUrl: ./tab-button.component.scss
Did you run and wait for &apos;resolveComponentResources()&apos;?" type="Error">
Error: Component &apos;TabButtonComponent&apos; is not resolved:
 - templateUrl: ./tab-button.component.html
 - styleUrl: ./tab-button.component.scss
Did you run and wait for &apos;resolveComponentResources()&apos;?
 ❯ Function.get node_modules/@angular/core/fesm2022/_debug_node-chunk.mjs:17775:17
 ❯ getComponentDef node_modules/@angular/core/fesm2022/testing.mjs:1154:16
 ❯ isStandaloneComponent node_modules/@angular/core/fesm2022/testing.mjs:1150:15
 ❯ queueTypesFromModulesArrayRecur node_modules/@angular/core/fesm2022/testing.mjs:925:20
 ❯ TestBedCompiler.queueTypesFromModulesArray node_modules/@angular/core/fesm2022/testing.mjs:943:5
 ❯ TestBedCompiler.configureTestingModule node_modules/@angular/core/fesm2022/testing.mjs:567:12
 ❯ TestBedImpl.configureTestingModule node_modules/@angular/core/fesm2022/testing.mjs:1402:19
 ❯ Function.configureTestingModule node_modules/@angular/core/fesm2022/testing.mjs:1273:33
 ❯ src/app/shared/components/tabs/tab-button/tab-button.component.spec.ts:14:19
            </failure>
        </testcase>
        <testcase classname="src/app/shared/components/tabs/tab-button/tab-button.component.spec.ts" name="TabButtonComponent &gt; Button Properties &gt; should not disable button when not disabled" time="0.000230863">
            <failure message="Component &apos;TabButtonComponent&apos; is not resolved:
 - templateUrl: ./tab-button.component.html
 - styleUrl: ./tab-button.component.scss
Did you run and wait for &apos;resolveComponentResources()&apos;?" type="Error">
Error: Component &apos;TabButtonComponent&apos; is not resolved:
 - templateUrl: ./tab-button.component.html
 - styleUrl: ./tab-button.component.scss
Did you run and wait for &apos;resolveComponentResources()&apos;?
 ❯ Function.get node_modules/@angular/core/fesm2022/_debug_node-chunk.mjs:17775:17
 ❯ getComponentDef node_modules/@angular/core/fesm2022/testing.mjs:1154:16
 ❯ isStandaloneComponent node_modules/@angular/core/fesm2022/testing.mjs:1150:15
 ❯ queueTypesFromModulesArrayRecur node_modules/@angular/core/fesm2022/testing.mjs:925:20
 ❯ TestBedCompiler.queueTypesFromModulesArray node_modules/@angular/core/fesm2022/testing.mjs:943:5
 ❯ TestBedCompiler.configureTestingModule node_modules/@angular/core/fesm2022/testing.mjs:567:12
 ❯ TestBedImpl.configureTestingModule node_modules/@angular/core/fesm2022/testing.mjs:1402:19
 ❯ Function.configureTestingModule node_modules/@angular/core/fesm2022/testing.mjs:1273:33
 ❯ src/app/shared/components/tabs/tab-button/tab-button.component.spec.ts:14:19
            </failure>
        </testcase>
        <testcase classname="src/app/shared/components/tabs/tab-button/tab-button.component.spec.ts" name="TabButtonComponent &gt; Icon and Label Rendering &gt; should render both icon and label" time="0.00021839">
            <failure message="Component &apos;TabButtonComponent&apos; is not resolved:
 - templateUrl: ./tab-button.component.html
 - styleUrl: ./tab-button.component.scss
Did you run and wait for &apos;resolveComponentResources()&apos;?" type="Error">
Error: Component &apos;TabButtonComponent&apos; is not resolved:
 - templateUrl: ./tab-button.component.html
 - styleUrl: ./tab-button.component.scss
Did you run and wait for &apos;resolveComponentResources()&apos;?
 ❯ Function.get node_modules/@angular/core/fesm2022/_debug_node-chunk.mjs:17775:17
 ❯ getComponentDef node_modules/@angular/core/fesm2022/testing.mjs:1154:16
 ❯ isStandaloneComponent node_modules/@angular/core/fesm2022/testing.mjs:1150:15
 ❯ queueTypesFromModulesArrayRecur node_modules/@angular/core/fesm2022/testing.mjs:925:20
 ❯ TestBedCompiler.queueTypesFromModulesArray node_modules/@angular/core/fesm2022/testing.mjs:943:5
 ❯ TestBedCompiler.configureTestingModule node_modules/@angular/core/fesm2022/testing.mjs:567:12
 ❯ TestBedImpl.configureTestingModule node_modules/@angular/core/fesm2022/testing.mjs:1402:19
 ❯ Function.configureTestingModule node_modules/@angular/core/fesm2022/testing.mjs:1273:33
 ❯ src/app/shared/components/tabs/tab-button/tab-button.component.spec.ts:14:19
            </failure>
        </testcase>
        <testcase classname="src/app/shared/components/tabs/tab-button/tab-button.component.spec.ts" name="TabButtonComponent &gt; Icon and Label Rendering &gt; should render label without icon" time="0.000204325">
            <failure message="Component &apos;TabButtonComponent&apos; is not resolved:
 - templateUrl: ./tab-button.component.html
 - styleUrl: ./tab-button.component.scss
Did you run and wait for &apos;resolveComponentResources()&apos;?" type="Error">
Error: Component &apos;TabButtonComponent&apos; is not resolved:
 - templateUrl: ./tab-button.component.html
 - styleUrl: ./tab-button.component.scss
Did you run and wait for &apos;resolveComponentResources()&apos;?
 ❯ Function.get node_modules/@angular/core/fesm2022/_debug_node-chunk.mjs:17775:17
 ❯ getComponentDef node_modules/@angular/core/fesm2022/testing.mjs:1154:16
 ❯ isStandaloneComponent node_modules/@angular/core/fesm2022/testing.mjs:1150:15
 ❯ queueTypesFromModulesArrayRecur node_modules/@angular/core/fesm2022/testing.mjs:925:20
 ❯ TestBedCompiler.queueTypesFromModulesArray node_modules/@angular/core/fesm2022/testing.mjs:943:5
 ❯ TestBedCompiler.configureTestingModule node_modules/@angular/core/fesm2022/testing.mjs:567:12
 ❯ TestBedImpl.configureTestingModule node_modules/@angular/core/fesm2022/testing.mjs:1402:19
 ❯ Function.configureTestingModule node_modules/@angular/core/fesm2022/testing.mjs:1273:33
 ❯ src/app/shared/components/tabs/tab-button/tab-button.component.spec.ts:14:19
            </failure>
        </testcase>
        <testcase classname="src/app/shared/components/tabs/tab-button/tab-button.component.spec.ts" name="TabButtonComponent &gt; Icon and Label Rendering &gt; should render icon before label in DOM" time="0.00019796">
            <failure message="Component &apos;TabButtonComponent&apos; is not resolved:
 - templateUrl: ./tab-button.component.html
 - styleUrl: ./tab-button.component.scss
Did you run and wait for &apos;resolveComponentResources()&apos;?" type="Error">
Error: Component &apos;TabButtonComponent&apos; is not resolved:
 - templateUrl: ./tab-button.component.html
 - styleUrl: ./tab-button.component.scss
Did you run and wait for &apos;resolveComponentResources()&apos;?
 ❯ Function.get node_modules/@angular/core/fesm2022/_debug_node-chunk.mjs:17775:17
 ❯ getComponentDef node_modules/@angular/core/fesm2022/testing.mjs:1154:16
 ❯ isStandaloneComponent node_modules/@angular/core/fesm2022/testing.mjs:1150:15
 ❯ queueTypesFromModulesArrayRecur node_modules/@angular/core/fesm2022/testing.mjs:925:20
 ❯ TestBedCompiler.queueTypesFromModulesArray node_modules/@angular/core/fesm2022/testing.mjs:943:5
 ❯ TestBedCompiler.configureTestingModule node_modules/@angular/core/fesm2022/testing.mjs:567:12
 ❯ TestBedImpl.configureTestingModule node_modules/@angular/core/fesm2022/testing.mjs:1402:19
 ❯ Function.configureTestingModule node_modules/@angular/core/fesm2022/testing.mjs:1273:33
 ❯ src/app/shared/components/tabs/tab-button/tab-button.component.spec.ts:14:19
            </failure>
        </testcase>
        <testcase classname="src/app/shared/components/tabs/tab-button/tab-button.component.spec.ts" name="TabButtonComponent &gt; Active State &gt; should apply active class when isActive is true" time="0.000202961">
            <failure message="Component &apos;TabButtonComponent&apos; is not resolved:
 - templateUrl: ./tab-button.component.html
 - styleUrl: ./tab-button.component.scss
Did you run and wait for &apos;resolveComponentResources()&apos;?" type="Error">
Error: Component &apos;TabButtonComponent&apos; is not resolved:
 - templateUrl: ./tab-button.component.html
 - styleUrl: ./tab-button.component.scss
Did you run and wait for &apos;resolveComponentResources()&apos;?
 ❯ Function.get node_modules/@angular/core/fesm2022/_debug_node-chunk.mjs:17775:17
 ❯ getComponentDef node_modules/@angular/core/fesm2022/testing.mjs:1154:16
 ❯ isStandaloneComponent node_modules/@angular/core/fesm2022/testing.mjs:1150:15
 ❯ queueTypesFromModulesArrayRecur node_modules/@angular/core/fesm2022/testing.mjs:925:20
 ❯ TestBedCompiler.queueTypesFromModulesArray node_modules/@angular/core/fesm2022/testing.mjs:943:5
 ❯ TestBedCompiler.configureTestingModule node_modules/@angular/core/fesm2022/testing.mjs:567:12
 ❯ TestBedImpl.configureTestingModule node_modules/@angular/core/fesm2022/testing.mjs:1402:19
 ❯ Function.configureTestingModule node_modules/@angular/core/fesm2022/testing.mjs:1273:33
 ❯ src/app/shared/components/tabs/tab-button/tab-button.component.spec.ts:14:19
            </failure>
        </testcase>
        <testcase classname="src/app/shared/components/tabs/tab-button/tab-button.component.spec.ts" name="TabButtonComponent &gt; Active State &gt; should not apply active class when isActive is false" time="0.000195693">
            <failure message="Component &apos;TabButtonComponent&apos; is not resolved:
 - templateUrl: ./tab-button.component.html
 - styleUrl: ./tab-button.component.scss
Did you run and wait for &apos;resolveComponentResources()&apos;?" type="Error">
Error: Component &apos;TabButtonComponent&apos; is not resolved:
 - templateUrl: ./tab-button.component.html
 - styleUrl: ./tab-button.component.scss
Did you run and wait for &apos;resolveComponentResources()&apos;?
 ❯ Function.get node_modules/@angular/core/fesm2022/_debug_node-chunk.mjs:17775:17
 ❯ getComponentDef node_modules/@angular/core/fesm2022/testing.mjs:1154:16
 ❯ isStandaloneComponent node_modules/@angular/core/fesm2022/testing.mjs:1150:15
 ❯ queueTypesFromModulesArrayRecur node_modules/@angular/core/fesm2022/testing.mjs:925:20
 ❯ TestBedCompiler.queueTypesFromModulesArray node_modules/@angular/core/fesm2022/testing.mjs:943:5
 ❯ TestBedCompiler.configureTestingModule node_modules/@angular/core/fesm2022/testing.mjs:567:12
 ❯ TestBedImpl.configureTestingModule node_modules/@angular/core/fesm2022/testing.mjs:1402:19
 ❯ Function.configureTestingModule node_modules/@angular/core/fesm2022/testing.mjs:1273:33
 ❯ src/app/shared/components/tabs/tab-button/tab-button.component.spec.ts:14:19
            </failure>
        </testcase>
        <testcase classname="src/app/shared/components/tabs/tab-button/tab-button.component.spec.ts" name="TabButtonComponent &gt; Active State &gt; should update aria-selected with active state" time="0.00025201">
            <failure message="Component &apos;TabButtonComponent&apos; is not resolved:
 - templateUrl: ./tab-button.component.html
 - styleUrl: ./tab-button.component.scss
Did you run and wait for &apos;resolveComponentResources()&apos;?" type="Error">
Error: Component &apos;TabButtonComponent&apos; is not resolved:
 - templateUrl: ./tab-button.component.html
 - styleUrl: ./tab-button.component.scss
Did you run and wait for &apos;resolveComponentResources()&apos;?
 ❯ Function.get node_modules/@angular/core/fesm2022/_debug_node-chunk.mjs:17775:17
 ❯ getComponentDef node_modules/@angular/core/fesm2022/testing.mjs:1154:16
 ❯ isStandaloneComponent node_modules/@angular/core/fesm2022/testing.mjs:1150:15
 ❯ queueTypesFromModulesArrayRecur node_modules/@angular/core/fesm2022/testing.mjs:925:20
 ❯ TestBedCompiler.queueTypesFromModulesArray node_modules/@angular/core/fesm2022/testing.mjs:943:5
 ❯ TestBedCompiler.configureTestingModule node_modules/@angular/core/fesm2022/testing.mjs:567:12
 ❯ TestBedImpl.configureTestingModule node_modules/@angular/core/fesm2022/testing.mjs:1402:19
 ❯ Function.configureTestingModule node_modules/@angular/core/fesm2022/testing.mjs:1273:33
 ❯ src/app/shared/components/tabs/tab-button/tab-button.component.spec.ts:14:19
            </failure>
        </testcase>
    </testsuite>
</testsuites>
