
> angular-enterprise-blueprint@1.3.0 test:file
> ng test --watch=false --include src/app/features/home/home.component.spec.ts

â¯ Building...
âœ” Building...
Initial chunk files                      | Names                                 |  Raw size
spec-app-features-home-home.component.js | spec-app-features-home-home.component | 201.32 kB | 
styles.css                               | styles                                |  21.38 kB | 
chunk-A44TLS2P.js                        | -                                     |   4.74 kB | 
init-testbed.js                          | init-testbed                          |   1.20 kB | 

                                         | Initial total                         | 228.63 kB

Application bundle generation complete. [9.159 seconds] - 2026-01-18T17:51:23.075Z

[33mâ–² [43;33m[[43;30mWARNING[43;33m][0m [1mNG8113: DatePipe is not used within the template of HomeComponent[0m [1m[35m[plugin angular-compiler][0m

    src/app/features/home/home.component.ts:33:4:
[37m      33 â”‚     [32mDatePipe[37m,
         â•µ     [32m~~~~~~~~[0m



[1m[46m RUN [49m[22m [36mv4.0.16 [39m[90m/home/jay/Repos/angular-enterprise-blueprint[39m

 [31mâ¯[39m [30m[43m angular-enterprise-blueprint [49m[39m src/app/features/home/home.component.spec.ts [2m([22m[2m40 tests[22m[2m | [22m[31m3 failed[39m[2m)[22m[33m 2857[2mms[22m[39m
     [32mâœ“[39m should create[32m 245[2mms[22m[39m
     [32mâœ“[39m should load metrics and extended metrics on init[32m 113[2mms[22m[39m
     [32mâœ“[39m should render hero section branding[32m 89[2mms[22m[39m
[31m     [31mÃ—[31m should render layout hierarchy[39m[32m 116[2mms[22m[39m
       [32mâœ“[39m should render tagline[32m 78[2mms[22m[39m
       [32mâœ“[39m should render bio[32m 81[2mms[22m[39m
       [32mâœ“[39m should render profile button with correct link[32m 91[2mms[22m[39m
       [32mâœ“[39m should render modules CTA button with correct link[32m 83[2mms[22m[39m
[31m       [31mÃ—[31m should render architecture CTA button[39m[32m 80[2mms[22m[39m
     [32mâœ“[39m should render system status badge[32m 64[2mms[22m[39m
     [32mâœ“[39m should render test coverage[32m 62[2mms[22m[39m
       [32mâœ“[39m should return up arrow for up trend[32m 65[2mms[22m[39m
       [32mâœ“[39m should return down arrow for down trend[32m 57[2mms[22m[39m
       [32mâœ“[39m should return stable icon for stable trend[32m 55[2mms[22m[39m
       [32mâœ“[39m should return success for up trend[32m 55[2mms[22m[39m
       [32mâœ“[39m should return error for down trend[32m 54[2mms[22m[39m
       [32mâœ“[39m should return neutral for stable trend[32m 57[2mms[22m[39m
[31m       [31mÃ—[31m should display loading state when isLoading is true[39m[32m 63[2mms[22m[39m
       [32mâœ“[39m should display error message when error is set[32m 59[2mms[22m[39m
       [32mâœ“[39m should not show metrics when metrics is null[32m 52[2mms[22m[39m
       [32mâœ“[39m should render trend icon in template[32m 53[2mms[22m[39m
       [32mâœ“[39m should show deploy status badge[32m 61[2mms[22m[39m
       [32mâœ“[39m should show build status badge[32m 60[2mms[22m[39m
       [32mâœ“[39m should show down trend icon when trend is down[32m 54[2mms[22m[39m
       [32mâœ“[39m should show stable trend icon when trend is stable[32m 51[2mms[22m[39m
       [32mâœ“[39m should show error badge when system status is not operational[32m 51[2mms[22m[39m
       [32mâœ“[39m should show error badge when deploy status is failed[32m 52[2mms[22m[39m
       [32mâœ“[39m should show success badge for good documentation coverage[32m 66[2mms[22m[39m
       [32mâœ“[39m should show warning badge for low documentation coverage[32m 75[2mms[22m[39m
       [32mâœ“[39m should hide documentation card if not available[32m 54[2mms[22m[39m
       [32mâœ“[39m should show clean linting badge[32m 69[2mms[22m[39m
       [32mâœ“[39m should show error linting badge when errors exist[32m 70[2mms[22m[39m
       [32mâœ“[39m should hide linting card if not available[32m 67[2mms[22m[39m
       [32mâœ“[39m should show secure dependencies badge[32m 77[2mms[22m[39m
       [32mâœ“[39m should show error dependencies badge when high vulnerabilities exist[32m 63[2mms[22m[39m
       [32mâœ“[39m should hide dependencies card if not available[32m 55[2mms[22m[39m
       [32mâœ“[39m should render git stats when available[32m 59[2mms[22m[39m
       [32mâœ“[39m should hide git card if not available[32m 61[2mms[22m[39m
       [32mâœ“[39m should use large padding on container for proper mobile spacing[32m 63[2mms[22m[39m
       [32mâœ“[39m should have hero actions container for button layout[32m 77[2mms[22m[39m

[31mâ¯â¯â¯â¯â¯â¯â¯[39m[1m[41m Failed Tests 3 [49m[22m[31mâ¯â¯â¯â¯â¯â¯â¯[39m

[41m[1m FAIL [22m[49m [30m[43m angular-enterprise-blueprint [49m[39m src/app/features/home/home.component.spec.ts[2m > [22mHomeComponent[2m > [22mshould render layout hierarchy
[31m[1mAssertionError[22m: expected 3 to be greater than or equal to 4[39m
[36m [2mâ¯[22m src/app/features/home/home.component.spec.ts:[2m223:23[22m[39m
    [90m221| [39m    [35mconst[39m h3 [33m=[39m fixture[33m.[39mdebugElement[33m.[39m[34mqueryAll[39m([33mBy[39m[33m.[39m[34mcss[39m([32m'h3'[39m))[33m;[39m
    [90m222| [39m    // Dashboard Cards: Operational, Test Coverage, Performance, Archiâ€¦
    [90m223| [39m    [34mexpect[39m(h3[33m.[39mlength)[33m.[39m[34mtoBeGreaterThanOrEqual[39m([34m4[39m)[33m;[39m
    [90m   | [39m                      [31m^[39m
    [90m224| [39m  })[33m;[39m
    [90m225| [39m

[31m[2mâ¯â¯â¯â¯â¯â¯â¯â¯â¯â¯â¯â¯â¯â¯â¯â¯â¯â¯â¯â¯â¯â¯â¯â¯[1/3]â¯[22m[39m

[41m[1m FAIL [22m[49m [30m[43m angular-enterprise-blueprint [49m[39m src/app/features/home/home.component.spec.ts[2m > [22mHomeComponent[2m > [22mDashboard Section[2m > [22mshould render architecture CTA button
[31m[1mAssertionError[22m: expected undefined to be truthy[39m

[32m- Expected:[39m 
true

[31m+ Received:[39m 
undefined

[36m [2mâ¯[22m src/app/features/home/home.component.spec.ts:[2m263:23[22m[39m
    [90m261| [39m        (b.nativeElement as HTMLElement).textContent?.includes('View Aâ€¦
    [90m262| [39m      )[33m;[39m
    [90m263| [39m      [34mexpect[39m(archBtn)[33m.[39m[34mtoBeTruthy[39m()[33m;[39m
    [90m   | [39m                      [31m^[39m
    [90m264| [39m      [35mif[39m ([33m![39marchBtn) [35mreturn[39m[33m;[39m
    [90m265| [39m      [35mconst[39m routerLink [33m=[39m archBtn[33m.[39minjector[33m.[39m[35mget[39m([33mRouterLink[39m)[33m;[39m

[31m[2mâ¯â¯â¯â¯â¯â¯â¯â¯â¯â¯â¯â¯â¯â¯â¯â¯â¯â¯â¯â¯â¯â¯â¯â¯[2/3]â¯[22m[39m

[41m[1m FAIL [22m[49m [30m[43m angular-enterprise-blueprint [49m[39m src/app/features/home/home.component.spec.ts[2m > [22mHomeComponent[2m > [22mTemplate States[2m > [22mshould display loading state when isLoading is true
[31m[1mAssertionError[22m: expected 'Jason Walker MoodyLead Frontend Enginâ€¦' to contain 'Loading system metrics...'[39m

Expected: [32m"Loading system metrics..."[39m
Received: [31m"Jason Walker MoodyLead Frontend EngineerBuilding Enterprise-Grade ApplicationsWelcome... Meet The Architect  View Modules "[39m

[36m [2mâ¯[22m src/app/features/home/home.component.spec.ts:[2m315:36[22m[39m
    [90m313| [39m
    [90m314| [39m      [35mconst[39m compiled [33m=[39m fixture[33m.[39mnativeElement [35mas[39m [33mHTMLElement[39m[33m;[39m
    [90m315| [39m      expect(compiled.textContent).toContain('Loading system metrics..â€¦
    [90m   | [39m                                   [31m^[39m
    [90m316| [39m    })[33m;[39m
    [90m317| [39m

[31m[2mâ¯â¯â¯â¯â¯â¯â¯â¯â¯â¯â¯â¯â¯â¯â¯â¯â¯â¯â¯â¯â¯â¯â¯â¯[3/3]â¯[22m[39m


[2m Test Files [22m [1m[31m1 failed[39m[22m[90m (1)[39m
[2m      Tests [22m [1m[31m3 failed[39m[22m[2m | [22m[1m[32m37 passed[39m[22m[90m (40)[39m
[2m   Start at [22m 09:51:23
[2m   Duration [22m 4.12s[2m (transform 236ms, setup 327ms, import 297ms, tests 2.86s, environment 484ms)[22m

